04/22/2025 15:16:12 - INFO - Started script at: 2025-04-22-15-16
Current working dir: /workspace
Used data files: 
/workspace/data/datasets/cic_ids/cic-ids-2017/clean/all_benign.feather,
/workspace/data/datasets/cic_ids/cic-ids-2017/clean/all_malicious.feather
04/22/2025 15:16:12 - INFO - Setting up Attacker and Defender Agents...
04/22/2025 15:16:14 - INFO - One-vs-All Split ready (target: (D)DOS):
04/22/2025 15:16:14 - INFO - Train: (58360, 67), Validation: (154014, 67), Test: (359368, 67)
04/22/2025 15:16:14 - INFO - [Init from split] Loaded 58360 train, 359368 test samples.
04/22/2025 15:16:40 - INFO - One-vs-All Split ready (target: (D)DOS):
04/22/2025 15:16:40 - INFO - Train: (57938, 67), Validation: (219687, 67), Test: (1244898, 67)
04/22/2025 15:16:40 - INFO - Initializing Attacker:CIC-2017-(D)DOS's ReplayMemory with observation_size=67 and max_size=1000
04/22/2025 15:16:41 - WARNING - Skipping variable loading for optimizer 'Adam', because it has 25 variables whereas the saved optimizer has 1 variables. 
04/22/2025 15:16:41 - INFO - Initializing Defender's ReplayMemory with observation_size=67 and max_size=1000
04/22/2025 15:16:41 - WARNING - Skipping variable loading for optimizer 'Adam', because it has 17 variables whereas the saved optimizer has 1 variables. 
04/22/2025 15:16:41 - INFO - Creating environment...
04/22/2025 15:16:41 - INFO - Start Training with the following parameters:
-----------------------------------------------------------------------------------------------------------------------
Total episodes: 100 | Iterations in episode: 100 | Minibatch from mem size: 100 | Total Samples: 10000 | Data shape: (58360, 67)
-----------------------------------------------------------------------------------------------------------------------
Attacker<Attack-Type>: Num_actions=6 | gamma=0.001 | epsilon=1 | ANN hidden size=100 | ANN hidden layers=5 | Learning rate=0.001
-----------------------------------------------------------------------------------------------------------------------
Defender: Num_actions=2 | gamma=0.001 | epsilon=1 | ANN hidden size=100 | ANN hidden layers=3 | Learning rate=0.001
-----------------------------------------------------------------------------------------------------------------------
Used Attack types: '['Benign', '(D)DOS']' | Attack name(s): ['Benign', 'DDoS', 'DoS GoldenEye', 'DoS Hulk', 'DoS Slowhttptest', 'DoS slowloris']
-----------------------------------------------------------------------------------------------------------------------

04/22/2025 15:16:42 - INFO - End of Episode.
|Episode 000/100| time: 0.45|
|Def Loss 0.0000 | Def Reward in ep 043|
|Att Loss 0.0000 | Att Reward in ep 057|
|Def Estimated: [52 48]| Att Labels: [15 85]|
|Def Amount of true predicted attacks: [ 5 38]|
04/22/2025 15:16:45 - WARNING - 5 out of the last 5 calls to <function QNetwork.predict at 0x7799e067f6a0> triggered tf.function retracing. Tracing is expensive and the excessive number of tracings could be due to (1) creating @tf.function repeatedly in a loop, (2) passing tensors with different shapes, (3) passing Python objects instead of tensors. For (1), please define your @tf.function outside of the loop. For (2), @tf.function has reduce_retracing=True option that can avoid unnecessary retracing. For (3), please refer to https://www.tensorflow.org/guide/function#controlling_retracing and https://www.tensorflow.org/api_docs/python/tf/function for  more details.
04/22/2025 15:16:48 - INFO - End of Episode.
|Episode 001/100| time: 4.31|
|Def Loss 2.6657 | Def Reward in ep 053|
|Att Loss 1.8900 | Att Reward in ep 047|
|Def Estimated: [36 64]| Att Labels: [31 69]|
|Def Amount of true predicted attacks: [10 43]|
04/22/2025 15:16:50 - INFO - End of Episode.
|Episode 002/100| time: 2.35|
|Def Loss 1.0611 | Def Reward in ep 069|
|Att Loss 1.7131 | Att Reward in ep 031|
|Def Estimated: [37 63]| Att Labels: [26 74]|
|Def Amount of true predicted attacks: [16 53]|
04/22/2025 15:16:52 - INFO - End of Episode.
|Episode 003/100| time: 2.18|
|Def Loss 0.6538 | Def Reward in ep 088|
|Att Loss 1.6784 | Att Reward in ep 012|
|Def Estimated: [27 73]| Att Labels: [23 77]|
|Def Amount of true predicted attacks: [19 69]|
04/22/2025 15:16:55 - INFO - End of Episode.
|Episode 004/100| time: 2.14|
|Def Loss 0.5012 | Def Reward in ep 091|
|Att Loss 1.5870 | Att Reward in ep 009|
|Def Estimated: [24 76]| Att Labels: [25 75]|
|Def Amount of true predicted attacks: [20 71]|
04/22/2025 15:16:57 - INFO - End of Episode.
|Episode 005/100| time: 2.29|
|Def Loss 0.5121 | Def Reward in ep 096|
|Att Loss 1.4152 | Att Reward in ep 004|
|Def Estimated: [20 80]| Att Labels: [24 76]|
|Def Amount of true predicted attacks: [20 76]|
04/22/2025 15:17:00 - INFO - End of Episode.
|Episode 006/100| time: 2.20|
|Def Loss 0.5932 | Def Reward in ep 096|
|Att Loss 1.3122 | Att Reward in ep 004|
|Def Estimated: [22 78]| Att Labels: [26 74]|
|Def Amount of true predicted attacks: [22 74]|
04/22/2025 15:17:02 - INFO - End of Episode.
|Episode 007/100| time: 2.28|
|Def Loss 0.5469 | Def Reward in ep 091|
|Att Loss 1.2092 | Att Reward in ep 009|
|Def Estimated: [25 75]| Att Labels: [26 74]|
|Def Amount of true predicted attacks: [21 70]|
04/22/2025 15:17:05 - INFO - End of Episode.
|Episode 008/100| time: 2.19|
|Def Loss 0.4967 | Def Reward in ep 098|
|Att Loss 1.1081 | Att Reward in ep 002|
|Def Estimated: [31 69]| Att Labels: [31 69]|
|Def Amount of true predicted attacks: [30 68]|
04/22/2025 15:17:07 - INFO - End of Episode.
|Episode 009/100| time: 2.20|
|Def Loss 0.4854 | Def Reward in ep 098|
|Att Loss 1.0123 | Att Reward in ep 002|
|Def Estimated: [23 77]| Att Labels: [25 75]|
|Def Amount of true predicted attacks: [23 75]|
04/22/2025 15:17:10 - INFO - End of Episode.
|Episode 010/100| time: 2.38|
|Def Loss 0.4279 | Def Reward in ep 096|
|Att Loss 0.8453 | Att Reward in ep 004|
|Def Estimated: [17 83]| Att Labels: [17 83]|
|Def Amount of true predicted attacks: [15 81]|
04/22/2025 15:17:13 - INFO - End of Episode.
|Episode 011/100| time: 2.38|
|Def Loss 0.3818 | Def Reward in ep 094|
|Att Loss 0.5046 | Att Reward in ep 006|
|Def Estimated: [25 75]| Att Labels: [25 75]|
|Def Amount of true predicted attacks: [22 72]|
04/22/2025 15:17:15 - INFO - End of Episode.
|Episode 012/100| time: 2.22|
|Def Loss 0.3515 | Def Reward in ep 098|
|Att Loss 0.2671 | Att Reward in ep 002|
|Def Estimated: [17 83]| Att Labels: [19 81]|
|Def Amount of true predicted attacks: [17 81]|
04/22/2025 15:17:18 - INFO - End of Episode.
|Episode 013/100| time: 2.22|
|Def Loss 0.3522 | Def Reward in ep 096|
|Att Loss 0.1411 | Att Reward in ep 004|
|Def Estimated: [26 74]| Att Labels: [26 74]|
|Def Amount of true predicted attacks: [24 72]|
04/22/2025 15:17:20 - INFO - End of Episode.
|Episode 014/100| time: 2.32|
|Def Loss 0.3334 | Def Reward in ep 097|
|Att Loss 0.1299 | Att Reward in ep 003|
|Def Estimated: [31 69]| Att Labels: [30 70]|
|Def Amount of true predicted attacks: [29 68]|
04/22/2025 15:17:23 - INFO - End of Episode.
|Episode 015/100| time: 2.27|
|Def Loss 0.3310 | Def Reward in ep 098|
|Att Loss 0.1208 | Att Reward in ep 002|
|Def Estimated: [27 73]| Att Labels: [25 75]|
|Def Amount of true predicted attacks: [25 73]|
04/22/2025 15:17:25 - INFO - End of Episode.
|Episode 016/100| time: 2.23|
|Def Loss 0.3803 | Def Reward in ep 096|
|Att Loss 0.1228 | Att Reward in ep 004|
|Def Estimated: [28 72]| Att Labels: [24 76]|
|Def Amount of true predicted attacks: [24 72]|
04/22/2025 15:17:28 - INFO - End of Episode.
|Episode 017/100| time: 2.15|
|Def Loss 0.2742 | Def Reward in ep 096|
|Att Loss 0.1112 | Att Reward in ep 004|
|Def Estimated: [20 80]| Att Labels: [24 76]|
|Def Amount of true predicted attacks: [20 76]|
04/22/2025 15:17:30 - INFO - End of Episode.
|Episode 018/100| time: 2.25|
|Def Loss 0.2557 | Def Reward in ep 098|
|Att Loss 0.1175 | Att Reward in ep 002|
|Def Estimated: [19 81]| Att Labels: [17 83]|
|Def Amount of true predicted attacks: [17 81]|
04/22/2025 15:17:33 - INFO - End of Episode.
|Episode 019/100| time: 2.21|
|Def Loss 0.3098 | Def Reward in ep 098|
|Att Loss 0.1036 | Att Reward in ep 002|
|Def Estimated: [24 76]| Att Labels: [22 78]|
|Def Amount of true predicted attacks: [22 76]|
04/22/2025 15:17:35 - INFO - End of Episode.
|Episode 020/100| time: 2.24|
|Def Loss 0.3164 | Def Reward in ep 097|
|Att Loss 0.1153 | Att Reward in ep 003|
|Def Estimated: [28 72]| Att Labels: [27 73]|
|Def Amount of true predicted attacks: [26 71]|
04/22/2025 15:17:38 - INFO - End of Episode.
|Episode 021/100| time: 2.23|
|Def Loss 0.3521 | Def Reward in ep 098|
|Att Loss 0.1069 | Att Reward in ep 002|
|Def Estimated: [25 75]| Att Labels: [25 75]|
|Def Amount of true predicted attacks: [24 74]|
04/22/2025 15:17:40 - INFO - End of Episode.
|Episode 022/100| time: 2.21|
|Def Loss 0.3390 | Def Reward in ep 094|
|Att Loss 0.1098 | Att Reward in ep 006|
|Def Estimated: [24 76]| Att Labels: [22 78]|
|Def Amount of true predicted attacks: [20 74]|
04/22/2025 15:17:43 - INFO - End of Episode.
|Episode 023/100| time: 2.20|
|Def Loss 0.3913 | Def Reward in ep 096|
|Att Loss 0.0950 | Att Reward in ep 004|
|Def Estimated: [22 78]| Att Labels: [22 78]|
|Def Amount of true predicted attacks: [20 76]|
04/22/2025 15:17:45 - INFO - End of Episode.
|Episode 024/100| time: 2.35|
|Def Loss 0.4283 | Def Reward in ep 097|
|Att Loss 0.1095 | Att Reward in ep 003|
|Def Estimated: [22 78]| Att Labels: [25 75]|
|Def Amount of true predicted attacks: [22 75]|
04/22/2025 15:17:48 - INFO - End of Episode.
|Episode 025/100| time: 2.14|
|Def Loss 0.3889 | Def Reward in ep 096|
|Att Loss 0.1086 | Att Reward in ep 004|
|Def Estimated: [20 80]| Att Labels: [20 80]|
|Def Amount of true predicted attacks: [18 78]|
04/22/2025 15:17:51 - INFO - End of Episode.
|Episode 026/100| time: 2.22|
|Def Loss 0.4032 | Def Reward in ep 099|
|Att Loss 0.0982 | Att Reward in ep 001|
|Def Estimated: [19 81]| Att Labels: [18 82]|
|Def Amount of true predicted attacks: [18 81]|
04/22/2025 15:17:53 - INFO - End of Episode.
|Episode 027/100| time: 2.22|
|Def Loss 0.3854 | Def Reward in ep 097|
|Att Loss 0.0799 | Att Reward in ep 003|
|Def Estimated: [29 71]| Att Labels: [28 72]|
|Def Amount of true predicted attacks: [27 70]|
04/22/2025 15:17:56 - INFO - End of Episode.
|Episode 028/100| time: 2.23|
|Def Loss 0.2730 | Def Reward in ep 097|
|Att Loss 0.0956 | Att Reward in ep 003|
|Def Estimated: [23 77]| Att Labels: [24 76]|
|Def Amount of true predicted attacks: [22 75]|
04/22/2025 15:17:58 - INFO - End of Episode.
|Episode 029/100| time: 2.24|
|Def Loss 0.3171 | Def Reward in ep 093|
|Att Loss 0.1117 | Att Reward in ep 007|
|Def Estimated: [18 82]| Att Labels: [21 79]|
|Def Amount of true predicted attacks: [16 77]|
04/22/2025 15:18:01 - INFO - End of Episode.
|Episode 030/100| time: 2.30|
|Def Loss 0.3548 | Def Reward in ep 096|
|Att Loss 0.1065 | Att Reward in ep 004|
|Def Estimated: [22 78]| Att Labels: [22 78]|
|Def Amount of true predicted attacks: [20 76]|
04/22/2025 15:18:03 - INFO - End of Episode.
|Episode 031/100| time: 2.20|
|Def Loss 0.3345 | Def Reward in ep 097|
|Att Loss 0.1095 | Att Reward in ep 003|
|Def Estimated: [19 81]| Att Labels: [20 80]|
|Def Amount of true predicted attacks: [18 79]|
04/22/2025 15:18:06 - INFO - End of Episode.
|Episode 032/100| time: 2.24|
|Def Loss 0.2875 | Def Reward in ep 097|
|Att Loss 0.1092 | Att Reward in ep 003|
|Def Estimated: [23 77]| Att Labels: [22 78]|
|Def Amount of true predicted attacks: [21 76]|
04/22/2025 15:18:09 - INFO - End of Episode.
|Episode 033/100| time: 2.40|
|Def Loss 0.2678 | Def Reward in ep 099|
|Att Loss 0.0987 | Att Reward in ep 001|
|Def Estimated: [19 81]| Att Labels: [20 80]|
|Def Amount of true predicted attacks: [19 80]|
04/22/2025 15:18:12 - INFO - End of Episode.
|Episode 034/100| time: 2.58|
|Def Loss 0.2220 | Def Reward in ep 097|
|Att Loss 0.1264 | Att Reward in ep 003|
|Def Estimated: [27 73]| Att Labels: [26 74]|
|Def Amount of true predicted attacks: [25 72]|
04/22/2025 15:18:15 - INFO - End of Episode.
|Episode 035/100| time: 2.50|
|Def Loss 0.2107 | Def Reward in ep 098|
|Att Loss 0.1127 | Att Reward in ep 002|
|Def Estimated: [21 79]| Att Labels: [19 81]|
|Def Amount of true predicted attacks: [19 79]|
04/22/2025 15:18:18 - INFO - End of Episode.
|Episode 036/100| time: 2.46|
|Def Loss 0.1614 | Def Reward in ep 099|
|Att Loss 0.1070 | Att Reward in ep 001|
|Def Estimated: [14 86]| Att Labels: [15 85]|
|Def Amount of true predicted attacks: [14 85]|
04/22/2025 15:18:21 - INFO - End of Episode.
|Episode 037/100| time: 2.60|
|Def Loss 0.1808 | Def Reward in ep 096|
|Att Loss 0.1153 | Att Reward in ep 004|
|Def Estimated: [23 77]| Att Labels: [21 79]|
|Def Amount of true predicted attacks: [20 76]|
04/22/2025 15:18:24 - INFO - End of Episode.
|Episode 038/100| time: 2.66|
|Def Loss 0.2484 | Def Reward in ep 096|
|Att Loss 0.1229 | Att Reward in ep 004|
|Def Estimated: [33 67]| Att Labels: [29 71]|
|Def Amount of true predicted attacks: [29 67]|
04/22/2025 15:18:27 - INFO - End of Episode.
|Episode 039/100| time: 2.69|
|Def Loss 0.2064 | Def Reward in ep 097|
|Att Loss 0.1185 | Att Reward in ep 003|
|Def Estimated: [22 78]| Att Labels: [25 75]|
|Def Amount of true predicted attacks: [22 75]|
04/22/2025 15:18:30 - INFO - End of Episode.
|Episode 040/100| time: 2.53|
|Def Loss 0.1706 | Def Reward in ep 098|
|Att Loss 0.1028 | Att Reward in ep 002|
|Def Estimated: [18 82]| Att Labels: [18 82]|
|Def Amount of true predicted attacks: [17 81]|
04/22/2025 15:18:33 - INFO - End of Episode.
|Episode 041/100| time: 2.43|
|Def Loss 0.1886 | Def Reward in ep 099|
|Att Loss 0.0880 | Att Reward in ep 001|
|Def Estimated: [23 77]| Att Labels: [22 78]|
|Def Amount of true predicted attacks: [22 77]|
04/22/2025 15:18:35 - INFO - End of Episode.
|Episode 042/100| time: 2.35|
|Def Loss 0.1445 | Def Reward in ep 098|
|Att Loss 0.0728 | Att Reward in ep 002|
|Def Estimated: [29 71]| Att Labels: [27 73]|
|Def Amount of true predicted attacks: [27 71]|
04/22/2025 15:18:38 - INFO - End of Episode.
|Episode 043/100| time: 2.48|
|Def Loss 0.1693 | Def Reward in ep 096|
|Att Loss 0.0792 | Att Reward in ep 004|
|Def Estimated: [20 80]| Att Labels: [24 76]|
|Def Amount of true predicted attacks: [20 76]|
04/22/2025 15:18:41 - INFO - End of Episode.
|Episode 044/100| time: 2.56|
|Def Loss 0.2394 | Def Reward in ep 097|
|Att Loss 0.0976 | Att Reward in ep 003|
|Def Estimated: [31 69]| Att Labels: [34 66]|
|Def Amount of true predicted attacks: [31 66]|
04/22/2025 15:18:44 - INFO - End of Episode.
|Episode 045/100| time: 2.57|
|Def Loss 0.2313 | Def Reward in ep 099|
|Att Loss 0.1114 | Att Reward in ep 001|
|Def Estimated: [28 72]| Att Labels: [27 73]|
|Def Amount of true predicted attacks: [27 72]|
04/22/2025 15:18:47 - INFO - End of Episode.
|Episode 046/100| time: 2.61|
|Def Loss 0.2400 | Def Reward in ep 097|
|Att Loss 0.1005 | Att Reward in ep 003|
|Def Estimated: [22 78]| Att Labels: [25 75]|
|Def Amount of true predicted attacks: [22 75]|
04/22/2025 15:18:50 - INFO - End of Episode.
|Episode 047/100| time: 2.49|
|Def Loss 0.2638 | Def Reward in ep 098|
|Att Loss 0.1170 | Att Reward in ep 002|
|Def Estimated: [27 73]| Att Labels: [27 73]|
|Def Amount of true predicted attacks: [26 72]|
04/22/2025 15:18:53 - INFO - End of Episode.
|Episode 048/100| time: 2.46|
|Def Loss 0.2545 | Def Reward in ep 098|
|Att Loss 0.0984 | Att Reward in ep 002|
|Def Estimated: [27 73]| Att Labels: [27 73]|
|Def Amount of true predicted attacks: [26 72]|
04/22/2025 15:18:56 - INFO - End of Episode.
|Episode 049/100| time: 2.57|
|Def Loss 0.2574 | Def Reward in ep 100|
|Att Loss 0.0818 | Att Reward in ep 000|
|Def Estimated: [19 81]| Att Labels: [19 81]|
|Def Amount of true predicted attacks: [19 81]|
04/22/2025 15:18:59 - INFO - End of Episode.
|Episode 050/100| time: 2.45|
|Def Loss 0.2178 | Def Reward in ep 100|
|Att Loss 0.0764 | Att Reward in ep 000|
|Def Estimated: [25 75]| Att Labels: [25 75]|
|Def Amount of true predicted attacks: [25 75]|
04/22/2025 15:19:02 - INFO - End of Episode.
|Episode 051/100| time: 2.57|
|Def Loss 0.2037 | Def Reward in ep 096|
|Att Loss 0.0809 | Att Reward in ep 004|
|Def Estimated: [18 82]| Att Labels: [22 78]|
|Def Amount of true predicted attacks: [18 78]|
04/22/2025 15:19:05 - INFO - End of Episode.
|Episode 052/100| time: 2.48|
|Def Loss 0.2263 | Def Reward in ep 100|
|Att Loss 0.0816 | Att Reward in ep 000|
|Def Estimated: [21 79]| Att Labels: [21 79]|
|Def Amount of true predicted attacks: [21 79]|
04/22/2025 15:19:08 - INFO - End of Episode.
|Episode 053/100| time: 2.39|
|Def Loss 0.2261 | Def Reward in ep 099|
|Att Loss 0.0766 | Att Reward in ep 001|
|Def Estimated: [21 79]| Att Labels: [22 78]|
|Def Amount of true predicted attacks: [21 78]|
04/22/2025 15:19:11 - INFO - End of Episode.
|Episode 054/100| time: 2.44|
|Def Loss 0.2051 | Def Reward in ep 094|
|Att Loss 0.0787 | Att Reward in ep 006|
|Def Estimated: [26 74]| Att Labels: [20 80]|
|Def Amount of true predicted attacks: [20 74]|
04/22/2025 15:19:14 - INFO - End of Episode.
|Episode 055/100| time: 2.63|
|Def Loss 0.2247 | Def Reward in ep 096|
|Att Loss 0.0928 | Att Reward in ep 004|
|Def Estimated: [21 79]| Att Labels: [21 79]|
|Def Amount of true predicted attacks: [19 77]|
04/22/2025 15:19:17 - INFO - End of Episode.
|Episode 056/100| time: 2.62|
|Def Loss 0.2140 | Def Reward in ep 098|
|Att Loss 0.0812 | Att Reward in ep 002|
|Def Estimated: [16 84]| Att Labels: [16 84]|
|Def Amount of true predicted attacks: [15 83]|
04/22/2025 15:19:20 - INFO - End of Episode.
|Episode 057/100| time: 2.54|
|Def Loss 0.1610 | Def Reward in ep 100|
|Att Loss 0.0727 | Att Reward in ep 000|
|Def Estimated: [25 75]| Att Labels: [25 75]|
|Def Amount of true predicted attacks: [25 75]|
04/22/2025 15:19:23 - INFO - End of Episode.
|Episode 058/100| time: 2.34|
|Def Loss 0.1709 | Def Reward in ep 097|
|Att Loss 0.0851 | Att Reward in ep 003|
|Def Estimated: [21 79]| Att Labels: [22 78]|
|Def Amount of true predicted attacks: [20 77]|
04/22/2025 15:19:26 - INFO - End of Episode.
|Episode 059/100| time: 2.28|
|Def Loss 0.1665 | Def Reward in ep 097|
|Att Loss 0.0974 | Att Reward in ep 003|
|Def Estimated: [24 76]| Att Labels: [23 77]|
|Def Amount of true predicted attacks: [22 75]|
04/22/2025 15:19:29 - INFO - End of Episode.
|Episode 060/100| time: 2.36|
|Def Loss 0.1973 | Def Reward in ep 096|
|Att Loss 0.1002 | Att Reward in ep 004|
|Def Estimated: [27 73]| Att Labels: [27 73]|
|Def Amount of true predicted attacks: [25 71]|
04/22/2025 15:19:32 - INFO - End of Episode.
|Episode 061/100| time: 2.32|
|Def Loss 0.2341 | Def Reward in ep 099|
|Att Loss 0.0991 | Att Reward in ep 001|
|Def Estimated: [19 81]| Att Labels: [20 80]|
|Def Amount of true predicted attacks: [19 80]|
04/22/2025 15:19:34 - INFO - End of Episode.
|Episode 062/100| time: 2.32|
|Def Loss 0.1792 | Def Reward in ep 099|
|Att Loss 0.0813 | Att Reward in ep 001|
|Def Estimated: [28 72]| Att Labels: [27 73]|
|Def Amount of true predicted attacks: [27 72]|
04/22/2025 15:19:37 - INFO - End of Episode.
|Episode 063/100| time: 2.22|
|Def Loss 0.1833 | Def Reward in ep 099|
|Att Loss 0.0894 | Att Reward in ep 001|
|Def Estimated: [18 82]| Att Labels: [17 83]|
|Def Amount of true predicted attacks: [17 82]|
04/22/2025 15:19:40 - INFO - End of Episode.
|Episode 064/100| time: 2.25|
|Def Loss 0.1519 | Def Reward in ep 099|
|Att Loss 0.0993 | Att Reward in ep 001|
|Def Estimated: [20 80]| Att Labels: [19 81]|
|Def Amount of true predicted attacks: [19 80]|
04/22/2025 15:19:43 - INFO - End of Episode.
|Episode 065/100| time: 2.41|
|Def Loss 0.1344 | Def Reward in ep 099|
|Att Loss 0.0849 | Att Reward in ep 001|
|Def Estimated: [23 77]| Att Labels: [24 76]|
|Def Amount of true predicted attacks: [23 76]|
04/22/2025 15:19:46 - INFO - End of Episode.
|Episode 066/100| time: 2.28|
|Def Loss 0.1222 | Def Reward in ep 098|
|Att Loss 0.0882 | Att Reward in ep 002|
|Def Estimated: [23 77]| Att Labels: [21 79]|
|Def Amount of true predicted attacks: [21 77]|
04/22/2025 15:19:48 - INFO - End of Episode.
|Episode 067/100| time: 2.27|
|Def Loss 0.1428 | Def Reward in ep 096|
|Att Loss 0.0926 | Att Reward in ep 004|
|Def Estimated: [23 77]| Att Labels: [23 77]|
|Def Amount of true predicted attacks: [21 75]|
04/22/2025 15:19:51 - INFO - End of Episode.
|Episode 068/100| time: 2.28|
|Def Loss 0.1557 | Def Reward in ep 095|
|Att Loss 0.1152 | Att Reward in ep 005|
|Def Estimated: [23 77]| Att Labels: [22 78]|
|Def Amount of true predicted attacks: [20 75]|
04/22/2025 15:19:54 - INFO - End of Episode.
|Episode 069/100| time: 2.34|
|Def Loss 0.1655 | Def Reward in ep 100|
|Att Loss 0.0946 | Att Reward in ep 000|
|Def Estimated: [17 83]| Att Labels: [17 83]|
|Def Amount of true predicted attacks: [17 83]|
04/22/2025 15:19:57 - INFO - End of Episode.
|Episode 070/100| time: 2.23|
|Def Loss 0.1679 | Def Reward in ep 098|
|Att Loss 0.1022 | Att Reward in ep 002|
|Def Estimated: [14 86]| Att Labels: [16 84]|
|Def Amount of true predicted attacks: [14 84]|
04/22/2025 15:20:00 - INFO - End of Episode.
|Episode 071/100| time: 2.30|
|Def Loss 0.1398 | Def Reward in ep 097|
|Att Loss 0.0951 | Att Reward in ep 003|
|Def Estimated: [20 80]| Att Labels: [19 81]|
|Def Amount of true predicted attacks: [18 79]|
04/22/2025 15:20:03 - INFO - End of Episode.
|Episode 072/100| time: 2.28|
|Def Loss 0.1466 | Def Reward in ep 096|
|Att Loss 0.1170 | Att Reward in ep 004|
|Def Estimated: [12 88]| Att Labels: [14 86]|
|Def Amount of true predicted attacks: [11 85]|
04/22/2025 15:20:05 - INFO - End of Episode.
|Episode 073/100| time: 2.28|
|Def Loss 0.1619 | Def Reward in ep 098|
|Att Loss 0.1178 | Att Reward in ep 002|
|Def Estimated: [21 79]| Att Labels: [19 81]|
|Def Amount of true predicted attacks: [19 79]|
04/22/2025 15:20:08 - INFO - End of Episode.
|Episode 074/100| time: 2.18|
|Def Loss 0.1343 | Def Reward in ep 099|
|Att Loss 0.0969 | Att Reward in ep 001|
|Def Estimated: [15 85]| Att Labels: [16 84]|
|Def Amount of true predicted attacks: [15 84]|
04/22/2025 15:20:11 - INFO - End of Episode.
|Episode 075/100| time: 2.27|
|Def Loss 0.1710 | Def Reward in ep 099|
|Att Loss 0.1004 | Att Reward in ep 001|
|Def Estimated: [15 85]| Att Labels: [16 84]|
|Def Amount of true predicted attacks: [15 84]|
04/22/2025 15:20:14 - INFO - End of Episode.
|Episode 076/100| time: 2.32|
|Def Loss 0.1872 | Def Reward in ep 097|
|Att Loss 0.1070 | Att Reward in ep 003|
|Def Estimated: [24 76]| Att Labels: [23 77]|
|Def Amount of true predicted attacks: [22 75]|
04/22/2025 15:20:17 - INFO - End of Episode.
|Episode 077/100| time: 2.32|
|Def Loss 0.2019 | Def Reward in ep 097|
|Att Loss 0.0968 | Att Reward in ep 003|
|Def Estimated: [19 81]| Att Labels: [20 80]|
|Def Amount of true predicted attacks: [18 79]|
04/22/2025 15:20:20 - INFO - End of Episode.
|Episode 078/100| time: 2.22|
|Def Loss 0.1586 | Def Reward in ep 098|
|Att Loss 0.1014 | Att Reward in ep 002|
|Def Estimated: [25 75]| Att Labels: [25 75]|
|Def Amount of true predicted attacks: [24 74]|
04/22/2025 15:20:23 - INFO - End of Episode.
|Episode 079/100| time: 2.44|
|Def Loss 0.1737 | Def Reward in ep 098|
|Att Loss 0.1055 | Att Reward in ep 002|
|Def Estimated: [19 81]| Att Labels: [19 81]|
|Def Amount of true predicted attacks: [18 80]|
04/22/2025 15:20:26 - INFO - End of Episode.
|Episode 080/100| time: 2.33|
|Def Loss 0.1846 | Def Reward in ep 099|
|Att Loss 0.1116 | Att Reward in ep 001|
|Def Estimated: [20 80]| Att Labels: [19 81]|
|Def Amount of true predicted attacks: [19 80]|
04/22/2025 15:20:28 - INFO - End of Episode.
|Episode 081/100| time: 2.31|
|Def Loss 0.1552 | Def Reward in ep 096|
|Att Loss 0.1083 | Att Reward in ep 004|
|Def Estimated: [17 83]| Att Labels: [21 79]|
|Def Amount of true predicted attacks: [17 79]|
04/22/2025 15:20:31 - INFO - End of Episode.
|Episode 082/100| time: 2.24|
|Def Loss 0.1561 | Def Reward in ep 099|
|Att Loss 0.0752 | Att Reward in ep 001|
|Def Estimated: [19 81]| Att Labels: [20 80]|
|Def Amount of true predicted attacks: [19 80]|
04/22/2025 15:20:34 - INFO - End of Episode.
|Episode 083/100| time: 2.28|
|Def Loss 0.1510 | Def Reward in ep 098|
|Att Loss 0.0709 | Att Reward in ep 002|
|Def Estimated: [19 81]| Att Labels: [17 83]|
|Def Amount of true predicted attacks: [17 81]|
04/22/2025 15:20:37 - INFO - End of Episode.
|Episode 084/100| time: 2.28|
|Def Loss 0.1651 | Def Reward in ep 097|
|Att Loss 0.0665 | Att Reward in ep 003|
|Def Estimated: [18 82]| Att Labels: [19 81]|
|Def Amount of true predicted attacks: [17 80]|
04/22/2025 15:20:40 - INFO - End of Episode.
|Episode 085/100| time: 2.23|
|Def Loss 0.1701 | Def Reward in ep 100|
|Att Loss 0.0609 | Att Reward in ep 000|
|Def Estimated: [15 85]| Att Labels: [15 85]|
|Def Amount of true predicted attacks: [15 85]|
04/22/2025 15:20:43 - INFO - End of Episode.
|Episode 086/100| time: 2.29|
|Def Loss 0.1154 | Def Reward in ep 098|
|Att Loss 0.0547 | Att Reward in ep 002|
|Def Estimated: [19 81]| Att Labels: [19 81]|
|Def Amount of true predicted attacks: [18 80]|
04/22/2025 15:20:46 - INFO - End of Episode.
|Episode 087/100| time: 2.33|
|Def Loss 0.1316 | Def Reward in ep 095|
|Att Loss 0.0545 | Att Reward in ep 005|
|Def Estimated: [22 78]| Att Labels: [21 79]|
|Def Amount of true predicted attacks: [19 76]|
04/22/2025 15:20:49 - INFO - End of Episode.
|Episode 088/100| time: 2.28|
|Def Loss 0.1270 | Def Reward in ep 100|
|Att Loss 0.0630 | Att Reward in ep 000|
|Def Estimated: [13 87]| Att Labels: [13 87]|
|Def Amount of true predicted attacks: [13 87]|
04/22/2025 15:20:52 - INFO - End of Episode.
|Episode 089/100| time: 2.21|
|Def Loss 0.1643 | Def Reward in ep 098|
|Att Loss 0.0418 | Att Reward in ep 002|
|Def Estimated: [19 81]| Att Labels: [21 79]|
|Def Amount of true predicted attacks: [19 79]|
04/22/2025 15:20:54 - INFO - End of Episode.
|Episode 090/100| time: 2.30|
|Def Loss 0.1506 | Def Reward in ep 099|
|Att Loss 0.0504 | Att Reward in ep 001|
|Def Estimated: [22 78]| Att Labels: [21 79]|
|Def Amount of true predicted attacks: [21 78]|
04/22/2025 15:20:57 - INFO - End of Episode.
|Episode 091/100| time: 2.27|
|Def Loss 0.1512 | Def Reward in ep 097|
|Att Loss 0.0487 | Att Reward in ep 003|
|Def Estimated: [17 83]| Att Labels: [14 86]|
|Def Amount of true predicted attacks: [14 83]|
04/22/2025 15:21:00 - INFO - End of Episode.
|Episode 092/100| time: 2.31|
|Def Loss 0.1282 | Def Reward in ep 100|
|Att Loss 0.0668 | Att Reward in ep 000|
|Def Estimated: [21 79]| Att Labels: [21 79]|
|Def Amount of true predicted attacks: [21 79]|
04/22/2025 15:21:03 - INFO - End of Episode.
|Episode 093/100| time: 2.17|
|Def Loss 0.1139 | Def Reward in ep 099|
|Att Loss 0.0630 | Att Reward in ep 001|
|Def Estimated: [17 83]| Att Labels: [16 84]|
|Def Amount of true predicted attacks: [16 83]|
04/22/2025 15:21:06 - INFO - End of Episode.
|Episode 094/100| time: 2.48|
|Def Loss 0.1286 | Def Reward in ep 099|
|Att Loss 0.0743 | Att Reward in ep 001|
|Def Estimated: [12 88]| Att Labels: [11 89]|
|Def Amount of true predicted attacks: [11 88]|
04/22/2025 15:21:09 - INFO - End of Episode.
|Episode 095/100| time: 2.41|
|Def Loss 0.1222 | Def Reward in ep 098|
|Att Loss 0.0672 | Att Reward in ep 002|
|Def Estimated: [17 83]| Att Labels: [15 85]|
|Def Amount of true predicted attacks: [15 83]|
04/22/2025 15:21:12 - INFO - End of Episode.
|Episode 096/100| time: 2.34|
|Def Loss 0.1330 | Def Reward in ep 100|
|Att Loss 0.0774 | Att Reward in ep 000|
|Def Estimated: [13 87]| Att Labels: [13 87]|
|Def Amount of true predicted attacks: [13 87]|
04/22/2025 15:21:15 - INFO - End of Episode.
|Episode 097/100| time: 2.28|
|Def Loss 0.1062 | Def Reward in ep 096|
|Att Loss 0.0792 | Att Reward in ep 004|
|Def Estimated: [22 78]| Att Labels: [18 82]|
|Def Amount of true predicted attacks: [18 78]|
04/22/2025 15:21:18 - INFO - End of Episode.
|Episode 098/100| time: 2.28|
|Def Loss 0.1012 | Def Reward in ep 099|
|Att Loss 0.0790 | Att Reward in ep 001|
|Def Estimated: [16 84]| Att Labels: [17 83]|
|Def Amount of true predicted attacks: [16 83]|
04/22/2025 15:21:21 - INFO - End of Episode.
|Episode 099/100| time: 2.33|
|Def Loss 0.1056 | Def Reward in ep 096|
|Att Loss 0.0823 | Att Reward in ep 004|
|Def Estimated: [24 76]| Att Labels: [24 76]|
|Def Amount of true predicted attacks: [22 74]|
04/22/2025 15:21:22 - INFO - Model 'attacker_model_cic_2017' saved in: /workspace/models/trained-models/2025-04-22-15-16-Linux-CIC-2017-18-DDOS-3rd-Run/attacker_model_cic.keras
04/22/2025 15:21:22 - INFO - Model summary:
Model: "attacker_model_cic_2017"
_________________________________________________________________
 Layer (type)                Output Shape              Param #   
=================================================================
 dense (Dense)               (None, 100)               6800      
                                                                 
 dense_1 (Dense)             (None, 100)               10100     
                                                                 
 dense_2 (Dense)             (None, 100)               10100     
                                                                 
 dense_3 (Dense)             (None, 100)               10100     
                                                                 
 dense_4 (Dense)             (None, 100)               10100     
                                                                 
 dense_5 (Dense)             (None, 6)                 606       
                                                                 
=================================================================
Total params: 47806 (186.74 KB)
Trainable params: 47806 (186.74 KB)
Non-trainable params: 0 (0.00 Byte)
_________________________________________________________________

04/22/2025 15:21:22 - INFO - Model 'defender_model' saved in: /workspace/models/trained-models/2025-04-22-15-16-Linux-CIC-2017-18-DDOS-3rd-Run/defender_model.keras
04/22/2025 15:21:22 - INFO - Model summary:
Model: "defender_model"
_________________________________________________________________
 Layer (type)                Output Shape              Param #   
=================================================================
 dense_12 (Dense)            (None, 100)               6800      
                                                                 
 dense_13 (Dense)            (None, 100)               10100     
                                                                 
 dense_14 (Dense)            (None, 100)               10100     
                                                                 
 dense_15 (Dense)            (None, 2)                 202       
                                                                 
=================================================================
Total params: 27202 (106.26 KB)
Trainable params: 27202 (106.26 KB)
Non-trainable params: 0 (0.00 Byte)
_________________________________________________________________

04/22/2025 15:21:22 - INFO - Saved trained models.
04/22/2025 15:21:22 - INFO - Total runtime: 00:05:10
04/22/2025 15:21:22 - INFO - End of the script at: 2025-04-22 15:21:22.597175
04/22/2025 15:21:25 - INFO - Debug information saved to /workspace/models/trained-models/2025-04-22-15-16-Linux-CIC-2017-18-DDOS-3rd-Run/logs/debug_info.json
04/22/2025 15:21:25 - INFO - Trying to save summary plots under: /workspace/models/trained-models/2025-04-22-15-16-Linux-CIC-2017-18-DDOS-3rd-Run/plots/
04/22/2025 15:21:26 - INFO - Plotted attack distributions during training in: /workspace/models/trained-models/2025-04-22-15-16-Linux-CIC-2017-18-DDOS-3rd-Run/plots/
04/22/2025 15:21:36 - INFO - Normalized confusion matrix
04/22/2025 15:21:36 - INFO - 
Confusion Matrix:
[[0.94087857 0.05912143]
 [0.0023978  0.9976022 ]]
04/22/2025 15:21:36 - INFO - Plotted confusion matrix in: /workspace/models/trained-models/2025-04-22-15-16-Linux-CIC-2017-18-DDOS-3rd-Run/plots/intraset/
04/22/2025 15:21:36 - INFO - Model summary:
Model: "defender_model"
_________________________________________________________________
 Layer (type)                Output Shape              Param #   
=================================================================
 dense_12 (Dense)            (None, 100)               6800      
                                                                 
 dense_13 (Dense)            (None, 100)               10100     
                                                                 
 dense_14 (Dense)            (None, 100)               10100     
                                                                 
 dense_15 (Dense)            (None, 2)                 202       
                                                                 
=================================================================
Total params: 27202 (106.26 KB)
Trainable params: 27202 (106.26 KB)
Non-trainable params: 0 (0.00 Byte)
_________________________________________________________________

loaded from: /workspace/models/trained-models/2025-04-22-15-16-Linux-CIC-2017-18-DDOS-3rd-Run/defender_model.keras
04/22/2025 15:21:37 - INFO - One vs All metric calculation: 
True positive: 218842 | False positive: 8277 | 
True negative: 131723 | False negative: 526
Accuracy: 0.9755 | Recall: 0.9976 | Specificity: 0.9409 | Precision: 0.9636 | F1-Score: 0.9803 | False Positive Rate: 0.0591
04/22/2025 15:21:37 - INFO - Overall overview
Total reward: 350565 | Number of samples: 359368 | Accuracy = 97.55%
Overall overview per attack type
              Estimated Correct   Total Mismatch   F1_score
Benign           132249  131723  140000     7751  96.766563
(D)DOS           227119  218842  219368     7751  98.028386
Weigthed Avg.                                     97.536814
04/22/2025 15:21:37 - INFO - 
 Class  Support  Accuracy  Precision  Recall  F1-Score
Benign   140000    0.9409     0.9960  0.9409    0.9677
(D)DOS   219368    0.9976     0.9636  0.9976    0.9803
04/22/2025 15:21:37 - INFO - Overall weighted F1-score: 0.9754
04/22/2025 15:21:48 - INFO - 
One vs All metrics: 
     name  accuracy        f1  precision    recall
0  (D)DOS  0.975504  0.980284   0.963557  0.997602
1  Benign  0.975504  0.967666   0.996023  0.940879
04/22/2025 15:21:48 - INFO - Classification report:
              precision    recall  f1-score   support

      Benign       1.00      0.94      0.97    140000
      (D)DOS       0.96      1.00      0.98    219368

    accuracy                           0.98    359368
   macro avg       0.98      0.97      0.97    359368
weighted avg       0.98      0.98      0.98    359368

04/22/2025 15:21:53 - INFO - Model metrics: 
loss=0.019634343683719635, mse=0.42728933691978455, mae=0.10251708328723907
04/22/2025 15:21:53 - INFO - Optimizer config: {'name': 'Adam', 'weight_decay': None, 'clipnorm': None, 'global_clipnorm': None, 'clipvalue': None, 'use_ema': False, 'ema_momentum': 0.99, 'ema_overwrite_frequency': None, 'jit_compile': False, 'is_legacy_optimizer': False, 'learning_rate': 0.001, 'beta_1': 0.9, 'beta_2': 0.999, 'epsilon': 1e-07, 'amsgrad': False}
04/22/2025 15:21:53 - INFO - Time needed for testing: 24.121878147125244
04/22/2025 15:21:54 - INFO - Metrics exported to: /workspace/models/trained-models/2025-04-22-15-16-Linux-CIC-2017-18-DDOS-3rd-Run/logs/evaluation_metrics_defender_model.json
04/22/2025 15:22:18 - INFO - [Intra-Set] Accuracy: 0.4973, Recall: 0.2692, Precision: 0.8920, F1: 0.4136
04/22/2025 15:22:18 - INFO - Normalized confusion matrix
04/22/2025 15:22:18 - INFO - 
Confusion Matrix:
[[0.93713647 0.06286353]
 [0.73075675 0.26924325]]
04/22/2025 15:22:19 - INFO - Plotted confusion matrix in: /workspace/models/trained-models/2025-04-22-15-16-Linux-CIC-2017-18-DDOS-3rd-Run/plots/interset/
04/22/2025 15:22:19 - INFO - [Intra-Set] Confusion matrix saved to /workspace/models/trained-models/2025-04-22-15-16-Linux-CIC-2017-18-DDOS-3rd-Run/plots/
04/22/2025 15:22:37 - INFO - [Cross-Set] Model metrics: loss=0.37855154275894165, mse=78.13324737548828, mae=0.7138414978981018
04/22/2025 15:22:37 - INFO - [Intra-Set] Evaluation completed. Metrics exported to: /workspace/models/trained-models/2025-04-22-15-16-Linux-CIC-2017-18-DDOS-3rd-Run/logs/evaluation_metrics_cross_defender_model.json
04/22/2025 15:22:37 - INFO - [Intra-Set] Time needed: 43.28 seconds
