04/22/2025 15:08:02 - INFO - Started script at: 2025-04-22-15-08
Current working dir: /workspace
Used data files: 
/workspace/data/datasets/cic_ids/cic-ids-2017/clean/all_benign.feather,
/workspace/data/datasets/cic_ids/cic-ids-2017/clean/all_malicious.feather
04/22/2025 15:08:02 - INFO - Setting up Attacker and Defender Agents...
04/22/2025 15:08:05 - INFO - One-vs-All Split ready (target: (D)DOS):
04/22/2025 15:08:05 - INFO - Train: (58360, 67), Validation: (154014, 67), Test: (359368, 67)
04/22/2025 15:08:05 - INFO - [Init from split] Loaded 58360 train, 359368 test samples.
04/22/2025 15:08:44 - INFO - One-vs-All Split ready (target: (D)DOS):
04/22/2025 15:08:44 - INFO - Train: (57938, 67), Validation: (219687, 67), Test: (1244898, 67)
04/22/2025 15:08:44 - INFO - Initializing Attacker:CIC-2017-(D)DOS's ReplayMemory with observation_size=67 and max_size=1000
04/22/2025 15:08:45 - WARNING - Skipping variable loading for optimizer 'Adam', because it has 25 variables whereas the saved optimizer has 1 variables. 
04/22/2025 15:08:45 - INFO - Initializing Defender's ReplayMemory with observation_size=67 and max_size=1000
04/22/2025 15:08:45 - WARNING - Skipping variable loading for optimizer 'Adam', because it has 17 variables whereas the saved optimizer has 1 variables. 
04/22/2025 15:08:45 - INFO - Creating environment...
04/22/2025 15:08:45 - INFO - Start Training with the following parameters:
-----------------------------------------------------------------------------------------------------------------------
Total episodes: 100 | Iterations in episode: 100 | Minibatch from mem size: 100 | Total Samples: 10000 | Data shape: (58360, 67)
-----------------------------------------------------------------------------------------------------------------------
Attacker<Attack-Type>: Num_actions=6 | gamma=0.001 | epsilon=1 | ANN hidden size=100 | ANN hidden layers=5 | Learning rate=0.001
-----------------------------------------------------------------------------------------------------------------------
Defender: Num_actions=2 | gamma=0.001 | epsilon=1 | ANN hidden size=100 | ANN hidden layers=3 | Learning rate=0.001
-----------------------------------------------------------------------------------------------------------------------
Used Attack types: '['Benign', '(D)DOS']' | Attack name(s): ['Benign', 'DDoS', 'DoS GoldenEye', 'DoS Hulk', 'DoS Slowhttptest', 'DoS slowloris']
-----------------------------------------------------------------------------------------------------------------------

04/22/2025 15:08:46 - INFO - End of Episode.
|Episode 000/100| time: 0.57|
|Def Loss 0.0000 | Def Reward in ep 043|
|Att Loss 0.0000 | Att Reward in ep 057|
|Def Estimated: [52 48]| Att Labels: [15 85]|
|Def Amount of true predicted attacks: [ 5 38]|
04/22/2025 15:08:49 - WARNING - 5 out of the last 5 calls to <function QNetwork.predict at 0x72ade9f836a0> triggered tf.function retracing. Tracing is expensive and the excessive number of tracings could be due to (1) creating @tf.function repeatedly in a loop, (2) passing tensors with different shapes, (3) passing Python objects instead of tensors. For (1), please define your @tf.function outside of the loop. For (2), @tf.function has reduce_retracing=True option that can avoid unnecessary retracing. For (3), please refer to https://www.tensorflow.org/guide/function#controlling_retracing and https://www.tensorflow.org/api_docs/python/tf/function for  more details.
04/22/2025 15:08:51 - INFO - End of Episode.
|Episode 001/100| time: 4.35|
|Def Loss 2.2760 | Def Reward in ep 057|
|Att Loss 1.9008 | Att Reward in ep 043|
|Def Estimated: [38 62]| Att Labels: [23 77]|
|Def Amount of true predicted attacks: [ 9 48]|
04/22/2025 15:08:54 - INFO - End of Episode.
|Episode 002/100| time: 2.31|
|Def Loss 0.9209 | Def Reward in ep 066|
|Att Loss 1.7300 | Att Reward in ep 034|
|Def Estimated: [34 66]| Att Labels: [20 80]|
|Def Amount of true predicted attacks: [10 56]|
04/22/2025 15:08:56 - INFO - End of Episode.
|Episode 003/100| time: 2.36|
|Def Loss 0.5774 | Def Reward in ep 082|
|Att Loss 1.6788 | Att Reward in ep 018|
|Def Estimated: [24 76]| Att Labels: [18 82]|
|Def Amount of true predicted attacks: [12 70]|
04/22/2025 15:08:59 - INFO - End of Episode.
|Episode 004/100| time: 2.30|
|Def Loss 0.4116 | Def Reward in ep 092|
|Att Loss 1.5687 | Att Reward in ep 008|
|Def Estimated: [20 80]| Att Labels: [20 80]|
|Def Amount of true predicted attacks: [16 76]|
04/22/2025 15:09:02 - INFO - End of Episode.
|Episode 005/100| time: 2.45|
|Def Loss 0.4401 | Def Reward in ep 090|
|Att Loss 1.4264 | Att Reward in ep 010|
|Def Estimated: [14 86]| Att Labels: [20 80]|
|Def Amount of true predicted attacks: [12 78]|
04/22/2025 15:09:04 - INFO - End of Episode.
|Episode 006/100| time: 2.35|
|Def Loss 0.4429 | Def Reward in ep 097|
|Att Loss 1.3254 | Att Reward in ep 003|
|Def Estimated: [22 78]| Att Labels: [21 79]|
|Def Amount of true predicted attacks: [20 77]|
04/22/2025 15:09:07 - INFO - End of Episode.
|Episode 007/100| time: 2.35|
|Def Loss 0.3853 | Def Reward in ep 095|
|Att Loss 1.2052 | Att Reward in ep 005|
|Def Estimated: [14 86]| Att Labels: [15 85]|
|Def Amount of true predicted attacks: [12 83]|
04/22/2025 15:09:09 - INFO - End of Episode.
|Episode 008/100| time: 2.36|
|Def Loss 0.3836 | Def Reward in ep 096|
|Att Loss 1.1105 | Att Reward in ep 004|
|Def Estimated: [27 73]| Att Labels: [31 69]|
|Def Amount of true predicted attacks: [27 69]|
04/22/2025 15:09:12 - INFO - End of Episode.
|Episode 009/100| time: 2.45|
|Def Loss 0.3711 | Def Reward in ep 098|
|Att Loss 1.0599 | Att Reward in ep 002|
|Def Estimated: [22 78]| Att Labels: [22 78]|
|Def Amount of true predicted attacks: [21 77]|
04/22/2025 15:09:15 - INFO - End of Episode.
|Episode 010/100| time: 2.48|
|Def Loss 0.3299 | Def Reward in ep 095|
|Att Loss 0.9091 | Att Reward in ep 005|
|Def Estimated: [18 82]| Att Labels: [17 83]|
|Def Amount of true predicted attacks: [15 80]|
04/22/2025 15:09:18 - INFO - End of Episode.
|Episode 011/100| time: 2.45|
|Def Loss 0.3187 | Def Reward in ep 096|
|Att Loss 0.6217 | Att Reward in ep 004|
|Def Estimated: [30 70]| Att Labels: [28 72]|
|Def Amount of true predicted attacks: [27 69]|
04/22/2025 15:09:20 - INFO - End of Episode.
|Episode 012/100| time: 2.25|
|Def Loss 0.3235 | Def Reward in ep 096|
|Att Loss 0.3761 | Att Reward in ep 004|
|Def Estimated: [17 83]| Att Labels: [17 83]|
|Def Amount of true predicted attacks: [15 81]|
04/22/2025 15:09:23 - INFO - End of Episode.
|Episode 013/100| time: 2.52|
|Def Loss 0.3009 | Def Reward in ep 098|
|Att Loss 0.2358 | Att Reward in ep 002|
|Def Estimated: [28 72]| Att Labels: [26 74]|
|Def Amount of true predicted attacks: [26 72]|
04/22/2025 15:09:26 - INFO - End of Episode.
|Episode 014/100| time: 2.62|
|Def Loss 0.3351 | Def Reward in ep 098|
|Att Loss 0.1830 | Att Reward in ep 002|
|Def Estimated: [34 66]| Att Labels: [34 66]|
|Def Amount of true predicted attacks: [33 65]|
04/22/2025 15:09:29 - INFO - End of Episode.
|Episode 015/100| time: 2.54|
|Def Loss 0.2986 | Def Reward in ep 097|
|Att Loss 0.1563 | Att Reward in ep 003|
|Def Estimated: [29 71]| Att Labels: [28 72]|
|Def Amount of true predicted attacks: [27 70]|
04/22/2025 15:09:31 - INFO - End of Episode.
|Episode 016/100| time: 2.33|
|Def Loss 0.2408 | Def Reward in ep 100|
|Att Loss 0.1356 | Att Reward in ep 000|
|Def Estimated: [24 76]| Att Labels: [24 76]|
|Def Amount of true predicted attacks: [24 76]|
04/22/2025 15:09:34 - INFO - End of Episode.
|Episode 017/100| time: 2.42|
|Def Loss 0.2287 | Def Reward in ep 097|
|Att Loss 0.1175 | Att Reward in ep 003|
|Def Estimated: [23 77]| Att Labels: [24 76]|
|Def Amount of true predicted attacks: [22 75]|
04/22/2025 15:09:37 - INFO - End of Episode.
|Episode 018/100| time: 2.48|
|Def Loss 0.2729 | Def Reward in ep 097|
|Att Loss 0.1382 | Att Reward in ep 003|
|Def Estimated: [20 80]| Att Labels: [21 79]|
|Def Amount of true predicted attacks: [19 78]|
04/22/2025 15:09:40 - INFO - End of Episode.
|Episode 019/100| time: 2.43|
|Def Loss 0.2800 | Def Reward in ep 095|
|Att Loss 0.1296 | Att Reward in ep 005|
|Def Estimated: [24 76]| Att Labels: [25 75]|
|Def Amount of true predicted attacks: [22 73]|
04/22/2025 15:09:42 - INFO - End of Episode.
|Episode 020/100| time: 2.32|
|Def Loss 0.2698 | Def Reward in ep 099|
|Att Loss 0.1332 | Att Reward in ep 001|
|Def Estimated: [28 72]| Att Labels: [29 71]|
|Def Amount of true predicted attacks: [28 71]|
04/22/2025 15:09:45 - INFO - End of Episode.
|Episode 021/100| time: 2.44|
|Def Loss 0.2899 | Def Reward in ep 099|
|Att Loss 0.1148 | Att Reward in ep 001|
|Def Estimated: [28 72]| Att Labels: [27 73]|
|Def Amount of true predicted attacks: [27 72]|
04/22/2025 15:09:48 - INFO - End of Episode.
|Episode 022/100| time: 2.43|
|Def Loss 0.3285 | Def Reward in ep 097|
|Att Loss 0.0956 | Att Reward in ep 003|
|Def Estimated: [27 73]| Att Labels: [26 74]|
|Def Amount of true predicted attacks: [25 72]|
04/22/2025 15:09:51 - INFO - End of Episode.
|Episode 023/100| time: 2.38|
|Def Loss 0.3395 | Def Reward in ep 096|
|Att Loss 0.0824 | Att Reward in ep 004|
|Def Estimated: [23 77]| Att Labels: [23 77]|
|Def Amount of true predicted attacks: [21 75]|
04/22/2025 15:09:53 - INFO - End of Episode.
|Episode 024/100| time: 2.27|
|Def Loss 0.2990 | Def Reward in ep 100|
|Att Loss 0.0806 | Att Reward in ep 000|
|Def Estimated: [20 80]| Att Labels: [20 80]|
|Def Amount of true predicted attacks: [20 80]|
04/22/2025 15:09:56 - INFO - End of Episode.
|Episode 025/100| time: 2.39|
|Def Loss 0.3183 | Def Reward in ep 098|
|Att Loss 0.0728 | Att Reward in ep 002|
|Def Estimated: [22 78]| Att Labels: [24 76]|
|Def Amount of true predicted attacks: [22 76]|
04/22/2025 15:09:59 - INFO - End of Episode.
|Episode 026/100| time: 2.35|
|Def Loss 0.3425 | Def Reward in ep 096|
|Att Loss 0.0620 | Att Reward in ep 004|
|Def Estimated: [18 82]| Att Labels: [18 82]|
|Def Amount of true predicted attacks: [16 80]|
04/22/2025 15:10:01 - INFO - End of Episode.
|Episode 027/100| time: 2.59|
|Def Loss 0.3862 | Def Reward in ep 094|
|Att Loss 0.0741 | Att Reward in ep 006|
|Def Estimated: [24 76]| Att Labels: [24 76]|
|Def Amount of true predicted attacks: [21 73]|
04/22/2025 15:10:04 - INFO - End of Episode.
|Episode 028/100| time: 2.39|
|Def Loss 0.3383 | Def Reward in ep 097|
|Att Loss 0.0945 | Att Reward in ep 003|
|Def Estimated: [25 75]| Att Labels: [26 74]|
|Def Amount of true predicted attacks: [24 73]|
04/22/2025 15:10:07 - INFO - End of Episode.
|Episode 029/100| time: 2.43|
|Def Loss 0.2799 | Def Reward in ep 099|
|Att Loss 0.0997 | Att Reward in ep 001|
|Def Estimated: [19 81]| Att Labels: [20 80]|
|Def Amount of true predicted attacks: [19 80]|
04/22/2025 15:10:10 - INFO - End of Episode.
|Episode 030/100| time: 2.42|
|Def Loss 0.3046 | Def Reward in ep 097|
|Att Loss 0.0926 | Att Reward in ep 003|
|Def Estimated: [22 78]| Att Labels: [23 77]|
|Def Amount of true predicted attacks: [21 76]|
04/22/2025 15:10:13 - INFO - End of Episode.
|Episode 031/100| time: 2.38|
|Def Loss 0.2975 | Def Reward in ep 099|
|Att Loss 0.0934 | Att Reward in ep 001|
|Def Estimated: [17 83]| Att Labels: [16 84]|
|Def Amount of true predicted attacks: [16 83]|
04/22/2025 15:10:15 - INFO - End of Episode.
|Episode 032/100| time: 2.47|
|Def Loss 0.3358 | Def Reward in ep 096|
|Att Loss 0.0873 | Att Reward in ep 004|
|Def Estimated: [22 78]| Att Labels: [22 78]|
|Def Amount of true predicted attacks: [20 76]|
04/22/2025 15:10:18 - INFO - End of Episode.
|Episode 033/100| time: 2.68|
|Def Loss 0.2778 | Def Reward in ep 099|
|Att Loss 0.0976 | Att Reward in ep 001|
|Def Estimated: [17 83]| Att Labels: [16 84]|
|Def Amount of true predicted attacks: [16 83]|
04/22/2025 15:10:21 - INFO - End of Episode.
|Episode 034/100| time: 2.59|
|Def Loss 0.2890 | Def Reward in ep 096|
|Att Loss 0.1009 | Att Reward in ep 004|
|Def Estimated: [14 86]| Att Labels: [14 86]|
|Def Amount of true predicted attacks: [12 84]|
04/22/2025 15:10:24 - INFO - End of Episode.
|Episode 035/100| time: 2.43|
|Def Loss 0.2792 | Def Reward in ep 099|
|Att Loss 0.1066 | Att Reward in ep 001|
|Def Estimated: [14 86]| Att Labels: [15 85]|
|Def Amount of true predicted attacks: [14 85]|
04/22/2025 15:10:27 - INFO - End of Episode.
|Episode 036/100| time: 2.36|
|Def Loss 0.3106 | Def Reward in ep 096|
|Att Loss 0.0996 | Att Reward in ep 004|
|Def Estimated: [16 84]| Att Labels: [14 86]|
|Def Amount of true predicted attacks: [13 83]|
04/22/2025 15:10:30 - INFO - End of Episode.
|Episode 037/100| time: 2.35|
|Def Loss 0.2665 | Def Reward in ep 098|
|Att Loss 0.1154 | Att Reward in ep 002|
|Def Estimated: [18 82]| Att Labels: [16 84]|
|Def Amount of true predicted attacks: [16 82]|
04/22/2025 15:10:32 - INFO - End of Episode.
|Episode 038/100| time: 2.39|
|Def Loss 0.2260 | Def Reward in ep 096|
|Att Loss 0.0844 | Att Reward in ep 004|
|Def Estimated: [19 81]| Att Labels: [19 81]|
|Def Amount of true predicted attacks: [17 79]|
04/22/2025 15:10:35 - INFO - End of Episode.
|Episode 039/100| time: 2.35|
|Def Loss 0.2400 | Def Reward in ep 099|
|Att Loss 0.1037 | Att Reward in ep 001|
|Def Estimated: [23 77]| Att Labels: [22 78]|
|Def Amount of true predicted attacks: [22 77]|
04/22/2025 15:10:38 - INFO - End of Episode.
|Episode 040/100| time: 2.28|
|Def Loss 0.2822 | Def Reward in ep 097|
|Att Loss 0.1066 | Att Reward in ep 003|
|Def Estimated: [14 86]| Att Labels: [15 85]|
|Def Amount of true predicted attacks: [13 84]|
04/22/2025 15:10:41 - INFO - End of Episode.
|Episode 041/100| time: 2.32|
|Def Loss 0.2492 | Def Reward in ep 099|
|Att Loss 0.0962 | Att Reward in ep 001|
|Def Estimated: [17 83]| Att Labels: [16 84]|
|Def Amount of true predicted attacks: [16 83]|
04/22/2025 15:10:43 - INFO - End of Episode.
|Episode 042/100| time: 2.35|
|Def Loss 0.2348 | Def Reward in ep 098|
|Att Loss 0.1005 | Att Reward in ep 002|
|Def Estimated: [22 78]| Att Labels: [20 80]|
|Def Amount of true predicted attacks: [20 78]|
04/22/2025 15:10:46 - INFO - End of Episode.
|Episode 043/100| time: 2.31|
|Def Loss 0.2066 | Def Reward in ep 098|
|Att Loss 0.0920 | Att Reward in ep 002|
|Def Estimated: [21 79]| Att Labels: [21 79]|
|Def Amount of true predicted attacks: [20 78]|
04/22/2025 15:10:49 - INFO - End of Episode.
|Episode 044/100| time: 2.36|
|Def Loss 0.1716 | Def Reward in ep 100|
|Att Loss 0.1190 | Att Reward in ep 000|
|Def Estimated: [27 73]| Att Labels: [27 73]|
|Def Amount of true predicted attacks: [27 73]|
04/22/2025 15:10:52 - INFO - End of Episode.
|Episode 045/100| time: 2.39|
|Def Loss 0.1354 | Def Reward in ep 099|
|Att Loss 0.1100 | Att Reward in ep 001|
|Def Estimated: [23 77]| Att Labels: [22 78]|
|Def Amount of true predicted attacks: [22 77]|
04/22/2025 15:10:54 - INFO - End of Episode.
|Episode 046/100| time: 2.38|
|Def Loss 0.1390 | Def Reward in ep 096|
|Att Loss 0.0951 | Att Reward in ep 004|
|Def Estimated: [20 80]| Att Labels: [22 78]|
|Def Amount of true predicted attacks: [19 77]|
04/22/2025 15:10:57 - INFO - End of Episode.
|Episode 047/100| time: 2.31|
|Def Loss 0.1133 | Def Reward in ep 099|
|Att Loss 0.0889 | Att Reward in ep 001|
|Def Estimated: [24 76]| Att Labels: [25 75]|
|Def Amount of true predicted attacks: [24 75]|
04/22/2025 15:11:00 - INFO - End of Episode.
|Episode 048/100| time: 2.38|
|Def Loss 0.1032 | Def Reward in ep 098|
|Att Loss 0.0672 | Att Reward in ep 002|
|Def Estimated: [26 74]| Att Labels: [24 76]|
|Def Amount of true predicted attacks: [24 74]|
04/22/2025 15:11:03 - INFO - End of Episode.
|Episode 049/100| time: 2.33|
|Def Loss 0.0998 | Def Reward in ep 100|
|Att Loss 0.0591 | Att Reward in ep 000|
|Def Estimated: [18 82]| Att Labels: [18 82]|
|Def Amount of true predicted attacks: [18 82]|
04/22/2025 15:11:06 - INFO - End of Episode.
|Episode 050/100| time: 2.39|
|Def Loss 0.0910 | Def Reward in ep 099|
|Att Loss 0.0636 | Att Reward in ep 001|
|Def Estimated: [20 80]| Att Labels: [21 79]|
|Def Amount of true predicted attacks: [20 79]|
04/22/2025 15:11:08 - INFO - End of Episode.
|Episode 051/100| time: 2.25|
|Def Loss 0.0830 | Def Reward in ep 099|
|Att Loss 0.0633 | Att Reward in ep 001|
|Def Estimated: [18 82]| Att Labels: [19 81]|
|Def Amount of true predicted attacks: [18 81]|
04/22/2025 15:11:11 - INFO - End of Episode.
|Episode 052/100| time: 2.35|
|Def Loss 0.1068 | Def Reward in ep 099|
|Att Loss 0.0551 | Att Reward in ep 001|
|Def Estimated: [15 85]| Att Labels: [16 84]|
|Def Amount of true predicted attacks: [15 84]|
04/22/2025 15:11:14 - INFO - End of Episode.
|Episode 053/100| time: 2.34|
|Def Loss 0.1163 | Def Reward in ep 099|
|Att Loss 0.0462 | Att Reward in ep 001|
|Def Estimated: [16 84]| Att Labels: [17 83]|
|Def Amount of true predicted attacks: [16 83]|
04/22/2025 15:11:17 - INFO - End of Episode.
|Episode 054/100| time: 2.38|
|Def Loss 0.1201 | Def Reward in ep 096|
|Att Loss 0.0656 | Att Reward in ep 004|
|Def Estimated: [21 79]| Att Labels: [19 81]|
|Def Amount of true predicted attacks: [18 78]|
04/22/2025 15:11:20 - INFO - End of Episode.
|Episode 055/100| time: 2.24|
|Def Loss 0.1579 | Def Reward in ep 098|
|Att Loss 0.0663 | Att Reward in ep 002|
|Def Estimated: [14 86]| Att Labels: [14 86]|
|Def Amount of true predicted attacks: [13 85]|
04/22/2025 15:11:22 - INFO - End of Episode.
|Episode 056/100| time: 2.30|
|Def Loss 0.1628 | Def Reward in ep 096|
|Att Loss 0.0640 | Att Reward in ep 004|
|Def Estimated: [12 88]| Att Labels: [14 86]|
|Def Amount of true predicted attacks: [11 85]|
04/22/2025 15:11:25 - INFO - End of Episode.
|Episode 057/100| time: 2.37|
|Def Loss 0.1481 | Def Reward in ep 099|
|Att Loss 0.0761 | Att Reward in ep 001|
|Def Estimated: [22 78]| Att Labels: [23 77]|
|Def Amount of true predicted attacks: [22 77]|
04/22/2025 15:11:28 - INFO - End of Episode.
|Episode 058/100| time: 2.34|
|Def Loss 0.1558 | Def Reward in ep 100|
|Att Loss 0.0712 | Att Reward in ep 000|
|Def Estimated: [19 81]| Att Labels: [19 81]|
|Def Amount of true predicted attacks: [19 81]|
04/22/2025 15:11:31 - INFO - End of Episode.
|Episode 059/100| time: 2.26|
|Def Loss 0.1820 | Def Reward in ep 097|
|Att Loss 0.0974 | Att Reward in ep 003|
|Def Estimated: [21 79]| Att Labels: [20 80]|
|Def Amount of true predicted attacks: [19 78]|
04/22/2025 15:11:34 - INFO - End of Episode.
|Episode 060/100| time: 2.46|
|Def Loss 0.1874 | Def Reward in ep 098|
|Att Loss 0.0957 | Att Reward in ep 002|
|Def Estimated: [27 73]| Att Labels: [25 75]|
|Def Amount of true predicted attacks: [25 73]|
04/22/2025 15:11:37 - INFO - End of Episode.
|Episode 061/100| time: 2.36|
|Def Loss 0.1731 | Def Reward in ep 098|
|Att Loss 0.1084 | Att Reward in ep 002|
|Def Estimated: [18 82]| Att Labels: [16 84]|
|Def Amount of true predicted attacks: [16 82]|
04/22/2025 15:11:39 - INFO - End of Episode.
|Episode 062/100| time: 2.39|
|Def Loss 0.1719 | Def Reward in ep 100|
|Att Loss 0.0948 | Att Reward in ep 000|
|Def Estimated: [23 77]| Att Labels: [23 77]|
|Def Amount of true predicted attacks: [23 77]|
04/22/2025 15:11:42 - INFO - End of Episode.
|Episode 063/100| time: 2.27|
|Def Loss 0.1779 | Def Reward in ep 099|
|Att Loss 0.0850 | Att Reward in ep 001|
|Def Estimated: [16 84]| Att Labels: [15 85]|
|Def Amount of true predicted attacks: [15 84]|
04/22/2025 15:11:45 - INFO - End of Episode.
|Episode 064/100| time: 2.31|
|Def Loss 0.1400 | Def Reward in ep 099|
|Att Loss 0.1023 | Att Reward in ep 001|
|Def Estimated: [15 85]| Att Labels: [16 84]|
|Def Amount of true predicted attacks: [15 84]|
04/22/2025 15:11:48 - INFO - End of Episode.
|Episode 065/100| time: 2.36|
|Def Loss 0.1682 | Def Reward in ep 098|
|Att Loss 0.0935 | Att Reward in ep 002|
|Def Estimated: [20 80]| Att Labels: [20 80]|
|Def Amount of true predicted attacks: [19 79]|
04/22/2025 15:11:51 - INFO - End of Episode.
|Episode 066/100| time: 2.31|
|Def Loss 0.1604 | Def Reward in ep 095|
|Att Loss 0.0907 | Att Reward in ep 005|
|Def Estimated: [13 87]| Att Labels: [10 90]|
|Def Amount of true predicted attacks: [ 9 86]|
04/22/2025 15:11:54 - INFO - End of Episode.
|Episode 067/100| time: 2.35|
|Def Loss 0.1801 | Def Reward in ep 096|
|Att Loss 0.1030 | Att Reward in ep 004|
|Def Estimated: [29 71]| Att Labels: [27 73]|
|Def Amount of true predicted attacks: [26 70]|
04/22/2025 15:11:56 - INFO - End of Episode.
|Episode 068/100| time: 2.35|
|Def Loss 0.1693 | Def Reward in ep 096|
|Att Loss 0.1033 | Att Reward in ep 004|
|Def Estimated: [23 77]| Att Labels: [21 79]|
|Def Amount of true predicted attacks: [20 76]|
04/22/2025 15:11:59 - INFO - End of Episode.
|Episode 069/100| time: 2.38|
|Def Loss 0.2308 | Def Reward in ep 097|
|Att Loss 0.1038 | Att Reward in ep 003|
|Def Estimated: [15 85]| Att Labels: [18 82]|
|Def Amount of true predicted attacks: [15 82]|
04/22/2025 15:12:02 - INFO - End of Episode.
|Episode 070/100| time: 2.25|
|Def Loss 0.1762 | Def Reward in ep 100|
|Att Loss 0.1139 | Att Reward in ep 000|
|Def Estimated: [14 86]| Att Labels: [14 86]|
|Def Amount of true predicted attacks: [14 86]|
04/22/2025 15:12:05 - INFO - End of Episode.
|Episode 071/100| time: 2.48|
|Def Loss 0.1932 | Def Reward in ep 095|
|Att Loss 0.0948 | Att Reward in ep 005|
|Def Estimated: [19 81]| Att Labels: [18 82]|
|Def Amount of true predicted attacks: [16 79]|
04/22/2025 15:12:08 - INFO - End of Episode.
|Episode 072/100| time: 2.47|
|Def Loss 0.1928 | Def Reward in ep 098|
|Att Loss 0.1140 | Att Reward in ep 002|
|Def Estimated: [14 86]| Att Labels: [14 86]|
|Def Amount of true predicted attacks: [13 85]|
04/22/2025 15:12:11 - INFO - End of Episode.
|Episode 073/100| time: 2.55|
|Def Loss 0.1583 | Def Reward in ep 099|
|Att Loss 0.0983 | Att Reward in ep 001|
|Def Estimated: [19 81]| Att Labels: [20 80]|
|Def Amount of true predicted attacks: [19 80]|
04/22/2025 15:12:14 - INFO - End of Episode.
|Episode 074/100| time: 2.30|
|Def Loss 0.1594 | Def Reward in ep 100|
|Att Loss 0.0812 | Att Reward in ep 000|
|Def Estimated: [15 85]| Att Labels: [15 85]|
|Def Amount of true predicted attacks: [15 85]|
04/22/2025 15:12:17 - INFO - End of Episode.
|Episode 075/100| time: 2.36|
|Def Loss 0.1554 | Def Reward in ep 100|
|Att Loss 0.0814 | Att Reward in ep 000|
|Def Estimated: [16 84]| Att Labels: [16 84]|
|Def Amount of true predicted attacks: [16 84]|
04/22/2025 15:12:20 - INFO - End of Episode.
|Episode 076/100| time: 2.32|
|Def Loss 0.1077 | Def Reward in ep 097|
|Att Loss 0.0834 | Att Reward in ep 003|
|Def Estimated: [23 77]| Att Labels: [22 78]|
|Def Amount of true predicted attacks: [21 76]|
04/22/2025 15:12:23 - INFO - End of Episode.
|Episode 077/100| time: 2.32|
|Def Loss 0.1213 | Def Reward in ep 096|
|Att Loss 0.0940 | Att Reward in ep 004|
|Def Estimated: [28 72]| Att Labels: [28 72]|
|Def Amount of true predicted attacks: [26 70]|
04/22/2025 15:12:26 - INFO - End of Episode.
|Episode 078/100| time: 2.31|
|Def Loss 0.1223 | Def Reward in ep 097|
|Att Loss 0.1124 | Att Reward in ep 003|
|Def Estimated: [31 69]| Att Labels: [32 68]|
|Def Amount of true predicted attacks: [30 67]|
04/22/2025 15:12:29 - INFO - End of Episode.
|Episode 079/100| time: 2.28|
|Def Loss 0.1123 | Def Reward in ep 098|
|Att Loss 0.0984 | Att Reward in ep 002|
|Def Estimated: [23 77]| Att Labels: [21 79]|
|Def Amount of true predicted attacks: [21 77]|
04/22/2025 15:12:32 - INFO - End of Episode.
|Episode 080/100| time: 2.31|
|Def Loss 0.1628 | Def Reward in ep 095|
|Att Loss 0.1040 | Att Reward in ep 005|
|Def Estimated: [22 78]| Att Labels: [23 77]|
|Def Amount of true predicted attacks: [20 75]|
04/22/2025 15:12:34 - INFO - End of Episode.
|Episode 081/100| time: 2.25|
|Def Loss 0.1504 | Def Reward in ep 098|
|Att Loss 0.0988 | Att Reward in ep 002|
|Def Estimated: [20 80]| Att Labels: [22 78]|
|Def Amount of true predicted attacks: [20 78]|
04/22/2025 15:12:37 - INFO - End of Episode.
|Episode 082/100| time: 2.31|
|Def Loss 0.1480 | Def Reward in ep 097|
|Att Loss 0.0642 | Att Reward in ep 003|
|Def Estimated: [26 74]| Att Labels: [27 73]|
|Def Amount of true predicted attacks: [25 72]|
04/22/2025 15:12:40 - INFO - End of Episode.
|Episode 083/100| time: 2.32|
|Def Loss 0.1511 | Def Reward in ep 098|
|Att Loss 0.0547 | Att Reward in ep 002|
|Def Estimated: [22 78]| Att Labels: [24 76]|
|Def Amount of true predicted attacks: [22 76]|
04/22/2025 15:12:43 - INFO - End of Episode.
|Episode 084/100| time: 2.25|
|Def Loss 0.1756 | Def Reward in ep 099|
|Att Loss 0.0474 | Att Reward in ep 001|
|Def Estimated: [20 80]| Att Labels: [19 81]|
|Def Amount of true predicted attacks: [19 80]|
04/22/2025 15:12:46 - INFO - End of Episode.
|Episode 085/100| time: 2.21|
|Def Loss 0.1652 | Def Reward in ep 097|
|Att Loss 0.0582 | Att Reward in ep 003|
|Def Estimated: [20 80]| Att Labels: [17 83]|
|Def Amount of true predicted attacks: [17 80]|
04/22/2025 15:12:49 - INFO - End of Episode.
|Episode 086/100| time: 2.33|
|Def Loss 0.2123 | Def Reward in ep 099|
|Att Loss 0.0510 | Att Reward in ep 001|
|Def Estimated: [22 78]| Att Labels: [23 77]|
|Def Amount of true predicted attacks: [22 77]|
04/22/2025 15:12:52 - INFO - End of Episode.
|Episode 087/100| time: 2.33|
|Def Loss 0.2439 | Def Reward in ep 096|
|Att Loss 0.0564 | Att Reward in ep 004|
|Def Estimated: [29 71]| Att Labels: [29 71]|
|Def Amount of true predicted attacks: [27 69]|
04/22/2025 15:12:55 - INFO - End of Episode.
|Episode 088/100| time: 2.28|
|Def Loss 0.2375 | Def Reward in ep 098|
|Att Loss 0.0750 | Att Reward in ep 002|
|Def Estimated: [20 80]| Att Labels: [18 82]|
|Def Amount of true predicted attacks: [18 80]|
04/22/2025 15:12:57 - INFO - End of Episode.
|Episode 089/100| time: 2.20|
|Def Loss 0.2606 | Def Reward in ep 098|
|Att Loss 0.0573 | Att Reward in ep 002|
|Def Estimated: [19 81]| Att Labels: [21 79]|
|Def Amount of true predicted attacks: [19 79]|
04/22/2025 15:13:00 - INFO - End of Episode.
|Episode 090/100| time: 2.30|
|Def Loss 0.2569 | Def Reward in ep 098|
|Att Loss 0.0482 | Att Reward in ep 002|
|Def Estimated: [24 76]| Att Labels: [22 78]|
|Def Amount of true predicted attacks: [22 76]|
04/22/2025 15:13:03 - INFO - End of Episode.
|Episode 091/100| time: 2.26|
|Def Loss 0.1852 | Def Reward in ep 097|
|Att Loss 0.0466 | Att Reward in ep 003|
|Def Estimated: [22 78]| Att Labels: [19 81]|
|Def Amount of true predicted attacks: [19 78]|
04/22/2025 15:13:06 - INFO - End of Episode.
|Episode 092/100| time: 2.29|
|Def Loss 0.2084 | Def Reward in ep 098|
|Att Loss 0.0645 | Att Reward in ep 002|
|Def Estimated: [22 78]| Att Labels: [24 76]|
|Def Amount of true predicted attacks: [22 76]|
04/22/2025 15:13:09 - INFO - End of Episode.
|Episode 093/100| time: 2.35|
|Def Loss 0.2441 | Def Reward in ep 097|
|Att Loss 0.0585 | Att Reward in ep 003|
|Def Estimated: [20 80]| Att Labels: [19 81]|
|Def Amount of true predicted attacks: [18 79]|
04/22/2025 15:13:12 - INFO - End of Episode.
|Episode 094/100| time: 2.24|
|Def Loss 0.2192 | Def Reward in ep 100|
|Att Loss 0.0688 | Att Reward in ep 000|
|Def Estimated: [13 87]| Att Labels: [13 87]|
|Def Amount of true predicted attacks: [13 87]|
04/22/2025 15:13:15 - INFO - End of Episode.
|Episode 095/100| time: 2.28|
|Def Loss 0.1492 | Def Reward in ep 099|
|Att Loss 0.0803 | Att Reward in ep 001|
|Def Estimated: [22 78]| Att Labels: [21 79]|
|Def Amount of true predicted attacks: [21 78]|
04/22/2025 15:13:18 - INFO - End of Episode.
|Episode 096/100| time: 2.18|
|Def Loss 0.1272 | Def Reward in ep 099|
|Att Loss 0.0649 | Att Reward in ep 001|
|Def Estimated: [15 85]| Att Labels: [16 84]|
|Def Amount of true predicted attacks: [15 84]|
04/22/2025 15:13:21 - INFO - End of Episode.
|Episode 097/100| time: 2.30|
|Def Loss 0.1579 | Def Reward in ep 097|
|Att Loss 0.0798 | Att Reward in ep 003|
|Def Estimated: [22 78]| Att Labels: [19 81]|
|Def Amount of true predicted attacks: [19 78]|
04/22/2025 15:13:24 - INFO - End of Episode.
|Episode 098/100| time: 2.31|
|Def Loss 0.1417 | Def Reward in ep 099|
|Att Loss 0.0643 | Att Reward in ep 001|
|Def Estimated: [26 74]| Att Labels: [25 75]|
|Def Amount of true predicted attacks: [25 74]|
04/22/2025 15:13:27 - INFO - End of Episode.
|Episode 099/100| time: 2.38|
|Def Loss 0.1461 | Def Reward in ep 099|
|Att Loss 0.0748 | Att Reward in ep 001|
|Def Estimated: [28 72]| Att Labels: [29 71]|
|Def Amount of true predicted attacks: [28 71]|
04/22/2025 15:13:27 - INFO - Model 'attacker_model_cic_2017' saved in: /workspace/models/trained-models/2025-04-22-15-08-Linux-CIC-2017-18-DDOS-2nd-Run/attacker_model_cic.keras
04/22/2025 15:13:27 - INFO - Model summary:
Model: "attacker_model_cic_2017"
_________________________________________________________________
 Layer (type)                Output Shape              Param #   
=================================================================
 dense (Dense)               (None, 100)               6800      
                                                                 
 dense_1 (Dense)             (None, 100)               10100     
                                                                 
 dense_2 (Dense)             (None, 100)               10100     
                                                                 
 dense_3 (Dense)             (None, 100)               10100     
                                                                 
 dense_4 (Dense)             (None, 100)               10100     
                                                                 
 dense_5 (Dense)             (None, 6)                 606       
                                                                 
=================================================================
Total params: 47806 (186.74 KB)
Trainable params: 47806 (186.74 KB)
Non-trainable params: 0 (0.00 Byte)
_________________________________________________________________

04/22/2025 15:13:27 - INFO - Model 'defender_model' saved in: /workspace/models/trained-models/2025-04-22-15-08-Linux-CIC-2017-18-DDOS-2nd-Run/defender_model.keras
04/22/2025 15:13:27 - INFO - Model summary:
Model: "defender_model"
_________________________________________________________________
 Layer (type)                Output Shape              Param #   
=================================================================
 dense_12 (Dense)            (None, 100)               6800      
                                                                 
 dense_13 (Dense)            (None, 100)               10100     
                                                                 
 dense_14 (Dense)            (None, 100)               10100     
                                                                 
 dense_15 (Dense)            (None, 2)                 202       
                                                                 
=================================================================
Total params: 27202 (106.26 KB)
Trainable params: 27202 (106.26 KB)
Non-trainable params: 0 (0.00 Byte)
_________________________________________________________________

04/22/2025 15:13:27 - INFO - Saved trained models.
04/22/2025 15:13:27 - INFO - Total runtime: 00:05:25
04/22/2025 15:13:27 - INFO - End of the script at: 2025-04-22 15:13:27.973431
04/22/2025 15:13:31 - INFO - Debug information saved to /workspace/models/trained-models/2025-04-22-15-08-Linux-CIC-2017-18-DDOS-2nd-Run/logs/debug_info.json
04/22/2025 15:13:31 - INFO - Trying to save summary plots under: /workspace/models/trained-models/2025-04-22-15-08-Linux-CIC-2017-18-DDOS-2nd-Run/plots/
04/22/2025 15:13:33 - INFO - Plotted attack distributions during training in: /workspace/models/trained-models/2025-04-22-15-08-Linux-CIC-2017-18-DDOS-2nd-Run/plots/
04/22/2025 15:13:43 - INFO - Normalized confusion matrix
04/22/2025 15:13:43 - INFO - 
Confusion Matrix:
[[0.96952143 0.03047857]
 [0.00844699 0.99155301]]
04/22/2025 15:13:43 - INFO - Plotted confusion matrix in: /workspace/models/trained-models/2025-04-22-15-08-Linux-CIC-2017-18-DDOS-2nd-Run/plots/intraset/
04/22/2025 15:13:43 - INFO - Model summary:
Model: "defender_model"
_________________________________________________________________
 Layer (type)                Output Shape              Param #   
=================================================================
 dense_12 (Dense)            (None, 100)               6800      
                                                                 
 dense_13 (Dense)            (None, 100)               10100     
                                                                 
 dense_14 (Dense)            (None, 100)               10100     
                                                                 
 dense_15 (Dense)            (None, 2)                 202       
                                                                 
=================================================================
Total params: 27202 (106.26 KB)
Trainable params: 27202 (106.26 KB)
Non-trainable params: 0 (0.00 Byte)
_________________________________________________________________

loaded from: /workspace/models/trained-models/2025-04-22-15-08-Linux-CIC-2017-18-DDOS-2nd-Run/defender_model.keras
04/22/2025 15:13:44 - INFO - One vs All metric calculation: 
True positive: 217515 | False positive: 4267 | 
True negative: 135733 | False negative: 1853
Accuracy: 0.9830 | Recall: 0.9916 | Specificity: 0.9695 | Precision: 0.9808 | F1-Score: 0.9861 | False Positive Rate: 0.0305
04/22/2025 15:13:44 - INFO - Overall overview
Total reward: 353248 | Number of samples: 359368 | Accuracy = 98.30%
Overall overview per attack type
              Estimated Correct   Total Mismatch   F1_score
Benign           137586  135733  140000     2414  97.795278
(D)DOS           221782  217515  219368     2414  98.612717
Weigthed Avg.                                     98.294265
04/22/2025 15:13:44 - INFO - 
 Class  Support  Accuracy  Precision  Recall  F1-Score
Benign   140000    0.9695     0.9865  0.9695    0.9780
(D)DOS   219368    0.9916     0.9808  0.9916    0.9861
04/22/2025 15:13:44 - INFO - Overall weighted F1-score: 0.9829
04/22/2025 15:13:55 - INFO - 
One vs All metrics: 
     name  accuracy        f1  precision    recall
0  (D)DOS   0.98297  0.986127   0.980760  0.991553
1  Benign   0.98297  0.977953   0.986532  0.969521
04/22/2025 15:13:55 - INFO - Classification report:
              precision    recall  f1-score   support

      Benign       0.99      0.97      0.98    140000
      (D)DOS       0.98      0.99      0.99    219368

    accuracy                           0.98    359368
   macro avg       0.98      0.98      0.98    359368
weighted avg       0.98      0.98      0.98    359368

04/22/2025 15:14:00 - INFO - Model metrics: 
loss=0.03828791528940201, mse=1.821474552154541, mae=0.12674617767333984
04/22/2025 15:14:01 - INFO - Optimizer config: {'name': 'Adam', 'weight_decay': None, 'clipnorm': None, 'global_clipnorm': None, 'clipvalue': None, 'use_ema': False, 'ema_momentum': 0.99, 'ema_overwrite_frequency': None, 'jit_compile': False, 'is_legacy_optimizer': False, 'learning_rate': 0.001, 'beta_1': 0.9, 'beta_2': 0.999, 'epsilon': 1e-07, 'amsgrad': False}
04/22/2025 15:14:01 - INFO - Time needed for testing: 23.92908763885498
04/22/2025 15:14:01 - INFO - Metrics exported to: /workspace/models/trained-models/2025-04-22-15-08-Linux-CIC-2017-18-DDOS-2nd-Run/logs/evaluation_metrics_defender_model.json
04/22/2025 15:14:24 - INFO - [Intra-Set] Accuracy: 0.7938, Recall: 0.7525, Precision: 0.9199, F1: 0.8278
04/22/2025 15:14:24 - INFO - Normalized confusion matrix
04/22/2025 15:14:24 - INFO - 
Confusion Matrix:
[[0.87361412 0.12638588]
 [0.2475064  0.7524936 ]]
04/22/2025 15:14:25 - INFO - Plotted confusion matrix in: /workspace/models/trained-models/2025-04-22-15-08-Linux-CIC-2017-18-DDOS-2nd-Run/plots/interset/
04/22/2025 15:14:25 - INFO - [Intra-Set] Confusion matrix saved to /workspace/models/trained-models/2025-04-22-15-08-Linux-CIC-2017-18-DDOS-2nd-Run/plots/
04/22/2025 15:14:43 - INFO - [Cross-Set] Model metrics: loss=0.23721981048583984, mse=1572.8885498046875, mae=0.4551214277744293
04/22/2025 15:14:43 - INFO - [Intra-Set] Evaluation completed. Metrics exported to: /workspace/models/trained-models/2025-04-22-15-08-Linux-CIC-2017-18-DDOS-2nd-Run/logs/evaluation_metrics_cross_defender_model.json
04/22/2025 15:14:43 - INFO - [Intra-Set] Time needed: 41.81 seconds
