04/23/2025 11:34:12 - INFO - Started script at: 2025-04-23-11-34
Current working dir: /workspace
Used data files: 
/workspace/data/datasets/cic_ids/cic-ids-2017/clean/all_benign.feather,
/workspace/data/datasets/cic_ids/cic-ids-2017/clean/all_malicious.feather
04/23/2025 11:34:12 - INFO - Setting up Attacker and Defender Agents...
04/23/2025 11:34:33 - INFO - One-vs-All Split ready (target: Infiltration):
04/23/2025 11:34:33 - INFO - Train: (50927, 67), Validation: (49098, 67), Test: (278224, 67)
04/23/2025 11:34:34 - INFO - [Init from split] Loaded 50927 train, 278224 test samples.
04/23/2025 11:34:36 - INFO - One-vs-All Split ready (target: Infiltration):
04/23/2025 11:34:36 - INFO - Train: (50006, 67), Validation: (60009, 67), Test: (140021, 67)
04/23/2025 11:34:36 - INFO - Initializing Attacker:CIC-2017-Infiltration's ReplayMemory with observation_size=67 and max_size=1000
04/23/2025 11:34:37 - WARNING - Skipping variable loading for optimizer 'Adam', because it has 25 variables whereas the saved optimizer has 1 variables. 
04/23/2025 11:34:37 - INFO - Initializing Defender's ReplayMemory with observation_size=67 and max_size=1000
04/23/2025 11:34:37 - WARNING - Skipping variable loading for optimizer 'Adam', because it has 17 variables whereas the saved optimizer has 1 variables. 
04/23/2025 11:34:37 - INFO - Creating environment...
04/23/2025 11:34:37 - INFO - Start Training with the following parameters:
-----------------------------------------------------------------------------------------------------------------------
Total episodes: 100 | Iterations in episode: 100 | Minibatch from mem size: 100 | Total Samples: 10000 | Data shape: (50927, 67)
-----------------------------------------------------------------------------------------------------------------------
Attacker<Attack-Type>: Num_actions=2 | gamma=0.001 | epsilon=1 | ANN hidden size=100 | ANN hidden layers=5 | Learning rate=0.001
-----------------------------------------------------------------------------------------------------------------------
Defender: Num_actions=2 | gamma=0.001 | epsilon=1 | ANN hidden size=100 | ANN hidden layers=3 | Learning rate=0.001
-----------------------------------------------------------------------------------------------------------------------
Used Attack types: '['Benign', 'Infiltration']' | Attack name(s): ['Benign', 'Infilteration']
-----------------------------------------------------------------------------------------------------------------------

04/23/2025 11:34:37 - INFO - End of Episode.
|Episode 000/100| time: 0.43|
|Def Loss 0.0000 | Def Reward in ep 052|
|Att Loss 0.0000 | Att Reward in ep 048|
|Def Estimated: [52 48]| Att Labels: [48 52]|
|Def Amount of true predicted attacks: [26 26]|
04/23/2025 11:34:40 - WARNING - 5 out of the last 5 calls to <function QNetwork.predict at 0x79a0cefe8b80> triggered tf.function retracing. Tracing is expensive and the excessive number of tracings could be due to (1) creating @tf.function repeatedly in a loop, (2) passing tensors with different shapes, (3) passing Python objects instead of tensors. For (1), please define your @tf.function outside of the loop. For (2), @tf.function has reduce_retracing=True option that can avoid unnecessary retracing. For (3), please refer to https://www.tensorflow.org/guide/function#controlling_retracing and https://www.tensorflow.org/api_docs/python/tf/function for  more details.
04/23/2025 11:34:42 - INFO - End of Episode.
|Episode 001/100| time: 3.96|
|Def Loss 4.8395 | Def Reward in ep 044|
|Att Loss 5.8305 | Att Reward in ep 056|
|Def Estimated: [39 61]| Att Labels: [55 45]|
|Def Amount of true predicted attacks: [19 25]|
04/23/2025 11:34:45 - INFO - End of Episode.
|Episode 002/100| time: 2.14|
|Def Loss 3.8291 | Def Reward in ep 063|
|Att Loss 5.1082 | Att Reward in ep 037|
|Def Estimated: [49 51]| Att Labels: [56 44]|
|Def Amount of true predicted attacks: [34 29]|
04/23/2025 11:34:47 - INFO - End of Episode.
|Episode 003/100| time: 2.20|
|Def Loss 3.7874 | Def Reward in ep 056|
|Att Loss 4.8306 | Att Reward in ep 044|
|Def Estimated: [54 46]| Att Labels: [54 46]|
|Def Amount of true predicted attacks: [32 24]|
04/23/2025 11:34:49 - INFO - End of Episode.
|Episode 004/100| time: 2.19|
|Def Loss 3.8037 | Def Reward in ep 073|
|Att Loss 4.6219 | Att Reward in ep 027|
|Def Estimated: [50 50]| Att Labels: [53 47]|
|Def Amount of true predicted attacks: [38 35]|
04/23/2025 11:34:52 - INFO - End of Episode.
|Episode 005/100| time: 2.19|
|Def Loss 3.6308 | Def Reward in ep 071|
|Att Loss 4.2626 | Att Reward in ep 029|
|Def Estimated: [51 49]| Att Labels: [54 46]|
|Def Amount of true predicted attacks: [38 33]|
04/23/2025 11:34:54 - INFO - End of Episode.
|Episode 006/100| time: 2.24|
|Def Loss 3.6373 | Def Reward in ep 071|
|Att Loss 3.9362 | Att Reward in ep 029|
|Def Estimated: [53 47]| Att Labels: [56 44]|
|Def Amount of true predicted attacks: [40 31]|
04/23/2025 11:34:57 - INFO - End of Episode.
|Episode 007/100| time: 2.20|
|Def Loss 3.6668 | Def Reward in ep 062|
|Att Loss 3.6748 | Att Reward in ep 038|
|Def Estimated: [48 52]| Att Labels: [48 52]|
|Def Amount of true predicted attacks: [29 33]|
04/23/2025 11:34:59 - INFO - End of Episode.
|Episode 008/100| time: 2.22|
|Def Loss 3.8009 | Def Reward in ep 076|
|Att Loss 3.5209 | Att Reward in ep 024|
|Def Estimated: [51 49]| Att Labels: [59 41]|
|Def Amount of true predicted attacks: [43 33]|
04/23/2025 11:35:01 - INFO - End of Episode.
|Episode 009/100| time: 2.15|
|Def Loss 3.7869 | Def Reward in ep 059|
|Att Loss 3.2858 | Att Reward in ep 041|
|Def Estimated: [51 49]| Att Labels: [40 60]|
|Def Amount of true predicted attacks: [25 34]|
04/23/2025 11:35:04 - INFO - End of Episode.
|Episode 010/100| time: 2.17|
|Def Loss 3.9372 | Def Reward in ep 071|
|Att Loss 3.0833 | Att Reward in ep 029|
|Def Estimated: [53 47]| Att Labels: [50 50]|
|Def Amount of true predicted attacks: [37 34]|
04/23/2025 11:35:06 - INFO - End of Episode.
|Episode 011/100| time: 2.24|
|Def Loss 3.9749 | Def Reward in ep 068|
|Att Loss 2.2575 | Att Reward in ep 032|
|Def Estimated: [54 46]| Att Labels: [54 46]|
|Def Amount of true predicted attacks: [38 30]|
04/23/2025 11:35:09 - INFO - End of Episode.
|Episode 012/100| time: 2.12|
|Def Loss 4.0742 | Def Reward in ep 073|
|Att Loss 1.6536 | Att Reward in ep 027|
|Def Estimated: [39 61]| Att Labels: [42 58]|
|Def Amount of true predicted attacks: [27 46]|
04/23/2025 11:35:11 - INFO - End of Episode.
|Episode 013/100| time: 2.22|
|Def Loss 4.0837 | Def Reward in ep 072|
|Att Loss 1.2065 | Att Reward in ep 028|
|Def Estimated: [44 56]| Att Labels: [42 58]|
|Def Amount of true predicted attacks: [29 43]|
04/23/2025 11:35:13 - INFO - End of Episode.
|Episode 014/100| time: 2.24|
|Def Loss 3.9183 | Def Reward in ep 066|
|Att Loss 1.2089 | Att Reward in ep 034|
|Def Estimated: [45 55]| Att Labels: [47 53]|
|Def Amount of true predicted attacks: [29 37]|
04/23/2025 11:35:16 - INFO - End of Episode.
|Episode 015/100| time: 2.26|
|Def Loss 4.0011 | Def Reward in ep 066|
|Att Loss 1.0224 | Att Reward in ep 034|
|Def Estimated: [44 56]| Att Labels: [54 46]|
|Def Amount of true predicted attacks: [32 34]|
04/23/2025 11:35:18 - INFO - End of Episode.
|Episode 016/100| time: 2.23|
|Def Loss 3.9363 | Def Reward in ep 069|
|Att Loss 1.0893 | Att Reward in ep 031|
|Def Estimated: [51 49]| Att Labels: [52 48]|
|Def Amount of true predicted attacks: [36 33]|
04/23/2025 11:35:21 - INFO - End of Episode.
|Episode 017/100| time: 2.18|
|Def Loss 3.9114 | Def Reward in ep 066|
|Att Loss 1.0408 | Att Reward in ep 034|
|Def Estimated: [45 55]| Att Labels: [45 55]|
|Def Amount of true predicted attacks: [28 38]|
04/23/2025 11:35:23 - INFO - End of Episode.
|Episode 018/100| time: 2.15|
|Def Loss 3.7723 | Def Reward in ep 073|
|Att Loss 0.8743 | Att Reward in ep 027|
|Def Estimated: [43 57]| Att Labels: [44 56]|
|Def Amount of true predicted attacks: [30 43]|
04/23/2025 11:35:26 - INFO - End of Episode.
|Episode 019/100| time: 2.18|
|Def Loss 3.7039 | Def Reward in ep 069|
|Att Loss 0.8593 | Att Reward in ep 031|
|Def Estimated: [51 49]| Att Labels: [50 50]|
|Def Amount of true predicted attacks: [35 34]|
04/23/2025 11:35:28 - INFO - End of Episode.
|Episode 020/100| time: 2.20|
|Def Loss 3.6751 | Def Reward in ep 067|
|Att Loss 0.7405 | Att Reward in ep 033|
|Def Estimated: [44 56]| Att Labels: [57 43]|
|Def Amount of true predicted attacks: [34 33]|
04/23/2025 11:35:31 - INFO - End of Episode.
|Episode 021/100| time: 2.23|
|Def Loss 3.7633 | Def Reward in ep 061|
|Att Loss 0.6874 | Att Reward in ep 039|
|Def Estimated: [43 57]| Att Labels: [52 48]|
|Def Amount of true predicted attacks: [28 33]|
04/23/2025 11:35:33 - INFO - End of Episode.
|Episode 022/100| time: 2.20|
|Def Loss 3.7213 | Def Reward in ep 075|
|Att Loss 0.5775 | Att Reward in ep 025|
|Def Estimated: [49 51]| Att Labels: [54 46]|
|Def Amount of true predicted attacks: [39 36]|
04/23/2025 11:35:35 - INFO - End of Episode.
|Episode 023/100| time: 2.14|
|Def Loss 3.6993 | Def Reward in ep 069|
|Att Loss 0.6279 | Att Reward in ep 031|
|Def Estimated: [45 55]| Att Labels: [44 56]|
|Def Amount of true predicted attacks: [29 40]|
04/23/2025 11:35:38 - INFO - End of Episode.
|Episode 024/100| time: 2.17|
|Def Loss 3.7155 | Def Reward in ep 070|
|Att Loss 0.6038 | Att Reward in ep 030|
|Def Estimated: [43 57]| Att Labels: [47 53]|
|Def Amount of true predicted attacks: [30 40]|
04/23/2025 11:35:40 - INFO - End of Episode.
|Episode 025/100| time: 2.20|
|Def Loss 3.8296 | Def Reward in ep 067|
|Att Loss 0.6435 | Att Reward in ep 033|
|Def Estimated: [45 55]| Att Labels: [48 52]|
|Def Amount of true predicted attacks: [30 37]|
04/23/2025 11:35:43 - INFO - End of Episode.
|Episode 026/100| time: 2.22|
|Def Loss 3.7964 | Def Reward in ep 066|
|Att Loss 0.6073 | Att Reward in ep 034|
|Def Estimated: [41 59]| Att Labels: [43 57]|
|Def Amount of true predicted attacks: [25 41]|
04/23/2025 11:35:45 - INFO - End of Episode.
|Episode 027/100| time: 2.20|
|Def Loss 3.7673 | Def Reward in ep 069|
|Att Loss 0.5693 | Att Reward in ep 031|
|Def Estimated: [41 59]| Att Labels: [52 48]|
|Def Amount of true predicted attacks: [31 38]|
04/23/2025 11:35:48 - INFO - End of Episode.
|Episode 028/100| time: 2.22|
|Def Loss 3.7475 | Def Reward in ep 072|
|Att Loss 0.6097 | Att Reward in ep 028|
|Def Estimated: [50 50]| Att Labels: [52 48]|
|Def Amount of true predicted attacks: [37 35]|
04/23/2025 11:35:50 - INFO - End of Episode.
|Episode 029/100| time: 2.20|
|Def Loss 3.8199 | Def Reward in ep 073|
|Att Loss 0.6395 | Att Reward in ep 027|
|Def Estimated: [50 50]| Att Labels: [49 51]|
|Def Amount of true predicted attacks: [36 37]|
04/23/2025 11:35:53 - INFO - End of Episode.
|Episode 030/100| time: 2.22|
|Def Loss 3.8402 | Def Reward in ep 070|
|Att Loss 0.5911 | Att Reward in ep 030|
|Def Estimated: [56 44]| Att Labels: [54 46]|
|Def Amount of true predicted attacks: [40 30]|
04/23/2025 11:35:55 - INFO - End of Episode.
|Episode 031/100| time: 2.19|
|Def Loss 3.6782 | Def Reward in ep 068|
|Att Loss 0.5458 | Att Reward in ep 032|
|Def Estimated: [47 53]| Att Labels: [49 51]|
|Def Amount of true predicted attacks: [32 36]|
04/23/2025 11:35:58 - INFO - End of Episode.
|Episode 032/100| time: 2.21|
|Def Loss 3.5079 | Def Reward in ep 064|
|Att Loss 0.5353 | Att Reward in ep 036|
|Def Estimated: [40 60]| Att Labels: [52 48]|
|Def Amount of true predicted attacks: [28 36]|
04/23/2025 11:36:00 - INFO - End of Episode.
|Episode 033/100| time: 2.18|
|Def Loss 3.5445 | Def Reward in ep 084|
|Att Loss 0.5876 | Att Reward in ep 016|
|Def Estimated: [50 50]| Att Labels: [48 52]|
|Def Amount of true predicted attacks: [41 43]|
04/23/2025 11:36:03 - INFO - End of Episode.
|Episode 034/100| time: 2.23|
|Def Loss 3.4745 | Def Reward in ep 062|
|Att Loss 0.7077 | Att Reward in ep 038|
|Def Estimated: [39 61]| Att Labels: [51 49]|
|Def Amount of true predicted attacks: [26 36]|
04/23/2025 11:36:06 - INFO - End of Episode.
|Episode 035/100| time: 2.18|
|Def Loss 3.4346 | Def Reward in ep 080|
|Att Loss 0.6680 | Att Reward in ep 020|
|Def Estimated: [47 53]| Att Labels: [51 49]|
|Def Amount of true predicted attacks: [39 41]|
04/23/2025 11:36:08 - INFO - End of Episode.
|Episode 036/100| time: 2.21|
|Def Loss 3.3952 | Def Reward in ep 069|
|Att Loss 0.7819 | Att Reward in ep 031|
|Def Estimated: [50 50]| Att Labels: [53 47]|
|Def Amount of true predicted attacks: [36 33]|
04/23/2025 11:36:11 - INFO - End of Episode.
|Episode 037/100| time: 2.16|
|Def Loss 3.3576 | Def Reward in ep 068|
|Att Loss 0.9485 | Att Reward in ep 032|
|Def Estimated: [43 57]| Att Labels: [49 51]|
|Def Amount of true predicted attacks: [30 38]|
04/23/2025 11:36:13 - INFO - End of Episode.
|Episode 038/100| time: 2.26|
|Def Loss 3.4243 | Def Reward in ep 066|
|Att Loss 0.8984 | Att Reward in ep 034|
|Def Estimated: [46 54]| Att Labels: [56 44]|
|Def Amount of true predicted attacks: [34 32]|
04/23/2025 11:36:16 - INFO - End of Episode.
|Episode 039/100| time: 2.21|
|Def Loss 3.3628 | Def Reward in ep 074|
|Att Loss 0.9550 | Att Reward in ep 026|
|Def Estimated: [54 46]| Att Labels: [50 50]|
|Def Amount of true predicted attacks: [39 35]|
04/23/2025 11:36:18 - INFO - End of Episode.
|Episode 040/100| time: 2.20|
|Def Loss 3.4217 | Def Reward in ep 067|
|Att Loss 0.8998 | Att Reward in ep 033|
|Def Estimated: [42 58]| Att Labels: [45 55]|
|Def Amount of true predicted attacks: [27 40]|
04/23/2025 11:36:21 - INFO - End of Episode.
|Episode 041/100| time: 2.18|
|Def Loss 3.5447 | Def Reward in ep 067|
|Att Loss 0.9401 | Att Reward in ep 033|
|Def Estimated: [46 54]| Att Labels: [49 51]|
|Def Amount of true predicted attacks: [31 36]|
04/23/2025 11:36:23 - INFO - End of Episode.
|Episode 042/100| time: 2.19|
|Def Loss 3.6127 | Def Reward in ep 062|
|Att Loss 0.8335 | Att Reward in ep 038|
|Def Estimated: [53 47]| Att Labels: [49 51]|
|Def Amount of true predicted attacks: [32 30]|
04/23/2025 11:36:26 - INFO - End of Episode.
|Episode 043/100| time: 2.22|
|Def Loss 3.5770 | Def Reward in ep 064|
|Att Loss 0.7985 | Att Reward in ep 036|
|Def Estimated: [40 60]| Att Labels: [56 44]|
|Def Amount of true predicted attacks: [30 34]|
04/23/2025 11:36:28 - INFO - End of Episode.
|Episode 044/100| time: 2.22|
|Def Loss 3.5166 | Def Reward in ep 070|
|Att Loss 0.8693 | Att Reward in ep 030|
|Def Estimated: [52 48]| Att Labels: [60 40]|
|Def Amount of true predicted attacks: [41 29]|
04/23/2025 11:36:31 - INFO - End of Episode.
|Episode 045/100| time: 2.24|
|Def Loss 3.7602 | Def Reward in ep 067|
|Att Loss 0.8387 | Att Reward in ep 033|
|Def Estimated: [48 52]| Att Labels: [61 39]|
|Def Amount of true predicted attacks: [38 29]|
04/23/2025 11:36:34 - INFO - End of Episode.
|Episode 046/100| time: 2.21|
|Def Loss 3.7701 | Def Reward in ep 069|
|Att Loss 0.8860 | Att Reward in ep 031|
|Def Estimated: [51 49]| Att Labels: [58 42]|
|Def Amount of true predicted attacks: [39 30]|
04/23/2025 11:36:36 - INFO - End of Episode.
|Episode 047/100| time: 2.19|
|Def Loss 3.6109 | Def Reward in ep 075|
|Att Loss 0.9628 | Att Reward in ep 025|
|Def Estimated: [57 43]| Att Labels: [52 48]|
|Def Amount of true predicted attacks: [42 33]|
04/23/2025 11:36:39 - INFO - End of Episode.
|Episode 048/100| time: 2.18|
|Def Loss 3.5537 | Def Reward in ep 079|
|Att Loss 1.0101 | Att Reward in ep 021|
|Def Estimated: [47 53]| Att Labels: [52 48]|
|Def Amount of true predicted attacks: [39 40]|
04/23/2025 11:36:41 - INFO - End of Episode.
|Episode 049/100| time: 2.18|
|Def Loss 3.5582 | Def Reward in ep 075|
|Att Loss 1.0022 | Att Reward in ep 025|
|Def Estimated: [53 47]| Att Labels: [52 48]|
|Def Amount of true predicted attacks: [40 35]|
04/23/2025 11:36:44 - INFO - End of Episode.
|Episode 050/100| time: 2.19|
|Def Loss 3.5281 | Def Reward in ep 075|
|Att Loss 0.9494 | Att Reward in ep 025|
|Def Estimated: [45 55]| Att Labels: [56 44]|
|Def Amount of true predicted attacks: [38 37]|
04/23/2025 11:36:47 - INFO - End of Episode.
|Episode 051/100| time: 2.18|
|Def Loss 3.5193 | Def Reward in ep 075|
|Att Loss 0.9527 | Att Reward in ep 025|
|Def Estimated: [45 55]| Att Labels: [44 56]|
|Def Amount of true predicted attacks: [32 43]|
04/23/2025 11:36:49 - INFO - End of Episode.
|Episode 052/100| time: 2.17|
|Def Loss 3.4511 | Def Reward in ep 075|
|Att Loss 1.1484 | Att Reward in ep 025|
|Def Estimated: [50 50]| Att Labels: [45 55]|
|Def Amount of true predicted attacks: [35 40]|
04/23/2025 11:36:52 - INFO - End of Episode.
|Episode 053/100| time: 2.26|
|Def Loss 3.2519 | Def Reward in ep 080|
|Att Loss 1.2998 | Att Reward in ep 020|
|Def Estimated: [58 42]| Att Labels: [56 44]|
|Def Amount of true predicted attacks: [47 33]|
04/23/2025 11:36:54 - INFO - End of Episode.
|Episode 054/100| time: 2.19|
|Def Loss 3.2155 | Def Reward in ep 068|
|Att Loss 1.3102 | Att Reward in ep 032|
|Def Estimated: [55 45]| Att Labels: [55 45]|
|Def Amount of true predicted attacks: [39 29]|
04/23/2025 11:36:57 - INFO - End of Episode.
|Episode 055/100| time: 2.21|
|Def Loss 3.2567 | Def Reward in ep 068|
|Att Loss 1.3894 | Att Reward in ep 032|
|Def Estimated: [52 48]| Att Labels: [54 46]|
|Def Amount of true predicted attacks: [37 31]|
04/23/2025 11:37:00 - INFO - End of Episode.
|Episode 056/100| time: 2.30|
|Def Loss 3.2306 | Def Reward in ep 074|
|Att Loss 1.4727 | Att Reward in ep 026|
|Def Estimated: [45 55]| Att Labels: [45 55]|
|Def Amount of true predicted attacks: [32 42]|
04/23/2025 11:37:02 - INFO - End of Episode.
|Episode 057/100| time: 2.29|
|Def Loss 3.2113 | Def Reward in ep 073|
|Att Loss 1.5092 | Att Reward in ep 027|
|Def Estimated: [55 45]| Att Labels: [60 40]|
|Def Amount of true predicted attacks: [44 29]|
04/23/2025 11:37:05 - INFO - End of Episode.
|Episode 058/100| time: 2.18|
|Def Loss 3.2177 | Def Reward in ep 069|
|Att Loss 1.5192 | Att Reward in ep 031|
|Def Estimated: [49 51]| Att Labels: [48 52]|
|Def Amount of true predicted attacks: [33 36]|
04/23/2025 11:37:08 - INFO - End of Episode.
|Episode 059/100| time: 2.22|
|Def Loss 3.1792 | Def Reward in ep 072|
|Att Loss 1.4619 | Att Reward in ep 028|
|Def Estimated: [54 46]| Att Labels: [54 46]|
|Def Amount of true predicted attacks: [40 32]|
04/23/2025 11:37:10 - INFO - End of Episode.
|Episode 060/100| time: 2.18|
|Def Loss 3.2538 | Def Reward in ep 079|
|Att Loss 1.4951 | Att Reward in ep 021|
|Def Estimated: [52 48]| Att Labels: [49 51]|
|Def Amount of true predicted attacks: [40 39]|
04/23/2025 11:37:13 - INFO - End of Episode.
|Episode 061/100| time: 2.19|
|Def Loss 3.3475 | Def Reward in ep 060|
|Att Loss 1.3985 | Att Reward in ep 040|
|Def Estimated: [43 57]| Att Labels: [47 53]|
|Def Amount of true predicted attacks: [25 35]|
04/23/2025 11:37:16 - INFO - End of Episode.
|Episode 062/100| time: 2.36|
|Def Loss 3.4826 | Def Reward in ep 073|
|Att Loss 1.4970 | Att Reward in ep 027|
|Def Estimated: [53 47]| Att Labels: [56 44]|
|Def Amount of true predicted attacks: [41 32]|
04/23/2025 11:37:18 - INFO - End of Episode.
|Episode 063/100| time: 2.21|
|Def Loss 3.4354 | Def Reward in ep 073|
|Att Loss 1.3463 | Att Reward in ep 027|
|Def Estimated: [58 42]| Att Labels: [51 49]|
|Def Amount of true predicted attacks: [41 32]|
04/23/2025 11:37:21 - INFO - End of Episode.
|Episode 064/100| time: 2.15|
|Def Loss 3.4021 | Def Reward in ep 078|
|Att Loss 1.3535 | Att Reward in ep 022|
|Def Estimated: [44 56]| Att Labels: [40 60]|
|Def Amount of true predicted attacks: [31 47]|
04/23/2025 11:37:24 - INFO - End of Episode.
|Episode 065/100| time: 2.11|
|Def Loss 3.3201 | Def Reward in ep 072|
|Att Loss 1.3212 | Att Reward in ep 028|
|Def Estimated: [47 53]| Att Labels: [49 51]|
|Def Amount of true predicted attacks: [34 38]|
04/23/2025 11:37:26 - INFO - End of Episode.
|Episode 066/100| time: 2.04|
|Def Loss 3.2564 | Def Reward in ep 077|
|Att Loss 1.4102 | Att Reward in ep 023|
|Def Estimated: [48 52]| Att Labels: [45 55]|
|Def Amount of true predicted attacks: [35 42]|
04/23/2025 11:37:29 - INFO - End of Episode.
|Episode 067/100| time: 2.07|
|Def Loss 3.1507 | Def Reward in ep 077|
|Att Loss 1.2894 | Att Reward in ep 023|
|Def Estimated: [48 52]| Att Labels: [53 47]|
|Def Amount of true predicted attacks: [39 38]|
04/23/2025 11:37:31 - INFO - End of Episode.
|Episode 068/100| time: 2.08|
|Def Loss 3.2418 | Def Reward in ep 072|
|Att Loss 1.3428 | Att Reward in ep 028|
|Def Estimated: [53 47]| Att Labels: [55 45]|
|Def Amount of true predicted attacks: [40 32]|
04/23/2025 11:37:34 - INFO - End of Episode.
|Episode 069/100| time: 2.09|
|Def Loss 3.2235 | Def Reward in ep 065|
|Att Loss 1.4213 | Att Reward in ep 035|
|Def Estimated: [50 50]| Att Labels: [51 49]|
|Def Amount of true predicted attacks: [33 32]|
04/23/2025 11:37:36 - INFO - End of Episode.
|Episode 070/100| time: 2.12|
|Def Loss 3.3586 | Def Reward in ep 077|
|Att Loss 1.3478 | Att Reward in ep 023|
|Def Estimated: [47 53]| Att Labels: [50 50]|
|Def Amount of true predicted attacks: [37 40]|
04/23/2025 11:37:39 - INFO - End of Episode.
|Episode 071/100| time: 2.15|
|Def Loss 3.2105 | Def Reward in ep 076|
|Att Loss 1.3078 | Att Reward in ep 024|
|Def Estimated: [41 59]| Att Labels: [41 59]|
|Def Amount of true predicted attacks: [29 47]|
04/23/2025 11:37:41 - INFO - End of Episode.
|Episode 072/100| time: 2.10|
|Def Loss 2.9961 | Def Reward in ep 072|
|Att Loss 1.1808 | Att Reward in ep 028|
|Def Estimated: [43 57]| Att Labels: [45 55]|
|Def Amount of true predicted attacks: [30 42]|
04/23/2025 11:37:44 - INFO - End of Episode.
|Episode 073/100| time: 2.19|
|Def Loss 3.0307 | Def Reward in ep 073|
|Att Loss 1.1754 | Att Reward in ep 027|
|Def Estimated: [49 51]| Att Labels: [46 54]|
|Def Amount of true predicted attacks: [34 39]|
04/23/2025 11:37:47 - INFO - End of Episode.
|Episode 074/100| time: 2.48|
|Def Loss 3.1645 | Def Reward in ep 070|
|Att Loss 1.1358 | Att Reward in ep 030|
|Def Estimated: [46 54]| Att Labels: [46 54]|
|Def Amount of true predicted attacks: [31 39]|
04/23/2025 11:37:50 - INFO - End of Episode.
|Episode 075/100| time: 2.31|
|Def Loss 3.1952 | Def Reward in ep 072|
|Att Loss 1.1865 | Att Reward in ep 028|
|Def Estimated: [45 55]| Att Labels: [53 47]|
|Def Amount of true predicted attacks: [35 37]|
04/23/2025 11:37:53 - INFO - End of Episode.
|Episode 076/100| time: 2.21|
|Def Loss 3.2339 | Def Reward in ep 071|
|Att Loss 1.1972 | Att Reward in ep 029|
|Def Estimated: [50 50]| Att Labels: [59 41]|
|Def Amount of true predicted attacks: [40 31]|
04/23/2025 11:37:55 - INFO - End of Episode.
|Episode 077/100| time: 2.18|
|Def Loss 3.2486 | Def Reward in ep 077|
|Att Loss 1.2110 | Att Reward in ep 023|
|Def Estimated: [54 46]| Att Labels: [55 45]|
|Def Amount of true predicted attacks: [43 34]|
04/23/2025 11:37:58 - INFO - End of Episode.
|Episode 078/100| time: 2.18|
|Def Loss 3.1711 | Def Reward in ep 079|
|Att Loss 1.1547 | Att Reward in ep 021|
|Def Estimated: [58 42]| Att Labels: [53 47]|
|Def Amount of true predicted attacks: [45 34]|
04/23/2025 11:38:01 - INFO - End of Episode.
|Episode 079/100| time: 2.18|
|Def Loss 3.2566 | Def Reward in ep 068|
|Att Loss 1.1576 | Att Reward in ep 032|
|Def Estimated: [60 40]| Att Labels: [58 42]|
|Def Amount of true predicted attacks: [43 25]|
04/23/2025 11:38:03 - INFO - End of Episode.
|Episode 080/100| time: 2.27|
|Def Loss 3.2618 | Def Reward in ep 077|
|Att Loss 1.2389 | Att Reward in ep 023|
|Def Estimated: [53 47]| Att Labels: [54 46]|
|Def Amount of true predicted attacks: [42 35]|
04/23/2025 11:38:06 - INFO - End of Episode.
|Episode 081/100| time: 2.14|
|Def Loss 3.2587 | Def Reward in ep 075|
|Att Loss 1.2324 | Att Reward in ep 025|
|Def Estimated: [54 46]| Att Labels: [55 45]|
|Def Amount of true predicted attacks: [42 33]|
04/23/2025 11:38:09 - INFO - End of Episode.
|Episode 082/100| time: 2.09|
|Def Loss 3.1915 | Def Reward in ep 071|
|Att Loss 1.3405 | Att Reward in ep 029|
|Def Estimated: [49 51]| Att Labels: [46 54]|
|Def Amount of true predicted attacks: [33 38]|
04/23/2025 11:38:11 - INFO - End of Episode.
|Episode 083/100| time: 2.11|
|Def Loss 3.2615 | Def Reward in ep 069|
|Att Loss 1.3530 | Att Reward in ep 031|
|Def Estimated: [55 45]| Att Labels: [50 50]|
|Def Amount of true predicted attacks: [37 32]|
04/23/2025 11:38:14 - INFO - End of Episode.
|Episode 084/100| time: 2.05|
|Def Loss 3.1154 | Def Reward in ep 071|
|Att Loss 1.3779 | Att Reward in ep 029|
|Def Estimated: [48 52]| Att Labels: [49 51]|
|Def Amount of true predicted attacks: [34 37]|
04/23/2025 11:38:17 - INFO - End of Episode.
|Episode 085/100| time: 2.10|
|Def Loss 3.1063 | Def Reward in ep 079|
|Att Loss 1.3472 | Att Reward in ep 021|
|Def Estimated: [59 41]| Att Labels: [50 50]|
|Def Amount of true predicted attacks: [44 35]|
04/23/2025 11:38:19 - INFO - End of Episode.
|Episode 086/100| time: 2.11|
|Def Loss 3.0729 | Def Reward in ep 078|
|Att Loss 1.4012 | Att Reward in ep 022|
|Def Estimated: [57 43]| Att Labels: [55 45]|
|Def Amount of true predicted attacks: [45 33]|
04/23/2025 11:38:22 - INFO - End of Episode.
|Episode 087/100| time: 2.10|
|Def Loss 3.1120 | Def Reward in ep 074|
|Att Loss 1.3547 | Att Reward in ep 026|
|Def Estimated: [49 51]| Att Labels: [49 51]|
|Def Amount of true predicted attacks: [36 38]|
04/23/2025 11:38:24 - INFO - End of Episode.
|Episode 088/100| time: 2.06|
|Def Loss 3.1777 | Def Reward in ep 062|
|Att Loss 1.2877 | Att Reward in ep 038|
|Def Estimated: [54 46]| Att Labels: [48 52]|
|Def Amount of true predicted attacks: [32 30]|
04/23/2025 11:38:27 - INFO - End of Episode.
|Episode 089/100| time: 2.09|
|Def Loss 3.1858 | Def Reward in ep 069|
|Att Loss 1.1509 | Att Reward in ep 031|
|Def Estimated: [47 53]| Att Labels: [54 46]|
|Def Amount of true predicted attacks: [35 34]|
04/23/2025 11:38:30 - INFO - End of Episode.
|Episode 090/100| time: 2.08|
|Def Loss 3.0129 | Def Reward in ep 082|
|Att Loss 1.1350 | Att Reward in ep 018|
|Def Estimated: [48 52]| Att Labels: [46 54]|
|Def Amount of true predicted attacks: [38 44]|
04/23/2025 11:38:32 - INFO - End of Episode.
|Episode 091/100| time: 2.01|
|Def Loss 2.9938 | Def Reward in ep 074|
|Att Loss 1.0885 | Att Reward in ep 026|
|Def Estimated: [43 57]| Att Labels: [45 55]|
|Def Amount of true predicted attacks: [31 43]|
04/23/2025 11:38:35 - INFO - End of Episode.
|Episode 092/100| time: 2.12|
|Def Loss 2.9717 | Def Reward in ep 070|
|Att Loss 0.9439 | Att Reward in ep 030|
|Def Estimated: [36 64]| Att Labels: [48 52]|
|Def Amount of true predicted attacks: [27 43]|
04/23/2025 11:38:38 - INFO - End of Episode.
|Episode 093/100| time: 2.06|
|Def Loss 3.0836 | Def Reward in ep 076|
|Att Loss 1.0186 | Att Reward in ep 024|
|Def Estimated: [39 61]| Att Labels: [43 57]|
|Def Amount of true predicted attacks: [29 47]|
04/23/2025 11:38:40 - INFO - End of Episode.
|Episode 094/100| time: 2.01|
|Def Loss 3.0410 | Def Reward in ep 072|
|Att Loss 1.0020 | Att Reward in ep 028|
|Def Estimated: [47 53]| Att Labels: [49 51]|
|Def Amount of true predicted attacks: [34 38]|
04/23/2025 11:38:43 - INFO - End of Episode.
|Episode 095/100| time: 2.03|
|Def Loss 2.8851 | Def Reward in ep 077|
|Att Loss 1.0450 | Att Reward in ep 023|
|Def Estimated: [40 60]| Att Labels: [43 57]|
|Def Amount of true predicted attacks: [30 47]|
04/23/2025 11:38:45 - INFO - End of Episode.
|Episode 096/100| time: 2.09|
|Def Loss 2.8752 | Def Reward in ep 076|
|Att Loss 1.0385 | Att Reward in ep 024|
|Def Estimated: [38 62]| Att Labels: [48 52]|
|Def Amount of true predicted attacks: [31 45]|
04/23/2025 11:38:48 - INFO - End of Episode.
|Episode 097/100| time: 2.13|
|Def Loss 2.9761 | Def Reward in ep 074|
|Att Loss 0.9672 | Att Reward in ep 026|
|Def Estimated: [45 55]| Att Labels: [59 41]|
|Def Amount of true predicted attacks: [39 35]|
04/23/2025 11:38:51 - INFO - End of Episode.
|Episode 098/100| time: 2.06|
|Def Loss 2.9819 | Def Reward in ep 074|
|Att Loss 1.0261 | Att Reward in ep 026|
|Def Estimated: [47 53]| Att Labels: [55 45]|
|Def Amount of true predicted attacks: [38 36]|
04/23/2025 11:38:53 - INFO - End of Episode.
|Episode 099/100| time: 2.06|
|Def Loss 2.9401 | Def Reward in ep 070|
|Att Loss 0.9049 | Att Reward in ep 030|
|Def Estimated: [59 41]| Att Labels: [63 37]|
|Def Amount of true predicted attacks: [46 24]|
04/23/2025 11:38:54 - INFO - Model 'attacker_model_cic_2017' saved in: /workspace/models/trained-models/2025-04-23-11-34-Linux-CIC-2018-17-Infiltration-3rd-Run/attacker_model_cic.keras
04/23/2025 11:38:54 - INFO - Model summary:
Model: "attacker_model_cic_2017"
_________________________________________________________________
 Layer (type)                Output Shape              Param #   
=================================================================
 dense (Dense)               (None, 100)               6800      
                                                                 
 dense_1 (Dense)             (None, 100)               10100     
                                                                 
 dense_2 (Dense)             (None, 100)               10100     
                                                                 
 dense_3 (Dense)             (None, 100)               10100     
                                                                 
 dense_4 (Dense)             (None, 100)               10100     
                                                                 
 dense_5 (Dense)             (None, 2)                 202       
                                                                 
=================================================================
Total params: 47402 (185.16 KB)
Trainable params: 47402 (185.16 KB)
Non-trainable params: 0 (0.00 Byte)
_________________________________________________________________

04/23/2025 11:38:54 - INFO - Model 'defender_model' saved in: /workspace/models/trained-models/2025-04-23-11-34-Linux-CIC-2018-17-Infiltration-3rd-Run/defender_model.keras
04/23/2025 11:38:54 - INFO - Model summary:
Model: "defender_model"
_________________________________________________________________
 Layer (type)                Output Shape              Param #   
=================================================================
 dense_12 (Dense)            (None, 100)               6800      
                                                                 
 dense_13 (Dense)            (None, 100)               10100     
                                                                 
 dense_14 (Dense)            (None, 100)               10100     
                                                                 
 dense_15 (Dense)            (None, 2)                 202       
                                                                 
=================================================================
Total params: 27202 (106.26 KB)
Trainable params: 27202 (106.26 KB)
Non-trainable params: 0 (0.00 Byte)
_________________________________________________________________

04/23/2025 11:38:54 - INFO - Saved trained models.
04/23/2025 11:38:54 - INFO - Total runtime: 00:04:41
04/23/2025 11:38:54 - INFO - End of the script at: 2025-04-23 11:38:54.577679
04/23/2025 11:38:57 - INFO - Debug information saved to /workspace/models/trained-models/2025-04-23-11-34-Linux-CIC-2018-17-Infiltration-3rd-Run/logs/debug_info.json
04/23/2025 11:38:57 - INFO - Trying to save summary plots under: /workspace/models/trained-models/2025-04-23-11-34-Linux-CIC-2018-17-Infiltration-3rd-Run/plots/
04/23/2025 11:38:58 - INFO - Plotted attack distributions during training in: /workspace/models/trained-models/2025-04-23-11-34-Linux-CIC-2018-17-Infiltration-3rd-Run/plots/
04/23/2025 11:39:03 - INFO - Normalized confusion matrix
04/23/2025 11:39:03 - INFO - 
Confusion Matrix:
[[0.75153529 0.24846471]
 [0.40640708 0.59359292]]
04/23/2025 11:39:04 - INFO - Plotted confusion matrix in: /workspace/models/trained-models/2025-04-23-11-34-Linux-CIC-2018-17-Infiltration-3rd-Run/plots/intraset/
04/23/2025 11:39:04 - INFO - Model summary:
Model: "defender_model"
_________________________________________________________________
 Layer (type)                Output Shape              Param #   
=================================================================
 dense_12 (Dense)            (None, 100)               6800      
                                                                 
 dense_13 (Dense)            (None, 100)               10100     
                                                                 
 dense_14 (Dense)            (None, 100)               10100     
                                                                 
 dense_15 (Dense)            (None, 2)                 202       
                                                                 
=================================================================
Total params: 27202 (106.26 KB)
Trainable params: 27202 (106.26 KB)
Non-trainable params: 0 (0.00 Byte)
_________________________________________________________________

loaded from: /workspace/models/trained-models/2025-04-23-11-34-Linux-CIC-2018-17-Infiltration-3rd-Run/defender_model.keras
04/23/2025 11:39:04 - INFO - One vs All metric calculation: 
True positive: 64241 | False positive: 42239 | 
True negative: 127761 | False negative: 43983
Accuracy: 0.6901 | Recall: 0.5936 | Specificity: 0.7515 | Precision: 0.6033 | F1-Score: 0.5984 | False Positive Rate: 0.2485
04/23/2025 11:39:04 - INFO - Overall overview
Total reward: 192002 | Number of samples: 278224 | Accuracy = 69.01%
Overall overview per attack type
              Estimated Correct   Total Mismatch   F1_score
Benign           171744  127761  170000     1744  74.770003
Infiltration     106480   64241  108224     1744  59.841456
Weigthed Avg.                                     68.963074
04/23/2025 11:39:04 - INFO - 
       Class  Support  Accuracy  Precision  Recall  F1-Score
      Benign   170000    0.7515     0.7439  0.7515    0.7477
Infiltration   108224    0.5936     0.6033  0.5936    0.5984
04/23/2025 11:39:04 - INFO - Overall weighted F1-score: 0.6896
04/23/2025 11:39:12 - INFO - 
One vs All metrics: 
           name  accuracy        f1  precision    recall
0        Benign  0.690099  0.747700   0.743904  0.751535
1  Infiltration  0.690099  0.598415   0.603315  0.593593
04/23/2025 11:39:12 - INFO - Classification report:
              precision    recall  f1-score   support

      Benign       0.74      0.75      0.75    170000
Infiltration       0.60      0.59      0.60    108224

    accuracy                           0.69    278224
   macro avg       0.67      0.67      0.67    278224
weighted avg       0.69      0.69      0.69    278224

04/23/2025 11:39:16 - INFO - Model metrics: 
loss=0.16101935505867004, mse=14.790376663208008, mae=0.4340851306915283
04/23/2025 11:39:16 - INFO - Optimizer config: {'name': 'Adam', 'weight_decay': None, 'clipnorm': None, 'global_clipnorm': None, 'clipvalue': None, 'use_ema': False, 'ema_momentum': 0.99, 'ema_overwrite_frequency': None, 'jit_compile': False, 'is_legacy_optimizer': False, 'learning_rate': 0.001, 'beta_1': 0.9, 'beta_2': 0.999, 'epsilon': 1e-07, 'amsgrad': False}
04/23/2025 11:39:16 - INFO - Time needed for testing: 18.057056665420532
04/23/2025 11:39:17 - INFO - Metrics exported to: /workspace/models/trained-models/2025-04-23-11-34-Linux-CIC-2018-17-Infiltration-3rd-Run/logs/evaluation_metrics_defender_model.json
04/23/2025 11:39:19 - INFO - [Intra-Set] Accuracy: 0.6401, Recall: 0.0000, Precision: 0.0000, F1: 0.0000
04/23/2025 11:39:19 - INFO - Normalized confusion matrix
04/23/2025 11:39:19 - INFO - 
Confusion Matrix:
[[0.64024286 0.35975714]
 [1.         0.        ]]
04/23/2025 11:39:19 - INFO - Plotted confusion matrix in: /workspace/models/trained-models/2025-04-23-11-34-Linux-CIC-2018-17-Infiltration-3rd-Run/plots/interset/
04/23/2025 11:39:19 - INFO - [Intra-Set] Confusion matrix saved to /workspace/models/trained-models/2025-04-23-11-34-Linux-CIC-2018-17-Infiltration-3rd-Run/plots/
04/23/2025 11:39:22 - INFO - [Cross-Set] Model metrics: loss=0.4102116525173187, mse=1.0573962926864624, mae=0.7767916321754456
04/23/2025 11:39:22 - INFO - [Intra-Set] Evaluation completed. Metrics exported to: /workspace/models/trained-models/2025-04-23-11-34-Linux-CIC-2018-17-Infiltration-3rd-Run/logs/evaluation_metrics_cross_defender_model.json
04/23/2025 11:39:22 - INFO - [Intra-Set] Time needed: 4.95 seconds
04/23/2025 11:39:22 - INFO - Finished script at: 2025-04-23-11-39
Total runtime: 0:05:09.413692
