04/23/2025 06:33:12 - INFO - Started script at: 2025-04-23-06-33
Current working dir: /workspace
Used data files: 
/workspace/data/datasets/cic_ids/cic-ids-2017/clean/all_benign.feather,
/workspace/data/datasets/cic_ids/cic-ids-2017/clean/all_malicious.feather
04/23/2025 06:33:12 - INFO - Setting up Attacker and Defender Agents...
04/23/2025 06:33:14 - INFO - One-vs-All Split ready (target: Brute Force):
04/23/2025 06:33:14 - INFO - Train: (50305, 67), Validation: (62653, 67), Test: (146192, 67)
04/23/2025 06:33:14 - INFO - [Init from split] Loaded 50305 train, 146192 test samples.
04/23/2025 06:33:41 - INFO - One-vs-All Split ready (target: Brute Force):
04/23/2025 06:33:41 - INFO - Train: (50638, 67), Validation: (89016, 67), Test: (504428, 67)
04/23/2025 06:33:41 - INFO - Initializing Attacker:CIC-2017-Brute Force's ReplayMemory with observation_size=67 and max_size=1000
04/23/2025 06:33:42 - WARNING - Skipping variable loading for optimizer 'Adam', because it has 25 variables whereas the saved optimizer has 1 variables. 
04/23/2025 06:33:42 - INFO - Initializing Defender's ReplayMemory with observation_size=67 and max_size=1000
04/23/2025 06:33:42 - WARNING - Skipping variable loading for optimizer 'Adam', because it has 17 variables whereas the saved optimizer has 1 variables. 
04/23/2025 06:33:42 - INFO - Creating environment...
04/23/2025 06:33:42 - INFO - Start Training with the following parameters:
-----------------------------------------------------------------------------------------------------------------------
Total episodes: 100 | Iterations in episode: 100 | Minibatch from mem size: 100 | Total Samples: 10000 | Data shape: (50305, 67)
-----------------------------------------------------------------------------------------------------------------------
Attacker<Attack-Type>: Num_actions=3 | gamma=0.001 | epsilon=1 | ANN hidden size=100 | ANN hidden layers=5 | Learning rate=0.001
-----------------------------------------------------------------------------------------------------------------------
Defender: Num_actions=2 | gamma=0.001 | epsilon=1 | ANN hidden size=100 | ANN hidden layers=3 | Learning rate=0.001
-----------------------------------------------------------------------------------------------------------------------
Used Attack types: '['Benign', 'Brute Force']' | Attack name(s): ['Benign', 'FTP Patator', 'SSH Patator']
-----------------------------------------------------------------------------------------------------------------------

04/23/2025 06:33:42 - INFO - End of Episode.
|Episode 000/100| time: 0.43|
|Def Loss 0.0000 | Def Reward in ep 047|
|Att Loss 0.0000 | Att Reward in ep 053|
|Def Estimated: [52 48]| Att Labels: [31 69]|
|Def Amount of true predicted attacks: [15 32]|
04/23/2025 06:33:46 - WARNING - 5 out of the last 5 calls to <function QNetwork.predict at 0x7c05f7d43380> triggered tf.function retracing. Tracing is expensive and the excessive number of tracings could be due to (1) creating @tf.function repeatedly in a loop, (2) passing tensors with different shapes, (3) passing Python objects instead of tensors. For (1), please define your @tf.function outside of the loop. For (2), @tf.function has reduce_retracing=True option that can avoid unnecessary retracing. For (3), please refer to https://www.tensorflow.org/guide/function#controlling_retracing and https://www.tensorflow.org/api_docs/python/tf/function for  more details.
04/23/2025 06:33:48 - INFO - End of Episode.
|Episode 001/100| time: 3.97|
|Def Loss 2.1212 | Def Reward in ep 054|
|Att Loss 4.1106 | Att Reward in ep 046|
|Def Estimated: [42 58]| Att Labels: [36 64]|
|Def Amount of true predicted attacks: [16 38]|
04/23/2025 06:33:50 - INFO - End of Episode.
|Episode 002/100| time: 1.99|
|Def Loss 0.7837 | Def Reward in ep 072|
|Att Loss 3.8875 | Att Reward in ep 028|
|Def Estimated: [45 55]| Att Labels: [41 59]|
|Def Amount of true predicted attacks: [29 43]|
04/23/2025 06:33:52 - INFO - End of Episode.
|Episode 003/100| time: 2.01|
|Def Loss 0.5908 | Def Reward in ep 086|
|Att Loss 3.6553 | Att Reward in ep 014|
|Def Estimated: [48 52]| Att Labels: [46 54]|
|Def Amount of true predicted attacks: [40 46]|
04/23/2025 06:33:54 - INFO - End of Episode.
|Episode 004/100| time: 2.04|
|Def Loss 0.4723 | Def Reward in ep 096|
|Att Loss 3.3356 | Att Reward in ep 004|
|Def Estimated: [47 53]| Att Labels: [45 55]|
|Def Amount of true predicted attacks: [44 52]|
04/23/2025 06:33:56 - INFO - End of Episode.
|Episode 005/100| time: 2.01|
|Def Loss 0.3524 | Def Reward in ep 098|
|Att Loss 2.9757 | Att Reward in ep 002|
|Def Estimated: [43 57]| Att Labels: [41 59]|
|Def Amount of true predicted attacks: [41 57]|
04/23/2025 06:33:58 - INFO - End of Episode.
|Episode 006/100| time: 2.00|
|Def Loss 0.3719 | Def Reward in ep 099|
|Att Loss 2.6475 | Att Reward in ep 001|
|Def Estimated: [38 62]| Att Labels: [37 63]|
|Def Amount of true predicted attacks: [37 62]|
04/23/2025 06:34:01 - INFO - End of Episode.
|Episode 007/100| time: 2.01|
|Def Loss 0.3177 | Def Reward in ep 096|
|Att Loss 2.3677 | Att Reward in ep 004|
|Def Estimated: [36 64]| Att Labels: [36 64]|
|Def Amount of true predicted attacks: [34 62]|
04/23/2025 06:34:03 - INFO - End of Episode.
|Episode 008/100| time: 2.05|
|Def Loss 0.2977 | Def Reward in ep 096|
|Att Loss 2.1280 | Att Reward in ep 004|
|Def Estimated: [47 53]| Att Labels: [45 55]|
|Def Amount of true predicted attacks: [44 52]|
04/23/2025 06:34:05 - INFO - End of Episode.
|Episode 009/100| time: 2.04|
|Def Loss 0.3352 | Def Reward in ep 096|
|Att Loss 2.0629 | Att Reward in ep 004|
|Def Estimated: [39 61]| Att Labels: [39 61]|
|Def Amount of true predicted attacks: [37 59]|
04/23/2025 06:34:07 - INFO - End of Episode.
|Episode 010/100| time: 2.00|
|Def Loss 0.3718 | Def Reward in ep 097|
|Att Loss 1.7574 | Att Reward in ep 003|
|Def Estimated: [31 69]| Att Labels: [30 70]|
|Def Amount of true predicted attacks: [29 68]|
04/23/2025 06:34:10 - INFO - End of Episode.
|Episode 011/100| time: 2.19|
|Def Loss 0.3611 | Def Reward in ep 098|
|Att Loss 1.1313 | Att Reward in ep 002|
|Def Estimated: [42 58]| Att Labels: [40 60]|
|Def Amount of true predicted attacks: [40 58]|
04/23/2025 06:34:12 - INFO - End of Episode.
|Episode 012/100| time: 2.03|
|Def Loss 0.2373 | Def Reward in ep 098|
|Att Loss 0.5705 | Att Reward in ep 002|
|Def Estimated: [27 73]| Att Labels: [27 73]|
|Def Amount of true predicted attacks: [26 72]|
04/23/2025 06:34:14 - INFO - End of Episode.
|Episode 013/100| time: 2.02|
|Def Loss 0.2275 | Def Reward in ep 097|
|Att Loss 0.3007 | Att Reward in ep 003|
|Def Estimated: [36 64]| Att Labels: [33 67]|
|Def Amount of true predicted attacks: [33 64]|
04/23/2025 06:34:17 - INFO - End of Episode.
|Episode 014/100| time: 2.03|
|Def Loss 0.2682 | Def Reward in ep 099|
|Att Loss 0.2047 | Att Reward in ep 001|
|Def Estimated: [38 62]| Att Labels: [37 63]|
|Def Amount of true predicted attacks: [37 62]|
04/23/2025 06:34:19 - INFO - End of Episode.
|Episode 015/100| time: 2.03|
|Def Loss 0.2338 | Def Reward in ep 099|
|Att Loss 0.1735 | Att Reward in ep 001|
|Def Estimated: [45 55]| Att Labels: [44 56]|
|Def Amount of true predicted attacks: [44 55]|
04/23/2025 06:34:21 - INFO - End of Episode.
|Episode 016/100| time: 2.02|
|Def Loss 0.2217 | Def Reward in ep 097|
|Att Loss 0.1756 | Att Reward in ep 003|
|Def Estimated: [38 62]| Att Labels: [35 65]|
|Def Amount of true predicted attacks: [35 62]|
04/23/2025 06:34:23 - INFO - End of Episode.
|Episode 017/100| time: 2.02|
|Def Loss 0.2694 | Def Reward in ep 098|
|Att Loss 0.1397 | Att Reward in ep 002|
|Def Estimated: [35 65]| Att Labels: [33 67]|
|Def Amount of true predicted attacks: [33 65]|
04/23/2025 06:34:26 - INFO - End of Episode.
|Episode 018/100| time: 2.02|
|Def Loss 0.2265 | Def Reward in ep 097|
|Att Loss 0.1316 | Att Reward in ep 003|
|Def Estimated: [33 67]| Att Labels: [30 70]|
|Def Amount of true predicted attacks: [30 67]|
04/23/2025 06:34:28 - INFO - End of Episode.
|Episode 019/100| time: 2.11|
|Def Loss 0.2161 | Def Reward in ep 098|
|Att Loss 0.0967 | Att Reward in ep 002|
|Def Estimated: [47 53]| Att Labels: [45 55]|
|Def Amount of true predicted attacks: [45 53]|
04/23/2025 06:34:30 - INFO - End of Episode.
|Episode 020/100| time: 2.09|
|Def Loss 0.2478 | Def Reward in ep 098|
|Att Loss 0.1065 | Att Reward in ep 002|
|Def Estimated: [42 58]| Att Labels: [40 60]|
|Def Amount of true predicted attacks: [40 58]|
04/23/2025 06:34:33 - INFO - End of Episode.
|Episode 021/100| time: 2.14|
|Def Loss 0.2378 | Def Reward in ep 099|
|Att Loss 0.0636 | Att Reward in ep 001|
|Def Estimated: [44 56]| Att Labels: [43 57]|
|Def Amount of true predicted attacks: [43 56]|
04/23/2025 06:34:35 - INFO - End of Episode.
|Episode 022/100| time: 2.13|
|Def Loss 0.2719 | Def Reward in ep 097|
|Att Loss 0.0365 | Att Reward in ep 003|
|Def Estimated: [39 61]| Att Labels: [36 64]|
|Def Amount of true predicted attacks: [36 61]|
04/23/2025 06:34:37 - INFO - End of Episode.
|Episode 023/100| time: 2.11|
|Def Loss 0.2543 | Def Reward in ep 096|
|Att Loss 0.0249 | Att Reward in ep 004|
|Def Estimated: [34 66]| Att Labels: [30 70]|
|Def Amount of true predicted attacks: [30 66]|
04/23/2025 06:34:40 - INFO - End of Episode.
|Episode 024/100| time: 2.23|
|Def Loss 0.2442 | Def Reward in ep 098|
|Att Loss 0.0382 | Att Reward in ep 002|
|Def Estimated: [30 70]| Att Labels: [30 70]|
|Def Amount of true predicted attacks: [29 69]|
04/23/2025 06:34:42 - INFO - End of Episode.
|Episode 025/100| time: 2.02|
|Def Loss 0.2457 | Def Reward in ep 099|
|Att Loss 0.0383 | Att Reward in ep 001|
|Def Estimated: [35 65]| Att Labels: [34 66]|
|Def Amount of true predicted attacks: [34 65]|
04/23/2025 06:34:45 - INFO - End of Episode.
|Episode 026/100| time: 2.05|
|Def Loss 0.2344 | Def Reward in ep 100|
|Att Loss 0.0377 | Att Reward in ep 000|
|Def Estimated: [38 62]| Att Labels: [38 62]|
|Def Amount of true predicted attacks: [38 62]|
04/23/2025 06:34:47 - INFO - End of Episode.
|Episode 027/100| time: 2.07|
|Def Loss 0.2161 | Def Reward in ep 098|
|Att Loss 0.0772 | Att Reward in ep 002|
|Def Estimated: [39 61]| Att Labels: [39 61]|
|Def Amount of true predicted attacks: [38 60]|
04/23/2025 06:34:49 - INFO - End of Episode.
|Episode 028/100| time: 2.04|
|Def Loss 0.2193 | Def Reward in ep 100|
|Att Loss 0.0997 | Att Reward in ep 000|
|Def Estimated: [36 64]| Att Labels: [36 64]|
|Def Amount of true predicted attacks: [36 64]|
04/23/2025 06:34:52 - INFO - End of Episode.
|Episode 029/100| time: 2.01|
|Def Loss 0.2123 | Def Reward in ep 099|
|Att Loss 0.1433 | Att Reward in ep 001|
|Def Estimated: [32 68]| Att Labels: [33 67]|
|Def Amount of true predicted attacks: [32 67]|
04/23/2025 06:34:54 - INFO - End of Episode.
|Episode 030/100| time: 2.06|
|Def Loss 0.1615 | Def Reward in ep 098|
|Att Loss 0.1446 | Att Reward in ep 002|
|Def Estimated: [40 60]| Att Labels: [40 60]|
|Def Amount of true predicted attacks: [39 59]|
04/23/2025 06:34:56 - INFO - End of Episode.
|Episode 031/100| time: 2.08|
|Def Loss 0.1632 | Def Reward in ep 099|
|Att Loss 0.1442 | Att Reward in ep 001|
|Def Estimated: [38 62]| Att Labels: [37 63]|
|Def Amount of true predicted attacks: [37 62]|
04/23/2025 06:34:59 - INFO - End of Episode.
|Episode 032/100| time: 2.04|
|Def Loss 0.1390 | Def Reward in ep 100|
|Att Loss 0.1277 | Att Reward in ep 000|
|Def Estimated: [38 62]| Att Labels: [38 62]|
|Def Amount of true predicted attacks: [38 62]|
04/23/2025 06:35:01 - INFO - End of Episode.
|Episode 033/100| time: 2.05|
|Def Loss 0.1303 | Def Reward in ep 100|
|Att Loss 0.1311 | Att Reward in ep 000|
|Def Estimated: [42 58]| Att Labels: [42 58]|
|Def Amount of true predicted attacks: [42 58]|
04/23/2025 06:35:03 - INFO - End of Episode.
|Episode 034/100| time: 2.04|
|Def Loss 0.1328 | Def Reward in ep 098|
|Att Loss 0.1189 | Att Reward in ep 002|
|Def Estimated: [40 60]| Att Labels: [40 60]|
|Def Amount of true predicted attacks: [39 59]|
04/23/2025 06:35:06 - INFO - End of Episode.
|Episode 035/100| time: 2.06|
|Def Loss 0.1299 | Def Reward in ep 096|
|Att Loss 0.1335 | Att Reward in ep 004|
|Def Estimated: [38 62]| Att Labels: [40 60]|
|Def Amount of true predicted attacks: [37 59]|
04/23/2025 06:35:08 - INFO - End of Episode.
|Episode 036/100| time: 2.04|
|Def Loss 0.1661 | Def Reward in ep 098|
|Att Loss 0.1386 | Att Reward in ep 002|
|Def Estimated: [38 62]| Att Labels: [36 64]|
|Def Amount of true predicted attacks: [36 62]|
04/23/2025 06:35:10 - INFO - End of Episode.
|Episode 037/100| time: 2.04|
|Def Loss 0.2028 | Def Reward in ep 097|
|Att Loss 0.1957 | Att Reward in ep 003|
|Def Estimated: [37 63]| Att Labels: [36 64]|
|Def Amount of true predicted attacks: [35 62]|
04/23/2025 06:35:13 - INFO - End of Episode.
|Episode 038/100| time: 2.03|
|Def Loss 0.2092 | Def Reward in ep 099|
|Att Loss 0.1798 | Att Reward in ep 001|
|Def Estimated: [37 63]| Att Labels: [36 64]|
|Def Amount of true predicted attacks: [36 63]|
04/23/2025 06:35:15 - INFO - End of Episode.
|Episode 039/100| time: 2.06|
|Def Loss 0.2060 | Def Reward in ep 096|
|Att Loss 0.2206 | Att Reward in ep 004|
|Def Estimated: [39 61]| Att Labels: [41 59]|
|Def Amount of true predicted attacks: [38 58]|
04/23/2025 06:35:17 - INFO - End of Episode.
|Episode 040/100| time: 1.99|
|Def Loss 0.2228 | Def Reward in ep 100|
|Att Loss 0.2366 | Att Reward in ep 000|
|Def Estimated: [30 70]| Att Labels: [30 70]|
|Def Amount of true predicted attacks: [30 70]|
04/23/2025 06:35:20 - INFO - End of Episode.
|Episode 041/100| time: 2.00|
|Def Loss 0.1922 | Def Reward in ep 100|
|Att Loss 0.2110 | Att Reward in ep 000|
|Def Estimated: [34 66]| Att Labels: [34 66]|
|Def Amount of true predicted attacks: [34 66]|
04/23/2025 06:35:22 - INFO - End of Episode.
|Episode 042/100| time: 2.08|
|Def Loss 0.2181 | Def Reward in ep 097|
|Att Loss 0.2072 | Att Reward in ep 003|
|Def Estimated: [38 62]| Att Labels: [37 63]|
|Def Amount of true predicted attacks: [36 61]|
04/23/2025 06:35:24 - INFO - End of Episode.
|Episode 043/100| time: 2.00|
|Def Loss 0.2238 | Def Reward in ep 098|
|Att Loss 0.2720 | Att Reward in ep 002|
|Def Estimated: [31 69]| Att Labels: [33 67]|
|Def Amount of true predicted attacks: [31 67]|
04/23/2025 06:35:27 - INFO - End of Episode.
|Episode 044/100| time: 2.06|
|Def Loss 0.2655 | Def Reward in ep 094|
|Att Loss 0.2869 | Att Reward in ep 006|
|Def Estimated: [41 59]| Att Labels: [45 55]|
|Def Amount of true predicted attacks: [40 54]|
04/23/2025 06:35:29 - INFO - End of Episode.
|Episode 045/100| time: 2.02|
|Def Loss 0.2703 | Def Reward in ep 099|
|Att Loss 0.2919 | Att Reward in ep 001|
|Def Estimated: [41 59]| Att Labels: [40 60]|
|Def Amount of true predicted attacks: [40 59]|
04/23/2025 06:35:32 - INFO - End of Episode.
|Episode 046/100| time: 2.07|
|Def Loss 0.2326 | Def Reward in ep 100|
|Att Loss 0.2631 | Att Reward in ep 000|
|Def Estimated: [41 59]| Att Labels: [41 59]|
|Def Amount of true predicted attacks: [41 59]|
04/23/2025 06:35:34 - INFO - End of Episode.
|Episode 047/100| time: 2.00|
|Def Loss 0.2047 | Def Reward in ep 099|
|Att Loss 0.2389 | Att Reward in ep 001|
|Def Estimated: [36 64]| Att Labels: [35 65]|
|Def Amount of true predicted attacks: [35 64]|
04/23/2025 06:35:37 - INFO - End of Episode.
|Episode 048/100| time: 2.07|
|Def Loss 0.2550 | Def Reward in ep 097|
|Att Loss 0.2237 | Att Reward in ep 003|
|Def Estimated: [38 62]| Att Labels: [37 63]|
|Def Amount of true predicted attacks: [36 61]|
04/23/2025 06:35:39 - INFO - End of Episode.
|Episode 049/100| time: 2.01|
|Def Loss 0.2279 | Def Reward in ep 096|
|Att Loss 0.2528 | Att Reward in ep 004|
|Def Estimated: [37 63]| Att Labels: [35 65]|
|Def Amount of true predicted attacks: [34 62]|
04/23/2025 06:35:41 - INFO - End of Episode.
|Episode 050/100| time: 2.01|
|Def Loss 0.2243 | Def Reward in ep 100|
|Att Loss 0.2121 | Att Reward in ep 000|
|Def Estimated: [33 67]| Att Labels: [33 67]|
|Def Amount of true predicted attacks: [33 67]|
04/23/2025 06:35:44 - INFO - End of Episode.
|Episode 051/100| time: 2.01|
|Def Loss 0.2413 | Def Reward in ep 099|
|Att Loss 0.2426 | Att Reward in ep 001|
|Def Estimated: [31 69]| Att Labels: [32 68]|
|Def Amount of true predicted attacks: [31 68]|
04/23/2025 06:35:46 - INFO - End of Episode.
|Episode 052/100| time: 2.00|
|Def Loss 0.2451 | Def Reward in ep 098|
|Att Loss 0.1969 | Att Reward in ep 002|
|Def Estimated: [30 70]| Att Labels: [28 72]|
|Def Amount of true predicted attacks: [28 70]|
04/23/2025 06:35:48 - INFO - End of Episode.
|Episode 053/100| time: 2.05|
|Def Loss 0.2731 | Def Reward in ep 096|
|Att Loss 0.2089 | Att Reward in ep 004|
|Def Estimated: [45 55]| Att Labels: [43 57]|
|Def Amount of true predicted attacks: [42 54]|
04/23/2025 06:35:51 - INFO - End of Episode.
|Episode 054/100| time: 2.02|
|Def Loss 0.2516 | Def Reward in ep 097|
|Att Loss 0.2063 | Att Reward in ep 003|
|Def Estimated: [35 65]| Att Labels: [32 68]|
|Def Amount of true predicted attacks: [32 65]|
04/23/2025 06:35:53 - INFO - End of Episode.
|Episode 055/100| time: 1.99|
|Def Loss 0.2145 | Def Reward in ep 100|
|Att Loss 0.1478 | Att Reward in ep 000|
|Def Estimated: [31 69]| Att Labels: [31 69]|
|Def Amount of true predicted attacks: [31 69]|
04/23/2025 06:35:56 - INFO - End of Episode.
|Episode 056/100| time: 1.99|
|Def Loss 0.2602 | Def Reward in ep 093|
|Att Loss 0.1934 | Att Reward in ep 007|
|Def Estimated: [21 79]| Att Labels: [24 76]|
|Def Amount of true predicted attacks: [19 74]|
04/23/2025 06:35:58 - INFO - End of Episode.
|Episode 057/100| time: 2.03|
|Def Loss 0.2462 | Def Reward in ep 096|
|Att Loss 0.2344 | Att Reward in ep 004|
|Def Estimated: [37 63]| Att Labels: [39 61]|
|Def Amount of true predicted attacks: [36 60]|
04/23/2025 06:36:00 - INFO - End of Episode.
|Episode 058/100| time: 2.00|
|Def Loss 0.2278 | Def Reward in ep 100|
|Att Loss 0.2440 | Att Reward in ep 000|
|Def Estimated: [26 74]| Att Labels: [26 74]|
|Def Amount of true predicted attacks: [26 74]|
04/23/2025 06:36:03 - INFO - End of Episode.
|Episode 059/100| time: 2.03|
|Def Loss 0.2349 | Def Reward in ep 095|
|Att Loss 0.2888 | Att Reward in ep 005|
|Def Estimated: [41 59]| Att Labels: [38 62]|
|Def Amount of true predicted attacks: [37 58]|
04/23/2025 06:36:05 - INFO - End of Episode.
|Episode 060/100| time: 2.05|
|Def Loss 0.2274 | Def Reward in ep 095|
|Att Loss 0.2811 | Att Reward in ep 005|
|Def Estimated: [38 62]| Att Labels: [37 63]|
|Def Amount of true predicted attacks: [35 60]|
04/23/2025 06:36:08 - INFO - End of Episode.
|Episode 061/100| time: 2.01|
|Def Loss 0.2413 | Def Reward in ep 099|
|Att Loss 0.3101 | Att Reward in ep 001|
|Def Estimated: [28 72]| Att Labels: [29 71]|
|Def Amount of true predicted attacks: [28 71]|
04/23/2025 06:36:10 - INFO - End of Episode.
|Episode 062/100| time: 2.05|
|Def Loss 0.1997 | Def Reward in ep 099|
|Att Loss 0.3088 | Att Reward in ep 001|
|Def Estimated: [39 61]| Att Labels: [40 60]|
|Def Amount of true predicted attacks: [39 60]|
04/23/2025 06:36:13 - INFO - End of Episode.
|Episode 063/100| time: 1.99|
|Def Loss 0.2172 | Def Reward in ep 099|
|Att Loss 0.2544 | Att Reward in ep 001|
|Def Estimated: [29 71]| Att Labels: [28 72]|
|Def Amount of true predicted attacks: [28 71]|
04/23/2025 06:36:15 - INFO - End of Episode.
|Episode 064/100| time: 1.98|
|Def Loss 0.2108 | Def Reward in ep 098|
|Att Loss 0.2881 | Att Reward in ep 002|
|Def Estimated: [26 74]| Att Labels: [24 76]|
|Def Amount of true predicted attacks: [24 74]|
04/23/2025 06:36:18 - INFO - End of Episode.
|Episode 065/100| time: 2.00|
|Def Loss 0.1866 | Def Reward in ep 097|
|Att Loss 0.3018 | Att Reward in ep 003|
|Def Estimated: [30 70]| Att Labels: [31 69]|
|Def Amount of true predicted attacks: [29 68]|
04/23/2025 06:36:20 - INFO - End of Episode.
|Episode 066/100| time: 1.97|
|Def Loss 0.2060 | Def Reward in ep 097|
|Att Loss 0.3220 | Att Reward in ep 003|
|Def Estimated: [24 76]| Att Labels: [23 77]|
|Def Amount of true predicted attacks: [22 75]|
04/23/2025 06:36:23 - INFO - End of Episode.
|Episode 067/100| time: 2.01|
|Def Loss 0.2145 | Def Reward in ep 095|
|Att Loss 0.2629 | Att Reward in ep 005|
|Def Estimated: [31 69]| Att Labels: [32 68]|
|Def Amount of true predicted attacks: [29 66]|
04/23/2025 06:36:25 - INFO - End of Episode.
|Episode 068/100| time: 1.99|
|Def Loss 0.1984 | Def Reward in ep 095|
|Att Loss 0.2590 | Att Reward in ep 005|
|Def Estimated: [33 67]| Att Labels: [30 70]|
|Def Amount of true predicted attacks: [29 66]|
04/23/2025 06:36:27 - INFO - End of Episode.
|Episode 069/100| time: 2.03|
|Def Loss 0.1774 | Def Reward in ep 099|
|Att Loss 0.2412 | Att Reward in ep 001|
|Def Estimated: [37 63]| Att Labels: [36 64]|
|Def Amount of true predicted attacks: [36 63]|
04/23/2025 06:36:30 - INFO - End of Episode.
|Episode 070/100| time: 1.96|
|Def Loss 0.1747 | Def Reward in ep 097|
|Att Loss 0.2590 | Att Reward in ep 003|
|Def Estimated: [27 73]| Att Labels: [24 76]|
|Def Amount of true predicted attacks: [24 73]|
04/23/2025 06:36:32 - INFO - End of Episode.
|Episode 071/100| time: 1.99|
|Def Loss 0.1472 | Def Reward in ep 097|
|Att Loss 0.2181 | Att Reward in ep 003|
|Def Estimated: [29 71]| Att Labels: [28 72]|
|Def Amount of true predicted attacks: [27 70]|
04/23/2025 06:36:35 - INFO - End of Episode.
|Episode 072/100| time: 2.02|
|Def Loss 0.1768 | Def Reward in ep 096|
|Att Loss 0.2767 | Att Reward in ep 004|
|Def Estimated: [35 65]| Att Labels: [35 65]|
|Def Amount of true predicted attacks: [33 63]|
04/23/2025 06:36:37 - INFO - End of Episode.
|Episode 073/100| time: 2.03|
|Def Loss 0.1617 | Def Reward in ep 097|
|Att Loss 0.2692 | Att Reward in ep 003|
|Def Estimated: [34 66]| Att Labels: [37 63]|
|Def Amount of true predicted attacks: [34 63]|
04/23/2025 06:36:40 - INFO - End of Episode.
|Episode 074/100| time: 2.05|
|Def Loss 0.1708 | Def Reward in ep 097|
|Att Loss 0.2987 | Att Reward in ep 003|
|Def Estimated: [36 64]| Att Labels: [37 63]|
|Def Amount of true predicted attacks: [35 62]|
04/23/2025 06:36:42 - INFO - End of Episode.
|Episode 075/100| time: 2.03|
|Def Loss 0.2048 | Def Reward in ep 097|
|Att Loss 0.3177 | Att Reward in ep 003|
|Def Estimated: [30 70]| Att Labels: [33 67]|
|Def Amount of true predicted attacks: [30 67]|
04/23/2025 06:36:45 - INFO - End of Episode.
|Episode 076/100| time: 2.04|
|Def Loss 0.1713 | Def Reward in ep 097|
|Att Loss 0.3034 | Att Reward in ep 003|
|Def Estimated: [42 58]| Att Labels: [41 59]|
|Def Amount of true predicted attacks: [40 57]|
04/23/2025 06:36:47 - INFO - End of Episode.
|Episode 077/100| time: 2.02|
|Def Loss 0.2122 | Def Reward in ep 098|
|Att Loss 0.3201 | Att Reward in ep 002|
|Def Estimated: [37 63]| Att Labels: [35 65]|
|Def Amount of true predicted attacks: [35 63]|
04/23/2025 06:36:50 - INFO - End of Episode.
|Episode 078/100| time: 2.03|
|Def Loss 0.2291 | Def Reward in ep 094|
|Att Loss 0.3109 | Att Reward in ep 006|
|Def Estimated: [39 61]| Att Labels: [41 59]|
|Def Amount of true predicted attacks: [37 57]|
04/23/2025 06:36:53 - INFO - End of Episode.
|Episode 079/100| time: 2.09|
|Def Loss 0.2898 | Def Reward in ep 100|
|Att Loss 0.2583 | Att Reward in ep 000|
|Def Estimated: [43 57]| Att Labels: [43 57]|
|Def Amount of true predicted attacks: [43 57]|
04/23/2025 06:36:55 - INFO - End of Episode.
|Episode 080/100| time: 2.05|
|Def Loss 0.2688 | Def Reward in ep 099|
|Att Loss 0.2858 | Att Reward in ep 001|
|Def Estimated: [38 62]| Att Labels: [39 61]|
|Def Amount of true predicted attacks: [38 61]|
04/23/2025 06:36:58 - INFO - End of Episode.
|Episode 081/100| time: 2.06|
|Def Loss 0.2545 | Def Reward in ep 099|
|Att Loss 0.2934 | Att Reward in ep 001|
|Def Estimated: [42 58]| Att Labels: [43 57]|
|Def Amount of true predicted attacks: [42 57]|
04/23/2025 06:37:00 - INFO - End of Episode.
|Episode 082/100| time: 2.00|
|Def Loss 0.2064 | Def Reward in ep 100|
|Att Loss 0.2368 | Att Reward in ep 000|
|Def Estimated: [35 65]| Att Labels: [35 65]|
|Def Amount of true predicted attacks: [35 65]|
04/23/2025 06:37:03 - INFO - End of Episode.
|Episode 083/100| time: 2.02|
|Def Loss 0.1970 | Def Reward in ep 098|
|Att Loss 0.2012 | Att Reward in ep 002|
|Def Estimated: [36 64]| Att Labels: [36 64]|
|Def Amount of true predicted attacks: [35 63]|
04/23/2025 06:37:05 - INFO - End of Episode.
|Episode 084/100| time: 1.99|
|Def Loss 0.1893 | Def Reward in ep 097|
|Att Loss 0.2126 | Att Reward in ep 003|
|Def Estimated: [32 68]| Att Labels: [31 69]|
|Def Amount of true predicted attacks: [30 67]|
04/23/2025 06:37:08 - INFO - End of Episode.
|Episode 085/100| time: 2.00|
|Def Loss 0.1842 | Def Reward in ep 099|
|Att Loss 0.1888 | Att Reward in ep 001|
|Def Estimated: [31 69]| Att Labels: [30 70]|
|Def Amount of true predicted attacks: [30 69]|
04/23/2025 06:37:10 - INFO - End of Episode.
|Episode 086/100| time: 2.06|
|Def Loss 0.1860 | Def Reward in ep 099|
|Att Loss 0.1571 | Att Reward in ep 001|
|Def Estimated: [41 59]| Att Labels: [40 60]|
|Def Amount of true predicted attacks: [40 59]|
04/23/2025 06:37:13 - INFO - End of Episode.
|Episode 087/100| time: 2.04|
|Def Loss 0.1949 | Def Reward in ep 097|
|Att Loss 0.1883 | Att Reward in ep 003|
|Def Estimated: [42 58]| Att Labels: [41 59]|
|Def Amount of true predicted attacks: [40 57]|
04/23/2025 06:37:16 - INFO - End of Episode.
|Episode 088/100| time: 2.02|
|Def Loss 0.1926 | Def Reward in ep 095|
|Att Loss 0.1822 | Att Reward in ep 005|
|Def Estimated: [33 67]| Att Labels: [32 68]|
|Def Amount of true predicted attacks: [30 65]|
04/23/2025 06:37:18 - INFO - End of Episode.
|Episode 089/100| time: 2.00|
|Def Loss 0.1539 | Def Reward in ep 097|
|Att Loss 0.1444 | Att Reward in ep 003|
|Def Estimated: [36 64]| Att Labels: [33 67]|
|Def Amount of true predicted attacks: [33 64]|
04/23/2025 06:37:21 - INFO - End of Episode.
|Episode 090/100| time: 1.99|
|Def Loss 0.1543 | Def Reward in ep 100|
|Att Loss 0.1721 | Att Reward in ep 000|
|Def Estimated: [29 71]| Att Labels: [29 71]|
|Def Amount of true predicted attacks: [29 71]|
04/23/2025 06:37:23 - INFO - End of Episode.
|Episode 091/100| time: 1.96|
|Def Loss 0.1613 | Def Reward in ep 098|
|Att Loss 0.1447 | Att Reward in ep 002|
|Def Estimated: [24 76]| Att Labels: [22 78]|
|Def Amount of true predicted attacks: [22 76]|
04/23/2025 06:37:26 - INFO - End of Episode.
|Episode 092/100| time: 2.02|
|Def Loss 0.1639 | Def Reward in ep 098|
|Att Loss 0.1538 | Att Reward in ep 002|
|Def Estimated: [36 64]| Att Labels: [36 64]|
|Def Amount of true predicted attacks: [35 63]|
04/23/2025 06:37:28 - INFO - End of Episode.
|Episode 093/100| time: 1.97|
|Def Loss 0.1592 | Def Reward in ep 099|
|Att Loss 0.1524 | Att Reward in ep 001|
|Def Estimated: [24 76]| Att Labels: [25 75]|
|Def Amount of true predicted attacks: [24 75]|
04/23/2025 06:37:31 - INFO - End of Episode.
|Episode 094/100| time: 2.00|
|Def Loss 0.1351 | Def Reward in ep 099|
|Att Loss 0.1811 | Att Reward in ep 001|
|Def Estimated: [32 68]| Att Labels: [31 69]|
|Def Amount of true predicted attacks: [31 68]|
04/23/2025 06:37:33 - INFO - End of Episode.
|Episode 095/100| time: 1.98|
|Def Loss 0.1225 | Def Reward in ep 099|
|Att Loss 0.1936 | Att Reward in ep 001|
|Def Estimated: [22 78]| Att Labels: [23 77]|
|Def Amount of true predicted attacks: [22 77]|
04/23/2025 06:37:36 - INFO - End of Episode.
|Episode 096/100| time: 1.97|
|Def Loss 0.1322 | Def Reward in ep 098|
|Att Loss 0.2136 | Att Reward in ep 002|
|Def Estimated: [27 73]| Att Labels: [29 71]|
|Def Amount of true predicted attacks: [27 71]|
04/23/2025 06:37:39 - INFO - End of Episode.
|Episode 097/100| time: 2.02|
|Def Loss 0.1436 | Def Reward in ep 096|
|Att Loss 0.2208 | Att Reward in ep 004|
|Def Estimated: [35 65]| Att Labels: [39 61]|
|Def Amount of true predicted attacks: [35 61]|
04/23/2025 06:37:41 - INFO - End of Episode.
|Episode 098/100| time: 2.05|
|Def Loss 0.1582 | Def Reward in ep 100|
|Att Loss 0.1776 | Att Reward in ep 000|
|Def Estimated: [43 57]| Att Labels: [43 57]|
|Def Amount of true predicted attacks: [43 57]|
04/23/2025 06:37:44 - INFO - End of Episode.
|Episode 099/100| time: 2.04|
|Def Loss 0.1531 | Def Reward in ep 097|
|Att Loss 0.1630 | Att Reward in ep 003|
|Def Estimated: [46 54]| Att Labels: [45 55]|
|Def Amount of true predicted attacks: [44 53]|
04/23/2025 06:37:45 - INFO - Model 'attacker_model_cic_2017' saved in: /workspace/models/trained-models/2025-04-23-06-33-Linux-CIC-2017-18-BruteForce-1st-Run/attacker_model_cic.keras
04/23/2025 06:37:45 - INFO - Model summary:
Model: "attacker_model_cic_2017"
_________________________________________________________________
 Layer (type)                Output Shape              Param #   
=================================================================
 dense (Dense)               (None, 100)               6800      
                                                                 
 dense_1 (Dense)             (None, 100)               10100     
                                                                 
 dense_2 (Dense)             (None, 100)               10100     
                                                                 
 dense_3 (Dense)             (None, 100)               10100     
                                                                 
 dense_4 (Dense)             (None, 100)               10100     
                                                                 
 dense_5 (Dense)             (None, 3)                 303       
                                                                 
=================================================================
Total params: 47503 (185.56 KB)
Trainable params: 47503 (185.56 KB)
Non-trainable params: 0 (0.00 Byte)
_________________________________________________________________

04/23/2025 06:37:45 - INFO - Model 'defender_model' saved in: /workspace/models/trained-models/2025-04-23-06-33-Linux-CIC-2017-18-BruteForce-1st-Run/defender_model.keras
04/23/2025 06:37:45 - INFO - Model summary:
Model: "defender_model"
_________________________________________________________________
 Layer (type)                Output Shape              Param #   
=================================================================
 dense_12 (Dense)            (None, 100)               6800      
                                                                 
 dense_13 (Dense)            (None, 100)               10100     
                                                                 
 dense_14 (Dense)            (None, 100)               10100     
                                                                 
 dense_15 (Dense)            (None, 2)                 202       
                                                                 
=================================================================
Total params: 27202 (106.26 KB)
Trainable params: 27202 (106.26 KB)
Non-trainable params: 0 (0.00 Byte)
_________________________________________________________________

04/23/2025 06:37:45 - INFO - Saved trained models.
04/23/2025 06:37:45 - INFO - Total runtime: 00:04:32
04/23/2025 06:37:45 - INFO - End of the script at: 2025-04-23 06:37:45.030885
04/23/2025 06:37:47 - INFO - Debug information saved to /workspace/models/trained-models/2025-04-23-06-33-Linux-CIC-2017-18-BruteForce-1st-Run/logs/debug_info.json
04/23/2025 06:37:47 - INFO - Trying to save summary plots under: /workspace/models/trained-models/2025-04-23-06-33-Linux-CIC-2017-18-BruteForce-1st-Run/plots/
04/23/2025 06:37:49 - INFO - Plotted attack distributions during training in: /workspace/models/trained-models/2025-04-23-06-33-Linux-CIC-2017-18-BruteForce-1st-Run/plots/
04/23/2025 06:37:53 - INFO - Normalized confusion matrix
04/23/2025 06:37:53 - INFO - 
Confusion Matrix:
[[0.98548571 0.01451429]
 [0.02244832 0.97755168]]
04/23/2025 06:37:53 - INFO - Plotted confusion matrix in: /workspace/models/trained-models/2025-04-23-06-33-Linux-CIC-2017-18-BruteForce-1st-Run/plots/intraset/
04/23/2025 06:37:53 - INFO - Model summary:
Model: "defender_model"
_________________________________________________________________
 Layer (type)                Output Shape              Param #   
=================================================================
 dense_12 (Dense)            (None, 100)               6800      
                                                                 
 dense_13 (Dense)            (None, 100)               10100     
                                                                 
 dense_14 (Dense)            (None, 100)               10100     
                                                                 
 dense_15 (Dense)            (None, 2)                 202       
                                                                 
=================================================================
Total params: 27202 (106.26 KB)
Trainable params: 27202 (106.26 KB)
Non-trainable params: 0 (0.00 Byte)
_________________________________________________________________

loaded from: /workspace/models/trained-models/2025-04-23-06-33-Linux-CIC-2017-18-BruteForce-1st-Run/defender_model.keras
04/23/2025 06:37:53 - INFO - One vs All metric calculation: 
True positive: 6053 | False positive: 2032 | 
True negative: 137968 | False negative: 139
Accuracy: 0.9851 | Recall: 0.9776 | Specificity: 0.9855 | Precision: 0.7487 | F1-Score: 0.8479 | False Positive Rate: 0.0145
04/23/2025 06:37:53 - INFO - Overall overview
Total reward: 144021 | Number of samples: 146192 | Accuracy = 98.51%
Overall overview per attack type
              Estimated Correct   Total Mismatch   F1_score
Benign           138107  137968  140000     1893  99.219365
Brute Force        8085    6053    6192     1893  84.793724
Weigthed Avg.                                     98.608363
04/23/2025 06:37:53 - INFO - 
      Class  Support  Accuracy  Precision  Recall  F1-Score
     Benign   140000    0.9855     0.9990  0.9855    0.9922
Brute Force     6192    0.9776     0.7487  0.9776    0.8479
04/23/2025 06:37:53 - INFO - Overall weighted F1-score: 0.9861
04/23/2025 06:37:57 - INFO - 
One vs All metrics: 
          name  accuracy        f1  precision    recall
0  Brute Force   0.98515  0.847937   0.748670  0.977552
1       Benign   0.98515  0.992194   0.998994  0.985486
04/23/2025 06:37:57 - INFO - Classification report:
              precision    recall  f1-score   support

      Benign       1.00      0.99      0.99    140000
 Brute Force       0.75      0.98      0.85      6192

    accuracy                           0.99    146192
   macro avg       0.87      0.98      0.92    146192
weighted avg       0.99      0.99      0.99    146192

04/23/2025 06:37:59 - INFO - Model metrics: 
loss=0.018855508416891098, mse=2.284912109375, mae=0.08318648487329483
04/23/2025 06:37:59 - INFO - Optimizer config: {'name': 'Adam', 'weight_decay': None, 'clipnorm': None, 'global_clipnorm': None, 'clipvalue': None, 'use_ema': False, 'ema_momentum': 0.99, 'ema_overwrite_frequency': None, 'jit_compile': False, 'is_legacy_optimizer': False, 'learning_rate': 0.001, 'beta_1': 0.9, 'beta_2': 0.999, 'epsilon': 1e-07, 'amsgrad': False}
04/23/2025 06:37:59 - INFO - Time needed for testing: 9.402592420578003
04/23/2025 06:38:00 - INFO - Metrics exported to: /workspace/models/trained-models/2025-04-23-06-33-Linux-CIC-2017-18-BruteForce-1st-Run/logs/evaluation_metrics_defender_model.json
04/23/2025 06:38:09 - INFO - [Intra-Set] Accuracy: 0.8054, Recall: 0.0024, Precision: 0.0099, F1: 0.0038
04/23/2025 06:38:09 - INFO - Normalized confusion matrix
04/23/2025 06:38:09 - INFO - 
Confusion Matrix:
[[0.95552235 0.04447765]
 [0.99762049 0.00237951]]
04/23/2025 06:38:09 - INFO - Plotted confusion matrix in: /workspace/models/trained-models/2025-04-23-06-33-Linux-CIC-2017-18-BruteForce-1st-Run/plots/interset/
04/23/2025 06:38:09 - INFO - [Intra-Set] Confusion matrix saved to /workspace/models/trained-models/2025-04-23-06-33-Linux-CIC-2017-18-BruteForce-1st-Run/plots/
04/23/2025 06:38:16 - INFO - [Cross-Set] Model metrics: loss=0.1175941452383995, mse=454.9599304199219, mae=0.3021690547466278
04/23/2025 06:38:16 - INFO - [Intra-Set] Evaluation completed. Metrics exported to: /workspace/models/trained-models/2025-04-23-06-33-Linux-CIC-2017-18-BruteForce-1st-Run/logs/evaluation_metrics_cross_defender_model.json
04/23/2025 06:38:16 - INFO - [Intra-Set] Time needed: 16.27 seconds
