04/24/2025 08:23:14 - INFO - Started script at: 2025-04-24-08-23
Current working dir: /workspace
Used training data files: 
/workspace/data/datasets/cic_ids/cic-ids-2017/clean/all_benign.feather,
/workspace/data/datasets/cic_ids/cic-ids-2017/clean/all_malicious.feather
Used inter set for validation:
/workspace/data/datasets/cic_ids/cse-cic-ids-2018/clean/all_benign.feather,
/workspace/data/datasets/cic_ids/cse-cic-ids-2018/clean/all_malicious.feather
04/24/2025 08:23:14 - INFO - Setting up Attacker and Defender Agents...
04/24/2025 08:23:14 - INFO - Loading benign data from:
/workspace/data/datasets/cic_ids/cic-ids-2017/clean/all_benign.feather
Loading malicious data from:
/workspace/data/datasets/cic_ids/cic-ids-2017/clean/all_malicious.feather
04/24/2025 08:23:17 - INFO - Multi-Class Split ready.
04/24/2025 08:23:17 - INFO - Train: (62267, 67), Validation: (184037, 67), Test: (429420, 67)
04/24/2025 08:23:17 - INFO - [Init full dataset] Loaded 62267 train, 429420 test samples.
04/24/2025 08:23:17 - INFO - Loading benign data from:
/workspace/data/datasets/cic_ids/cse-cic-ids-2018/clean/all_benign.feather
Loading malicious data from:
/workspace/data/datasets/cic_ids/cse-cic-ids-2018/clean/all_malicious.feather
04/24/2025 08:23:40 - WARNING - No samples found for attack type 'Probe'.
04/24/2025 08:23:40 - WARNING - No samples found for attack type 'Heartbleed'.
04/24/2025 08:23:44 - INFO - Multi-Class Split ready.
04/24/2025 08:23:44 - INFO - Train: (59160, 67), Validation: (274662, 67), Test: (1556424, 67)
04/24/2025 08:23:44 - INFO - Initializing Attacker:CIC-2017-all's ReplayMemory with observation_size=67 and max_size=1000
04/24/2025 08:23:45 - WARNING - Skipping variable loading for optimizer 'Adam', because it has 25 variables whereas the saved optimizer has 1 variables. 
04/24/2025 08:23:45 - INFO - Initializing Defender's ReplayMemory with observation_size=67 and max_size=1000
04/24/2025 08:23:45 - WARNING - Skipping variable loading for optimizer 'Adam', because it has 17 variables whereas the saved optimizer has 1 variables. 
04/24/2025 08:23:45 - INFO - Creating environment...
04/24/2025 08:23:45 - INFO - Start Training with the following parameters:
-----------------------------------------------------------------------------------------------------------------------
Total episodes: 100 | Iterations in episode: 100 | <Attacker> Minibatch from mem size: 100 | Total Samples: 10000 | <Defender> Minibatch from mem size: 100 | Data shape: (62267, 67)
-----------------------------------------------------------------------------------------------------------------------
Attacker<Attack-Type>: Num_actions=15 | gamma=0.001 | epsilon=1 | ANN hidden size=100 | ANN hidden layers=5 | Learning rate=0.001
-----------------------------------------------------------------------------------------------------------------------
Defender: Num_actions=8 | gamma=0.001 | epsilon=1 | ANN hidden size=100 | ANN hidden layers=3 | Learning rate=0.001
-----------------------------------------------------------------------------------------------------------------------
Used Attack types: '['Benign', '(D)DOS', 'Brute Force', 'Web Attack', 'Botnet', 'Probe', 'Infiltration', 'Heartbleed']' | Attack name(s): ['Benign', 'Bot', 'DDoS', 'DoS GoldenEye', 'DoS Hulk', 'DoS Slowhttptest', 'DoS slowloris', 'FTP Patator', 'Heartbleed', 'Infiltration', 'PortScan', 'SSH Patator', 'Web Attack Brute Force', 'Web Attack Sql Injection', 'Web Attack XSS']
-----------------------------------------------------------------------------------------------------------------------

04/24/2025 08:23:46 - INFO - End of Episode.
|Episode 000/100| time: 0.50|
|Def Loss 0.0000 | Def Reward in ep 015|
|Att Loss 0.0000 | Att Reward in ep 085|
|Def Estimated: [13 17  9 13 12 15 12  9]| Att Labels: [ 2 36 14 19  7  6  9  7]|
|Def Amount of true predicted attacks: [0 8 2 1 1 2 0 1]|
04/24/2025 08:23:50 - WARNING - 5 out of the last 5 calls to <function QNetwork.predict at 0x7161da50eca0> triggered tf.function retracing. Tracing is expensive and the excessive number of tracings could be due to (1) creating @tf.function repeatedly in a loop, (2) passing tensors with different shapes, (3) passing Python objects instead of tensors. For (1), please define your @tf.function outside of the loop. For (2), @tf.function has reduce_retracing=True option that can avoid unnecessary retracing. For (3), please refer to https://www.tensorflow.org/guide/function#controlling_retracing and https://www.tensorflow.org/api_docs/python/tf/function for  more details.
04/24/2025 08:23:52 - WARNING - 6 out of the last 11 calls to <function QNetwork.predict at 0x7161da50eca0> triggered tf.function retracing. Tracing is expensive and the excessive number of tracings could be due to (1) creating @tf.function repeatedly in a loop, (2) passing tensors with different shapes, (3) passing Python objects instead of tensors. For (1), please define your @tf.function outside of the loop. For (2), @tf.function has reduce_retracing=True option that can avoid unnecessary retracing. For (3), please refer to https://www.tensorflow.org/guide/function#controlling_retracing and https://www.tensorflow.org/api_docs/python/tf/function for  more details.
04/24/2025 08:23:54 - INFO - End of Episode.
|Episode 001/100| time: 7.06|
|Def Loss 0.3624 | Def Reward in ep 030|
|Att Loss 0.6748 | Att Reward in ep 070|
|Def Estimated: [ 6 26 23  4 15 12  3 11]| Att Labels: [ 9 25 14 19  9  6 13  5]|
|Def Amount of true predicted attacks: [ 1 15  7  1  1  0  0  5]|
04/24/2025 08:23:57 - INFO - End of Episode.
|Episode 002/100| time: 2.49|
|Def Loss 0.2433 | Def Reward in ep 063|
|Att Loss 0.4921 | Att Reward in ep 037|
|Def Estimated: [ 3 25 22 23  2 10  0 15]| Att Labels: [ 3 26 12 20  4  7 20  8]|
|Def Amount of true predicted attacks: [ 0 22 10 17  1  5  0  8]|
04/24/2025 08:24:00 - INFO - End of Episode.
|Episode 003/100| time: 2.53|
|Def Loss 0.1654 | Def Reward in ep 062|
|Att Loss 0.5056 | Att Reward in ep 038|
|Def Estimated: [ 4 41 17 15  3 12  1  7]| Att Labels: [ 5 37  9 13  6  6 19  5]|
|Def Amount of true predicted attacks: [ 0 33  7 12  0  5  0  5]|
04/24/2025 08:24:02 - INFO - End of Episode.
|Episode 004/100| time: 2.63|
|Def Loss 0.1569 | Def Reward in ep 068|
|Att Loss 0.4809 | Att Reward in ep 032|
|Def Estimated: [ 2 34 19 16  4 14  0 11]| Att Labels: [15 30 12 14  9  4  7  9]|
|Def Amount of true predicted attacks: [ 0 28 12 13  2  4  0  9]|
04/24/2025 08:24:05 - INFO - End of Episode.
|Episode 005/100| time: 2.68|
|Def Loss 0.1755 | Def Reward in ep 061|
|Att Loss 0.4554 | Att Reward in ep 039|
|Def Estimated: [ 1 36 20 12 13  7  0 11]| Att Labels: [24 28 13  9  8  3  8  7]|
|Def Amount of true predicted attacks: [ 1 23 13  8  6  3  0  7]|
04/24/2025 08:24:08 - INFO - End of Episode.
|Episode 006/100| time: 2.68|
|Def Loss 0.1383 | Def Reward in ep 075|
|Att Loss 0.4424 | Att Reward in ep 025|
|Def Estimated: [17 20 17 19 11  4  1 11]| Att Labels: [21 19 14 17 11  5  5  8]|
|Def Amount of true predicted attacks: [13 14 12 16  8  4  0  8]|
04/24/2025 08:24:11 - INFO - End of Episode.
|Episode 007/100| time: 2.63|
|Def Loss 0.1176 | Def Reward in ep 071|
|Att Loss 0.4618 | Att Reward in ep 029|
|Def Estimated: [20 24 17 15 13  5  0  6]| Att Labels: [23 28 12 15  7  4  5  6]|
|Def Amount of true predicted attacks: [14 21 12 13  3  2  0  6]|
04/24/2025 08:24:14 - INFO - End of Episode.
|Episode 008/100| time: 2.64|
|Def Loss 0.1154 | Def Reward in ep 081|
|Att Loss 0.4420 | Att Reward in ep 019|
|Def Estimated: [21 30 12 18  5  4  0 10]| Att Labels: [21 28 11 17  4  2 11  6]|
|Def Amount of true predicted attacks: [16 26 11 17  3  2  0  6]|
04/24/2025 08:24:17 - INFO - End of Episode.
|Episode 009/100| time: 2.65|
|Def Loss 0.1004 | Def Reward in ep 087|
|Att Loss 0.4381 | Att Reward in ep 013|
|Def Estimated: [21 29 13 19  8  7  0  3]| Att Labels: [19 32 11 18  5  7  5  3]|
|Def Amount of true predicted attacks: [17 27 11 17  5  7  0  3]|
04/24/2025 08:24:20 - INFO - End of Episode.
|Episode 010/100| time: 2.75|
|Def Loss 0.1036 | Def Reward in ep 074|
|Att Loss 0.3309 | Att Reward in ep 026|
|Def Estimated: [16 28  8 20 11 10  0  7]| Att Labels: [22 28  7 19  5  8  7  4]|
|Def Amount of true predicted attacks: [10 24  6 18  4  8  0  4]|
04/24/2025 08:24:23 - INFO - End of Episode.
|Episode 011/100| time: 2.72|
|Def Loss 0.1178 | Def Reward in ep 083|
|Att Loss 0.2335 | Att Reward in ep 017|
|Def Estimated: [23 34 16 13  3  5  0  6]| Att Labels: [12 38 16 13  4  5  6  6]|
|Def Amount of true predicted attacks: [10 33 15 13  2  5  0  5]|
04/24/2025 08:24:26 - INFO - End of Episode.
|Episode 012/100| time: 2.58|
|Def Loss 0.1075 | Def Reward in ep 079|
|Att Loss 0.1608 | Att Reward in ep 021|
|Def Estimated: [20 28  9 17  7 10  0  9]| Att Labels: [10 35  9 19  7  7  7  6]|
|Def Amount of true predicted attacks: [ 8 27  9 17  5  7  0  6]|
04/24/2025 08:24:29 - INFO - End of Episode.
|Episode 013/100| time: 2.65|
|Def Loss 0.0974 | Def Reward in ep 081|
|Att Loss 0.1480 | Att Reward in ep 019|
|Def Estimated: [18 30 13 19  4  9  0  7]| Att Labels: [ 8 39  9 21  4  8  6  5]|
|Def Amount of true predicted attacks: [ 8 30  9 18  3  8  0  5]|
04/24/2025 08:24:32 - INFO - End of Episode.
|Episode 014/100| time: 2.66|
|Def Loss 0.0947 | Def Reward in ep 076|
|Att Loss 0.1354 | Att Reward in ep 024|
|Def Estimated: [27 30 14 14  8  5  0  2]| Att Labels: [14 41 10 15  9  5  6  0]|
|Def Amount of true predicted attacks: [13 29 10 14  5  5  0  0]|
04/24/2025 08:24:35 - INFO - End of Episode.
|Episode 015/100| time: 2.76|
|Def Loss 0.0989 | Def Reward in ep 085|
|Att Loss 0.1000 | Att Reward in ep 015|
|Def Estimated: [14 33 15 24  3  5  0  6]| Att Labels: [ 7 37 14 24  5  5  5  3]|
|Def Amount of true predicted attacks: [ 5 32 14 24  2  5  0  3]|
04/24/2025 08:24:38 - INFO - End of Episode.
|Episode 016/100| time: 3.00|
|Def Loss 0.1083 | Def Reward in ep 082|
|Att Loss 0.0611 | Att Reward in ep 018|
|Def Estimated: [16 35 16 16  6  5  0  6]| Att Labels: [13 39 14 16  6  3  5  4]|
|Def Amount of true predicted attacks: [10 33 13 15  4  3  0  4]|
04/24/2025 08:24:41 - INFO - End of Episode.
|Episode 017/100| time: 2.74|
|Def Loss 0.1093 | Def Reward in ep 084|
|Att Loss 0.0545 | Att Reward in ep 016|
|Def Estimated: [13 23 12 27  6 12  0  7]| Att Labels: [14 26 13 22  4 10  6  5]|
|Def Amount of true predicted attacks: [11 21 12 22  3 10  0  5]|
04/24/2025 08:24:44 - INFO - End of Episode.
|Episode 018/100| time: 2.55|
|Def Loss 0.0944 | Def Reward in ep 080|
|Att Loss 0.0437 | Att Reward in ep 020|
|Def Estimated: [14 37 14 17  7  8  0  3]| Att Labels: [12 37 14 18  6  6  5  2]|
|Def Amount of true predicted attacks: [ 8 32 13 16  3  6  0  2]|
04/24/2025 08:24:47 - INFO - End of Episode.
|Episode 019/100| time: 2.56|
|Def Loss 0.0841 | Def Reward in ep 086|
|Att Loss 0.0530 | Att Reward in ep 014|
|Def Estimated: [14 35 21 14  6  3  0  7]| Att Labels: [ 9 35 20 15  7  3  5  6]|
|Def Amount of true predicted attacks: [ 7 33 20 14  3  3  0  6]|
04/24/2025 08:24:50 - INFO - End of Episode.
|Episode 020/100| time: 2.59|
|Def Loss 0.0756 | Def Reward in ep 089|
|Att Loss 0.0489 | Att Reward in ep 011|
|Def Estimated: [13 37 16 13  2  9  0 10]| Att Labels: [10 39 15 12  5  8  1 10]|
|Def Amount of true predicted attacks: [ 8 35 14 12  2  8  0 10]|
04/24/2025 08:24:52 - INFO - End of Episode.
|Episode 021/100| time: 2.51|
|Def Loss 0.0670 | Def Reward in ep 081|
|Att Loss 0.0401 | Att Reward in ep 019|
|Def Estimated: [10 35 14 24  5  5  0  7]| Att Labels: [11 35 10 23  6  3  6  6]|
|Def Amount of true predicted attacks: [ 6 31 10 23  3  2  0  6]|
04/24/2025 08:24:55 - INFO - End of Episode.
|Episode 022/100| time: 2.59|
|Def Loss 0.0842 | Def Reward in ep 084|
|Att Loss 0.0371 | Att Reward in ep 016|
|Def Estimated: [19 30 11 19  7  7  0  7]| Att Labels: [17 29 12 17  6  7  6  6]|
|Def Amount of true predicted attacks: [15 26 11 17  3  6  0  6]|
04/24/2025 08:24:58 - INFO - End of Episode.
|Episode 023/100| time: 2.53|
|Def Loss 0.0880 | Def Reward in ep 090|
|Att Loss 0.0425 | Att Reward in ep 010|
|Def Estimated: [12 41 12 17  2 10  0  6]| Att Labels: [ 8 47 10 19  2  6  2  6]|
|Def Amount of true predicted attacks: [ 8 41 10 17  2  6  0  6]|
04/24/2025 08:25:01 - INFO - End of Episode.
|Episode 024/100| time: 2.48|
|Def Loss 0.0832 | Def Reward in ep 081|
|Att Loss 0.0425 | Att Reward in ep 019|
|Def Estimated: [12 38 14 21  1  5  0  9]| Att Labels: [ 6 37 12 23  3  2 10  7]|
|Def Amount of true predicted attacks: [ 6 33 11 21  1  2  0  7]|
04/24/2025 08:25:04 - INFO - End of Episode.
|Episode 025/100| time: 2.51|
|Def Loss 0.0962 | Def Reward in ep 087|
|Att Loss 0.0477 | Att Reward in ep 013|
|Def Estimated: [14 40 15  8  6 10  0  7]| Att Labels: [13 37 14  8  5  9 10  4]|
|Def Amount of true predicted attacks: [12 35 14  8  5  9  0  4]|
04/24/2025 08:25:07 - INFO - End of Episode.
|Episode 026/100| time: 2.49|
|Def Loss 0.1028 | Def Reward in ep 078|
|Att Loss 0.0512 | Att Reward in ep 022|
|Def Estimated: [14 33  7 20  7  4  0 15]| Att Labels: [ 9 34  5 18 12  3  7 12]|
|Def Amount of true predicted attacks: [ 6 28  5 18  6  3  0 12]|
04/24/2025 08:25:09 - INFO - End of Episode.
|Episode 027/100| time: 2.53|
|Def Loss 0.0993 | Def Reward in ep 085|
|Att Loss 0.0513 | Att Reward in ep 015|
|Def Estimated: [ 8 37 14 16  3  9  1 12]| Att Labels: [ 8 39  9 17  3  8  6 10]|
|Def Amount of true predicted attacks: [ 7 34  9 16  2  7  0 10]|
04/24/2025 08:25:12 - INFO - End of Episode.
|Episode 028/100| time: 2.54|
|Def Loss 0.0960 | Def Reward in ep 074|
|Att Loss 0.0523 | Att Reward in ep 026|
|Def Estimated: [19 35  4 24  6  5  0  7]| Att Labels: [12 34  4 24  3  4 16  3]|
|Def Amount of true predicted attacks: [ 9 31  4 23  0  4  0  3]|
04/24/2025 08:25:15 - INFO - End of Episode.
|Episode 029/100| time: 2.53|
|Def Loss 0.0986 | Def Reward in ep 081|
|Att Loss 0.0519 | Att Reward in ep 019|
|Def Estimated: [16 33 15 11  5  5  1 14]| Att Labels: [ 9 35 12 12  4  4 10 14]|
|Def Amount of true predicted attacks: [ 7 32 12 10  2  4  0 14]|
04/24/2025 08:25:18 - INFO - End of Episode.
|Episode 030/100| time: 2.48|
|Def Loss 0.0880 | Def Reward in ep 079|
|Att Loss 0.0499 | Att Reward in ep 021|
|Def Estimated: [12 35 18 16  1 12  0  6]| Att Labels: [ 6 36 14 14  2  9 16  3]|
|Def Amount of true predicted attacks: [ 6 32 14 14  1  9  0  3]|
04/24/2025 08:25:21 - INFO - End of Episode.
|Episode 031/100| time: 2.51|
|Def Loss 0.0729 | Def Reward in ep 075|
|Att Loss 0.0525 | Att Reward in ep 025|
|Def Estimated: [17 34 10 15  7  9  0  8]| Att Labels: [ 6 35 11 14  2  9 18  5]|
|Def Amount of true predicted attacks: [ 6 31 10 14  0  9  0  5]|
04/24/2025 08:25:24 - INFO - End of Episode.
|Episode 032/100| time: 2.48|
|Def Loss 0.0711 | Def Reward in ep 075|
|Att Loss 0.0464 | Att Reward in ep 025|
|Def Estimated: [19 32  9 21  2  6  0 11]| Att Labels: [10 32  7 19  4  6 14  8]|
|Def Amount of true predicted attacks: [ 9 27  7 19  1  4  0  8]|
04/24/2025 08:25:27 - INFO - End of Episode.
|Episode 033/100| time: 2.53|
|Def Loss 0.0706 | Def Reward in ep 081|
|Att Loss 0.0534 | Att Reward in ep 019|
|Def Estimated: [18 31 15 19  8  3  0  6]| Att Labels: [14 30 16 17  3  3 12  5]|
|Def Amount of true predicted attacks: [14 26 13 17  3  3  0  5]|
04/24/2025 08:25:29 - INFO - End of Episode.
|Episode 034/100| time: 2.51|
|Def Loss 0.0601 | Def Reward in ep 091|
|Att Loss 0.0723 | Att Reward in ep 009|
|Def Estimated: [13 41  9 18  6 10  0  3]| Att Labels: [10 42 11 17  5  8  4  3]|
|Def Amount of true predicted attacks: [ 8 41  9 17  5  8  0  3]|
04/24/2025 08:25:32 - INFO - End of Episode.
|Episode 035/100| time: 2.55|
|Def Loss 0.0635 | Def Reward in ep 086|
|Att Loss 0.0854 | Att Reward in ep 014|
|Def Estimated: [14 27 18 15  8  8  0 10]| Att Labels: [13 26 19 12  8  7  8  7]|
|Def Amount of true predicted attacks: [11 26 17 12  6  7  0  7]|
04/24/2025 08:25:35 - INFO - End of Episode.
|Episode 036/100| time: 2.53|
|Def Loss 0.0707 | Def Reward in ep 078|
|Att Loss 0.0964 | Att Reward in ep 022|
|Def Estimated: [12 35 15 23  7  4  1  3]| Att Labels: [10 33 15 17  9  3 10  3]|
|Def Amount of true predicted attacks: [ 8 29 14 17  5  3  0  2]|
04/24/2025 08:25:38 - INFO - End of Episode.
|Episode 037/100| time: 2.61|
|Def Loss 0.0631 | Def Reward in ep 083|
|Att Loss 0.0908 | Att Reward in ep 017|
|Def Estimated: [11 34 10 20  5  8  0 12]| Att Labels: [12 33  9 16  4  5 13  8]|
|Def Amount of true predicted attacks: [ 9 33  9 16  3  5  0  8]|
04/24/2025 08:25:41 - INFO - End of Episode.
|Episode 038/100| time: 2.57|
|Def Loss 0.0559 | Def Reward in ep 082|
|Att Loss 0.0794 | Att Reward in ep 018|
|Def Estimated: [20 33 12 14  6  9  0  6]| Att Labels: [16 28 12 12  5  9 12  6]|
|Def Amount of true predicted attacks: [14 26 11 12  4  9  0  6]|
04/24/2025 08:25:44 - INFO - End of Episode.
|Episode 039/100| time: 2.54|
|Def Loss 0.0626 | Def Reward in ep 074|
|Att Loss 0.0721 | Att Reward in ep 026|
|Def Estimated: [22 29 13 17 11  5  0  3]| Att Labels: [15 28  9 14  7  5 19  3]|
|Def Amount of true predicted attacks: [13 27  9 13  5  4  0  3]|
04/24/2025 08:25:47 - INFO - End of Episode.
|Episode 040/100| time: 2.65|
|Def Loss 0.0629 | Def Reward in ep 079|
|Att Loss 0.0696 | Att Reward in ep 021|
|Def Estimated: [17 26 14 20  9  9  0  5]| Att Labels: [13 28 11 18  8  7 12  3]|
|Def Amount of true predicted attacks: [10 26 11 17  5  7  0  3]|
04/24/2025 08:25:50 - INFO - End of Episode.
|Episode 041/100| time: 2.79|
|Def Loss 0.0830 | Def Reward in ep 077|
|Att Loss 0.0621 | Att Reward in ep 023|
|Def Estimated: [16 36 10 14 15  4  0  5]| Att Labels: [11 35 10 12  6  3 18  5]|
|Def Amount of true predicted attacks: [10 32 10 12  5  3  0  5]|
04/24/2025 08:25:54 - INFO - End of Episode.
|Episode 042/100| time: 2.68|
|Def Loss 0.0836 | Def Reward in ep 082|
|Att Loss 0.0548 | Att Reward in ep 018|
|Def Estimated: [15 38 12 19  5  5  0  6]| Att Labels: [14 35 11 18  4  5  8  5]|
|Def Amount of true predicted attacks: [10 32 11 17  2  5  0  5]|
04/24/2025 08:25:57 - INFO - End of Episode.
|Episode 043/100| time: 2.61|
|Def Loss 0.0767 | Def Reward in ep 081|
|Att Loss 0.0645 | Att Reward in ep 019|
|Def Estimated: [17 32 15 15  4  2  9  6]| Att Labels: [10 28 16 18  7  1 14  6]|
|Def Amount of true predicted attacks: [ 8 27 14 14  4  1  7  6]|
04/24/2025 08:26:00 - INFO - End of Episode.
|Episode 044/100| time: 2.66|
|Def Loss 0.0867 | Def Reward in ep 093|
|Att Loss 0.1038 | Att Reward in ep 007|
|Def Estimated: [21 18  7 19  3  7 19  6]| Att Labels: [19 22  7 19  4  7 15  7]|
|Def Amount of true predicted attacks: [19 18  6 19  3  7 15  6]|
04/24/2025 08:26:03 - INFO - End of Episode.
|Episode 045/100| time: 2.83|
|Def Loss 0.0681 | Def Reward in ep 093|
|Att Loss 0.1354 | Att Reward in ep 007|
|Def Estimated: [11 33 10 14  4  7 16  5]| Att Labels: [13 33 12 15  4  5 13  5]|
|Def Amount of true predicted attacks: [10 32 10 14  4  5 13  5]|
04/24/2025 08:26:06 - INFO - End of Episode.
|Episode 046/100| time: 2.93|
|Def Loss 0.0711 | Def Reward in ep 096|
|Att Loss 0.1543 | Att Reward in ep 004|
|Def Estimated: [12 28 10 19  2  7 17  5]| Att Labels: [15 27 10 19  2  8 14  5]|
|Def Amount of true predicted attacks: [12 27 10 19  2  7 14  5]|
04/24/2025 08:26:09 - INFO - End of Episode.
|Episode 047/100| time: 2.64|
|Def Loss 0.0745 | Def Reward in ep 092|
|Att Loss 0.1837 | Att Reward in ep 008|
|Def Estimated: [14 27  8 19  2  3 20  7]| Att Labels: [16 29  8 16  5  2 16  8]|
|Def Amount of true predicted attacks: [14 27  8 16  2  2 16  7]|
04/24/2025 08:26:12 - INFO - End of Episode.
|Episode 048/100| time: 2.60|
|Def Loss 0.0729 | Def Reward in ep 094|
|Att Loss 0.1745 | Att Reward in ep 006|
|Def Estimated: [11 23 11 21  2  9 16  7]| Att Labels: [11 22 11 19  5 10 15  7]|
|Def Amount of true predicted attacks: [ 9 22 11 19  2  9 15  7]|
04/24/2025 08:26:15 - INFO - End of Episode.
|Episode 049/100| time: 2.63|
|Def Loss 0.0838 | Def Reward in ep 091|
|Att Loss 0.1734 | Att Reward in ep 009|
|Def Estimated: [17 25 10 19  9  5 12  3]| Att Labels: [15 27 11 17 10  7 10  3]|
|Def Amount of true predicted attacks: [13 25 10 17  8  5 10  3]|
04/24/2025 08:26:18 - INFO - End of Episode.
|Episode 050/100| time: 2.64|
|Def Loss 0.1000 | Def Reward in ep 092|
|Att Loss 0.1640 | Att Reward in ep 008|
|Def Estimated: [13 34 11 16  8  4 13  1]| Att Labels: [14 33 13 16 10  3 10  1]|
|Def Amount of true predicted attacks: [10 33 11 16  8  3 10  1]|
04/24/2025 08:26:22 - INFO - End of Episode.
|Episode 051/100| time: 2.67|
|Def Loss 0.0821 | Def Reward in ep 098|
|Att Loss 0.1306 | Att Reward in ep 002|
|Def Estimated: [19 29  8 15  3  6 12  8]| Att Labels: [18 29  8 15  5  6 11  8]|
|Def Amount of true predicted attacks: [18 29  8 15  3  6 11  8]|
04/24/2025 08:26:25 - INFO - End of Episode.
|Episode 052/100| time: 2.65|
|Def Loss 0.1002 | Def Reward in ep 094|
|Att Loss 0.0856 | Att Reward in ep 006|
|Def Estimated: [19 32 10 17  1  3 12  6]| Att Labels: [17 33 10 18  2  3 11  6]|
|Def Amount of true predicted attacks: [15 32 10 16  1  3 11  6]|
04/24/2025 08:26:28 - INFO - End of Episode.
|Episode 053/100| time: 2.63|
|Def Loss 0.0940 | Def Reward in ep 090|
|Att Loss 0.0667 | Att Reward in ep 010|
|Def Estimated: [18 36  7 12  4  7 12  4]| Att Labels: [16 35  7 12 10  7  9  4]|
|Def Amount of true predicted attacks: [14 34  7 11  4  7  9  4]|
04/24/2025 08:26:31 - INFO - End of Episode.
|Episode 054/100| time: 2.62|
|Def Loss 0.0971 | Def Reward in ep 092|
|Att Loss 0.0530 | Att Reward in ep 008|
|Def Estimated: [12 31 14 14  6  8  8  7]| Att Labels: [12 32 13 16  7  7  6  7]|
|Def Amount of true predicted attacks: [10 30 13 14  6  6  6  7]|
04/24/2025 08:26:34 - INFO - End of Episode.
|Episode 055/100| time: 2.61|
|Def Loss 0.0916 | Def Reward in ep 093|
|Att Loss 0.0526 | Att Reward in ep 007|
|Def Estimated: [19 31 13 20  3  3  5  6]| Att Labels: [17 31 14 22  3  3  4  6]|
|Def Amount of true predicted attacks: [15 30 13 20  2  3  4  6]|
04/24/2025 08:26:37 - INFO - End of Episode.
|Episode 056/100| time: 2.94|
|Def Loss 0.0858 | Def Reward in ep 090|
|Att Loss 0.0464 | Att Reward in ep 010|
|Def Estimated: [13 48 15 12  3  2  4  3]| Att Labels: [11 48 15 13  6  2  2  3]|
|Def Amount of true predicted attacks: [ 9 46 13 12  3  2  2  3]|
04/24/2025 08:26:40 - INFO - End of Episode.
|Episode 057/100| time: 2.68|
|Def Loss 0.1037 | Def Reward in ep 093|
|Att Loss 0.0344 | Att Reward in ep 007|
|Def Estimated: [13 34 13 19  3  4  9  5]| Att Labels: [12 34 15 19  6  4  5  5]|
|Def Amount of true predicted attacks: [11 33 13 19  3  4  5  5]|
04/24/2025 08:26:43 - INFO - End of Episode.
|Episode 058/100| time: 2.55|
|Def Loss 0.0821 | Def Reward in ep 091|
|Att Loss 0.0400 | Att Reward in ep 009|
|Def Estimated: [16 31 11 17  5  8  5  7]| Att Labels: [14 30 13 18  6  8  4  7]|
|Def Amount of true predicted attacks: [12 29 11 17  4  7  4  7]|
04/24/2025 08:26:46 - INFO - End of Episode.
|Episode 059/100| time: 2.50|
|Def Loss 0.0728 | Def Reward in ep 098|
|Att Loss 0.0317 | Att Reward in ep 002|
|Def Estimated: [10 38 14 15  3 10  5  5]| Att Labels: [10 39 14 15  3 10  4  5]|
|Def Amount of true predicted attacks: [10 38 14 15  2 10  4  5]|
04/24/2025 08:26:49 - INFO - End of Episode.
|Episode 060/100| time: 2.51|
|Def Loss 0.0627 | Def Reward in ep 093|
|Att Loss 0.0334 | Att Reward in ep 007|
|Def Estimated: [13 36 10 16  6  8  3  8]| Att Labels: [ 9 38  9 16  9  9  3  7]|
|Def Amount of true predicted attacks: [ 9 36  9 15  6  8  3  7]|
04/24/2025 08:26:52 - INFO - End of Episode.
|Episode 061/100| time: 2.51|
|Def Loss 0.0690 | Def Reward in ep 095|
|Att Loss 0.0359 | Att Reward in ep 005|
|Def Estimated: [11 30 16 15  7  7  7  7]| Att Labels: [12 31 16 15  5  7  7  7]|
|Def Amount of true predicted attacks: [10 30 15 15  4  7  7  7]|
04/24/2025 08:26:55 - INFO - End of Episode.
|Episode 062/100| time: 2.50|
|Def Loss 0.0763 | Def Reward in ep 094|
|Att Loss 0.0472 | Att Reward in ep 006|
|Def Estimated: [10 40 16 10  5 11  4  4]| Att Labels: [11 39 19 10  3 11  4  3]|
|Def Amount of true predicted attacks: [ 9 38 16 10  3 11  4  3]|
04/24/2025 08:26:58 - INFO - End of Episode.
|Episode 063/100| time: 2.51|
|Def Loss 0.0671 | Def Reward in ep 091|
|Att Loss 0.0547 | Att Reward in ep 009|
|Def Estimated: [ 7 38 13 16  5 10  3  8]| Att Labels: [ 5 42 16 16  3  8  3  7]|
|Def Amount of true predicted attacks: [ 4 38 13 15  3  8  3  7]|
04/24/2025 08:27:01 - INFO - End of Episode.
|Episode 064/100| time: 2.49|
|Def Loss 0.0636 | Def Reward in ep 097|
|Att Loss 0.0563 | Att Reward in ep 003|
|Def Estimated: [ 9 37 17 10  6  8  7  6]| Att Labels: [ 9 39 16 10  5  8  7  6]|
|Def Amount of true predicted attacks: [ 8 37 16 10  5  8  7  6]|
04/24/2025 08:27:04 - INFO - End of Episode.
|Episode 065/100| time: 2.49|
|Def Loss 0.0578 | Def Reward in ep 097|
|Att Loss 0.0540 | Att Reward in ep 003|
|Def Estimated: [10 30 17 13 11  5  7  7]| Att Labels: [12 30 17 13 10  5  6  7]|
|Def Amount of true predicted attacks: [10 29 17 13 10  5  6  7]|
04/24/2025 08:27:07 - INFO - End of Episode.
|Episode 066/100| time: 2.50|
|Def Loss 0.0616 | Def Reward in ep 096|
|Att Loss 0.0513 | Att Reward in ep 004|
|Def Estimated: [12 39 13 18  4  4  5  5]| Att Labels: [13 40 14 18  2  3  5  5]|
|Def Amount of true predicted attacks: [11 39 13 18  2  3  5  5]|
04/24/2025 08:27:10 - INFO - End of Episode.
|Episode 067/100| time: 2.50|
|Def Loss 0.0672 | Def Reward in ep 095|
|Att Loss 0.0568 | Att Reward in ep 005|
|Def Estimated: [ 9 45 11 11  8  5  6  5]| Att Labels: [ 9 46 11 11  8  5  6  4]|
|Def Amount of true predicted attacks: [ 7 44 11 11  7  5  6  4]|
04/24/2025 08:27:13 - INFO - End of Episode.
|Episode 068/100| time: 2.51|
|Def Loss 0.0582 | Def Reward in ep 095|
|Att Loss 0.0535 | Att Reward in ep 005|
|Def Estimated: [10 32 10 11 11 10  6 10]| Att Labels: [12 32 10 12  9 10  5 10]|
|Def Amount of true predicted attacks: [ 9 31 10 11  9 10  5 10]|
04/24/2025 08:27:16 - INFO - End of Episode.
|Episode 069/100| time: 2.49|
|Def Loss 0.0650 | Def Reward in ep 096|
|Att Loss 0.0487 | Att Reward in ep 004|
|Def Estimated: [ 9 36 18 15  8  5  6  3]| Att Labels: [10 37 18 14  6  5  7  3]|
|Def Amount of true predicted attacks: [ 9 36 18 14  6  5  5  3]|
04/24/2025 08:27:19 - INFO - End of Episode.
|Episode 070/100| time: 2.50|
|Def Loss 0.0704 | Def Reward in ep 094|
|Att Loss 0.0542 | Att Reward in ep 006|
|Def Estimated: [16 37 11 17  1 10  6  2]| Att Labels: [17 37 12 17  1  8  6  2]|
|Def Amount of true predicted attacks: [14 35 11 17  1  8  6  2]|
04/24/2025 08:27:22 - INFO - End of Episode.
|Episode 071/100| time: 2.54|
|Def Loss 0.0694 | Def Reward in ep 093|
|Att Loss 0.0418 | Att Reward in ep 007|
|Def Estimated: [11 31 13 15  9  8  6  7]| Att Labels: [14 33 14 15  6  7  5  6]|
|Def Amount of true predicted attacks: [11 30 13 15  6  7  5  6]|
04/24/2025 08:27:25 - INFO - End of Episode.
|Episode 072/100| time: 2.48|
|Def Loss 0.0745 | Def Reward in ep 098|
|Att Loss 0.0450 | Att Reward in ep 002|
|Def Estimated: [15 26 13 14 10  7  8  7]| Att Labels: [14 25 14 15 10  7  8  7]|
|Def Amount of true predicted attacks: [14 25 13 14 10  7  8  7]|
04/24/2025 08:27:28 - INFO - End of Episode.
|Episode 073/100| time: 2.53|
|Def Loss 0.0771 | Def Reward in ep 096|
|Att Loss 0.0467 | Att Reward in ep 004|
|Def Estimated: [17 27 12 14  7  8  8  7]| Att Labels: [18 28 12 15  4  8  8  7]|
|Def Amount of true predicted attacks: [16 27 12 14  4  8  8  7]|
04/24/2025 08:27:32 - INFO - End of Episode.
|Episode 074/100| time: 2.55|
|Def Loss 0.0642 | Def Reward in ep 095|
|Att Loss 0.0524 | Att Reward in ep 005|
|Def Estimated: [14 37 15 10  7  3  7  7]| Att Labels: [13 37 15 11  6  4  7  7]|
|Def Amount of true predicted attacks: [12 35 15 10  6  3  7  7]|
04/24/2025 08:27:35 - INFO - End of Episode.
|Episode 075/100| time: 2.52|
|Def Loss 0.0660 | Def Reward in ep 096|
|Att Loss 0.0497 | Att Reward in ep 004|
|Def Estimated: [12 32 11 18  5  7  8  7]| Att Labels: [12 33 10 18  6  7  8  6]|
|Def Amount of true predicted attacks: [11 31 10 18  5  7  8  6]|
04/24/2025 08:27:38 - INFO - End of Episode.
|Episode 076/100| time: 2.57|
|Def Loss 0.0578 | Def Reward in ep 097|
|Att Loss 0.0517 | Att Reward in ep 003|
|Def Estimated: [19 30  9 19  5  9  5  4]| Att Labels: [20 31  8 19  4  9  5  4]|
|Def Amount of true predicted attacks: [18 30  8 19  4  9  5  4]|
04/24/2025 08:27:41 - INFO - End of Episode.
|Episode 077/100| time: 2.53|
|Def Loss 0.0552 | Def Reward in ep 094|
|Att Loss 0.0508 | Att Reward in ep 006|
|Def Estimated: [17 33  7 13  5  7 10  8]| Att Labels: [16 31  7 16  4  8 10  8]|
|Def Amount of true predicted attacks: [14 31  7 13  4  7 10  8]|
04/24/2025 08:27:44 - INFO - End of Episode.
|Episode 078/100| time: 2.55|
|Def Loss 0.0489 | Def Reward in ep 096|
|Att Loss 0.0565 | Att Reward in ep 004|
|Def Estimated: [24 32 11 12  3  4  8  6]| Att Labels: [24 32 10 12  3  5  8  6]|
|Def Amount of true predicted attacks: [23 30 10 12  3  4  8  6]|
04/24/2025 08:27:47 - INFO - End of Episode.
|Episode 079/100| time: 2.51|
|Def Loss 0.0653 | Def Reward in ep 096|
|Att Loss 0.0515 | Att Reward in ep 004|
|Def Estimated: [11 27 16 15  6 15  6  4]| Att Labels: [12 27 16 17  4 14  6  4]|
|Def Amount of true predicted attacks: [11 26 16 15  4 14  6  4]|
04/24/2025 08:27:50 - INFO - End of Episode.
|Episode 080/100| time: 2.53|
|Def Loss 0.0479 | Def Reward in ep 098|
|Att Loss 0.0443 | Att Reward in ep 002|
|Def Estimated: [17 20 17 13  9 10  7  7]| Att Labels: [18 21 16 13  9 10  6  7]|
|Def Amount of true predicted attacks: [17 20 16 13  9 10  6  7]|
04/24/2025 08:27:53 - INFO - End of Episode.
|Episode 081/100| time: 2.51|
|Def Loss 0.0462 | Def Reward in ep 094|
|Att Loss 0.0482 | Att Reward in ep 006|
|Def Estimated: [10 32  8 24 11  7  4  4]| Att Labels: [13 31  7 23 11  6  5  4]|
|Def Amount of true predicted attacks: [ 9 31  6 23 11  6  4  4]|
04/24/2025 08:27:56 - INFO - End of Episode.
|Episode 082/100| time: 2.47|
|Def Loss 0.0581 | Def Reward in ep 096|
|Att Loss 0.0442 | Att Reward in ep 004|
|Def Estimated: [ 9 24 18 17 10  8  8  6]| Att Labels: [ 8 24 17 20  9  8  8  6]|
|Def Amount of true predicted attacks: [ 7 24 17 17  9  8  8  6]|
04/24/2025 08:27:59 - INFO - End of Episode.
|Episode 083/100| time: 2.48|
|Def Loss 0.0462 | Def Reward in ep 097|
|Att Loss 0.0393 | Att Reward in ep 003|
|Def Estimated: [12 31 14 18  9 11  2  3]| Att Labels: [12 31 13 19 10 10  2  3]|
|Def Amount of true predicted attacks: [11 31 13 18  9 10  2  3]|
04/24/2025 08:28:02 - INFO - End of Episode.
|Episode 084/100| time: 2.55|
|Def Loss 0.0372 | Def Reward in ep 097|
|Att Loss 0.0278 | Att Reward in ep 003|
|Def Estimated: [22 27  8 17  8  6  8  4]| Att Labels: [24 27  5 18  8  6  8  4]|
|Def Amount of true predicted attacks: [22 27  5 17  8  6  8  4]|
04/24/2025 08:28:05 - INFO - End of Episode.
|Episode 085/100| time: 2.53|
|Def Loss 0.0349 | Def Reward in ep 096|
|Att Loss 0.0191 | Att Reward in ep 004|
|Def Estimated: [15 34  7 17  9  7  6  5]| Att Labels: [17 33  7 16  9  7  6  5]|
|Def Amount of true predicted attacks: [14 32  7 16  9  7  6  5]|
04/24/2025 08:28:09 - INFO - End of Episode.
|Episode 086/100| time: 2.53|
|Def Loss 0.0443 | Def Reward in ep 096|
|Att Loss 0.0165 | Att Reward in ep 004|
|Def Estimated: [15 29 10 15 11 10  3  7]| Att Labels: [16 30 10 15 10 10  2  7]|
|Def Amount of true predicted attacks: [14 29 10 15  9 10  2  7]|
04/24/2025 08:28:12 - INFO - End of Episode.
|Episode 087/100| time: 2.53|
|Def Loss 0.0411 | Def Reward in ep 098|
|Att Loss 0.0141 | Att Reward in ep 002|
|Def Estimated: [19 30  7 15 10  7  5  7]| Att Labels: [19 30  7 15 10  7  5  7]|
|Def Amount of true predicted attacks: [18 29  7 15 10  7  5  7]|
04/24/2025 08:28:15 - INFO - End of Episode.
|Episode 088/100| time: 2.52|
|Def Loss 0.0379 | Def Reward in ep 093|
|Att Loss 0.0178 | Att Reward in ep 007|
|Def Estimated: [15 30 19  8  6  7  9  6]| Att Labels: [15 32 19  8  5  8  8  5]|
|Def Amount of true predicted attacks: [13 30 18  7  5  7  8  5]|
04/24/2025 08:28:18 - INFO - End of Episode.
|Episode 089/100| time: 2.54|
|Def Loss 0.0396 | Def Reward in ep 096|
|Att Loss 0.0264 | Att Reward in ep 004|
|Def Estimated: [14 29 14 17  6  9  8  3]| Att Labels: [14 31 14 16  6  9  8  2]|
|Def Amount of true predicted attacks: [13 29 13 16  6  9  8  2]|
04/24/2025 08:28:21 - INFO - End of Episode.
|Episode 090/100| time: 2.51|
|Def Loss 0.0327 | Def Reward in ep 098|
|Att Loss 0.0274 | Att Reward in ep 002|
|Def Estimated: [10 28  8 18 10 14  5  7]| Att Labels: [12 27  7 18 10 14  5  7]|
|Def Amount of true predicted attacks: [10 27  7 18 10 14  5  7]|
04/24/2025 08:28:24 - INFO - End of Episode.
|Episode 091/100| time: 2.53|
|Def Loss 0.0311 | Def Reward in ep 095|
|Att Loss 0.0256 | Att Reward in ep 005|
|Def Estimated: [13 36  9 15 10 10  2  5]| Att Labels: [14 34 11 17  7 10  2  5]|
|Def Amount of true predicted attacks: [13 34  9 15  7 10  2  5]|
04/24/2025 08:28:27 - INFO - End of Episode.
|Episode 092/100| time: 2.49|
|Def Loss 0.0249 | Def Reward in ep 095|
|Att Loss 0.0281 | Att Reward in ep 005|
|Def Estimated: [ 8 31 12 14 10 10  8  7]| Att Labels: [10 30 11 15  9 10  9  6]|
|Def Amount of true predicted attacks: [ 8 29 11 14  9 10  8  6]|
04/24/2025 08:28:30 - INFO - End of Episode.
|Episode 093/100| time: 2.48|
|Def Loss 0.0450 | Def Reward in ep 095|
|Att Loss 0.0428 | Att Reward in ep 005|
|Def Estimated: [ 8 33 17 19  4  9  3  7]| Att Labels: [10 33 17 17  5  8  3  7]|
|Def Amount of true predicted attacks: [ 7 32 17 17  4  8  3  7]|
04/24/2025 08:28:33 - INFO - End of Episode.
|Episode 094/100| time: 2.51|
|Def Loss 0.0429 | Def Reward in ep 099|
|Att Loss 0.0399 | Att Reward in ep 001|
|Def Estimated: [13 33 10 16 10  7  6  5]| Att Labels: [13 33 10 17  9  7  6  5]|
|Def Amount of true predicted attacks: [13 33 10 16  9  7  6  5]|
04/24/2025 08:28:37 - INFO - End of Episode.
|Episode 095/100| time: 2.54|
|Def Loss 0.0583 | Def Reward in ep 094|
|Att Loss 0.0423 | Att Reward in ep 006|
|Def Estimated: [20 25 12 18  8  7  7  3]| Att Labels: [21 27  9 19  7  7  7  3]|
|Def Amount of true predicted attacks: [19 24  9 18  7  7  7  3]|
04/24/2025 08:28:40 - INFO - End of Episode.
|Episode 096/100| time: 2.55|
|Def Loss 0.0414 | Def Reward in ep 098|
|Att Loss 0.0432 | Att Reward in ep 002|
|Def Estimated: [17 28 11 12  6  8  8 10]| Att Labels: [18 27 10 13  6  8  8 10]|
|Def Amount of true predicted attacks: [17 27 10 12  6  8  8 10]|
04/24/2025 08:28:43 - INFO - End of Episode.
|Episode 097/100| time: 2.51|
|Def Loss 0.0431 | Def Reward in ep 097|
|Att Loss 0.0430 | Att Reward in ep 003|
|Def Estimated: [13 23 10 21 10  9  9  5]| Att Labels: [13 26 10 21  7  9  9  5]|
|Def Amount of true predicted attacks: [13 23 10 21  7  9  9  5]|
04/24/2025 08:28:46 - INFO - End of Episode.
|Episode 098/100| time: 2.55|
|Def Loss 0.0426 | Def Reward in ep 096|
|Att Loss 0.0346 | Att Reward in ep 004|
|Def Estimated: [21 25 13 13  4  7  7 10]| Att Labels: [21 25 13 13  4  7  7 10]|
|Def Amount of true predicted attacks: [20 25 13 11  3  7  7 10]|
04/24/2025 08:28:49 - INFO - End of Episode.
|Episode 099/100| time: 2.55|
|Def Loss 0.0564 | Def Reward in ep 093|
|Att Loss 0.0327 | Att Reward in ep 007|
|Def Estimated: [18 25 13 19  5 10  4  6]| Att Labels: [20 26 13 18  5  9  4  5]|
|Def Amount of true predicted attacks: [16 24 13 17  5  9  4  5]|
04/24/2025 08:28:50 - INFO - Model 'attacker_model_cic_2017' saved in: /workspace/models/trained-models/2025-04-24-08-23-mac-cic-2017-18-multi-class-2nd-run/attacker_model_cic.keras
04/24/2025 08:28:50 - INFO - Model summary:
Model: "attacker_model_cic_2017"
_________________________________________________________________
 Layer (type)                Output Shape              Param #   
=================================================================
 dense (Dense)               (None, 100)               6800      
                                                                 
 dense_1 (Dense)             (None, 100)               10100     
                                                                 
 dense_2 (Dense)             (None, 100)               10100     
                                                                 
 dense_3 (Dense)             (None, 100)               10100     
                                                                 
 dense_4 (Dense)             (None, 100)               10100     
                                                                 
 dense_5 (Dense)             (None, 15)                1515      
                                                                 
=================================================================
Total params: 48715 (190.29 KB)
Trainable params: 48715 (190.29 KB)
Non-trainable params: 0 (0.00 Byte)
_________________________________________________________________

04/24/2025 08:28:50 - INFO - Model 'defender_model' saved in: /workspace/models/trained-models/2025-04-24-08-23-mac-cic-2017-18-multi-class-2nd-run/defender_model.keras
04/24/2025 08:28:50 - INFO - Model summary:
Model: "defender_model"
_________________________________________________________________
 Layer (type)                Output Shape              Param #   
=================================================================
 dense_12 (Dense)            (None, 100)               6800      
                                                                 
 dense_13 (Dense)            (None, 100)               10100     
                                                                 
 dense_14 (Dense)            (None, 100)               10100     
                                                                 
 dense_15 (Dense)            (None, 8)                 808       
                                                                 
=================================================================
Total params: 27808 (108.62 KB)
Trainable params: 27808 (108.62 KB)
Non-trainable params: 0 (0.00 Byte)
_________________________________________________________________

04/24/2025 08:28:50 - INFO - Saved trained models.
04/24/2025 08:28:50 - INFO - Total runtime: 00:05:35
04/24/2025 08:28:50 - INFO - End of the script at: 2025-04-24 08:28:50.448846
04/24/2025 08:28:53 - INFO - Debug information saved to /workspace/models/trained-models/2025-04-24-08-23-mac-cic-2017-18-multi-class-2nd-run/logs/debug_info.json
04/24/2025 08:28:53 - INFO - Trying to save summary plots under: /workspace/models/trained-models/2025-04-24-08-23-mac-cic-2017-18-multi-class-2nd-run/plots/
04/24/2025 08:28:55 - INFO - Plotted attack distributions during training in: /workspace/models/trained-models/2025-04-24-08-23-mac-cic-2017-18-multi-class-2nd-run/plots/
04/24/2025 08:29:11 - INFO - Normalized confusion matrix
04/24/2025 08:29:11 - INFO - 
Confusion Matrix:
[[9.00964286e-01 3.48285714e-02 1.67857143e-03 6.24285714e-03
  3.23928571e-02 1.75714286e-02 4.87142857e-03 1.45000000e-03]
 [6.56262542e-03 9.91918713e-01 0.00000000e+00 1.27695283e-04
  3.23798752e-04 2.73632748e-05 3.10117115e-04 7.29687329e-04]
 [2.88308378e-02 1.75215037e-03 9.67027716e-01 1.59286397e-04
  1.59286397e-04 1.75215037e-03 3.18572794e-04 0.00000000e+00]
 [7.50350631e-02 1.61290323e-02 0.00000000e+00 9.08835905e-01
  0.00000000e+00 0.00000000e+00 0.00000000e+00 0.00000000e+00]
 [5.87326121e-02 0.00000000e+00 0.00000000e+00 0.00000000e+00
  9.41267388e-01 0.00000000e+00 0.00000000e+00 0.00000000e+00]
 [1.70631155e-02 3.22285116e-03 0.00000000e+00 1.63596506e-04
  0.00000000e+00 9.79550437e-01 0.00000000e+00 0.00000000e+00]
 [1.05263158e-01 0.00000000e+00 0.00000000e+00 3.68421053e-01
  0.00000000e+00 0.00000000e+00 5.26315789e-01 0.00000000e+00]
 [0.00000000e+00 0.00000000e+00 0.00000000e+00 0.00000000e+00
  0.00000000e+00 0.00000000e+00 0.00000000e+00 1.00000000e+00]]
04/24/2025 08:29:12 - INFO - Plotted confusion matrix in: /workspace/models/trained-models/2025-04-24-08-23-mac-cic-2017-18-multi-class-2nd-run/plots/intraset/
04/24/2025 08:29:12 - INFO - Model summary:
Model: "defender_model"
_________________________________________________________________
 Layer (type)                Output Shape              Param #   
=================================================================
 dense_12 (Dense)            (None, 100)               6800      
                                                                 
 dense_13 (Dense)            (None, 100)               10100     
                                                                 
 dense_14 (Dense)            (None, 100)               10100     
                                                                 
 dense_15 (Dense)            (None, 8)                 808       
                                                                 
=================================================================
Total params: 27808 (108.62 KB)
Trainable params: 27808 (108.62 KB)
Non-trainable params: 0 (0.00 Byte)
_________________________________________________________________

loaded from: /workspace/models/trained-models/2025-04-24-08-23-mac-cic-2017-18-multi-class-2nd-run/defender_model.keras
04/24/2025 08:29:13 - INFO - Overall overview
Total reward: 412111 | Number of samples: 429420 | Accuracy = 95.97%
Overall overview per attack type
              Estimated Correct   Total Mismatch   F1_score
Benign           128983  126135  140000    11017  93.786596
(D)DOS           222607  217500  219272     3335  98.443239
Brute Force        6306    6071    6278       28  96.487603
Web Attack         2216    1296    1426      790  71.169687
Botnet             5825    1218    1294     4531  34.218289
Probe             62353   59876   61126     1227  96.981673
Infiltration        762      10      19      743   2.560819
Heartbleed          368       5       5      363   2.680965
Weigthed Avg.                                     96.398977
04/24/2025 08:29:14 - INFO - 
       Class  Support  Accuracy  Precision  Recall  F1-Score
      Benign   140000    0.9010     0.9779  0.9010    0.9379
      (D)DOS   219272    0.9919     0.9771  0.9919    0.9844
 Brute Force     6278    0.9670     0.9627  0.9670    0.9649
  Web Attack     1426    0.9088     0.5848  0.9088    0.7117
      Botnet     1294    0.9413     0.2091  0.9413    0.3422
       Probe    61126    0.9796     0.9603  0.9796    0.9698
Infiltration       19    0.5263     0.0131  0.5263    0.0256
  Heartbleed        5    1.0000     0.0136  1.0000    0.0268
04/24/2025 08:29:14 - INFO - Overall weighted F1-score: 0.9640
04/24/2025 08:29:14 - INFO - Classification report:
              precision    recall  f1-score   support

      Benign       0.98      0.90      0.94    140000
      (D)DOS       0.98      0.99      0.98    219272
 Brute Force       0.96      0.97      0.96      6278
  Web Attack       0.58      0.91      0.71      1426
      Botnet       0.21      0.94      0.34      1294
       Probe       0.96      0.98      0.97     61126
Infiltration       0.01      0.53      0.03        19
  Heartbleed       0.01      1.00      0.03         5

    accuracy                           0.96    429420
   macro avg       0.59      0.90      0.62    429420
weighted avg       0.97      0.96      0.96    429420

04/24/2025 08:29:28 - INFO - Model metrics: 
loss=0.044195204973220825, mse=0.189731165766716, mae=0.20276153087615967
04/24/2025 08:29:28 - INFO - Optimizer config: {'name': 'Adam', 'weight_decay': None, 'clipnorm': None, 'global_clipnorm': None, 'clipvalue': None, 'use_ema': False, 'ema_momentum': 0.99, 'ema_overwrite_frequency': None, 'jit_compile': True, 'is_legacy_optimizer': False, 'learning_rate': 0.001, 'beta_1': 0.9, 'beta_2': 0.999, 'epsilon': 1e-07, 'amsgrad': False}
04/24/2025 08:29:28 - INFO - Time needed for testing: 28.75926923751831
04/24/2025 08:29:29 - INFO - [Intra Set] Metrics exported to: /workspace/models/trained-models/2025-04-24-08-23-mac-cic-2017-18-multi-class-2nd-run/logs/evaluation_metrics_defender_model.json
04/24/2025 08:30:11 - INFO - Normalized confusion matrix
04/24/2025 08:30:11 - INFO - 
Confusion Matrix:
[[7.45788235e-01 9.20894118e-02 1.31623529e-02 9.17647059e-05
  1.09263529e-01 3.01223529e-02 6.77176471e-03 2.71058824e-03]
 [4.72802639e-01 2.20100321e-01 2.97904166e-01 0.00000000e+00
  1.83930560e-04 5.72499093e-05 8.85181044e-03 9.98828204e-05]
 [9.99571232e-01 0.00000000e+00 0.00000000e+00 0.00000000e+00
  0.00000000e+00 4.28767797e-04 0.00000000e+00 0.00000000e+00]
 [6.34036145e-01 6.17469880e-02 1.59638554e-01 0.00000000e+00
  1.65662651e-02 0.00000000e+00 0.00000000e+00 1.28012048e-01]
 [9.63439504e-01 1.58887460e-03 4.41445057e-03 0.00000000e+00
  2.85997428e-02 1.95742799e-03 0.00000000e+00 0.00000000e+00]
 [           nan            nan            nan            nan
             nan            nan            nan            nan]
 [5.92738141e-01 4.82278925e-02 4.01929854e-02 7.37993764e-05
  1.65771849e-01 1.42119149e-01 9.59391893e-03 1.28226416e-03]
 [           nan            nan            nan            nan
             nan            nan            nan            nan]]
04/24/2025 08:30:12 - INFO - Plotted confusion matrix in: /workspace/models/trained-models/2025-04-24-08-23-mac-cic-2017-18-multi-class-2nd-run/plots/interset/
04/24/2025 08:30:12 - INFO - [Inter-Set] Confusion matrix saved to /workspace/models/trained-models/2025-04-24-08-23-mac-cic-2017-18-multi-class-2nd-run/plots/
04/24/2025 08:31:03 - INFO - [Cross-Set] Model metrics: loss=0.09104277193546295, mse=2.0036661624908447, mae=0.29532089829444885
04/24/2025 08:31:05 - INFO - [Inter-Set] Evaluation completed. Metrics exported to: /workspace/models/trained-models/2025-04-24-08-23-mac-cic-2017-18-multi-class-2nd-run/logs/evaluation_metrics_cross_defender_model.json
04/24/2025 08:31:05 - INFO - [Inter-Set] Time needed: 96.60 seconds
04/24/2025 08:31:05 - INFO - Finished script at: 2025-04-24-08-31
Total runtime: 0:07:51.069765
