04/24/2025 08:36:06 - INFO - Started script at: 2025-04-24-08-36
Current working dir: /workspace
Used training data files: 
/workspace/data/datasets/cic_ids/cic-ids-2017/clean/all_benign.feather,
/workspace/data/datasets/cic_ids/cic-ids-2017/clean/all_malicious.feather
Used inter set for validation:
/workspace/data/datasets/cic_ids/cse-cic-ids-2018/clean/all_benign.feather,
/workspace/data/datasets/cic_ids/cse-cic-ids-2018/clean/all_malicious.feather
04/24/2025 08:36:06 - INFO - Setting up Attacker and Defender Agents...
04/24/2025 08:36:06 - INFO - Loading benign data from:
/workspace/data/datasets/cic_ids/cic-ids-2017/clean/all_benign.feather
Loading malicious data from:
/workspace/data/datasets/cic_ids/cic-ids-2017/clean/all_malicious.feather
04/24/2025 08:36:08 - INFO - Multi-Class Split ready.
04/24/2025 08:36:08 - INFO - Train: (62267, 67), Validation: (184037, 67), Test: (429420, 67)
04/24/2025 08:36:08 - INFO - [Init full dataset] Loaded 62267 train, 429420 test samples.
04/24/2025 08:36:08 - INFO - Loading benign data from:
/workspace/data/datasets/cic_ids/cse-cic-ids-2018/clean/all_benign.feather
Loading malicious data from:
/workspace/data/datasets/cic_ids/cse-cic-ids-2018/clean/all_malicious.feather
04/24/2025 08:36:43 - WARNING - No samples found for attack type 'Probe'.
04/24/2025 08:36:44 - WARNING - No samples found for attack type 'Heartbleed'.
04/24/2025 08:36:47 - INFO - Multi-Class Split ready.
04/24/2025 08:36:47 - INFO - Train: (59160, 67), Validation: (274662, 67), Test: (1556424, 67)
04/24/2025 08:36:47 - INFO - Initializing Attacker:CIC-2017-all's ReplayMemory with observation_size=67 and max_size=1000
04/24/2025 08:36:48 - WARNING - Skipping variable loading for optimizer 'Adam', because it has 25 variables whereas the saved optimizer has 1 variables. 
04/24/2025 08:36:48 - INFO - Initializing Defender's ReplayMemory with observation_size=67 and max_size=1000
04/24/2025 08:36:49 - WARNING - Skipping variable loading for optimizer 'Adam', because it has 17 variables whereas the saved optimizer has 1 variables. 
04/24/2025 08:36:49 - INFO - Creating environment...
04/24/2025 08:36:49 - INFO - Start Training with the following parameters:
-----------------------------------------------------------------------------------------------------------------------
Total episodes: 100 | Iterations in episode: 100 | <Attacker> Minibatch from mem size: 100 | Total Samples: 10000 | <Defender> Minibatch from mem size: 100 | Data shape: (62267, 67)
-----------------------------------------------------------------------------------------------------------------------
Attacker<Attack-Type>: Num_actions=15 | gamma=0.001 | epsilon=1 | ANN hidden size=100 | ANN hidden layers=5 | Learning rate=0.001
-----------------------------------------------------------------------------------------------------------------------
Defender: Num_actions=8 | gamma=0.001 | epsilon=1 | ANN hidden size=100 | ANN hidden layers=3 | Learning rate=0.001
-----------------------------------------------------------------------------------------------------------------------
Used Attack types: '['Benign', '(D)DOS', 'Brute Force', 'Web Attack', 'Botnet', 'Probe', 'Infiltration', 'Heartbleed']' | Attack name(s): ['Benign', 'Bot', 'DDoS', 'DoS GoldenEye', 'DoS Hulk', 'DoS Slowhttptest', 'DoS slowloris', 'FTP Patator', 'Heartbleed', 'Infiltration', 'PortScan', 'SSH Patator', 'Web Attack Brute Force', 'Web Attack Sql Injection', 'Web Attack XSS']
-----------------------------------------------------------------------------------------------------------------------

04/24/2025 08:36:49 - INFO - End of Episode.
|Episode 000/100| time: 0.49|
|Def Loss 0.0000 | Def Reward in ep 015|
|Att Loss 0.0000 | Att Reward in ep 085|
|Def Estimated: [13 17  9 13 12 15 12  9]| Att Labels: [ 2 36 14 19  7  6  9  7]|
|Def Amount of true predicted attacks: [0 8 2 1 1 2 0 1]|
04/24/2025 08:36:53 - WARNING - 5 out of the last 5 calls to <function QNetwork.predict at 0x78d70fb0fa60> triggered tf.function retracing. Tracing is expensive and the excessive number of tracings could be due to (1) creating @tf.function repeatedly in a loop, (2) passing tensors with different shapes, (3) passing Python objects instead of tensors. For (1), please define your @tf.function outside of the loop. For (2), @tf.function has reduce_retracing=True option that can avoid unnecessary retracing. For (3), please refer to https://www.tensorflow.org/guide/function#controlling_retracing and https://www.tensorflow.org/api_docs/python/tf/function for  more details.
04/24/2025 08:36:55 - WARNING - 6 out of the last 11 calls to <function QNetwork.predict at 0x78d70fb0fa60> triggered tf.function retracing. Tracing is expensive and the excessive number of tracings could be due to (1) creating @tf.function repeatedly in a loop, (2) passing tensors with different shapes, (3) passing Python objects instead of tensors. For (1), please define your @tf.function outside of the loop. For (2), @tf.function has reduce_retracing=True option that can avoid unnecessary retracing. For (3), please refer to https://www.tensorflow.org/guide/function#controlling_retracing and https://www.tensorflow.org/api_docs/python/tf/function for  more details.
04/24/2025 08:36:57 - INFO - End of Episode.
|Episode 001/100| time: 6.96|
|Def Loss 0.3821 | Def Reward in ep 043|
|Att Loss 0.7501 | Att Reward in ep 057|
|Def Estimated: [ 4 20 19 26  7  9  3 12]| Att Labels: [ 8 28 14 22  8  6  9  5]|
|Def Amount of true predicted attacks: [ 1 13  8 15  0  1  0  5]|
04/24/2025 08:37:00 - INFO - End of Episode.
|Episode 002/100| time: 2.51|
|Def Loss 0.2567 | Def Reward in ep 072|
|Att Loss 0.5996 | Att Reward in ep 028|
|Def Estimated: [ 5 27 15 19 11 14  0  9]| Att Labels: [ 7 27 12 20  9  7 10  8]|
|Def Amount of true predicted attacks: [ 4 22  8 19  5  6  0  8]|
04/24/2025 08:37:03 - INFO - End of Episode.
|Episode 003/100| time: 2.59|
|Def Loss 0.2131 | Def Reward in ep 076|
|Att Loss 0.5652 | Att Reward in ep 024|
|Def Estimated: [10 41  8 16  7 10  1  7]| Att Labels: [20 38  9 13  5  6  4  5]|
|Def Amount of true predicted attacks: [ 9 35  6 12  3  6  0  5]|
04/24/2025 08:37:06 - INFO - End of Episode.
|Episode 004/100| time: 2.64|
|Def Loss 0.2028 | Def Reward in ep 072|
|Att Loss 0.5171 | Att Reward in ep 028|
|Def Estimated: [ 9 28 12 16  6 15  3 11]| Att Labels: [16 29 12 14 11  4  5  9]|
|Def Amount of true predicted attacks: [ 7 26 11 12  2  4  1  9]|
04/24/2025 08:37:09 - INFO - End of Episode.
|Episode 005/100| time: 2.66|
|Def Loss 0.1998 | Def Reward in ep 076|
|Att Loss 0.4840 | Att Reward in ep 024|
|Def Estimated: [ 9 27 17 10  6 11 13  7]| Att Labels: [21 29 13  9  8  3 10  7]|
|Def Amount of true predicted attacks: [ 9 23 13  9  3  3  9  7]|
04/24/2025 08:37:11 - INFO - End of Episode.
|Episode 006/100| time: 2.59|
|Def Loss 0.1784 | Def Reward in ep 071|
|Att Loss 0.4482 | Att Reward in ep 029|
|Def Estimated: [14 20 13 15  8 14  6 10]| Att Labels: [16 21 14 16 15  5  5  8]|
|Def Amount of true predicted attacks: [ 8 17 12 14  4  5  3  8]|
04/24/2025 08:37:14 - INFO - End of Episode.
|Episode 007/100| time: 2.55|
|Def Loss 0.1777 | Def Reward in ep 074|
|Att Loss 0.4216 | Att Reward in ep 026|
|Def Estimated: [15 30 10 17  9  8  5  6]| Att Labels: [15 31 14 15  9  4  6  6]|
|Def Amount of true predicted attacks: [ 7 29  7 14  3  4  4  6]|
04/24/2025 08:37:17 - INFO - End of Episode.
|Episode 008/100| time: 2.59|
|Def Loss 0.1756 | Def Reward in ep 078|
|Att Loss 0.3939 | Att Reward in ep 022|
|Def Estimated: [15 34 12 15  3  5 10  6]| Att Labels: [22 29 11 16  4  2 10  6]|
|Def Amount of true predicted attacks: [12 26  7 14  1  2 10  6]|
04/24/2025 08:37:20 - INFO - End of Episode.
|Episode 009/100| time: 2.61|
|Def Loss 0.1695 | Def Reward in ep 081|
|Att Loss 0.3921 | Att Reward in ep 019|
|Def Estimated: [16 31 11 20  6  9  4  3]| Att Labels: [13 31 12 18 12  7  4  3]|
|Def Amount of true predicted attacks: [ 8 28 10 18  4  7  3  3]|
04/24/2025 08:37:23 - INFO - End of Episode.
|Episode 010/100| time: 2.63|
|Def Loss 0.1632 | Def Reward in ep 085|
|Att Loss 0.2874 | Att Reward in ep 015|
|Def Estimated: [17 23 10 21  5 11  9  4]| Att Labels: [18 25  9 19  8  8  9  4]|
|Def Amount of true predicted attacks: [12 22  9 19  2  8  9  4]|
04/24/2025 08:37:26 - INFO - End of Episode.
|Episode 011/100| time: 2.59|
|Def Loss 0.1542 | Def Reward in ep 088|
|Att Loss 0.1936 | Att Reward in ep 012|
|Def Estimated: [11 37 16 13  9  5  4  5]| Att Labels: [12 36 16 13  7  5  5  6]|
|Def Amount of true predicted attacks: [ 8 34 16 12  5  5  3  5]|
04/24/2025 08:37:28 - INFO - End of Episode.
|Episode 012/100| time: 2.54|
|Def Loss 0.1281 | Def Reward in ep 091|
|Att Loss 0.1135 | Att Reward in ep 009|
|Def Estimated: [ 7 35  9 18 12  7  6  6]| Att Labels: [ 7 27  9 19 19  7  6  6]|
|Def Amount of true predicted attacks: [ 7 27  9 18 11  7  6  6]|
04/24/2025 08:37:31 - INFO - End of Episode.
|Episode 013/100| time: 2.61|
|Def Loss 0.1261 | Def Reward in ep 076|
|Att Loss 0.1081 | Att Reward in ep 024|
|Def Estimated: [13 31 10 19  8 10  3  6]| Att Labels: [ 7 26  9 21 18  8  6  5]|
|Def Amount of true predicted attacks: [ 5 23  8 18  6  8  3  5]|
04/24/2025 08:37:34 - INFO - End of Episode.
|Episode 014/100| time: 2.69|
|Def Loss 0.1145 | Def Reward in ep 077|
|Att Loss 0.1097 | Att Reward in ep 023|
|Def Estimated: [20 34 11 13 10 11  1  0]| Att Labels: [14 30  9 15 26  5  1  0]|
|Def Amount of true predicted attacks: [11 28  9 13 10  5  1  0]|
04/24/2025 08:37:37 - INFO - End of Episode.
|Episode 015/100| time: 2.55|
|Def Loss 0.1013 | Def Reward in ep 078|
|Att Loss 0.1156 | Att Reward in ep 022|
|Def Estimated: [11 27 16 23  4 11  4  4]| Att Labels: [ 6 28 14 23 16  5  5  3]|
|Def Amount of true predicted attacks: [ 2 24 14 22  4  5  4  3]|
04/24/2025 08:37:40 - INFO - End of Episode.
|Episode 016/100| time: 2.60|
|Def Loss 0.1026 | Def Reward in ep 081|
|Att Loss 0.1213 | Att Reward in ep 019|
|Def Estimated: [14 30 13 17 10  9  3  4]| Att Labels: [12 26 14 16 20  3  5  4]|
|Def Amount of true predicted attacks: [ 9 25 12 16  9  3  3  4]|
04/24/2025 08:37:43 - INFO - End of Episode.
|Episode 017/100| time: 2.66|
|Def Loss 0.1030 | Def Reward in ep 081|
|Att Loss 0.1099 | Att Reward in ep 019|
|Def Estimated: [15 16 15 23  6 15  5  5]| Att Labels: [12 14 13 23 17 10  6  5]|
|Def Amount of true predicted attacks: [ 9 12 12 23  5 10  5  5]|
04/24/2025 08:37:46 - INFO - End of Episode.
|Episode 018/100| time: 2.58|
|Def Loss 0.0928 | Def Reward in ep 083|
|Att Loss 0.0894 | Att Reward in ep 017|
|Def Estimated: [15 34 12 17  8  8  3  3]| Att Labels: [ 9 32 14 18 14  6  5  2]|
|Def Amount of true predicted attacks: [ 8 30 12 16  6  6  3  2]|
04/24/2025 08:37:49 - INFO - End of Episode.
|Episode 019/100| time: 2.55|
|Def Loss 0.0976 | Def Reward in ep 084|
|Att Loss 0.0852 | Att Reward in ep 016|
|Def Estimated: [12 24 23 15 10  6  3  7]| Att Labels: [ 6 27 20 16 18  3  4  6]|
|Def Amount of true predicted attacks: [ 5 24 19 15  9  3  3  6]|
04/24/2025 08:37:52 - INFO - End of Episode.
|Episode 020/100| time: 2.55|
|Def Loss 0.0923 | Def Reward in ep 083|
|Att Loss 0.0720 | Att Reward in ep 017|
|Def Estimated: [ 9 36 16 12  8  9  0 10]| Att Labels: [ 4 33 15 11 19  8  0 10]|
|Def Amount of true predicted attacks: [ 2 32 14 11  7  7  0 10]|
04/24/2025 08:37:54 - INFO - End of Episode.
|Episode 021/100| time: 2.57|
|Def Loss 0.0965 | Def Reward in ep 075|
|Att Loss 0.0633 | Att Reward in ep 025|
|Def Estimated: [13 32 13 21  4  6  5  6]| Att Labels: [ 6 26 10 22 23  3  4  6]|
|Def Amount of true predicted attacks: [ 4 25 10 21  3  3  3  6]|
04/24/2025 08:37:57 - INFO - End of Episode.
|Episode 022/100| time: 2.59|
|Def Loss 0.0917 | Def Reward in ep 077|
|Att Loss 0.0594 | Att Reward in ep 023|
|Def Estimated: [12 29 10 17 10 11  4  7]| Att Labels: [14 21 11 17 20  7  4  6]|
|Def Amount of true predicted attacks: [ 9 21  8 16  7  6  4  6]|
04/24/2025 08:38:00 - INFO - End of Episode.
|Episode 023/100| time: 2.60|
|Def Loss 0.0840 | Def Reward in ep 089|
|Att Loss 0.0625 | Att Reward in ep 011|
|Def Estimated: [ 6 39 11 18  8  9  2  7]| Att Labels: [ 6 37 10 19 14  6  2  6]|
|Def Amount of true predicted attacks: [ 5 36 10 17  8  6  1  6]|
04/24/2025 08:38:03 - INFO - End of Episode.
|Episode 024/100| time: 2.57|
|Def Loss 0.0753 | Def Reward in ep 086|
|Att Loss 0.0576 | Att Reward in ep 014|
|Def Estimated: [ 7 31 14 21  7  7  6  7]| Att Labels: [ 7 28 12 22 16  2  6  7]|
|Def Amount of true predicted attacks: [ 5 27 12 21  7  2  5  7]|
04/24/2025 08:38:06 - INFO - End of Episode.
|Episode 025/100| time: 2.66|
|Def Loss 0.0754 | Def Reward in ep 088|
|Att Loss 0.0615 | Att Reward in ep 012|
|Def Estimated: [12 31 16 11  9 11  6  4]| Att Labels: [11 31 14  9 13  9  9  4]|
|Def Amount of true predicted attacks: [ 9 30 13  9  8  9  6  4]|
04/24/2025 08:38:09 - INFO - End of Episode.
|Episode 026/100| time: 2.55|
|Def Loss 0.0783 | Def Reward in ep 077|
|Att Loss 0.0522 | Att Reward in ep 023|
|Def Estimated: [ 7 34  9 20  8  6  3 13]| Att Labels: [ 8 28  5 19 22  3  3 12]|
|Def Amount of true predicted attacks: [ 4 27  5 18  7  3  1 12]|
04/24/2025 08:38:12 - INFO - End of Episode.
|Episode 027/100| time: 2.55|
|Def Loss 0.0792 | Def Reward in ep 086|
|Att Loss 0.0511 | Att Reward in ep 014|
|Def Estimated: [ 9 30 10 16  7 12  6 10]| Att Labels: [ 4 32  9 17 15  8  5 10]|
|Def Amount of true predicted attacks: [ 4 28  9 16  7  7  5 10]|
04/24/2025 08:38:15 - INFO - End of Episode.
|Episode 028/100| time: 2.64|
|Def Loss 0.0793 | Def Reward in ep 093|
|Att Loss 0.0481 | Att Reward in ep 007|
|Def Estimated: [10 32  5 25 12  4  9  3]| Att Labels: [ 9 33  4 23 14  4 10  3]|
|Def Amount of true predicted attacks: [ 8 32  4 23 11  4  8  3]|
04/24/2025 08:38:18 - INFO - End of Episode.
|Episode 029/100| time: 2.57|
|Def Loss 0.0854 | Def Reward in ep 086|
|Att Loss 0.0523 | Att Reward in ep 014|
|Def Estimated: [ 7 29 14 14  7  7  7 15]| Att Labels: [ 7 32 12 12 11  4  8 14]|
|Def Amount of true predicted attacks: [ 6 29 12 11  5  4  6 13]|
04/24/2025 08:38:21 - INFO - End of Episode.
|Episode 030/100| time: 2.57|
|Def Loss 0.0957 | Def Reward in ep 088|
|Att Loss 0.0505 | Att Reward in ep 012|
|Def Estimated: [ 9 34 13 17  5 12  7  3]| Att Labels: [ 8 33 14 14 12  9  7  3]|
|Def Amount of true predicted attacks: [ 8 32 12 14  4  9  6  3]|
04/24/2025 08:38:24 - INFO - End of Episode.
|Episode 031/100| time: 2.55|
|Def Loss 0.0843 | Def Reward in ep 088|
|Att Loss 0.0535 | Att Reward in ep 012|
|Def Estimated: [ 8 31 13 16  6 13  8  5]| Att Labels: [ 8 28 11 15 16  9  8  5]|
|Def Amount of true predicted attacks: [ 6 28 11 15  6  9  8  5]|
04/24/2025 08:38:27 - INFO - End of Episode.
|Episode 032/100| time: 2.58|
|Def Loss 0.0793 | Def Reward in ep 089|
|Att Loss 0.0455 | Att Reward in ep 011|
|Def Estimated: [11 31  7 23  9  6  5  8]| Att Labels: [11 28  7 20 14  6  6  8]|
|Def Amount of true predicted attacks: [ 9 28  6 20  8  5  5  8]|
04/24/2025 08:38:30 - INFO - End of Episode.
|Episode 033/100| time: 2.58|
|Def Loss 0.0807 | Def Reward in ep 085|
|Att Loss 0.0388 | Att Reward in ep 015|
|Def Estimated: [11 24 16 19 10  9  6  5]| Att Labels: [14 23 17 17 14  3  7  5]|
|Def Amount of true predicted attacks: [10 21 16 17  7  3  6  5]|
04/24/2025 08:38:32 - INFO - End of Episode.
|Episode 034/100| time: 2.57|
|Def Loss 0.0804 | Def Reward in ep 085|
|Att Loss 0.0383 | Att Reward in ep 015|
|Def Estimated: [11 42  9 18  7 10  1  2]| Att Labels: [10 35 10 17 16  7  2  3]|
|Def Amount of true predicted attacks: [ 8 34  9 17  7  7  1  2]|
04/24/2025 08:38:35 - INFO - End of Episode.
|Episode 035/100| time: 2.59|
|Def Loss 0.0851 | Def Reward in ep 086|
|Att Loss 0.0441 | Att Reward in ep 014|
|Def Estimated: [10 27 18 14  8  9  7  7]| Att Labels: [12 24 17 13 14  7  6  7]|
|Def Amount of true predicted attacks: [ 8 23 17 13  6  6  6  7]|
04/24/2025 08:38:38 - INFO - End of Episode.
|Episode 036/100| time: 2.54|
|Def Loss 0.0756 | Def Reward in ep 086|
|Att Loss 0.0444 | Att Reward in ep 014|
|Def Estimated: [ 9 34 15 22  9  6  3  2]| Att Labels: [ 8 32 15 20 15  3  4  3]|
|Def Amount of true predicted attacks: [ 6 30 15 20  8  3  2  2]|
04/24/2025 08:38:41 - INFO - End of Episode.
|Episode 037/100| time: 2.56|
|Def Loss 0.0606 | Def Reward in ep 089|
|Att Loss 0.0438 | Att Reward in ep 011|
|Def Estimated: [ 8 38 10 19  8  8  1  8]| Att Labels: [ 5 36  9 18 14  5  5  8]|
|Def Amount of true predicted attacks: [ 5 36  9 18  7  5  1  8]|
04/24/2025 08:38:44 - INFO - End of Episode.
|Episode 038/100| time: 2.62|
|Def Loss 0.0733 | Def Reward in ep 080|
|Att Loss 0.0440 | Att Reward in ep 020|
|Def Estimated: [18 29 13 20  2  9  3  6]| Att Labels: [18 30 12 12 10  9  3  6]|
|Def Amount of true predicted attacks: [10 27 12 12  1  9  3  6]|
04/24/2025 08:38:47 - INFO - End of Episode.
|Episode 039/100| time: 2.60|
|Def Loss 0.0647 | Def Reward in ep 079|
|Att Loss 0.0431 | Att Reward in ep 021|
|Def Estimated: [16 34 10 17  9  5  6  3]| Att Labels: [11 34  8 14 18  5  7  3]|
|Def Amount of true predicted attacks: [ 9 30  7 14  8  4  4  3]|
04/24/2025 08:38:50 - INFO - End of Episode.
|Episode 040/100| time: 2.62|
|Def Loss 0.0630 | Def Reward in ep 082|
|Att Loss 0.0406 | Att Reward in ep 018|
|Def Estimated: [12 32 12 21  8  8  4  3]| Att Labels: [ 5 29 11 18 22  6  6  3]|
|Def Amount of true predicted attacks: [ 4 28 11 18  8  6  4  3]|
04/24/2025 08:38:53 - INFO - End of Episode.
|Episode 041/100| time: 2.56|
|Def Loss 0.0480 | Def Reward in ep 085|
|Att Loss 0.0340 | Att Reward in ep 015|
|Def Estimated: [14 38  9 15 10  4  5  5]| Att Labels: [10 34 10 12 18  3  8  5]|
|Def Amount of true predicted attacks: [ 7 34  9 12 10  3  5  5]|
04/24/2025 08:38:56 - INFO - End of Episode.
|Episode 042/100| time: 2.62|
|Def Loss 0.0577 | Def Reward in ep 084|
|Att Loss 0.0426 | Att Reward in ep 016|
|Def Estimated: [ 9 30 13 20 10  8  4  6]| Att Labels: [ 8 33 11 18 16  5  4  5]|
|Def Amount of true predicted attacks: [ 5 30 11 18  8  5  2  5]|
04/24/2025 08:38:59 - INFO - End of Episode.
|Episode 043/100| time: 2.57|
|Def Loss 0.0522 | Def Reward in ep 088|
|Att Loss 0.0488 | Att Reward in ep 012|
|Def Estimated: [ 5 27 18 21 10  5  7  7]| Att Labels: [ 5 26 17 18 18  1  9  6]|
|Def Amount of true predicted attacks: [ 4 26 16 18 10  1  7  6]|
04/24/2025 08:39:02 - INFO - End of Episode.
|Episode 044/100| time: 2.59|
|Def Loss 0.0499 | Def Reward in ep 087|
|Att Loss 0.0475 | Att Reward in ep 013|
|Def Estimated: [14 27 12 19 10  7  4  7]| Att Labels: [12 24  7 19 19  7  5  7]|
|Def Amount of true predicted attacks: [10 23  7 19 10  7  4  7]|
04/24/2025 08:39:05 - INFO - End of Episode.
|Episode 045/100| time: 2.59|
|Def Loss 0.0387 | Def Reward in ep 087|
|Att Loss 0.0432 | Att Reward in ep 013|
|Def Estimated: [11 35 13 16  9  8  3  5]| Att Labels: [ 8 34 12 15 16  6  4  5]|
|Def Amount of true predicted attacks: [ 7 34 11 14  8  6  2  5]|
04/24/2025 08:39:08 - INFO - End of Episode.
|Episode 046/100| time: 2.55|
|Def Loss 0.0372 | Def Reward in ep 083|
|Att Loss 0.0425 | Att Reward in ep 017|
|Def Estimated: [11 29 13 20  6 12  4  5]| Att Labels: [ 6 27 10 19 20  8  5  5]|
|Def Amount of true predicted attacks: [ 4 27 10 19  6  8  4  5]|
04/24/2025 08:39:11 - INFO - End of Episode.
|Episode 047/100| time: 2.59|
|Def Loss 0.0397 | Def Reward in ep 082|
|Att Loss 0.0460 | Att Reward in ep 018|
|Def Estimated: [10 28  9 22  9  6  7  9]| Att Labels: [12 28  7 16 19  5  5  8]|
|Def Amount of true predicted attacks: [ 8 26  7 16  9  4  5  7]|
04/24/2025 08:39:14 - INFO - End of Episode.
|Episode 048/100| time: 2.58|
|Def Loss 0.0447 | Def Reward in ep 085|
|Att Loss 0.0470 | Att Reward in ep 015|
|Def Estimated: [14 20 14 22  4 11  8  7]| Att Labels: [ 9 20 11 19 14 10 10  7]|
|Def Amount of true predicted attacks: [ 8 19 11 19  3 10  8  7]|
04/24/2025 08:39:17 - INFO - End of Episode.
|Episode 049/100| time: 2.57|
|Def Loss 0.0366 | Def Reward in ep 087|
|Att Loss 0.0478 | Att Reward in ep 013|
|Def Estimated: [ 9 26 14 17 10 16  5  3]| Att Labels: [ 7 25 11 17 23  9  5  3]|
|Def Amount of true predicted attacks: [ 7 25 11 17 10  9  5  3]|
04/24/2025 08:39:20 - INFO - End of Episode.
|Episode 050/100| time: 2.60|
|Def Loss 0.0429 | Def Reward in ep 081|
|Att Loss 0.0484 | Att Reward in ep 019|
|Def Estimated: [10 33 13 19 11  7  6  1]| Att Labels: [ 9 32 11 16 21  3  7  1]|
|Def Amount of true predicted attacks: [ 5 30 10 16 10  3  6  1]|
04/24/2025 08:39:23 - INFO - End of Episode.
|Episode 051/100| time: 2.63|
|Def Loss 0.0618 | Def Reward in ep 085|
|Att Loss 0.0372 | Att Reward in ep 015|
|Def Estimated: [17 28  7 16  8  9  6  9]| Att Labels: [14 25  7 15 19  6  6  8]|
|Def Amount of true predicted attacks: [11 25  7 15  7  6  6  8]|
04/24/2025 08:39:26 - INFO - End of Episode.
|Episode 052/100| time: 2.58|
|Def Loss 0.0656 | Def Reward in ep 085|
|Att Loss 0.0296 | Att Reward in ep 015|
|Def Estimated: [11 29 15 20  7  5  6  7]| Att Labels: [14 28 10 18 14  3  7  6]|
|Def Amount of true predicted attacks: [10 25 10 18  7  3  6  6]|
04/24/2025 08:39:29 - INFO - End of Episode.
|Episode 053/100| time: 2.63|
|Def Loss 0.0661 | Def Reward in ep 082|
|Att Loss 0.0275 | Att Reward in ep 018|
|Def Estimated: [16 34 11 15 10  5  5  4]| Att Labels: [16 32  7 12 18  5  6  4]|
|Def Amount of true predicted attacks: [12 30  6 12  8  5  5  4]|
04/24/2025 08:39:33 - INFO - End of Episode.
|Episode 054/100| time: 2.57|
|Def Loss 0.0618 | Def Reward in ep 087|
|Att Loss 0.0274 | Att Reward in ep 013|
|Def Estimated: [12 31 12 17  5  8  8  7]| Att Labels: [ 9 30 11 16 13  7  7  7]|
|Def Amount of true predicted attacks: [ 7 28 11 16  4  7  7  7]|
04/24/2025 08:39:36 - INFO - End of Episode.
|Episode 055/100| time: 2.60|
|Def Loss 0.0574 | Def Reward in ep 091|
|Att Loss 0.0332 | Att Reward in ep 009|
|Def Estimated: [12 38 10 23  4  2  5  6]| Att Labels: [16 33 12 22  5  2  4  6]|
|Def Amount of true predicted attacks: [12 32 10 22  3  2  4  6]|
04/24/2025 08:39:39 - INFO - End of Episode.
|Episode 056/100| time: 2.59|
|Def Loss 0.0504 | Def Reward in ep 086|
|Att Loss 0.0356 | Att Reward in ep 014|
|Def Estimated: [13 45 14 13  5  5  2  3]| Att Labels: [ 8 46 13 13 14  1  2  3]|
|Def Amount of true predicted attacks: [ 8 43 11 13  5  1  2  3]|
04/24/2025 08:39:42 - INFO - End of Episode.
|Episode 057/100| time: 2.62|
|Def Loss 0.0605 | Def Reward in ep 085|
|Att Loss 0.0302 | Att Reward in ep 015|
|Def Estimated: [18 37 11 19  4  3  4  4]| Att Labels: [14 36 10 19 10  2  5  4]|
|Def Amount of true predicted attacks: [12 32  9 19  3  2  4  4]|
04/24/2025 08:39:45 - INFO - End of Episode.
|Episode 058/100| time: 2.63|
|Def Loss 0.0694 | Def Reward in ep 085|
|Att Loss 0.0274 | Att Reward in ep 015|
|Def Estimated: [10 26 10 22 11 11  3  7]| Att Labels: [13 25 10 18 14  8  5  7]|
|Def Amount of true predicted attacks: [10 24  8 18  7  8  3  7]|
04/24/2025 08:39:48 - INFO - End of Episode.
|Episode 059/100| time: 2.58|
|Def Loss 0.0560 | Def Reward in ep 092|
|Att Loss 0.0302 | Att Reward in ep 008|
|Def Estimated: [13 37 13 15  3  9  4  6]| Att Labels: [ 9 36 13 15  8  8  6  5]|
|Def Amount of true predicted attacks: [ 9 35 13 15  3  8  4  5]|
04/24/2025 08:39:51 - INFO - End of Episode.
|Episode 060/100| time: 2.60|
|Def Loss 0.0555 | Def Reward in ep 086|
|Att Loss 0.0388 | Att Reward in ep 014|
|Def Estimated: [12 40 10 16  6  6  3  7]| Att Labels: [10 36  7 16 15  6  3  7]|
|Def Amount of true predicted attacks: [ 7 36  7 16  5  5  3  7]|
04/24/2025 08:39:54 - INFO - End of Episode.
|Episode 061/100| time: 2.61|
|Def Loss 0.0562 | Def Reward in ep 088|
|Att Loss 0.0403 | Att Reward in ep 012|
|Def Estimated: [11 30 16 17  8  4  7  7]| Att Labels: [12 28 11 15 17  2  8  7]|
|Def Amount of true predicted attacks: [10 28 11 15  8  2  7  7]|
04/24/2025 08:39:57 - INFO - End of Episode.
|Episode 062/100| time: 2.65|
|Def Loss 0.0373 | Def Reward in ep 088|
|Att Loss 0.0392 | Att Reward in ep 012|
|Def Estimated: [15 35 14 11  5 10  6  4]| Att Labels: [15 34 12 10 12  8  6  3]|
|Def Amount of true predicted attacks: [13 33 10 10  5  8  6  3]|
04/24/2025 08:40:00 - INFO - End of Episode.
|Episode 063/100| time: 2.62|
|Def Loss 0.0575 | Def Reward in ep 089|
|Att Loss 0.0404 | Att Reward in ep 011|
|Def Estimated: [11 35 15 18  5  4  3  9]| Att Labels: [12 36 15 16  8  3  3  7]|
|Def Amount of true predicted attacks: [ 9 34 14 16  3  3  3  7]|
04/24/2025 08:40:03 - INFO - End of Episode.
|Episode 064/100| time: 2.57|
|Def Loss 0.0638 | Def Reward in ep 088|
|Att Loss 0.0406 | Att Reward in ep 012|
|Def Estimated: [12 38 16 11  5  6  6  6]| Att Labels: [10 36 15 10 13  4  6  6]|
|Def Amount of true predicted attacks: [ 7 36 15 10  4  4  6  6]|
04/24/2025 08:40:06 - INFO - End of Episode.
|Episode 065/100| time: 2.62|
|Def Loss 0.0573 | Def Reward in ep 088|
|Att Loss 0.0369 | Att Reward in ep 012|
|Def Estimated: [14 25 14 13 15  3  9  7]| Att Labels: [12 24 14 13 20  1  9  7]|
|Def Amount of true predicted attacks: [11 22 14 13 13  1  7  7]|
04/24/2025 08:40:10 - INFO - End of Episode.
|Episode 066/100| time: 2.62|
|Def Loss 0.0652 | Def Reward in ep 091|
|Att Loss 0.0358 | Att Reward in ep 009|
|Def Estimated: [15 32 11 19  5  7  6  5]| Att Labels: [16 30 11 18  9  3  8  5]|
|Def Amount of true predicted attacks: [13 30 11 18  5  3  6  5]|
04/24/2025 08:40:13 - INFO - End of Episode.
|Episode 067/100| time: 2.59|
|Def Loss 0.0547 | Def Reward in ep 090|
|Att Loss 0.0382 | Att Reward in ep 010|
|Def Estimated: [10 36 12 11 10 10  5  6]| Att Labels: [10 36 11 11 16  5  7  4]|
|Def Amount of true predicted attacks: [ 9 36 11 11  9  5  5  4]|
04/24/2025 08:40:16 - INFO - End of Episode.
|Episode 068/100| time: 2.61|
|Def Loss 0.0458 | Def Reward in ep 083|
|Att Loss 0.0338 | Att Reward in ep 017|
|Def Estimated: [14 29 11 13  6 10  6 11]| Att Labels: [13 27 10 12 16  6  6 10]|
|Def Amount of true predicted attacks: [10 26  9 11  5  6  6 10]|
04/24/2025 08:40:19 - INFO - End of Episode.
|Episode 069/100| time: 2.59|
|Def Loss 0.0537 | Def Reward in ep 087|
|Att Loss 0.0296 | Att Reward in ep 013|
|Def Estimated: [11 31 17 16  4 12  6  3]| Att Labels: [12 32 15 14 11  5  8  3]|
|Def Amount of true predicted attacks: [11 30 15 14  4  5  5  3]|
04/24/2025 08:40:22 - INFO - End of Episode.
|Episode 070/100| time: 2.63|
|Def Loss 0.0494 | Def Reward in ep 088|
|Att Loss 0.0385 | Att Reward in ep 012|
|Def Estimated: [17 38 13 17  1  8  3  3]| Att Labels: [17 35 12 17  7  5  5  2]|
|Def Amount of true predicted attacks: [14 35 12 17  0  5  3  2]|
04/24/2025 08:40:25 - INFO - End of Episode.
|Episode 071/100| time: 2.62|
|Def Loss 0.0506 | Def Reward in ep 088|
|Att Loss 0.0261 | Att Reward in ep 012|
|Def Estimated: [12 31 14 15  9  7  5  7]| Att Labels: [15 29 14 15 11  5  5  6]|
|Def Amount of true predicted attacks: [10 28 13 15  6  5  5  6]|
04/24/2025 08:40:28 - INFO - End of Episode.
|Episode 072/100| time: 2.56|
|Def Loss 0.0485 | Def Reward in ep 089|
|Att Loss 0.0300 | Att Reward in ep 011|
|Def Estimated: [14 26 13 16  8  9  6  8]| Att Labels: [13 24 13 15 15  6  7  7]|
|Def Amount of true predicted attacks: [12 24 12 14  8  6  6  7]|
04/24/2025 08:40:31 - INFO - End of Episode.
|Episode 073/100| time: 2.61|
|Def Loss 0.0384 | Def Reward in ep 089|
|Att Loss 0.0379 | Att Reward in ep 011|
|Def Estimated: [14 31 12 16  5 10  5  7]| Att Labels: [13 28 12 15 13  6  6  7]|
|Def Amount of true predicted attacks: [12 28 12 15  4  6  5  7]|
04/24/2025 08:40:35 - INFO - End of Episode.
|Episode 074/100| time: 2.63|
|Def Loss 0.0349 | Def Reward in ep 080|
|Att Loss 0.0405 | Att Reward in ep 020|
|Def Estimated: [18 38 16 12  3  2  3  8]| Att Labels: [13 36 15 11 14  2  2  7]|
|Def Amount of true predicted attacks: [11 32 15 10  2  1  2  7]|
04/24/2025 08:40:38 - INFO - End of Episode.
|Episode 075/100| time: 2.60|
|Def Loss 0.0351 | Def Reward in ep 090|
|Att Loss 0.0387 | Att Reward in ep 010|
|Def Estimated: [14 36 10 19  5  5  5  6]| Att Labels: [15 33  9 18  9  4  6  6]|
|Def Amount of true predicted attacks: [13 31  9 18  4  4  5  6]|
04/24/2025 08:40:41 - INFO - End of Episode.
|Episode 076/100| time: 2.66|
|Def Loss 0.0371 | Def Reward in ep 091|
|Att Loss 0.0402 | Att Reward in ep 009|
|Def Estimated: [16 30  8 20  7  9  6  4]| Att Labels: [17 29  8 19 10  7  6  4]|
|Def Amount of true predicted attacks: [15 28  8 18  5  7  6  4]|
04/24/2025 08:40:44 - INFO - End of Episode.
|Episode 077/100| time: 2.64|
|Def Loss 0.0372 | Def Reward in ep 089|
|Att Loss 0.0401 | Att Reward in ep 011|
|Def Estimated: [19 34  8 15  3  4  7 10]| Att Labels: [17 32  7 16  9  3  8  8]|
|Def Amount of true predicted attacks: [16 31  7 15  2  3  7  8]|
04/24/2025 08:40:47 - INFO - End of Episode.
|Episode 078/100| time: 2.64|
|Def Loss 0.0405 | Def Reward in ep 082|
|Att Loss 0.0407 | Att Reward in ep 018|
|Def Estimated: [17 34 11 14  7  3  7  7]| Att Labels: [17 32 10 12 12  2  9  6]|
|Def Amount of true predicted attacks: [13 30  9 12  3  2  7  6]|
04/24/2025 08:40:51 - INFO - End of Episode.
|Episode 079/100| time: 2.61|
|Def Loss 0.0472 | Def Reward in ep 089|
|Att Loss 0.0412 | Att Reward in ep 011|
|Def Estimated: [12 34 15 17  5  8  5  4]| Att Labels: [13 29 16 17  8  7  6  4]|
|Def Amount of true predicted attacks: [10 29 15 16  3  7  5  4]|
04/24/2025 08:40:54 - INFO - End of Episode.
|Episode 080/100| time: 2.60|
|Def Loss 0.0541 | Def Reward in ep 086|
|Att Loss 0.0379 | Att Reward in ep 014|
|Def Estimated: [11 24 18 18  5 10  7  7]| Att Labels: [15 22 16 13 12  7  8  7]|
|Def Amount of true predicted attacks: [10 22 16 13  4  7  7  7]|
04/24/2025 08:40:57 - INFO - End of Episode.
|Episode 081/100| time: 2.60|
|Def Loss 0.0489 | Def Reward in ep 090|
|Att Loss 0.0462 | Att Reward in ep 010|
|Def Estimated: [15 34  7 25  7  5  3  4]| Att Labels: [16 33  7 23 10  2  5  4]|
|Def Amount of true predicted attacks: [12 33  6 23  7  2  3  4]|
04/24/2025 08:41:00 - INFO - End of Episode.
|Episode 082/100| time: 2.59|
|Def Loss 0.0485 | Def Reward in ep 093|
|Att Loss 0.0435 | Att Reward in ep 007|
|Def Estimated: [12 30 17 22  3  4  6  6]| Att Labels: [11 27 17 20  7  4  8  6]|
|Def Amount of true predicted attacks: [10 27 17 20  3  4  6  6]|
04/24/2025 08:41:03 - INFO - End of Episode.
|Episode 083/100| time: 2.58|
|Def Loss 0.0483 | Def Reward in ep 090|
|Att Loss 0.0413 | Att Reward in ep 010|
|Def Estimated: [12 38 14 20  4  7  2  3]| Att Labels: [ 8 37 13 19 11  6  3  3]|
|Def Amount of true predicted attacks: [ 8 36 13 19  4  6  1  3]|
04/24/2025 08:41:06 - INFO - End of Episode.
|Episode 084/100| time: 2.64|
|Def Loss 0.0497 | Def Reward in ep 090|
|Att Loss 0.0340 | Att Reward in ep 010|
|Def Estimated: [20 32  6 19  5  4  9  5]| Att Labels: [21 32  5 18  7  2 11  4]|
|Def Amount of true predicted attacks: [17 32  5 18  3  2  9  4]|
04/24/2025 08:41:10 - INFO - End of Episode.
|Episode 085/100| time: 2.60|
|Def Loss 0.0488 | Def Reward in ep 086|
|Att Loss 0.0279 | Att Reward in ep 014|
|Def Estimated: [16 37 11 17  1  7  6  5]| Att Labels: [12 36  7 16 10  5  9  5]|
|Def Amount of true predicted attacks: [10 36  7 16  1  5  6  5]|
04/24/2025 08:41:13 - INFO - End of Episode.
|Episode 086/100| time: 2.63|
|Def Loss 0.0556 | Def Reward in ep 091|
|Att Loss 0.0249 | Att Reward in ep 009|
|Def Estimated: [18 37 10 15  4  6  3  7]| Att Labels: [14 34 10 15 12  5  3  7]|
|Def Amount of true predicted attacks: [13 34 10 15  4  5  3  7]|
04/24/2025 08:41:16 - INFO - End of Episode.
|Episode 087/100| time: 2.84|
|Def Loss 0.0489 | Def Reward in ep 091|
|Att Loss 0.0311 | Att Reward in ep 009|
|Def Estimated: [12 36  9 17  7  7  5  7]| Att Labels: [13 34  7 15 12  6  6  7]|
|Def Amount of true predicted attacks: [11 33  7 15  7  6  5  7]|
04/24/2025 08:41:20 - INFO - End of Episode.
|Episode 088/100| time: 2.59|
|Def Loss 0.0426 | Def Reward in ep 091|
|Att Loss 0.0340 | Att Reward in ep 009|
|Def Estimated: [17 30 18  8  8  6  7  6]| Att Labels: [15 30 19  8  9  5  9  5]|
|Def Amount of true predicted attacks: [14 28 18  8  6  5  7  5]|
04/24/2025 08:41:23 - INFO - End of Episode.
|Episode 089/100| time: 2.65|
|Def Loss 0.0406 | Def Reward in ep 089|
|Att Loss 0.0327 | Att Reward in ep 011|
|Def Estimated: [12 35 16 17  1  8  8  3]| Att Labels: [14 35 14 16  4  7  8  2]|
|Def Amount of true predicted attacks: [10 33 12 16  1  7  8  2]|
04/24/2025 08:41:26 - INFO - End of Episode.
|Episode 090/100| time: 2.59|
|Def Loss 0.0355 | Def Reward in ep 089|
|Att Loss 0.0342 | Att Reward in ep 011|
|Def Estimated: [11 33  9 18  7 10  4  8]| Att Labels: [10 30  8 18 14  8  5  7]|
|Def Amount of true predicted attacks: [ 9 30  7 18  6  8  4  7]|
04/24/2025 08:41:29 - INFO - End of Episode.
|Episode 091/100| time: 2.66|
|Def Loss 0.0418 | Def Reward in ep 092|
|Att Loss 0.0294 | Att Reward in ep 008|
|Def Estimated: [10 35 12 17  8  9  4  5]| Att Labels: [ 9 34 11 17 11  8  5  5]|
|Def Amount of true predicted attacks: [ 8 34 10 17  6  8  4  5]|
04/24/2025 08:41:33 - INFO - End of Episode.
|Episode 092/100| time: 2.67|
|Def Loss 0.0486 | Def Reward in ep 087|
|Att Loss 0.0333 | Att Reward in ep 013|
|Def Estimated: [14 30 15 16  5  6  6  8]| Att Labels: [13 29 12 15 11  4 10  6]|
|Def Amount of true predicted attacks: [12 29 12 14  4  4  6  6]|
04/24/2025 08:41:36 - INFO - End of Episode.
|Episode 093/100| time: 2.57|
|Def Loss 0.0449 | Def Reward in ep 089|
|Att Loss 0.0347 | Att Reward in ep 011|
|Def Estimated: [11 33 20 19  2  6  2  7]| Att Labels: [ 7 34 18 17 10  4  3  7]|
|Def Amount of true predicted attacks: [ 7 33 17 17  2  4  2  7]|
04/24/2025 08:41:39 - INFO - End of Episode.
|Episode 094/100| time: 2.59|
|Def Loss 0.0453 | Def Reward in ep 089|
|Att Loss 0.0351 | Att Reward in ep 011|
|Def Estimated: [12 37 13 18  5  3  6  6]| Att Labels: [ 9 34 11 17 14  3  7  5]|
|Def Amount of true predicted attacks: [ 9 33 11 17  5  3  6  5]|
04/24/2025 08:41:42 - INFO - End of Episode.
|Episode 095/100| time: 2.63|
|Def Loss 0.0428 | Def Reward in ep 091|
|Att Loss 0.0371 | Att Reward in ep 009|
|Def Estimated: [20 29 14 19  8  5  3  2]| Att Labels: [22 29 12 19  8  4  3  3]|
|Def Amount of true predicted attacks: [19 28 12 19  5  4  2  2]|
04/24/2025 08:41:46 - INFO - End of Episode.
|Episode 096/100| time: 2.63|
|Def Loss 0.0505 | Def Reward in ep 089|
|Att Loss 0.0415 | Att Reward in ep 011|
|Def Estimated: [17 29 14 16  3  6  5 10]| Att Labels: [17 29 10 13 11  4  6 10]|
|Def Amount of true predicted attacks: [15 29 10 13  3  4  5 10]|
04/24/2025 08:41:49 - INFO - End of Episode.
|Episode 097/100| time: 2.59|
|Def Loss 0.0528 | Def Reward in ep 092|
|Att Loss 0.0476 | Att Reward in ep 008|
|Def Estimated: [ 9 24 11 22 11 10  8  5]| Att Labels: [11 25 10 21 13  8  7  5]|
|Def Amount of true predicted attacks: [ 8 23 10 21 10  8  7  5]|
04/24/2025 08:41:52 - INFO - End of Episode.
|Episode 098/100| time: 2.63|
|Def Loss 0.0393 | Def Reward in ep 086|
|Att Loss 0.0347 | Att Reward in ep 014|
|Def Estimated: [13 23 15 15  5  8 11 10]| Att Labels: [14 21 14 13 13  3 12 10]|
|Def Amount of true predicted attacks: [12 20 13 13  5  3 10 10]|
04/24/2025 08:41:55 - INFO - End of Episode.
|Episode 099/100| time: 2.64|
|Def Loss 0.0453 | Def Reward in ep 088|
|Att Loss 0.0368 | Att Reward in ep 012|
|Def Estimated: [18 24 18 18  3 10  3  6]| Att Labels: [17 23 14 18 10  7  6  5]|
|Def Amount of true predicted attacks: [16 22 14 18  3  7  3  5]|
04/24/2025 08:41:56 - INFO - Model 'attacker_model_cic_2017' saved in: /workspace/models/trained-models/2025-04-24-08-36-mac-cic-2017-18-multi-class-3rd-run/attacker_model_cic.keras
04/24/2025 08:41:56 - INFO - Model summary:
Model: "attacker_model_cic_2017"
_________________________________________________________________
 Layer (type)                Output Shape              Param #   
=================================================================
 dense (Dense)               (None, 100)               6800      
                                                                 
 dense_1 (Dense)             (None, 100)               10100     
                                                                 
 dense_2 (Dense)             (None, 100)               10100     
                                                                 
 dense_3 (Dense)             (None, 100)               10100     
                                                                 
 dense_4 (Dense)             (None, 100)               10100     
                                                                 
 dense_5 (Dense)             (None, 15)                1515      
                                                                 
=================================================================
Total params: 48715 (190.29 KB)
Trainable params: 48715 (190.29 KB)
Non-trainable params: 0 (0.00 Byte)
_________________________________________________________________

04/24/2025 08:41:56 - INFO - Model 'defender_model' saved in: /workspace/models/trained-models/2025-04-24-08-36-mac-cic-2017-18-multi-class-3rd-run/defender_model.keras
04/24/2025 08:41:56 - INFO - Model summary:
Model: "defender_model"
_________________________________________________________________
 Layer (type)                Output Shape              Param #   
=================================================================
 dense_12 (Dense)            (None, 100)               6800      
                                                                 
 dense_13 (Dense)            (None, 100)               10100     
                                                                 
 dense_14 (Dense)            (None, 100)               10100     
                                                                 
 dense_15 (Dense)            (None, 8)                 808       
                                                                 
=================================================================
Total params: 27808 (108.62 KB)
Trainable params: 27808 (108.62 KB)
Non-trainable params: 0 (0.00 Byte)
_________________________________________________________________

04/24/2025 08:41:56 - INFO - Saved trained models.
04/24/2025 08:41:56 - INFO - Total runtime: 00:05:50
04/24/2025 08:41:56 - INFO - End of the script at: 2025-04-24 08:41:56.516369
04/24/2025 08:41:59 - INFO - Debug information saved to /workspace/models/trained-models/2025-04-24-08-36-mac-cic-2017-18-multi-class-3rd-run/logs/debug_info.json
04/24/2025 08:41:59 - INFO - Trying to save summary plots under: /workspace/models/trained-models/2025-04-24-08-36-mac-cic-2017-18-multi-class-3rd-run/plots/
04/24/2025 08:42:01 - INFO - Plotted attack distributions during training in: /workspace/models/trained-models/2025-04-24-08-36-mac-cic-2017-18-multi-class-3rd-run/plots/
04/24/2025 08:42:18 - INFO - Normalized confusion matrix
04/24/2025 08:42:18 - INFO - 
Confusion Matrix:
[[8.70142857e-01 3.37357143e-02 1.54357143e-02 3.70285714e-02
  2.25928571e-02 1.85785714e-02 1.39285714e-03 1.09285714e-03]
 [1.10857747e-01 8.88202780e-01 2.73632748e-04 5.33583859e-04
  1.00332008e-04 2.73632748e-05 4.56054581e-06 0.00000000e+00]
 [2.32558140e-02 3.50430073e-03 9.72762026e-01 3.18572794e-04
  1.59286397e-04 0.00000000e+00 0.00000000e+00 0.00000000e+00]
 [4.41795231e-02 8.41514727e-03 2.10378682e-03 9.44600281e-01
  7.01262272e-04 0.00000000e+00 0.00000000e+00 0.00000000e+00]
 [4.01854714e-01 3.86398764e-03 2.37248841e-01 4.79134467e-02
  2.73570325e-01 3.55486862e-02 0.00000000e+00 0.00000000e+00]
 [5.87311455e-03 4.64614076e-03 0.00000000e+00 1.30877204e-04
  2.94473710e-04 9.89055394e-01 0.00000000e+00 0.00000000e+00]
 [1.05263158e-01 5.26315789e-02 0.00000000e+00 4.21052632e-01
  0.00000000e+00 0.00000000e+00 4.21052632e-01 0.00000000e+00]
 [0.00000000e+00 0.00000000e+00 0.00000000e+00 0.00000000e+00
  0.00000000e+00 0.00000000e+00 0.00000000e+00 1.00000000e+00]]
04/24/2025 08:42:18 - INFO - Plotted confusion matrix in: /workspace/models/trained-models/2025-04-24-08-36-mac-cic-2017-18-multi-class-3rd-run/plots/intraset/
04/24/2025 08:42:18 - INFO - Model summary:
Model: "defender_model"
_________________________________________________________________
 Layer (type)                Output Shape              Param #   
=================================================================
 dense_12 (Dense)            (None, 100)               6800      
                                                                 
 dense_13 (Dense)            (None, 100)               10100     
                                                                 
 dense_14 (Dense)            (None, 100)               10100     
                                                                 
 dense_15 (Dense)            (None, 8)                 808       
                                                                 
=================================================================
Total params: 27808 (108.62 KB)
Trainable params: 27808 (108.62 KB)
Non-trainable params: 0 (0.00 Byte)
_________________________________________________________________

loaded from: /workspace/models/trained-models/2025-04-24-08-36-mac-cic-2017-18-multi-class-3rd-run/defender_model.keras
04/24/2025 08:42:19 - INFO - Overall overview
Total reward: 384856 | Number of samples: 429420 | Accuracy = 89.62%
Overall overview per attack type
              Estimated Correct   Total Mismatch   F1_score
Benign           147218  121820  140000     7218  84.827553
(D)DOS           199805  194758  219272    19467  92.946165
Brute Force        8638    6107    6278     2360  81.885224
Web Attack         6728    1347    1426     5302  33.038999
Botnet             3559     354    1294     2265  14.588914
Probe             63110   60457   61126     1984  97.326057
Infiltration        204       8      19      185   7.174888
Heartbleed          158       5       5      153   6.134969
Weigthed Avg.                                     90.321214
04/24/2025 08:42:20 - INFO - 
       Class  Support  Accuracy  Precision  Recall  F1-Score
      Benign   140000    0.8701     0.8275  0.8701    0.8483
      (D)DOS   219272    0.8882     0.9747  0.8882    0.9295
 Brute Force     6278    0.9728     0.7070  0.9728    0.8189
  Web Attack     1426    0.9446     0.2002  0.9446    0.3304
      Botnet     1294    0.2736     0.0995  0.2736    0.1459
       Probe    61126    0.9891     0.9580  0.9891    0.9733
Infiltration       19    0.4211     0.0392  0.4211    0.0717
  Heartbleed        5    1.0000     0.0316  1.0000    0.0613
04/24/2025 08:42:20 - INFO - Overall weighted F1-score: 0.9032
04/24/2025 08:42:21 - INFO - Classification report:
              precision    recall  f1-score   support

      Benign       0.83      0.87      0.85    140000
      (D)DOS       0.97      0.89      0.93    219272
 Brute Force       0.71      0.97      0.82      6278
  Web Attack       0.20      0.94      0.33      1426
      Botnet       0.10      0.27      0.15      1294
       Probe       0.96      0.99      0.97     61126
Infiltration       0.04      0.42      0.07        19
  Heartbleed       0.03      1.00      0.06         5

    accuracy                           0.90    429420
   macro avg       0.48      0.79      0.52    429420
weighted avg       0.92      0.90      0.90    429420

04/24/2025 08:42:35 - INFO - Model metrics: 
loss=0.05601387843489647, mse=0.1297873705625534, mae=0.2208612561225891
04/24/2025 08:42:35 - INFO - Optimizer config: {'name': 'Adam', 'weight_decay': None, 'clipnorm': None, 'global_clipnorm': None, 'clipvalue': None, 'use_ema': False, 'ema_momentum': 0.99, 'ema_overwrite_frequency': None, 'jit_compile': True, 'is_legacy_optimizer': False, 'learning_rate': 0.001, 'beta_1': 0.9, 'beta_2': 0.999, 'epsilon': 1e-07, 'amsgrad': False}
04/24/2025 08:42:35 - INFO - Time needed for testing: 29.39232635498047
04/24/2025 08:42:35 - INFO - [Intra Set] Metrics exported to: /workspace/models/trained-models/2025-04-24-08-36-mac-cic-2017-18-multi-class-3rd-run/logs/evaluation_metrics_defender_model.json
04/24/2025 08:43:19 - INFO - Normalized confusion matrix
04/24/2025 08:43:19 - INFO - 
Confusion Matrix:
[[5.85063529e-01 3.25505882e-01 2.49882353e-02 1.35764706e-03
  5.39529412e-02 2.55058824e-03 1.93411765e-03 4.64705882e-03]
 [6.26167837e-02 9.34919034e-01 2.43616635e-06 1.21808318e-06
  1.33989149e-05 2.42276744e-03 0.00000000e+00 2.43616635e-05]
 [9.97566112e-01 1.72768201e-03 0.00000000e+00 0.00000000e+00
  3.15270439e-04 3.90935344e-04 0.00000000e+00 0.00000000e+00]
 [3.52409639e-01 5.19578313e-01 0.00000000e+00 0.00000000e+00
  0.00000000e+00 0.00000000e+00 0.00000000e+00 1.28012048e-01]
 [9.90106389e-01 9.27935528e-03 0.00000000e+00 0.00000000e+00
  8.19007527e-06 6.06065570e-04 0.00000000e+00 0.00000000e+00]
 [           nan            nan            nan            nan
             nan            nan            nan            nan]
 [5.47388425e-01 2.24045682e-01 3.86616483e-02 4.31726352e-03
  4.59493367e-02 1.31224516e-01 2.97042490e-03 5.44270401e-03]
 [           nan            nan            nan            nan
             nan            nan            nan            nan]]
04/24/2025 08:43:20 - INFO - Plotted confusion matrix in: /workspace/models/trained-models/2025-04-24-08-36-mac-cic-2017-18-multi-class-3rd-run/plots/interset/
04/24/2025 08:43:20 - INFO - [Inter-Set] Confusion matrix saved to /workspace/models/trained-models/2025-04-24-08-36-mac-cic-2017-18-multi-class-3rd-run/plots/
04/24/2025 08:44:12 - INFO - [Cross-Set] Model metrics: loss=0.0870911031961441, mse=6.671705722808838, mae=0.27743157744407654
04/24/2025 08:44:14 - INFO - [Inter-Set] Evaluation completed. Metrics exported to: /workspace/models/trained-models/2025-04-24-08-36-mac-cic-2017-18-multi-class-3rd-run/logs/evaluation_metrics_cross_defender_model.json
04/24/2025 08:44:14 - INFO - [Inter-Set] Time needed: 98.56 seconds
04/24/2025 08:44:14 - INFO - Finished script at: 2025-04-24-08-44
Total runtime: 0:08:08.034111
