04/24/2025 07:05:13 - INFO - Started script at: 2025-04-24-07-05
Current working dir: /workspace
Used training data files: 
/workspace/data/datasets/cic_ids/cic-ids-2017/clean/all_benign.feather,
/workspace/data/datasets/cic_ids/cic-ids-2017/clean/all_malicious.feather
Used inter set for validation:
/workspace/data/datasets/cic_ids/cse-cic-ids-2018/clean/all_benign.feather,
/workspace/data/datasets/cic_ids/cse-cic-ids-2018/clean/all_malicious.feather
04/24/2025 07:05:13 - INFO - Setting up Attacker and Defender Agents...
04/24/2025 07:05:13 - INFO - Loading benign data from:
/workspace/data/datasets/cic_ids/cic-ids-2017/clean/all_benign.feather
Loading malicious data from:
/workspace/data/datasets/cic_ids/cic-ids-2017/clean/all_malicious.feather
04/24/2025 07:05:15 - INFO - Multi-Class Split ready.
04/24/2025 07:05:15 - INFO - Train: (62267, 67), Validation: (184037, 67), Test: (429420, 67)
04/24/2025 07:05:15 - INFO - [Init full dataset] Loaded 62267 train, 429420 test samples.
04/24/2025 07:05:15 - INFO - Loading benign data from:
/workspace/data/datasets/cic_ids/cse-cic-ids-2018/clean/all_benign.feather
Loading malicious data from:
/workspace/data/datasets/cic_ids/cse-cic-ids-2018/clean/all_malicious.feather
04/24/2025 07:05:44 - WARNING - No samples found for attack type 'Probe'.
04/24/2025 07:05:45 - WARNING - No samples found for attack type 'Heartbleed'.
04/24/2025 07:05:48 - INFO - Multi-Class Split ready.
04/24/2025 07:05:48 - INFO - Train: (59160, 67), Validation: (274662, 67), Test: (1556424, 67)
04/24/2025 07:05:48 - INFO - Initializing Attacker:CIC-2017-all's ReplayMemory with observation_size=67 and max_size=1000
04/24/2025 07:05:50 - WARNING - Skipping variable loading for optimizer 'Adam', because it has 25 variables whereas the saved optimizer has 1 variables. 
04/24/2025 07:05:50 - INFO - Initializing Defender's ReplayMemory with observation_size=67 and max_size=1000
04/24/2025 07:05:50 - WARNING - Skipping variable loading for optimizer 'Adam', because it has 17 variables whereas the saved optimizer has 1 variables. 
04/24/2025 07:05:50 - INFO - Creating environment...
04/24/2025 07:05:50 - INFO - Start Training with the following parameters:
-----------------------------------------------------------------------------------------------------------------------
Total episodes: 150 | Iterations in episode: 100 | <Attacker> Minibatch from mem size: 100 | Total Samples: 15000 | <Defender> Minibatch from mem size: 1000 | Data shape: (62267, 67)
-----------------------------------------------------------------------------------------------------------------------
Attacker<Attack-Type>: Num_actions=15 | gamma=0.001 | epsilon=1 | ANN hidden size=100 | ANN hidden layers=5 | Learning rate=0.001
-----------------------------------------------------------------------------------------------------------------------
Defender: Num_actions=8 | gamma=0.001 | epsilon=1 | ANN hidden size=100 | ANN hidden layers=3 | Learning rate=0.001
-----------------------------------------------------------------------------------------------------------------------
Used Attack types: '['Benign', '(D)DOS', 'Brute Force', 'Web Attack', 'Botnet', 'Probe', 'Infiltration', 'Heartbleed']' | Attack name(s): ['Benign', 'Bot', 'DDoS', 'DoS GoldenEye', 'DoS Hulk', 'DoS Slowhttptest', 'DoS slowloris', 'FTP Patator', 'Heartbleed', 'Infiltration', 'PortScan', 'SSH Patator', 'Web Attack Brute Force', 'Web Attack Sql Injection', 'Web Attack XSS']
-----------------------------------------------------------------------------------------------------------------------

04/24/2025 07:05:50 - INFO - End of Episode.
|Episode 000/150| time: 0.49|
|Def Loss 0.0000 | Def Reward in ep 015|
|Att Loss 0.0000 | Att Reward in ep 085|
|Def Estimated: [13 17  9 13 12 15 12  9]| Att Labels: [ 2 36 14 19  7  6  9  7]|
|Def Amount of true predicted attacks: [0 8 2 1 1 2 0 1]|
04/24/2025 07:05:55 - WARNING - 5 out of the last 5 calls to <function QNetwork.predict at 0x705abd427100> triggered tf.function retracing. Tracing is expensive and the excessive number of tracings could be due to (1) creating @tf.function repeatedly in a loop, (2) passing tensors with different shapes, (3) passing Python objects instead of tensors. For (1), please define your @tf.function outside of the loop. For (2), @tf.function has reduce_retracing=True option that can avoid unnecessary retracing. For (3), please refer to https://www.tensorflow.org/guide/function#controlling_retracing and https://www.tensorflow.org/api_docs/python/tf/function for  more details.
04/24/2025 07:05:56 - WARNING - 5 out of the last 11 calls to <function QNetwork.predict at 0x705abd427100> triggered tf.function retracing. Tracing is expensive and the excessive number of tracings could be due to (1) creating @tf.function repeatedly in a loop, (2) passing tensors with different shapes, (3) passing Python objects instead of tensors. For (1), please define your @tf.function outside of the loop. For (2), @tf.function has reduce_retracing=True option that can avoid unnecessary retracing. For (3), please refer to https://www.tensorflow.org/guide/function#controlling_retracing and https://www.tensorflow.org/api_docs/python/tf/function for  more details.
04/24/2025 07:06:00 - INFO - End of Episode.
|Episode 001/150| time: 8.78|
|Def Loss 0.3578 | Def Reward in ep 027|
|Att Loss 0.5928 | Att Reward in ep 073|
|Def Estimated: [ 2 22 24 18  7 10  9  8]| Att Labels: [ 8 30 12 29  6  5  5  5]|
|Def Amount of true predicted attacks: [0 9 7 8 1 0 0 2]|
04/24/2025 07:06:05 - INFO - End of Episode.
|Episode 002/150| time: 4.42|
|Def Loss 0.1470 | Def Reward in ep 063|
|Att Loss 0.5390 | Att Reward in ep 037|
|Def Estimated: [ 1 37 16 25  7  6  0  8]| Att Labels: [20 26 14 18  9  4  2  7]|
|Def Amount of true predicted attacks: [ 0 24 12 17  3  2  0  5]|
04/24/2025 07:06:09 - INFO - End of Episode.
|Episode 003/150| time: 4.26|
|Def Loss 0.0843 | Def Reward in ep 068|
|Att Loss 0.5335 | Att Reward in ep 032|
|Def Estimated: [ 0 34 15 25  7 10  2  7]| Att Labels: [18 27 16 21  7  6  3  2]|
|Def Amount of true predicted attacks: [ 0 24 14 20  4  4  0  2]|
04/24/2025 07:06:14 - INFO - End of Episode.
|Episode 004/150| time: 4.22|
|Def Loss 0.0520 | Def Reward in ep 065|
|Att Loss 0.5045 | Att Reward in ep 035|
|Def Estimated: [ 0 49  7 14  5  9  5 11]| Att Labels: [22 30  9 14  7  6  5  7]|
|Def Amount of true predicted attacks: [ 0 30  7 14  2  3  2  7]|
04/24/2025 07:06:18 - INFO - End of Episode.
|Episode 005/150| time: 4.26|
|Def Loss 0.0523 | Def Reward in ep 056|
|Att Loss 0.4882 | Att Reward in ep 044|
|Def Estimated: [ 0 32 15 17 11  7  4 14]| Att Labels: [29 20 19 11  6  4  5  6]|
|Def Amount of true predicted attacks: [ 0 19 14 11  4  2  0  6]|
04/24/2025 07:06:23 - INFO - End of Episode.
|Episode 006/150| time: 4.27|
|Def Loss 0.0609 | Def Reward in ep 064|
|Att Loss 0.4478 | Att Reward in ep 036|
|Def Estimated: [ 1 39  7 19  7  9  5 13]| Att Labels: [23 29  5 13  4  5 10 11]|
|Def Amount of true predicted attacks: [ 0 28  4 12  4  4  2 10]|
04/24/2025 07:06:28 - INFO - End of Episode.
|Episode 007/150| time: 4.28|
|Def Loss 0.0700 | Def Reward in ep 069|
|Att Loss 0.4151 | Att Reward in ep 031|
|Def Estimated: [ 0 43 12 16  6 13  1  9]| Att Labels: [21 33 13 16  1  6  4  6]|
|Def Amount of true predicted attacks: [ 0 33  9 14  1  6  0  6]|
04/24/2025 07:06:32 - INFO - End of Episode.
|Episode 008/150| time: 4.34|
|Def Loss 0.0627 | Def Reward in ep 071|
|Att Loss 0.3990 | Att Reward in ep 029|
|Def Estimated: [ 0 36 15 23  5  7  4 10]| Att Labels: [17 29 11 20  6  4  6  7]|
|Def Amount of true predicted attacks: [ 0 27 10 20  2  4  1  7]|
04/24/2025 07:06:37 - INFO - End of Episode.
|Episode 009/150| time: 4.25|
|Def Loss 0.0621 | Def Reward in ep 068|
|Att Loss 0.3665 | Att Reward in ep 032|
|Def Estimated: [ 3 38 11 19  5 12  2 10]| Att Labels: [18 30  7 19  8  3  6  9]|
|Def Amount of true predicted attacks: [ 0 28  6 17  4  3  1  9]|
04/24/2025 07:06:41 - INFO - End of Episode.
|Episode 010/150| time: 4.33|
|Def Loss 0.0604 | Def Reward in ep 065|
|Att Loss 0.2822 | Att Reward in ep 035|
|Def Estimated: [ 0 25 11 24  9 13  8 10]| Att Labels: [21 21 10 24  3  5  9  7]|
|Def Amount of true predicted attacks: [ 0 18  8 21  2  5  4  7]|
04/24/2025 07:06:46 - INFO - End of Episode.
|Episode 011/150| time: 4.27|
|Def Loss 0.0609 | Def Reward in ep 067|
|Att Loss 0.1467 | Att Reward in ep 033|
|Def Estimated: [ 0 31 17 22 10  6 11  3]| Att Labels: [20 26 15 20  5  3 10  1]|
|Def Amount of true predicted attacks: [ 0 24 11 20  3  3  5  1]|
04/24/2025 07:06:51 - INFO - End of Episode.
|Episode 012/150| time: 4.33|
|Def Loss 0.0626 | Def Reward in ep 071|
|Att Loss 0.0773 | Att Reward in ep 029|
|Def Estimated: [ 0 28 12 16  4 11 15 14]| Att Labels: [22 26 13 15  4  9  3  8]|
|Def Amount of true predicted attacks: [ 0 24 12 14  2  9  2  8]|
04/24/2025 07:06:56 - INFO - End of Episode.
|Episode 013/150| time: 4.40|
|Def Loss 0.0641 | Def Reward in ep 064|
|Att Loss 0.0688 | Att Reward in ep 036|
|Def Estimated: [ 1 20 13 21 11 10 13 11]| Att Labels: [25 19  9 22  9  7  6  3]|
|Def Amount of true predicted attacks: [ 0 17  8 20  7  6  3  3]|
04/24/2025 07:07:00 - INFO - End of Episode.
|Episode 014/150| time: 4.36|
|Def Loss 0.0702 | Def Reward in ep 065|
|Att Loss 0.0747 | Att Reward in ep 035|
|Def Estimated: [ 2 27  9 19  7 12 14 10]| Att Labels: [24 21 11 17  6  8  6  7]|
|Def Amount of true predicted attacks: [ 0 20  8 16  4  6  4  7]|
04/24/2025 07:07:05 - INFO - End of Episode.
|Episode 015/150| time: 4.34|
|Def Loss 0.0632 | Def Reward in ep 067|
|Att Loss 0.0750 | Att Reward in ep 033|
|Def Estimated: [ 1 37  9 12  9 16  9  7]| Att Labels: [23 35  8 10  8  4  7  5]|
|Def Amount of true predicted attacks: [ 0 33  6 10  6  4  3  5]|
04/24/2025 07:07:10 - INFO - End of Episode.
|Episode 016/150| time: 4.36|
|Def Loss 0.0624 | Def Reward in ep 076|
|Att Loss 0.0863 | Att Reward in ep 024|
|Def Estimated: [27 25  9 14  5 11  3  6]| Att Labels: [26 23 13 13  9  7  4  5]|
|Def Amount of true predicted attacks: [17 21  9 13  5  6  1  4]|
04/24/2025 07:07:15 - INFO - End of Episode.
|Episode 017/150| time: 4.34|
|Def Loss 0.0542 | Def Reward in ep 088|
|Att Loss 0.1313 | Att Reward in ep 012|
|Def Estimated: [21 37 15 14  1  6  2  4]| Att Labels: [20 35 16 16  3  3  3  4]|
|Def Amount of true predicted attacks: [16 34 14 14  1  3  2  4]|
04/24/2025 07:07:20 - INFO - End of Episode.
|Episode 018/150| time: 4.38|
|Def Loss 0.0507 | Def Reward in ep 086|
|Att Loss 0.1718 | Att Reward in ep 014|
|Def Estimated: [33 23 11 16  5  4  3  5]| Att Labels: [24 26 14 15 10  3  3  5]|
|Def Amount of true predicted attacks: [23 23 11 15  5  3  1  5]|
04/24/2025 07:07:24 - INFO - End of Episode.
|Episode 019/150| time: 4.33|
|Def Loss 0.0674 | Def Reward in ep 085|
|Att Loss 0.2178 | Att Reward in ep 015|
|Def Estimated: [33 17 17 11  4  5  3 10]| Att Labels: [21 18 18 15  8  4  7  9]|
|Def Amount of true predicted attacks: [21 16 17 11  4  4  3  9]|
04/24/2025 07:07:29 - INFO - End of Episode.
|Episode 020/150| time: 4.45|
|Def Loss 0.0747 | Def Reward in ep 082|
|Att Loss 0.2448 | Att Reward in ep 018|
|Def Estimated: [28 26 11  9  9  8  3  6]| Att Labels: [28 27 14  8  5  7  6  5]|
|Def Amount of true predicted attacks: [23 24 10  7  5  5  3  5]|
04/24/2025 07:07:34 - INFO - End of Episode.
|Episode 021/150| time: 4.34|
|Def Loss 0.0842 | Def Reward in ep 091|
|Att Loss 0.2505 | Att Reward in ep 009|
|Def Estimated: [19 28 12 16 12  4  1  8]| Att Labels: [17 28 16 16 11  3  1  8]|
|Def Amount of true predicted attacks: [15 27 12 15 10  3  1  8]|
04/24/2025 07:07:39 - INFO - End of Episode.
|Episode 022/150| time: 4.38|
|Def Loss 0.0945 | Def Reward in ep 089|
|Att Loss 0.2358 | Att Reward in ep 011|
|Def Estimated: [23 30  7 14 12  2  6  6]| Att Labels: [24 31 10 14  8  2  6  5]|
|Def Amount of true predicted attacks: [20 29  7 13  8  2  5  5]|
04/24/2025 07:07:44 - INFO - End of Episode.
|Episode 023/150| time: 4.41|
|Def Loss 0.1088 | Def Reward in ep 091|
|Att Loss 0.2211 | Att Reward in ep 009|
|Def Estimated: [23 32  6 19  7  8  2  3]| Att Labels: [22 33  8 20  6  5  3  3]|
|Def Amount of true predicted attacks: [19 32  6 19  5  5  2  3]|
04/24/2025 07:07:49 - INFO - End of Episode.
|Episode 024/150| time: 4.34|
|Def Loss 0.1086 | Def Reward in ep 093|
|Att Loss 0.1952 | Att Reward in ep 007|
|Def Estimated: [15 39  5 13 13  5  4  6]| Att Labels: [14 40  8 13 11  4  4  6]|
|Def Amount of true predicted attacks: [12 39  5 12 11  4  4  6]|
04/24/2025 07:07:54 - INFO - End of Episode.
|Episode 025/150| time: 4.33|
|Def Loss 0.1066 | Def Reward in ep 092|
|Att Loss 0.1401 | Att Reward in ep 008|
|Def Estimated: [15 29  9 18 10  5  7  7]| Att Labels: [12 32 13 17  8  5  6  7]|
|Def Amount of true predicted attacks: [11 29  9 17  8  5  6  7]|
04/24/2025 07:07:59 - INFO - End of Episode.
|Episode 026/150| time: 4.31|
|Def Loss 0.1001 | Def Reward in ep 088|
|Att Loss 0.1090 | Att Reward in ep 012|
|Def Estimated: [16 24 10 18  9 10  5  8]| Att Labels: [13 27 13 20  8  8  4  7]|
|Def Amount of true predicted attacks: [11 23 10 18  7  8  4  7]|
04/24/2025 07:08:04 - INFO - End of Episode.
|Episode 027/150| time: 4.30|
|Def Loss 0.0907 | Def Reward in ep 093|
|Att Loss 0.0935 | Att Reward in ep 007|
|Def Estimated: [ 7 33 16 10 14  4  9  7]| Att Labels: [ 6 36 18 10 14  2  7  7]|
|Def Amount of true predicted attacks: [ 5 32 16 10 14  2  7  7]|
04/24/2025 07:08:08 - INFO - End of Episode.
|Episode 028/150| time: 4.26|
|Def Loss 0.0841 | Def Reward in ep 095|
|Att Loss 0.0788 | Att Reward in ep 005|
|Def Estimated: [ 9 26 13 22  8  3  6 13]| Att Labels: [ 9 25 15 22  7  3  6 13]|
|Def Amount of true predicted attacks: [ 8 24 13 21  7  3  6 13]|
04/24/2025 07:08:13 - INFO - End of Episode.
|Episode 029/150| time: 4.33|
|Def Loss 0.0776 | Def Reward in ep 091|
|Att Loss 0.0640 | Att Reward in ep 009|
|Def Estimated: [11 23 13 21  9  4  9 10]| Att Labels: [14 21 17 21  6  3  9  9]|
|Def Amount of true predicted attacks: [10 20 13 21  6  3  9  9]|
04/24/2025 07:08:18 - INFO - End of Episode.
|Episode 030/150| time: 4.31|
|Def Loss 0.0748 | Def Reward in ep 090|
|Att Loss 0.0648 | Att Reward in ep 010|
|Def Estimated: [11 32  5 20 10  9  5  8]| Att Labels: [12 30  8 23  6  9  5  7]|
|Def Amount of true predicted attacks: [10 30  5 20  5  8  5  7]|
04/24/2025 07:08:23 - INFO - End of Episode.
|Episode 031/150| time: 4.36|
|Def Loss 0.0674 | Def Reward in ep 092|
|Att Loss 0.0614 | Att Reward in ep 008|
|Def Estimated: [15 32 13 21  8  3  5  3]| Att Labels: [15 30 14 21  7  4  6  3]|
|Def Amount of true predicted attacks: [13 28 13 20  7  3  5  3]|
04/24/2025 07:08:28 - INFO - End of Episode.
|Episode 032/150| time: 4.26|
|Def Loss 0.0592 | Def Reward in ep 095|
|Att Loss 0.0689 | Att Reward in ep 005|
|Def Estimated: [ 6 26 11 32 10  5  5  5]| Att Labels: [ 7 24 14 32 10  5  4  4]|
|Def Amount of true predicted attacks: [ 6 24 11 31 10  5  4  4]|
04/24/2025 07:08:33 - INFO - End of Episode.
|Episode 033/150| time: 4.27|
|Def Loss 0.0503 | Def Reward in ep 092|
|Att Loss 0.0637 | Att Reward in ep 008|
|Def Estimated: [ 5 32 21 15 12 10  3  2]| Att Labels: [ 6 31 22 18 10  9  3  1]|
|Def Amount of true predicted attacks: [ 3 30 21 15 10  9  3  1]|
04/24/2025 07:08:38 - INFO - End of Episode.
|Episode 034/150| time: 4.36|
|Def Loss 0.0560 | Def Reward in ep 095|
|Att Loss 0.0553 | Att Reward in ep 005|
|Def Estimated: [14 37 10 20  9  4  3  3]| Att Labels: [16 37  9 19  7  5  4  3]|
|Def Amount of true predicted attacks: [14 36  9 19  7  4  3  3]|
04/24/2025 07:08:43 - INFO - End of Episode.
|Episode 035/150| time: 4.36|
|Def Loss 0.0589 | Def Reward in ep 097|
|Att Loss 0.0620 | Att Reward in ep 003|
|Def Estimated: [16 25 13 15 11  6  7  7]| Att Labels: [17 27 13 15 10  6  5  7]|
|Def Amount of true predicted attacks: [16 25 13 15 10  6  5  7]|
04/24/2025 07:08:48 - INFO - End of Episode.
|Episode 036/150| time: 4.26|
|Def Loss 0.0636 | Def Reward in ep 093|
|Att Loss 0.0715 | Att Reward in ep 007|
|Def Estimated: [ 9 34  9 21  9  3  7  8]| Att Labels: [ 8 36 11 20  9  2  7  7]|
|Def Amount of true predicted attacks: [ 6 33  9 20  9  2  7  7]|
04/24/2025 07:08:53 - INFO - End of Episode.
|Episode 037/150| time: 4.40|
|Def Loss 0.0621 | Def Reward in ep 092|
|Att Loss 0.0590 | Att Reward in ep 008|
|Def Estimated: [14 38  7 14  7  7  6  7]| Att Labels: [17 39  7 12  5  7  6  7]|
|Def Amount of true predicted attacks: [13 37  5 12  5  7  6  7]|
04/24/2025 07:08:59 - INFO - End of Episode.
|Episode 038/150| time: 4.35|
|Def Loss 0.0629 | Def Reward in ep 092|
|Att Loss 0.0538 | Att Reward in ep 008|
|Def Estimated: [12 28 10 16  8 12  6  8]| Att Labels: [12 29 10 17  8 11  5  8]|
|Def Amount of true predicted attacks: [10 26  9 15  8 11  5  8]|
04/24/2025 07:09:04 - INFO - End of Episode.
|Episode 039/150| time: 4.29|
|Def Loss 0.0687 | Def Reward in ep 091|
|Att Loss 0.0630 | Att Reward in ep 009|
|Def Estimated: [12 40  7 16  6  6  6  7]| Att Labels: [10 40 10 17  3  7  6  7]|
|Def Amount of true predicted attacks: [ 8 40  7 15  3  6  5  7]|
04/24/2025 07:09:09 - INFO - End of Episode.
|Episode 040/150| time: 4.34|
|Def Loss 0.0685 | Def Reward in ep 090|
|Att Loss 0.0651 | Att Reward in ep 010|
|Def Estimated: [19 33 10 15  4  4  6  9]| Att Labels: [15 36 14 14  3  4  6  8]|
|Def Amount of true predicted attacks: [13 32 10 14  3  4  6  8]|
04/24/2025 07:09:14 - INFO - End of Episode.
|Episode 041/150| time: 4.31|
|Def Loss 0.0543 | Def Reward in ep 095|
|Att Loss 0.0570 | Att Reward in ep 005|
|Def Estimated: [ 6 41 12 12  3  8  9  9]| Att Labels: [ 5 42 14 12  2  8  8  9]|
|Def Amount of true predicted attacks: [ 4 40 12 12  2  8  8  9]|
04/24/2025 07:09:19 - INFO - End of Episode.
|Episode 042/150| time: 4.25|
|Def Loss 0.0523 | Def Reward in ep 092|
|Att Loss 0.0485 | Att Reward in ep 008|
|Def Estimated: [ 5 43 14 17  8  5  3  5]| Att Labels: [ 4 43 17 16  8  6  3  3]|
|Def Amount of true predicted attacks: [ 3 40 14 16  8  5  3  3]|
04/24/2025 07:09:24 - INFO - End of Episode.
|Episode 043/150| time: 4.33|
|Def Loss 0.0484 | Def Reward in ep 091|
|Att Loss 0.0593 | Att Reward in ep 009|
|Def Estimated: [11 43  8 16  2  9  5  6]| Att Labels: [13 42  9 17  3  6  4  6]|
|Def Amount of true predicted attacks: [ 9 41  7 16  2  6  4  6]|
04/24/2025 07:09:29 - INFO - End of Episode.
|Episode 044/150| time: 4.29|
|Def Loss 0.0476 | Def Reward in ep 095|
|Att Loss 0.0590 | Att Reward in ep 005|
|Def Estimated: [ 7 41  8 16  9  6  5  8]| Att Labels: [10 41 10 16  6  5  5  7]|
|Def Amount of true predicted attacks: [ 7 41  8 16  6  5  5  7]|
04/24/2025 07:09:34 - INFO - End of Episode.
|Episode 045/150| time: 4.33|
|Def Loss 0.0434 | Def Reward in ep 094|
|Att Loss 0.0475 | Att Reward in ep 006|
|Def Estimated: [12 43  6 18  7  5  7  2]| Att Labels: [13 44  8 18  7  3  5  2]|
|Def Amount of true predicted attacks: [10 43  6 18  7  3  5  2]|
04/24/2025 07:09:39 - INFO - End of Episode.
|Episode 046/150| time: 4.35|
|Def Loss 0.0464 | Def Reward in ep 091|
|Att Loss 0.0444 | Att Reward in ep 009|
|Def Estimated: [16 31  8 14  6 11  4 10]| Att Labels: [15 33  8 14  6 13  2  9]|
|Def Amount of true predicted attacks: [13 29  7 14  6 11  2  9]|
04/24/2025 07:09:45 - INFO - End of Episode.
|Episode 047/150| time: 4.32|
|Def Loss 0.0471 | Def Reward in ep 092|
|Att Loss 0.0452 | Att Reward in ep 008|
|Def Estimated: [14 37  7 22  5  4  7  4]| Att Labels: [11 36 12 24  4  4  6  3]|
|Def Amount of true predicted attacks: [10 36  7 22  4  4  6  3]|
04/24/2025 07:09:50 - INFO - End of Episode.
|Episode 048/150| time: 4.37|
|Def Loss 0.0504 | Def Reward in ep 085|
|Att Loss 0.0520 | Att Reward in ep 015|
|Def Estimated: [18 26 13 13 10  9 10  1]| Att Labels: [19 26 16 15  7  8  8  1]|
|Def Amount of true predicted attacks: [14 22 13 13  7  7  8  1]|
04/24/2025 07:09:55 - INFO - End of Episode.
|Episode 049/150| time: 4.39|
|Def Loss 0.0490 | Def Reward in ep 093|
|Att Loss 0.0556 | Att Reward in ep 007|
|Def Estimated: [13 35 12 14  4 11  6  5]| Att Labels: [15 36 13 14  4  8  6  4]|
|Def Amount of true predicted attacks: [12 34 11 14  4  8  6  4]|
04/24/2025 07:10:00 - INFO - End of Episode.
|Episode 050/150| time: 4.34|
|Def Loss 0.0480 | Def Reward in ep 095|
|Att Loss 0.0617 | Att Reward in ep 005|
|Def Estimated: [ 7 33 14 16  3 10  8  9]| Att Labels: [ 8 32 15 15  2 11  8  9]|
|Def Amount of true predicted attacks: [ 7 31 13 15  2 10  8  9]|
04/24/2025 07:10:06 - INFO - End of Episode.
|Episode 051/150| time: 4.28|
|Def Loss 0.0454 | Def Reward in ep 095|
|Att Loss 0.0665 | Att Reward in ep 005|
|Def Estimated: [ 7 32 18 14  8  8  6  7]| Att Labels: [ 8 31 19 14  7  7  7  7]|
|Def Amount of true predicted attacks: [ 7 31 17 13  7  7  6  7]|
04/24/2025 07:10:11 - INFO - End of Episode.
|Episode 052/150| time: 4.35|
|Def Loss 0.0418 | Def Reward in ep 096|
|Att Loss 0.0650 | Att Reward in ep 004|
|Def Estimated: [13 26 20 11  7 13  5  5]| Att Labels: [16 24 20 11  5 14  5  5]|
|Def Amount of true predicted attacks: [13 24 20 11  5 13  5  5]|
04/24/2025 07:10:16 - INFO - End of Episode.
|Episode 053/150| time: 4.28|
|Def Loss 0.0420 | Def Reward in ep 094|
|Att Loss 0.0692 | Att Reward in ep 006|
|Def Estimated: [10 32 14 19  3  8  7  7]| Att Labels: [10 30 16 19  3  8  7  7]|
|Def Amount of true predicted attacks: [ 7 30 14 18  3  8  7  7]|
04/24/2025 07:10:22 - INFO - End of Episode.
|Episode 054/150| time: 4.40|
|Def Loss 0.0536 | Def Reward in ep 095|
|Att Loss 0.0595 | Att Reward in ep 005|
|Def Estimated: [15 36 18  6  6 12  1  6]| Att Labels: [16 36 17  7  6 11  1  6]|
|Def Amount of true predicted attacks: [13 35 17  6  6 11  1  6]|
04/24/2025 07:10:27 - INFO - End of Episode.
|Episode 055/150| time: 4.30|
|Def Loss 0.0544 | Def Reward in ep 090|
|Att Loss 0.0611 | Att Reward in ep 010|
|Def Estimated: [ 8 28 21 17  9 10  4  3]| Att Labels: [ 8 29 21 18  6 12  3  3]|
|Def Amount of true predicted attacks: [ 6 27 18 17  6 10  3  3]|
04/24/2025 07:10:32 - INFO - End of Episode.
|Episode 056/150| time: 4.28|
|Def Loss 0.0537 | Def Reward in ep 091|
|Att Loss 0.0732 | Att Reward in ep 009|
|Def Estimated: [ 6 26 16 26  3 12  7  4]| Att Labels: [ 6 28 15 27  2 12  6  4]|
|Def Amount of true predicted attacks: [ 4 25 14 25  2 11  6  4]|
04/24/2025 07:10:37 - INFO - End of Episode.
|Episode 057/150| time: 4.27|
|Def Loss 0.0565 | Def Reward in ep 099|
|Att Loss 0.0615 | Att Reward in ep 001|
|Def Estimated: [ 4 31 19 15  6  9  7  9]| Att Labels: [ 4 32 18 15  6  9  7  9]|
|Def Amount of true predicted attacks: [ 4 31 18 15  6  9  7  9]|
04/24/2025 07:10:43 - INFO - End of Episode.
|Episode 058/150| time: 4.34|
|Def Loss 0.0591 | Def Reward in ep 093|
|Att Loss 0.0466 | Att Reward in ep 007|
|Def Estimated: [11 29 16 18  8 10  4  4]| Att Labels: [14 29 14 21  9  6  3  4]|
|Def Amount of true predicted attacks: [11 29 14 18  8  6  3  4]|
04/24/2025 07:10:48 - INFO - End of Episode.
|Episode 059/150| time: 4.30|
|Def Loss 0.0563 | Def Reward in ep 098|
|Att Loss 0.0388 | Att Reward in ep 002|
|Def Estimated: [10 30 12 25  6  9  3  5]| Att Labels: [10 30 13 25  5  9  3  5]|
|Def Amount of true predicted attacks: [ 9 30 12 25  5  9  3  5]|
04/24/2025 07:10:54 - INFO - End of Episode.
|Episode 060/150| time: 4.37|
|Def Loss 0.0627 | Def Reward in ep 095|
|Att Loss 0.0359 | Att Reward in ep 005|
|Def Estimated: [17 24 17 12  3  9 10  8]| Att Labels: [19 24 18 11  3  7 10  8]|
|Def Amount of true predicted attacks: [16 23 17 11  3  7 10  8]|
04/24/2025 07:10:59 - INFO - End of Episode.
|Episode 061/150| time: 4.37|
|Def Loss 0.0840 | Def Reward in ep 092|
|Att Loss 0.0425 | Att Reward in ep 008|
|Def Estimated: [17 24 13 16  6 11  6  7]| Att Labels: [16 25 12 17  5 11  7  7]|
|Def Amount of true predicted attacks: [14 23 11 16  5 10  6  7]|
04/24/2025 07:11:04 - INFO - End of Episode.
|Episode 062/150| time: 4.36|
|Def Loss 0.0810 | Def Reward in ep 096|
|Att Loss 0.0526 | Att Reward in ep 004|
|Def Estimated: [15 29 13 15  7 10  4  7]| Att Labels: [14 31 12 15  7 10  4  7]|
|Def Amount of true predicted attacks: [13 29 11 15  7 10  4  7]|
04/24/2025 07:11:10 - INFO - End of Episode.
|Episode 063/150| time: 4.33|
|Def Loss 0.0769 | Def Reward in ep 093|
|Att Loss 0.0431 | Att Reward in ep 007|
|Def Estimated: [15 36 13 16  0  7  9  4]| Att Labels: [16 36 13 17  0  6  8  4]|
|Def Amount of true predicted attacks: [13 34 12 16  0  6  8  4]|
04/24/2025 07:11:15 - INFO - End of Episode.
|Episode 064/150| time: 4.29|
|Def Loss 0.0629 | Def Reward in ep 095|
|Att Loss 0.0416 | Att Reward in ep 005|
|Def Estimated: [ 9 31 20 15  3  9  7  6]| Att Labels: [ 7 33 19 17  3 10  5  6]|
|Def Amount of true predicted attacks: [ 7 31 19 15  3  9  5  6]|
04/24/2025 07:11:21 - INFO - End of Episode.
|Episode 065/150| time: 4.35|
|Def Loss 0.0607 | Def Reward in ep 097|
|Att Loss 0.0477 | Att Reward in ep 003|
|Def Estimated: [14 28 16 13  6 12  5  6]| Att Labels: [13 28 17 14  5 12  5  6]|
|Def Amount of true predicted attacks: [12 28 16 13  5 12  5  6]|
04/24/2025 07:11:26 - INFO - End of Episode.
|Episode 066/150| time: 4.32|
|Def Loss 0.0634 | Def Reward in ep 096|
|Att Loss 0.0353 | Att Reward in ep 004|
|Def Estimated: [13 38 10 13 13  5  4  4]| Att Labels: [13 36 10 14 14  5  4  4]|
|Def Amount of true predicted attacks: [11 36 10 13 13  5  4  4]|
04/24/2025 07:11:32 - INFO - End of Episode.
|Episode 067/150| time: 4.32|
|Def Loss 0.0610 | Def Reward in ep 097|
|Att Loss 0.0405 | Att Reward in ep 003|
|Def Estimated: [14 26 11 16  8 14  5  6]| Att Labels: [12 27 12 16  7 15  5  6]|
|Def Amount of true predicted attacks: [12 26 11 16  7 14  5  6]|
04/24/2025 07:11:37 - INFO - End of Episode.
|Episode 068/150| time: 4.37|
|Def Loss 0.0568 | Def Reward in ep 091|
|Att Loss 0.0396 | Att Reward in ep 009|
|Def Estimated: [20 22 12 19  8  8  8  3]| Att Labels: [18 25 12 21  6  8  6  4]|
|Def Amount of true predicted attacks: [17 22 11 18  6  8  6  3]|
04/24/2025 07:11:43 - INFO - End of Episode.
|Episode 069/150| time: 4.31|
|Def Loss 0.0552 | Def Reward in ep 095|
|Att Loss 0.0454 | Att Reward in ep 005|
|Def Estimated: [15 35 13 13  3  9  9  3]| Att Labels: [12 35 15 16  2  8  9  3]|
|Def Amount of true predicted attacks: [12 35 13 13  2  8  9  3]|
04/24/2025 07:11:48 - INFO - End of Episode.
|Episode 070/150| time: 4.38|
|Def Loss 0.0511 | Def Reward in ep 091|
|Att Loss 0.0493 | Att Reward in ep 009|
|Def Estimated: [16 24 24 13  5 11  2  5]| Att Labels: [18 28 22 14  4  9  1  4]|
|Def Amount of true predicted attacks: [16 23 21 13  4  9  1  4]|
04/24/2025 07:11:54 - INFO - End of Episode.
|Episode 071/150| time: 4.33|
|Def Loss 0.0441 | Def Reward in ep 094|
|Att Loss 0.0519 | Att Reward in ep 006|
|Def Estimated: [14 29 20 13  5 11  5  3]| Att Labels: [15 29 21 13  4 10  5  3]|
|Def Amount of true predicted attacks: [13 28 18 13  4 10  5  3]|
04/24/2025 07:11:59 - INFO - End of Episode.
|Episode 072/150| time: 4.28|
|Def Loss 0.0403 | Def Reward in ep 088|
|Att Loss 0.0383 | Att Reward in ep 012|
|Def Estimated: [ 9 28 20 21  6  6  6  4]| Att Labels: [12 31 18 22  4  3  6  4]|
|Def Amount of true predicted attacks: [ 7 26 18 20  4  3  6  4]|
04/24/2025 07:12:05 - INFO - End of Episode.
|Episode 073/150| time: 4.29|
|Def Loss 0.0549 | Def Reward in ep 094|
|Att Loss 0.0464 | Att Reward in ep 006|
|Def Estimated: [14 24 19 18 10  7  2  6]| Att Labels: [14 25 20 18  9  6  2  6]|
|Def Amount of true predicted attacks: [12 23 19 17  9  6  2  6]|
04/24/2025 07:12:11 - INFO - End of Episode.
|Episode 074/150| time: 4.28|
|Def Loss 0.0514 | Def Reward in ep 095|
|Att Loss 0.0507 | Att Reward in ep 005|
|Def Estimated: [ 5 34 20 16  6 10  6  3]| Att Labels: [ 6 34 20 17  6  8  6  3]|
|Def Amount of true predicted attacks: [ 4 32 20 16  6  8  6  3]|
04/24/2025 07:12:16 - INFO - End of Episode.
|Episode 075/150| time: 4.29|
|Def Loss 0.0495 | Def Reward in ep 093|
|Att Loss 0.0594 | Att Reward in ep 007|
|Def Estimated: [13 26 23 11  8  8  7  4]| Att Labels: [10 27 22 13  8  8  7  5]|
|Def Amount of true predicted attacks: [10 25 21 11  7  8  7  4]|
04/24/2025 07:12:22 - INFO - End of Episode.
|Episode 076/150| time: 4.28|
|Def Loss 0.0452 | Def Reward in ep 096|
|Att Loss 0.0566 | Att Reward in ep 004|
|Def Estimated: [ 9 20 26 14  6 14  4  7]| Att Labels: [ 7 22 26 14  6 15  3  7]|
|Def Amount of true predicted attacks: [ 6 20 26 14  6 14  3  7]|
04/24/2025 07:12:27 - INFO - End of Episode.
|Episode 077/150| time: 4.23|
|Def Loss 0.0434 | Def Reward in ep 096|
|Att Loss 0.0503 | Att Reward in ep 004|
|Def Estimated: [ 8 26 15 21  8  8  5  9]| Att Labels: [10 26 13 22  8  7  5  9]|
|Def Amount of true predicted attacks: [ 8 25 13 21  8  7  5  9]|
04/24/2025 07:12:33 - INFO - End of Episode.
|Episode 078/150| time: 4.27|
|Def Loss 0.0378 | Def Reward in ep 092|
|Att Loss 0.0678 | Att Reward in ep 008|
|Def Estimated: [11 22 23 19  2  9  8  6]| Att Labels: [13 22 21 20  2  8  7  7]|
|Def Amount of true predicted attacks: [10 19 21 19  2  8  7  6]|
04/24/2025 07:12:38 - INFO - End of Episode.
|Episode 079/150| time: 4.31|
|Def Loss 0.0384 | Def Reward in ep 092|
|Att Loss 0.0609 | Att Reward in ep 008|
|Def Estimated: [15 29 18 12  6  7  9  4]| Att Labels: [16 27 21 13  5  6  8  4]|
|Def Amount of true predicted attacks: [12 27 18 12  5  6  8  4]|
04/24/2025 07:12:44 - INFO - End of Episode.
|Episode 080/150| time: 4.33|
|Def Loss 0.0378 | Def Reward in ep 096|
|Att Loss 0.0535 | Att Reward in ep 004|
|Def Estimated: [14 31 12 24  8  5  2  4]| Att Labels: [14 31 14 25  6  4  2  4]|
|Def Amount of true predicted attacks: [13 31 12 24  6  4  2  4]|
04/24/2025 07:12:50 - INFO - End of Episode.
|Episode 081/150| time: 4.35|
|Def Loss 0.0445 | Def Reward in ep 095|
|Att Loss 0.0527 | Att Reward in ep 005|
|Def Estimated: [15 24 12 18  3 13  8  7]| Att Labels: [16 25 12 20  2 10  8  7]|
|Def Amount of true predicted attacks: [14 24 12 18  2 10  8  7]|
04/24/2025 07:12:55 - INFO - End of Episode.
|Episode 082/150| time: 4.30|
|Def Loss 0.0436 | Def Reward in ep 091|
|Att Loss 0.0548 | Att Reward in ep 009|
|Def Estimated: [14 26 17 19  4 10  7  3]| Att Labels: [14 27 13 22  4  9  7  4]|
|Def Amount of true predicted attacks: [12 25 13 19  4  8  7  3]|
04/24/2025 07:13:01 - INFO - End of Episode.
|Episode 083/150| time: 4.33|
|Def Loss 0.0356 | Def Reward in ep 096|
|Att Loss 0.0568 | Att Reward in ep 004|
|Def Estimated: [11 26 11 20  8  8 10  6]| Att Labels: [12 26 10 21  7  8 10  6]|
|Def Amount of true predicted attacks: [10 25 10 20  7  8 10  6]|
04/24/2025 07:13:07 - INFO - End of Episode.
|Episode 084/150| time: 4.38|
|Def Loss 0.0403 | Def Reward in ep 088|
|Att Loss 0.0563 | Att Reward in ep 012|
|Def Estimated: [16 28  6 21  5 13  7  4]| Att Labels: [19 32  7 20  1 12  5  4]|
|Def Amount of true predicted attacks: [13 28  6 19  1 12  5  4]|
04/24/2025 07:13:13 - INFO - End of Episode.
|Episode 085/150| time: 4.31|
|Def Loss 0.0515 | Def Reward in ep 098|
|Att Loss 0.0585 | Att Reward in ep 002|
|Def Estimated: [11 33 13 15  6 12  4  6]| Att Labels: [12 34 13 15  4 12  4  6]|
|Def Amount of true predicted attacks: [11 33 13 15  4 12  4  6]|
04/24/2025 07:13:18 - INFO - End of Episode.
|Episode 086/150| time: 4.33|
|Def Loss 0.0542 | Def Reward in ep 094|
|Att Loss 0.0599 | Att Reward in ep 006|
|Def Estimated: [17 27 14 17  6 12  3  4]| Att Labels: [17 30 11 17  7 11  3  4]|
|Def Amount of true predicted attacks: [15 27 11 17  6 11  3  4]|
04/24/2025 07:13:24 - INFO - End of Episode.
|Episode 087/150| time: 4.34|
|Def Loss 0.0592 | Def Reward in ep 098|
|Att Loss 0.0549 | Att Reward in ep 002|
|Def Estimated: [15 23 18 16  4 11 10  3]| Att Labels: [16 22 18 15  4 12 10  3]|
|Def Amount of true predicted attacks: [15 22 18 15  4 11 10  3]|
04/24/2025 07:13:30 - INFO - End of Episode.
|Episode 088/150| time: 4.35|
|Def Loss 0.0516 | Def Reward in ep 097|
|Att Loss 0.0413 | Att Reward in ep 003|
|Def Estimated: [15 27 12 15  6 15  5  5]| Att Labels: [14 28 11 15  7 15  5  5]|
|Def Amount of true predicted attacks: [13 27 11 15  6 15  5  5]|
04/24/2025 07:13:36 - INFO - End of Episode.
|Episode 089/150| time: 4.32|
|Def Loss 0.0519 | Def Reward in ep 095|
|Att Loss 0.0470 | Att Reward in ep 005|
|Def Estimated: [ 7 34 15 11  5 15  9  4]| Att Labels: [ 9 37 12 11  4 15  9  3]|
|Def Amount of true predicted attacks: [ 7 34 12 11  4 15  9  3]|
04/24/2025 07:13:42 - INFO - End of Episode.
|Episode 090/150| time: 4.36|
|Def Loss 0.0546 | Def Reward in ep 093|
|Att Loss 0.0455 | Att Reward in ep 007|
|Def Estimated: [16 23 14 25  7  9  2  4]| Att Labels: [18 23 13 26  6  9  2  3]|
|Def Amount of true predicted attacks: [14 21 13 25  6  9  2  3]|
04/24/2025 07:13:47 - INFO - End of Episode.
|Episode 091/150| time: 4.32|
|Def Loss 0.0543 | Def Reward in ep 093|
|Att Loss 0.0485 | Att Reward in ep 007|
|Def Estimated: [13 20 16 14 10 14  6  7]| Att Labels: [16 23 15 13  8 13  6  6]|
|Def Amount of true predicted attacks: [12 20 15 13  8 13  6  6]|
04/24/2025 07:13:53 - INFO - End of Episode.
|Episode 092/150| time: 4.29|
|Def Loss 0.0600 | Def Reward in ep 095|
|Att Loss 0.0490 | Att Reward in ep 005|
|Def Estimated: [10 35 12 22  4  6  7  4]| Att Labels: [ 9 37 11 24  3  6  7  3]|
|Def Amount of true predicted attacks: [ 8 35 11 22  3  6  7  3]|
04/24/2025 07:13:59 - INFO - End of Episode.
|Episode 093/150| time: 4.34|
|Def Loss 0.0588 | Def Reward in ep 098|
|Att Loss 0.0309 | Att Reward in ep 002|
|Def Estimated: [11 33 12 15  4 18  3  4]| Att Labels: [11 34 12 15  3 18  3  4]|
|Def Amount of true predicted attacks: [10 33 12 15  3 18  3  4]|
04/24/2025 07:14:05 - INFO - End of Episode.
|Episode 094/150| time: 4.36|
|Def Loss 0.0524 | Def Reward in ep 093|
|Att Loss 0.0292 | Att Reward in ep 007|
|Def Estimated: [12 24  7 16  3 20  9  9]| Att Labels: [12 26  8 16  4 17  9  8]|
|Def Amount of true predicted attacks: [ 9 24  7 16  3 17  9  8]|
04/24/2025 07:14:11 - INFO - End of Episode.
|Episode 095/150| time: 4.32|
|Def Loss 0.0435 | Def Reward in ep 093|
|Att Loss 0.0319 | Att Reward in ep 007|
|Def Estimated: [18 34  6 15  6  8  7  6]| Att Labels: [14 37  6 16  6  7  7  7]|
|Def Amount of true predicted attacks: [13 34  6 15  5  7  7  6]|
04/24/2025 07:14:17 - INFO - End of Episode.
|Episode 096/150| time: 4.35|
|Def Loss 0.0358 | Def Reward in ep 096|
|Att Loss 0.0369 | Att Reward in ep 004|
|Def Estimated: [14 26  8 10 10 15  6 11]| Att Labels: [17 26  8 10  9 14  6 10]|
|Def Amount of true predicted attacks: [14 25  8 10  9 14  6 10]|
04/24/2025 07:14:23 - INFO - End of Episode.
|Episode 097/150| time: 4.37|
|Def Loss 0.0290 | Def Reward in ep 097|
|Att Loss 0.0345 | Att Reward in ep 003|
|Def Estimated: [15 32 10 11  9 14  7  2]| Att Labels: [14 33 10 11  9 14  7  2]|
|Def Amount of true predicted attacks: [13 31 10 11  9 14  7  2]|
04/24/2025 07:14:29 - INFO - End of Episode.
|Episode 098/150| time: 4.33|
|Def Loss 0.0251 | Def Reward in ep 094|
|Att Loss 0.0406 | Att Reward in ep 006|
|Def Estimated: [16 21  8 21  8 15  2  9]| Att Labels: [14 24  8 22  7 14  2  9]|
|Def Amount of true predicted attacks: [13 21  8 20  7 14  2  9]|
04/24/2025 07:14:35 - INFO - End of Episode.
|Episode 099/150| time: 4.31|
|Def Loss 0.0263 | Def Reward in ep 096|
|Att Loss 0.0353 | Att Reward in ep 004|
|Def Estimated: [10 35 12 14  8 13  7  1]| Att Labels: [11 35 12 12  9 13  7  1]|
|Def Amount of true predicted attacks: [10 34 12 12  8 13  6  1]|
04/24/2025 07:14:41 - INFO - End of Episode.
|Episode 100/150| time: 4.33|
|Def Loss 0.0233 | Def Reward in ep 098|
|Att Loss 0.0343 | Att Reward in ep 002|
|Def Estimated: [15 24 18 18  7 11  5  2]| Att Labels: [16 25 16 18  7 11  5  2]|
|Def Amount of true predicted attacks: [15 24 16 18  7 11  5  2]|
04/24/2025 07:14:47 - INFO - End of Episode.
|Episode 101/150| time: 4.33|
|Def Loss 0.0135 | Def Reward in ep 094|
|Att Loss 0.0397 | Att Reward in ep 006|
|Def Estimated: [16 25 13 16  9 12  7  2]| Att Labels: [16 27 13 17  9 10  6  2]|
|Def Amount of true predicted attacks: [15 24 12 16  9 10  6  2]|
04/24/2025 07:14:53 - INFO - End of Episode.
|Episode 102/150| time: 4.36|
|Def Loss 0.0126 | Def Reward in ep 095|
|Att Loss 0.0433 | Att Reward in ep 005|
|Def Estimated: [16 21 13 20  6 14  5  5]| Att Labels: [16 24 13 20  6 12  5  4]|
|Def Amount of true predicted attacks: [15 21 13 19  6 12  5  4]|
04/24/2025 07:14:59 - INFO - End of Episode.
|Episode 103/150| time: 4.35|
|Def Loss 0.0236 | Def Reward in ep 094|
|Att Loss 0.0448 | Att Reward in ep 006|
|Def Estimated: [13 31 10 13  6 11 13  3]| Att Labels: [14 32 10 14  4 10 13  3]|
|Def Amount of true predicted attacks: [11 31 10 12  4 10 13  3]|
04/24/2025 07:15:05 - INFO - End of Episode.
|Episode 104/150| time: 4.43|
|Def Loss 0.0299 | Def Reward in ep 094|
|Att Loss 0.0532 | Att Reward in ep 006|
|Def Estimated: [14 34 11 11  5 12  5  8]| Att Labels: [15 36 10 10  5 14  4  6]|
|Def Amount of true predicted attacks: [13 34 10 10  5 12  4  6]|
04/24/2025 07:15:11 - INFO - End of Episode.
|Episode 105/150| time: 4.34|
|Def Loss 0.0280 | Def Reward in ep 096|
|Att Loss 0.0450 | Att Reward in ep 004|
|Def Estimated: [ 7 37  8 15 10 11  6  6]| Att Labels: [10 36  7 16  9 11  5  6]|
|Def Amount of true predicted attacks: [ 7 36  7 15  9 11  5  6]|
04/24/2025 07:15:17 - INFO - End of Episode.
|Episode 106/150| time: 4.34|
|Def Loss 0.0379 | Def Reward in ep 094|
|Att Loss 0.0466 | Att Reward in ep 006|
|Def Estimated: [13 27 15 16  3 13  5  8]| Att Labels: [14 29 15 17  3 11  5  6]|
|Def Amount of true predicted attacks: [12 27 14 16  3 11  5  6]|
04/24/2025 07:15:23 - INFO - End of Episode.
|Episode 107/150| time: 4.32|
|Def Loss 0.0376 | Def Reward in ep 094|
|Att Loss 0.0506 | Att Reward in ep 006|
|Def Estimated: [ 9 23 13 18  8 12  9  8]| Att Labels: [12 24 12 18  7 12  8  7]|
|Def Amount of true predicted attacks: [ 9 22 11 18  7 12  8  7]|
04/24/2025 07:15:29 - INFO - End of Episode.
|Episode 108/150| time: 4.28|
|Def Loss 0.0376 | Def Reward in ep 095|
|Att Loss 0.0395 | Att Reward in ep 005|
|Def Estimated: [11 33 11 12  9 13  8  3]| Att Labels: [10 34 12 13  8 13  8  2]|
|Def Amount of true predicted attacks: [10 31 11 12  8 13  8  2]|
04/24/2025 07:15:35 - INFO - End of Episode.
|Episode 109/150| time: 4.30|
|Def Loss 0.0391 | Def Reward in ep 093|
|Att Loss 0.0336 | Att Reward in ep 007|
|Def Estimated: [10 25 14 19  7 12  8  5]| Att Labels: [11 28 14 20  6  9  7  5]|
|Def Amount of true predicted attacks: [ 8 25 14 19  6  9  7  5]|
04/24/2025 07:15:41 - INFO - End of Episode.
|Episode 110/150| time: 4.34|
|Def Loss 0.0402 | Def Reward in ep 095|
|Att Loss 0.0341 | Att Reward in ep 005|
|Def Estimated: [15 27 19 15  7 13  2  2]| Att Labels: [15 27 19 16  7 12  2  2]|
|Def Amount of true predicted attacks: [13 26 19 15  6 12  2  2]|
04/24/2025 07:15:47 - INFO - End of Episode.
|Episode 111/150| time: 4.33|
|Def Loss 0.0450 | Def Reward in ep 095|
|Att Loss 0.0343 | Att Reward in ep 005|
|Def Estimated: [13 33  8 16  4 12  6  8]| Att Labels: [16 31  8 14  4 12  7  8]|
|Def Amount of true predicted attacks: [13 31  8 14  3 12  6  8]|
04/24/2025 07:15:53 - INFO - End of Episode.
|Episode 112/150| time: 4.30|
|Def Loss 0.0463 | Def Reward in ep 091|
|Att Loss 0.0359 | Att Reward in ep 009|
|Def Estimated: [ 9 39  9 17  4 11  4  7]| Att Labels: [12 43  8 16  3  9  3  6]|
|Def Amount of true predicted attacks: [ 9 38  7 16  3  9  3  6]|
04/24/2025 07:15:59 - INFO - End of Episode.
|Episode 113/150| time: 4.33|
|Def Loss 0.0349 | Def Reward in ep 090|
|Att Loss 0.0356 | Att Reward in ep 010|
|Def Estimated: [16 21 12 10 13 10 10  8]| Att Labels: [15 25 12 10 12 10  9  7]|
|Def Amount of true predicted attacks: [12 21 12 10 11  8  9  7]|
04/24/2025 07:16:06 - INFO - End of Episode.
|Episode 114/150| time: 4.35|
|Def Loss 0.0289 | Def Reward in ep 093|
|Att Loss 0.0484 | Att Reward in ep 007|
|Def Estimated: [ 9 30 10 15 12  8  8  8]| Att Labels: [ 9 31 11 15 11  7  8  8]|
|Def Amount of true predicted attacks: [ 7 29 10 14 11  7  7  8]|
04/24/2025 07:16:12 - INFO - End of Episode.
|Episode 115/150| time: 4.32|
|Def Loss 0.0365 | Def Reward in ep 094|
|Att Loss 0.0555 | Att Reward in ep 006|
|Def Estimated: [10 23  8 20 14 10 10  5]| Att Labels: [12 23  8 20 14  9 10  4]|
|Def Amount of true predicted attacks: [ 9 23  8 19 14  8  9  4]|
04/24/2025 07:16:18 - INFO - End of Episode.
|Episode 116/150| time: 4.35|
|Def Loss 0.0306 | Def Reward in ep 097|
|Att Loss 0.0605 | Att Reward in ep 003|
|Def Estimated: [12 32 12 16  8 11  6  3]| Att Labels: [13 31 12 17  7 11  6  3]|
|Def Amount of true predicted attacks: [11 31 12 16  7 11  6  3]|
04/24/2025 07:16:24 - INFO - End of Episode.
|Episode 117/150| time: 4.33|
|Def Loss 0.0285 | Def Reward in ep 094|
|Att Loss 0.0492 | Att Reward in ep 006|
|Def Estimated: [18 27  8 16 12  6  8  5]| Att Labels: [19 29  7 18 11  5  7  4]|
|Def Amount of true predicted attacks: [17 27  7 16 11  5  7  4]|
04/24/2025 07:16:30 - INFO - End of Episode.
|Episode 118/150| time: 4.25|
|Def Loss 0.0318 | Def Reward in ep 098|
|Att Loss 0.0566 | Att Reward in ep 002|
|Def Estimated: [10 23 10 24 12  3  8 10]| Att Labels: [10 23 10 24 12  3  8 10]|
|Def Amount of true predicted attacks: [ 9 23 10 23 12  3  8 10]|
04/24/2025 07:16:36 - INFO - End of Episode.
|Episode 119/150| time: 4.28|
|Def Loss 0.0269 | Def Reward in ep 098|
|Att Loss 0.0599 | Att Reward in ep 002|
|Def Estimated: [ 8 26  7 17 10 14 12  6]| Att Labels: [ 8 27  7 17 10 14 12  5]|
|Def Amount of true predicted attacks: [ 7 26  7 17 10 14 12  5]|
04/24/2025 07:16:43 - INFO - End of Episode.
|Episode 120/150| time: 4.34|
|Def Loss 0.0222 | Def Reward in ep 096|
|Att Loss 0.0528 | Att Reward in ep 004|
|Def Estimated: [13 30 12 13 11  9  4  8]| Att Labels: [17 30 11 13  8  9  4  8]|
|Def Amount of true predicted attacks: [13 30 11 13  8  9  4  8]|
04/24/2025 07:16:49 - INFO - End of Episode.
|Episode 121/150| time: 4.26|
|Def Loss 0.0283 | Def Reward in ep 096|
|Att Loss 0.0482 | Att Reward in ep 004|
|Def Estimated: [10 30 13 21  9  6  5  6]| Att Labels: [10 32 11 22  8  6  5  6]|
|Def Amount of true predicted attacks: [ 9 30 11 21  8  6  5  6]|
04/24/2025 07:16:55 - INFO - End of Episode.
|Episode 122/150| time: 4.31|
|Def Loss 0.0284 | Def Reward in ep 099|
|Att Loss 0.0508 | Att Reward in ep 001|
|Def Estimated: [14 29 13 21 10  6  2  5]| Att Labels: [14 29 12 22 10  6  2  5]|
|Def Amount of true predicted attacks: [14 29 12 21 10  6  2  5]|
04/24/2025 07:17:01 - INFO - End of Episode.
|Episode 123/150| time: 4.39|
|Def Loss 0.0270 | Def Reward in ep 095|
|Att Loss 0.0347 | Att Reward in ep 005|
|Def Estimated: [20 31  6  9 10 11  4  9]| Att Labels: [19 33  6  9  9 11  4  9]|
|Def Amount of true predicted attacks: [17 30  6  9  9 11  4  9]|
04/24/2025 07:17:08 - INFO - End of Episode.
|Episode 124/150| time: 4.32|
|Def Loss 0.0246 | Def Reward in ep 095|
|Att Loss 0.0293 | Att Reward in ep 005|
|Def Estimated: [14 31 10 15  7 10  7  6]| Att Labels: [14 31  8 18  6 10  7  6]|
|Def Amount of true predicted attacks: [13 30  8 15  6 10  7  6]|
04/24/2025 07:17:14 - INFO - End of Episode.
|Episode 125/150| time: 4.34|
|Def Loss 0.0236 | Def Reward in ep 095|
|Att Loss 0.0309 | Att Reward in ep 005|
|Def Estimated: [11 36 12 15  7  6  6  7]| Att Labels: [12 35 11 15  7  6  6  8]|
|Def Amount of true predicted attacks: [10 34 11 14  7  6  6  7]|
04/24/2025 07:17:20 - INFO - End of Episode.
|Episode 126/150| time: 4.34|
|Def Loss 0.0214 | Def Reward in ep 094|
|Att Loss 0.0418 | Att Reward in ep 006|
|Def Estimated: [10 32 15 18 11  7  4  3]| Att Labels: [13 31 13 19  9  8  4  3]|
|Def Amount of true predicted attacks: [10 31 13 17  9  7  4  3]|
04/24/2025 07:17:27 - INFO - End of Episode.
|Episode 127/150| time: 4.30|
|Def Loss 0.0248 | Def Reward in ep 097|
|Att Loss 0.0332 | Att Reward in ep 003|
|Def Estimated: [ 8 39 11 11  9 11  6  5]| Att Labels: [10 40 11 11  8 10  5  5]|
|Def Amount of true predicted attacks: [ 8 39 11 11  8 10  5  5]|
04/24/2025 07:17:33 - INFO - End of Episode.
|Episode 128/150| time: 4.32|
|Def Loss 0.0334 | Def Reward in ep 096|
|Att Loss 0.0352 | Att Reward in ep 004|
|Def Estimated: [10 29  5 20 11 10  6  9]| Att Labels: [12 31  5 20  9  8  6  9]|
|Def Amount of true predicted attacks: [10 29  5 20  9  8  6  9]|
04/24/2025 07:17:39 - INFO - End of Episode.
|Episode 129/150| time: 4.36|
|Def Loss 0.0356 | Def Reward in ep 095|
|Att Loss 0.0383 | Att Reward in ep 005|
|Def Estimated: [16 35  7 18  8 11  3  2]| Att Labels: [14 36 10 19  7 11  1  2]|
|Def Amount of true predicted attacks: [14 35  7 18  7 11  1  2]|
04/24/2025 07:17:46 - INFO - End of Episode.
|Episode 130/150| time: 4.30|
|Def Loss 0.0291 | Def Reward in ep 094|
|Att Loss 0.0452 | Att Reward in ep 006|
|Def Estimated: [ 9 28 12 21 10  8  7  5]| Att Labels: [ 9 27 11 23  9  8  8  5]|
|Def Amount of true predicted attacks: [ 8 27 10 21  9  8  7  4]|
04/24/2025 07:17:52 - INFO - End of Episode.
|Episode 131/150| time: 4.32|
|Def Loss 0.0283 | Def Reward in ep 094|
|Att Loss 0.0522 | Att Reward in ep 006|
|Def Estimated: [ 9 28 15 15  7  9 11  6]| Att Labels: [14 26 12 15  7  9 12  5]|
|Def Amount of true predicted attacks: [ 9 26 12 15  7  9 11  5]|
04/24/2025 07:17:59 - INFO - End of Episode.
|Episode 132/150| time: 4.36|
|Def Loss 0.0336 | Def Reward in ep 093|
|Att Loss 0.0561 | Att Reward in ep 007|
|Def Estimated: [18 26 15 21  3 10  4  3]| Att Labels: [19 28 15 22  3  7  3  3]|
|Def Amount of true predicted attacks: [16 26 14 21  3  7  3  3]|
04/24/2025 07:18:05 - INFO - End of Episode.
|Episode 133/150| time: 4.31|
|Def Loss 0.0335 | Def Reward in ep 097|
|Att Loss 0.0527 | Att Reward in ep 003|
|Def Estimated: [12 35  8 20  1 11  5  8]| Att Labels: [12 35  8 21  1 11  4  8]|
|Def Amount of true predicted attacks: [11 34  8 20  1 11  4  8]|
04/24/2025 07:18:11 - INFO - End of Episode.
|Episode 134/150| time: 4.35|
|Def Loss 0.0323 | Def Reward in ep 094|
|Att Loss 0.0600 | Att Reward in ep 006|
|Def Estimated: [15 30  6 14 11  9  8  7]| Att Labels: [16 31  6 14  9  9  8  7]|
|Def Amount of true predicted attacks: [14 29  5 14  9  8  8  7]|
04/24/2025 07:18:18 - INFO - End of Episode.
|Episode 135/150| time: 4.27|
|Def Loss 0.0300 | Def Reward in ep 098|
|Att Loss 0.0475 | Att Reward in ep 002|
|Def Estimated: [ 9 29 15 19  5  8 11  4]| Att Labels: [ 8 30 14 20  5  8 11  4]|
|Def Amount of true predicted attacks: [ 8 29 14 19  5  8 11  4]|
04/24/2025 07:18:24 - INFO - End of Episode.
|Episode 136/150| time: 4.35|
|Def Loss 0.0350 | Def Reward in ep 096|
|Att Loss 0.0437 | Att Reward in ep 004|
|Def Estimated: [13 26  9 14  6 15  5 12]| Att Labels: [15 26  9 13  5 15  5 12]|
|Def Amount of true predicted attacks: [13 25  9 13  5 14  5 12]|
04/24/2025 07:18:31 - INFO - End of Episode.
|Episode 137/150| time: 4.36|
|Def Loss 0.0299 | Def Reward in ep 096|
|Att Loss 0.0462 | Att Reward in ep 004|
|Def Estimated: [11 37  9 14  6 16  1  6]| Att Labels: [12 37  7 15  6 16  1  6]|
|Def Amount of true predicted attacks: [10 36  7 14  6 16  1  6]|
04/24/2025 07:18:37 - INFO - End of Episode.
|Episode 138/150| time: 4.32|
|Def Loss 0.0220 | Def Reward in ep 092|
|Att Loss 0.0517 | Att Reward in ep 008|
|Def Estimated: [ 9 27 10 22  7 15  3  7]| Att Labels: [12 26 10 25  5 14  2  6]|
|Def Amount of true predicted attacks: [ 8 26  9 22  5 14  2  6]|
04/24/2025 07:18:44 - INFO - End of Episode.
|Episode 139/150| time: 4.38|
|Def Loss 0.0360 | Def Reward in ep 093|
|Att Loss 0.0484 | Att Reward in ep 007|
|Def Estimated: [18 33 14  8  4 14  6  3]| Att Labels: [22 32 15  8  4 10  6  3]|
|Def Amount of true predicted attacks: [18 30 14  8  4 10  6  3]|
04/24/2025 07:18:50 - INFO - End of Episode.
|Episode 140/150| time: 4.37|
|Def Loss 0.0385 | Def Reward in ep 096|
|Att Loss 0.0469 | Att Reward in ep 004|
|Def Estimated: [17 28 11 19  6 13  3  3]| Att Labels: [19 28 11 19  5 12  3  3]|
|Def Amount of true predicted attacks: [16 27 11 19  5 12  3  3]|
04/24/2025 07:18:57 - INFO - End of Episode.
|Episode 141/150| time: 4.40|
|Def Loss 0.0377 | Def Reward in ep 098|
|Att Loss 0.0479 | Att Reward in ep 002|
|Def Estimated: [17 26  6 15 11 12  9  4]| Att Labels: [16 26  6 17 10 12  9  4]|
|Def Amount of true predicted attacks: [16 26  6 15 10 12  9  4]|
04/24/2025 07:19:04 - INFO - End of Episode.
|Episode 142/150| time: 4.36|
|Def Loss 0.0302 | Def Reward in ep 095|
|Att Loss 0.0423 | Att Reward in ep 005|
|Def Estimated: [13 25 10 19  7 15  4  7]| Att Labels: [11 27 10 21  7 15  4  5]|
|Def Amount of true predicted attacks: [11 25 10 19  7 15  3  5]|
04/24/2025 07:19:10 - INFO - End of Episode.
|Episode 143/150| time: 4.36|
|Def Loss 0.0283 | Def Reward in ep 095|
|Att Loss 0.0420 | Att Reward in ep 005|
|Def Estimated: [15 39  9 14  6  8  4  5]| Att Labels: [16 38  9 15  6  8  3  5]|
|Def Amount of true predicted attacks: [13 37  9 14  6  8  3  5]|
04/24/2025 07:19:17 - INFO - End of Episode.
|Episode 144/150| time: 4.32|
|Def Loss 0.0244 | Def Reward in ep 098|
|Att Loss 0.0336 | Att Reward in ep 002|
|Def Estimated: [13 38 10 15 10  8  1  5]| Att Labels: [11 38 10 16 11  8  1  5]|
|Def Amount of true predicted attacks: [11 38 10 15 10  8  1  5]|
04/24/2025 07:19:23 - INFO - End of Episode.
|Episode 145/150| time: 4.38|
|Def Loss 0.0369 | Def Reward in ep 093|
|Att Loss 0.0352 | Att Reward in ep 007|
|Def Estimated: [17 31  7 21  7 10  4  3]| Att Labels: [17 32  7 23  6  9  3  3]|
|Def Amount of true predicted attacks: [14 30  7 21  6  9  3  3]|
04/24/2025 07:19:30 - INFO - End of Episode.
|Episode 146/150| time: 4.36|
|Def Loss 0.0344 | Def Reward in ep 097|
|Att Loss 0.0415 | Att Reward in ep 003|
|Def Estimated: [13 30 15 17  6 11  1  7]| Att Labels: [13 32 15 17  5 11  1  6]|
|Def Amount of true predicted attacks: [13 30 15 17  5 11  1  5]|
04/24/2025 07:19:37 - INFO - End of Episode.
|Episode 147/150| time: 4.32|
|Def Loss 0.0393 | Def Reward in ep 098|
|Att Loss 0.0378 | Att Reward in ep 002|
|Def Estimated: [16 23 11 18  8  8  8  8]| Att Labels: [17 24 11 18  7  7  8  8]|
|Def Amount of true predicted attacks: [16 23 11 18  7  7  8  8]|
04/24/2025 07:19:43 - INFO - End of Episode.
|Episode 148/150| time: 4.38|
|Def Loss 0.0442 | Def Reward in ep 094|
|Att Loss 0.0436 | Att Reward in ep 006|
|Def Estimated: [11 23 14 19  7 11  4 11]| Att Labels: [14 23 15 19  5 10  3 11]|
|Def Amount of true predicted attacks: [10 22 14 19  5 10  3 11]|
04/24/2025 07:19:50 - INFO - End of Episode.
|Episode 149/150| time: 4.35|
|Def Loss 0.0449 | Def Reward in ep 092|
|Att Loss 0.0448 | Att Reward in ep 008|
|Def Estimated: [15 25 10 20  9  4  8  9]| Att Labels: [17 27 11 18  7  3  8  9]|
|Def Amount of true predicted attacks: [13 24 10 18  7  3  8  9]|
04/24/2025 07:19:52 - INFO - Model 'attacker_model_cic_2017' saved in: /workspace/models/trained-models/2025-04-24-07-05-mac-cic-2017-18-multi-class-1st-run/attacker_model_cic.keras
04/24/2025 07:19:52 - INFO - Model summary:
Model: "attacker_model_cic_2017"
_________________________________________________________________
 Layer (type)                Output Shape              Param #   
=================================================================
 dense (Dense)               (None, 100)               6800      
                                                                 
 dense_1 (Dense)             (None, 100)               10100     
                                                                 
 dense_2 (Dense)             (None, 100)               10100     
                                                                 
 dense_3 (Dense)             (None, 100)               10100     
                                                                 
 dense_4 (Dense)             (None, 100)               10100     
                                                                 
 dense_5 (Dense)             (None, 15)                1515      
                                                                 
=================================================================
Total params: 48715 (190.29 KB)
Trainable params: 48715 (190.29 KB)
Non-trainable params: 0 (0.00 Byte)
_________________________________________________________________

04/24/2025 07:19:52 - INFO - Model 'defender_model' saved in: /workspace/models/trained-models/2025-04-24-07-05-mac-cic-2017-18-multi-class-1st-run/defender_model.keras
04/24/2025 07:19:52 - INFO - Model summary:
Model: "defender_model"
_________________________________________________________________
 Layer (type)                Output Shape              Param #   
=================================================================
 dense_12 (Dense)            (None, 100)               6800      
                                                                 
 dense_13 (Dense)            (None, 100)               10100     
                                                                 
 dense_14 (Dense)            (None, 100)               10100     
                                                                 
 dense_15 (Dense)            (None, 8)                 808       
                                                                 
=================================================================
Total params: 27808 (108.62 KB)
Trainable params: 27808 (108.62 KB)
Non-trainable params: 0 (0.00 Byte)
_________________________________________________________________

04/24/2025 07:19:52 - INFO - Saved trained models.
04/24/2025 07:19:52 - INFO - Total runtime: 00:14:39
04/24/2025 07:19:52 - INFO - End of the script at: 2025-04-24 07:19:52.822414
04/24/2025 07:20:29 - INFO - Debug information saved to /workspace/models/trained-models/2025-04-24-07-05-mac-cic-2017-18-multi-class-1st-run/logs/debug_info.json
04/24/2025 07:20:29 - INFO - Trying to save summary plots under: /workspace/models/trained-models/2025-04-24-07-05-mac-cic-2017-18-multi-class-1st-run/plots/
04/24/2025 07:20:31 - INFO - Plotted attack distributions during training in: /workspace/models/trained-models/2025-04-24-07-05-mac-cic-2017-18-multi-class-1st-run/plots/
04/24/2025 07:20:46 - INFO - Normalized confusion matrix
04/24/2025 07:20:46 - INFO - 
Confusion Matrix:
[[8.84700000e-01 2.24928571e-02 2.16214286e-02 6.62142857e-03
  4.05928571e-02 2.13000000e-02 2.65714286e-03 1.42857143e-05]
 [2.24059615e-02 9.52036740e-01 2.14345653e-04 1.23134737e-04
  1.13101536e-03 2.40751213e-02 1.36816374e-05 0.00000000e+00]
 [1.56100669e-02 3.82287353e-03 9.78177764e-01 3.18572794e-04
  1.75215037e-03 1.59286397e-04 1.59286397e-04 0.00000000e+00]
 [2.03366059e-02 1.54277700e-02 3.64656381e-02 9.12342216e-01
  9.81767181e-03 7.01262272e-04 4.90883590e-03 0.00000000e+00]
 [1.29829985e-01 0.00000000e+00 0.00000000e+00 0.00000000e+00
  8.70170015e-01 0.00000000e+00 0.00000000e+00 0.00000000e+00]
 [1.96152210e-02 1.58688610e-03 1.35785100e-03 1.76684226e-03
  0.00000000e+00 9.70470831e-01 5.20236888e-03 0.00000000e+00]
 [5.26315789e-02 1.05263158e-01 3.15789474e-01 5.26315789e-02
  0.00000000e+00 0.00000000e+00 4.73684211e-01 0.00000000e+00]
 [0.00000000e+00 0.00000000e+00 0.00000000e+00 0.00000000e+00
  0.00000000e+00 0.00000000e+00 0.00000000e+00 1.00000000e+00]]
04/24/2025 07:20:46 - INFO - Plotted confusion matrix in: /workspace/models/trained-models/2025-04-24-07-05-mac-cic-2017-18-multi-class-1st-run/plots/intraset/
04/24/2025 07:20:46 - INFO - Model summary:
Model: "defender_model"
_________________________________________________________________
 Layer (type)                Output Shape              Param #   
=================================================================
 dense_12 (Dense)            (None, 100)               6800      
                                                                 
 dense_13 (Dense)            (None, 100)               10100     
                                                                 
 dense_14 (Dense)            (None, 100)               10100     
                                                                 
 dense_15 (Dense)            (None, 8)                 808       
                                                                 
=================================================================
Total params: 27808 (108.62 KB)
Trainable params: 27808 (108.62 KB)
Non-trainable params: 0 (0.00 Byte)
_________________________________________________________________

loaded from: /workspace/models/trained-models/2025-04-24-07-05-mac-cic-2017-18-multi-class-1st-run/defender_model.keras
04/24/2025 07:20:47 - INFO - Overall overview
Total reward: 400516 | Number of samples: 429420 | Accuracy = 93.27%
Overall overview per attack type
              Estimated Correct   Total Mismatch   F1_score
Benign           130266  123858  140000     9734  91.656368
(D)DOS           212049  208755  219272     7223  96.797976
Brute Force        9356    6141    6278     3078   78.55955
Web Attack         2366    1301    1426      940  68.618143
Botnet             7082    1126    1294     5788  26.886342
Probe             67584   59321   61126     6458  92.177764
Infiltration        710       9      19      691   2.469136
Heartbleed            7       5       5        2  83.333333
Weigthed Avg.                                     93.888818
04/24/2025 07:20:48 - INFO - 
       Class  Support  Accuracy  Precision  Recall  F1-Score
      Benign   140000    0.8847     0.9508  0.8847    0.9166
      (D)DOS   219272    0.9520     0.9845  0.9520    0.9680
 Brute Force     6278    0.9782     0.6564  0.9782    0.7856
  Web Attack     1426    0.9123     0.5499  0.9123    0.6862
      Botnet     1294    0.8702     0.1590  0.8702    0.2689
       Probe    61126    0.9705     0.8777  0.9705    0.9218
Infiltration       19    0.4737     0.0127  0.4737    0.0247
  Heartbleed        5    1.0000     0.7143  1.0000    0.8333
04/24/2025 07:20:48 - INFO - Overall weighted F1-score: 0.9389
04/24/2025 07:20:49 - INFO - Classification report:
              precision    recall  f1-score   support

      Benign       0.95      0.88      0.92    140000
      (D)DOS       0.98      0.95      0.97    219272
 Brute Force       0.66      0.98      0.79      6278
  Web Attack       0.55      0.91      0.69      1426
      Botnet       0.16      0.87      0.27      1294
       Probe       0.88      0.97      0.92     61126
Infiltration       0.01      0.47      0.02        19
  Heartbleed       0.71      1.00      0.83         5

    accuracy                           0.93    429420
   macro avg       0.61      0.88      0.68    429420
weighted avg       0.95      0.93      0.94    429420

04/24/2025 07:21:03 - INFO - Model metrics: 
loss=0.17300812900066376, mse=1.5116076469421387, mae=0.397032231092453
04/24/2025 07:21:03 - INFO - Optimizer config: {'name': 'Adam', 'weight_decay': None, 'clipnorm': None, 'global_clipnorm': None, 'clipvalue': None, 'use_ema': False, 'ema_momentum': 0.99, 'ema_overwrite_frequency': None, 'jit_compile': True, 'is_legacy_optimizer': False, 'learning_rate': 0.001, 'beta_1': 0.9, 'beta_2': 0.999, 'epsilon': 1e-07, 'amsgrad': False}
04/24/2025 07:21:03 - INFO - Time needed for testing: 28.955526113510132
04/24/2025 07:21:03 - INFO - [Intra Set] Metrics exported to: /workspace/models/trained-models/2025-04-24-07-05-mac-cic-2017-18-multi-class-1st-run/logs/evaluation_metrics_defender_model.json
04/24/2025 07:21:47 - INFO - Normalized confusion matrix
04/24/2025 07:21:47 - INFO - 
Confusion Matrix:
[[7.81101176e-01 1.56545882e-01 3.03788235e-02 4.02352941e-04
  2.10682353e-02 1.49411765e-03 1.20705882e-03 7.80235294e-03]
 [5.39959219e-01 4.57525440e-01 2.49341626e-03 0.00000000e+00
  6.09041588e-06 1.46169981e-05 1.21808318e-06 0.00000000e+00]
 [9.98373205e-01 1.08453031e-03 8.82757229e-05 0.00000000e+00
  2.01773081e-04 7.56649054e-05 1.76551446e-04 0.00000000e+00]
 [2.10843373e-01 3.34337349e-01 4.51807229e-03 0.00000000e+00
  1.59638554e-01 0.00000000e+00 1.50602410e-01 1.40060241e-01]
 [9.86936830e-01 5.15974742e-03 7.80514173e-03 0.00000000e+00
  0.00000000e+00 0.00000000e+00 9.82809032e-05 0.00000000e+00]
 [           nan            nan            nan            nan
             nan            nan            nan            nan]
 [6.81491116e-01 2.16278297e-01 3.43443848e-02 2.85972584e-04
  2.84404347e-02 1.96029594e-02 3.33019686e-03 1.62266379e-02]
 [           nan            nan            nan            nan
             nan            nan            nan            nan]]
04/24/2025 07:21:47 - INFO - Plotted confusion matrix in: /workspace/models/trained-models/2025-04-24-07-05-mac-cic-2017-18-multi-class-1st-run/plots/interset/
04/24/2025 07:21:47 - INFO - [Inter-Set] Confusion matrix saved to /workspace/models/trained-models/2025-04-24-07-05-mac-cic-2017-18-multi-class-1st-run/plots/
04/24/2025 07:22:40 - INFO - [Cross-Set] Model metrics: loss=0.2927311956882477, mse=586.2197265625, mae=0.5431435108184814
04/24/2025 07:22:40 - INFO - [Inter-Set] Evaluation completed. Metrics exported to: /workspace/models/trained-models/2025-04-24-07-05-mac-cic-2017-18-multi-class-1st-run/logs/evaluation_metrics_cross_defender_model.json
04/24/2025 07:22:40 - INFO - [Inter-Set] Time needed: 97.21 seconds
04/24/2025 07:22:40 - INFO - Finished script at: 2025-04-24-07-22
Total runtime: 0:17:27.825017
