04/23/2025 08:58:06 - INFO - Started script at: 2025-04-23-08-58
Current working dir: /workspace
Used data files: 
/workspace/data/datasets/cic_ids/cic-ids-2017/clean/all_benign.feather,
/workspace/data/datasets/cic_ids/cic-ids-2017/clean/all_malicious.feather
04/23/2025 08:58:06 - INFO - Setting up Attacker and Defender Agents...
04/23/2025 08:58:36 - INFO - One-vs-All Split ready (target: (D)DOS):
04/23/2025 08:58:36 - INFO - Train: (56953, 67), Validation: (174835, 67), Test: (990735, 67)
04/23/2025 08:58:37 - INFO - [Init from split] Loaded 56953 train, 990735 test samples.
04/23/2025 08:58:39 - INFO - One-vs-All Split ready (target: (D)DOS):
04/23/2025 08:58:39 - INFO - Train: (58360, 67), Validation: (154014, 67), Test: (359368, 67)
04/23/2025 08:58:39 - INFO - Initializing Attacker:CIC-2017-(D)DOS's ReplayMemory with observation_size=67 and max_size=1000
04/23/2025 08:58:40 - WARNING - Skipping variable loading for optimizer 'Adam', because it has 25 variables whereas the saved optimizer has 1 variables. 
04/23/2025 08:58:40 - INFO - Initializing Defender's ReplayMemory with observation_size=67 and max_size=1000
04/23/2025 08:58:40 - WARNING - Skipping variable loading for optimizer 'Adam', because it has 17 variables whereas the saved optimizer has 1 variables. 
04/23/2025 08:58:40 - INFO - Creating environment...
04/23/2025 08:58:40 - INFO - Start Training with the following parameters:
-----------------------------------------------------------------------------------------------------------------------
Total episodes: 100 | Iterations in episode: 100 | Minibatch from mem size: 100 | Total Samples: 10000 | Data shape: (56953, 67)
-----------------------------------------------------------------------------------------------------------------------
Attacker<Attack-Type>: Num_actions=8 | gamma=0.001 | epsilon=1 | ANN hidden size=100 | ANN hidden layers=5 | Learning rate=0.001
-----------------------------------------------------------------------------------------------------------------------
Defender: Num_actions=2 | gamma=0.001 | epsilon=1 | ANN hidden size=100 | ANN hidden layers=3 | Learning rate=0.001
-----------------------------------------------------------------------------------------------------------------------
Used Attack types: '['Benign', '(D)DOS']' | Attack name(s): ['Benign', 'DDOS attack HOIC', 'DDOS attack LOIC UDP', 'DDoS attacks LOIC HTTP', 'DoS attacks GoldenEye', 'DoS attacks Hulk', 'DoS attacks SlowHTTPTest', 'DoS attacks Slowloris']
-----------------------------------------------------------------------------------------------------------------------

04/23/2025 08:58:40 - INFO - End of Episode.
|Episode 000/100| time: 0.32|
|Def Loss 0.0000 | Def Reward in ep 045|
|Att Loss 0.0000 | Att Reward in ep 055|
|Def Estimated: [52 48]| Att Labels: [ 7 93]|
|Def Amount of true predicted attacks: [ 2 43]|
04/23/2025 08:58:43 - WARNING - 5 out of the last 5 calls to <function QNetwork.predict at 0x7c3a3b0ef100> triggered tf.function retracing. Tracing is expensive and the excessive number of tracings could be due to (1) creating @tf.function repeatedly in a loop, (2) passing tensors with different shapes, (3) passing Python objects instead of tensors. For (1), please define your @tf.function outside of the loop. For (2), @tf.function has reduce_retracing=True option that can avoid unnecessary retracing. For (3), please refer to https://www.tensorflow.org/guide/function#controlling_retracing and https://www.tensorflow.org/api_docs/python/tf/function for  more details.
04/23/2025 08:58:46 - INFO - End of Episode.
|Episode 001/100| time: 4.03|
|Def Loss 1.7963 | Def Reward in ep 059|
|Att Loss 1.5318 | Att Reward in ep 041|
|Def Estimated: [36 64]| Att Labels: [23 77]|
|Def Amount of true predicted attacks: [ 9 50]|
04/23/2025 08:58:48 - INFO - End of Episode.
|Episode 002/100| time: 2.08|
|Def Loss 0.3176 | Def Reward in ep 076|
|Att Loss 1.3408 | Att Reward in ep 024|
|Def Estimated: [32 68]| Att Labels: [14 86]|
|Def Amount of true predicted attacks: [11 65]|
04/23/2025 08:58:50 - INFO - End of Episode.
|Episode 003/100| time: 2.11|
|Def Loss 0.2212 | Def Reward in ep 087|
|Att Loss 1.2907 | Att Reward in ep 013|
|Def Estimated: [19 81]| Att Labels: [12 88]|
|Def Amount of true predicted attacks: [ 9 78]|
04/23/2025 08:58:53 - INFO - End of Episode.
|Episode 004/100| time: 2.12|
|Def Loss 0.1033 | Def Reward in ep 094|
|Att Loss 1.2015 | Att Reward in ep 006|
|Def Estimated: [18 82]| Att Labels: [12 88]|
|Def Amount of true predicted attacks: [12 82]|
04/23/2025 08:58:55 - INFO - End of Episode.
|Episode 005/100| time: 2.12|
|Def Loss 0.0850 | Def Reward in ep 099|
|Att Loss 1.0797 | Att Reward in ep 001|
|Def Estimated: [13 87]| Att Labels: [12 88]|
|Def Amount of true predicted attacks: [12 87]|
04/23/2025 08:58:57 - INFO - End of Episode.
|Episode 006/100| time: 2.15|
|Def Loss 0.0695 | Def Reward in ep 099|
|Att Loss 0.9760 | Att Reward in ep 001|
|Def Estimated: [12 88]| Att Labels: [11 89]|
|Def Amount of true predicted attacks: [11 88]|
04/23/2025 08:59:00 - INFO - End of Episode.
|Episode 007/100| time: 2.12|
|Def Loss 0.0747 | Def Reward in ep 097|
|Att Loss 0.8851 | Att Reward in ep 003|
|Def Estimated: [ 7 93]| Att Labels: [ 8 92]|
|Def Amount of true predicted attacks: [ 6 91]|
04/23/2025 08:59:02 - INFO - End of Episode.
|Episode 008/100| time: 2.17|
|Def Loss 0.0515 | Def Reward in ep 100|
|Att Loss 0.7948 | Att Reward in ep 000|
|Def Estimated: [19 81]| Att Labels: [19 81]|
|Def Amount of true predicted attacks: [19 81]|
04/23/2025 08:59:04 - INFO - End of Episode.
|Episode 009/100| time: 2.13|
|Def Loss 0.0721 | Def Reward in ep 098|
|Att Loss 0.7578 | Att Reward in ep 002|
|Def Estimated: [10 90]| Att Labels: [12 88]|
|Def Amount of true predicted attacks: [10 88]|
04/23/2025 08:59:07 - INFO - End of Episode.
|Episode 010/100| time: 2.11|
|Def Loss 0.0716 | Def Reward in ep 098|
|Att Loss 0.6418 | Att Reward in ep 002|
|Def Estimated: [10 90]| Att Labels: [10 90]|
|Def Amount of true predicted attacks: [ 9 89]|
04/23/2025 08:59:09 - INFO - End of Episode.
|Episode 011/100| time: 2.20|
|Def Loss 0.0722 | Def Reward in ep 096|
|Att Loss 0.3977 | Att Reward in ep 004|
|Def Estimated: [26 74]| Att Labels: [26 74]|
|Def Amount of true predicted attacks: [24 72]|
04/23/2025 08:59:12 - INFO - End of Episode.
|Episode 012/100| time: 2.12|
|Def Loss 0.0484 | Def Reward in ep 100|
|Att Loss 0.2249 | Att Reward in ep 000|
|Def Estimated: [12 88]| Att Labels: [12 88]|
|Def Amount of true predicted attacks: [12 88]|
04/23/2025 08:59:14 - INFO - End of Episode.
|Episode 013/100| time: 2.20|
|Def Loss 0.0498 | Def Reward in ep 097|
|Att Loss 0.1218 | Att Reward in ep 003|
|Def Estimated: [15 85]| Att Labels: [14 86]|
|Def Amount of true predicted attacks: [13 84]|
04/23/2025 08:59:17 - INFO - End of Episode.
|Episode 014/100| time: 2.17|
|Def Loss 0.0530 | Def Reward in ep 097|
|Att Loss 0.0794 | Att Reward in ep 003|
|Def Estimated: [21 79]| Att Labels: [22 78]|
|Def Amount of true predicted attacks: [20 77]|
04/23/2025 08:59:19 - INFO - End of Episode.
|Episode 015/100| time: 2.22|
|Def Loss 0.0954 | Def Reward in ep 099|
|Att Loss 0.0659 | Att Reward in ep 001|
|Def Estimated: [26 74]| Att Labels: [25 75]|
|Def Amount of true predicted attacks: [25 74]|
04/23/2025 08:59:22 - INFO - End of Episode.
|Episode 016/100| time: 2.17|
|Def Loss 0.0709 | Def Reward in ep 099|
|Att Loss 0.0690 | Att Reward in ep 001|
|Def Estimated: [20 80]| Att Labels: [19 81]|
|Def Amount of true predicted attacks: [19 80]|
04/23/2025 08:59:24 - INFO - End of Episode.
|Episode 017/100| time: 2.18|
|Def Loss 0.0647 | Def Reward in ep 100|
|Att Loss 0.0453 | Att Reward in ep 000|
|Def Estimated: [15 85]| Att Labels: [15 85]|
|Def Amount of true predicted attacks: [15 85]|
04/23/2025 08:59:26 - INFO - End of Episode.
|Episode 018/100| time: 2.11|
|Def Loss 0.0523 | Def Reward in ep 100|
|Att Loss 0.0403 | Att Reward in ep 000|
|Def Estimated: [ 8 92]| Att Labels: [ 8 92]|
|Def Amount of true predicted attacks: [ 8 92]|
04/23/2025 08:59:29 - INFO - End of Episode.
|Episode 019/100| time: 2.21|
|Def Loss 0.0238 | Def Reward in ep 100|
|Att Loss 0.0325 | Att Reward in ep 000|
|Def Estimated: [13 87]| Att Labels: [13 87]|
|Def Amount of true predicted attacks: [13 87]|
04/23/2025 08:59:31 - INFO - End of Episode.
|Episode 020/100| time: 2.19|
|Def Loss 0.0202 | Def Reward in ep 099|
|Att Loss 0.0347 | Att Reward in ep 001|
|Def Estimated: [20 80]| Att Labels: [21 79]|
|Def Amount of true predicted attacks: [20 79]|
04/23/2025 08:59:34 - INFO - End of Episode.
|Episode 021/100| time: 2.16|
|Def Loss 0.0289 | Def Reward in ep 099|
|Att Loss 0.0249 | Att Reward in ep 001|
|Def Estimated: [13 87]| Att Labels: [14 86]|
|Def Amount of true predicted attacks: [13 86]|
04/23/2025 08:59:36 - INFO - End of Episode.
|Episode 022/100| time: 2.17|
|Def Loss 0.0169 | Def Reward in ep 100|
|Att Loss 0.0182 | Att Reward in ep 000|
|Def Estimated: [18 82]| Att Labels: [18 82]|
|Def Amount of true predicted attacks: [18 82]|
04/23/2025 08:59:39 - INFO - End of Episode.
|Episode 023/100| time: 2.19|
|Def Loss 0.0314 | Def Reward in ep 099|
|Att Loss 0.0193 | Att Reward in ep 001|
|Def Estimated: [18 82]| Att Labels: [17 83]|
|Def Amount of true predicted attacks: [17 82]|
04/23/2025 08:59:41 - INFO - End of Episode.
|Episode 024/100| time: 2.13|
|Def Loss 0.0057 | Def Reward in ep 100|
|Att Loss 0.0119 | Att Reward in ep 000|
|Def Estimated: [18 82]| Att Labels: [18 82]|
|Def Amount of true predicted attacks: [18 82]|
04/23/2025 08:59:44 - INFO - End of Episode.
|Episode 025/100| time: 2.16|
|Def Loss 0.0016 | Def Reward in ep 100|
|Att Loss 0.0040 | Att Reward in ep 000|
|Def Estimated: [21 79]| Att Labels: [21 79]|
|Def Amount of true predicted attacks: [21 79]|
04/23/2025 08:59:46 - INFO - End of Episode.
|Episode 026/100| time: 2.11|
|Def Loss 0.0008 | Def Reward in ep 100|
|Att Loss 0.0010 | Att Reward in ep 000|
|Def Estimated: [14 86]| Att Labels: [14 86]|
|Def Amount of true predicted attacks: [14 86]|
04/23/2025 08:59:49 - INFO - End of Episode.
|Episode 027/100| time: 2.17|
|Def Loss 0.0007 | Def Reward in ep 099|
|Att Loss 0.0019 | Att Reward in ep 001|
|Def Estimated: [19 81]| Att Labels: [18 82]|
|Def Amount of true predicted attacks: [18 81]|
04/23/2025 08:59:51 - INFO - End of Episode.
|Episode 028/100| time: 2.12|
|Def Loss 0.0052 | Def Reward in ep 099|
|Att Loss 0.0096 | Att Reward in ep 001|
|Def Estimated: [16 84]| Att Labels: [15 85]|
|Def Amount of true predicted attacks: [15 84]|
04/23/2025 08:59:54 - INFO - End of Episode.
|Episode 029/100| time: 2.14|
|Def Loss 0.0050 | Def Reward in ep 099|
|Att Loss 0.0072 | Att Reward in ep 001|
|Def Estimated: [16 84]| Att Labels: [15 85]|
|Def Amount of true predicted attacks: [15 84]|
04/23/2025 08:59:56 - INFO - End of Episode.
|Episode 030/100| time: 2.10|
|Def Loss 0.0010 | Def Reward in ep 100|
|Att Loss 0.0108 | Att Reward in ep 000|
|Def Estimated: [15 85]| Att Labels: [15 85]|
|Def Amount of true predicted attacks: [15 85]|
04/23/2025 08:59:59 - INFO - End of Episode.
|Episode 031/100| time: 2.12|
|Def Loss 0.0010 | Def Reward in ep 099|
|Att Loss 0.0162 | Att Reward in ep 001|
|Def Estimated: [13 87]| Att Labels: [12 88]|
|Def Amount of true predicted attacks: [12 87]|
04/23/2025 09:00:01 - INFO - End of Episode.
|Episode 032/100| time: 2.11|
|Def Loss 0.0006 | Def Reward in ep 100|
|Att Loss 0.0197 | Att Reward in ep 000|
|Def Estimated: [13 87]| Att Labels: [13 87]|
|Def Amount of true predicted attacks: [13 87]|
04/23/2025 09:00:04 - INFO - End of Episode.
|Episode 033/100| time: 2.14|
|Def Loss 0.0004 | Def Reward in ep 100|
|Att Loss 0.0249 | Att Reward in ep 000|
|Def Estimated: [19 81]| Att Labels: [19 81]|
|Def Amount of true predicted attacks: [19 81]|
04/23/2025 09:00:06 - INFO - End of Episode.
|Episode 034/100| time: 2.12|
|Def Loss 0.0022 | Def Reward in ep 098|
|Att Loss 0.0253 | Att Reward in ep 002|
|Def Estimated: [16 84]| Att Labels: [14 86]|
|Def Amount of true predicted attacks: [14 84]|
04/23/2025 09:00:09 - INFO - End of Episode.
|Episode 035/100| time: 2.12|
|Def Loss 0.0009 | Def Reward in ep 100|
|Att Loss 0.0303 | Att Reward in ep 000|
|Def Estimated: [16 84]| Att Labels: [16 84]|
|Def Amount of true predicted attacks: [16 84]|
04/23/2025 09:00:11 - INFO - End of Episode.
|Episode 036/100| time: 2.11|
|Def Loss 0.0029 | Def Reward in ep 100|
|Att Loss 0.0248 | Att Reward in ep 000|
|Def Estimated: [11 89]| Att Labels: [11 89]|
|Def Amount of true predicted attacks: [11 89]|
04/23/2025 09:00:14 - INFO - End of Episode.
|Episode 037/100| time: 2.11|
|Def Loss 0.0048 | Def Reward in ep 098|
|Att Loss 0.0476 | Att Reward in ep 002|
|Def Estimated: [15 85]| Att Labels: [13 87]|
|Def Amount of true predicted attacks: [13 85]|
04/23/2025 09:00:16 - INFO - End of Episode.
|Episode 038/100| time: 2.14|
|Def Loss 0.0006 | Def Reward in ep 098|
|Att Loss 0.0358 | Att Reward in ep 002|
|Def Estimated: [21 79]| Att Labels: [19 81]|
|Def Amount of true predicted attacks: [19 79]|
04/23/2025 09:00:19 - INFO - End of Episode.
|Episode 039/100| time: 2.15|
|Def Loss 0.0008 | Def Reward in ep 100|
|Att Loss 0.0449 | Att Reward in ep 000|
|Def Estimated: [21 79]| Att Labels: [21 79]|
|Def Amount of true predicted attacks: [21 79]|
04/23/2025 09:00:21 - INFO - End of Episode.
|Episode 040/100| time: 2.10|
|Def Loss 0.0016 | Def Reward in ep 100|
|Att Loss 0.0433 | Att Reward in ep 000|
|Def Estimated: [12 88]| Att Labels: [12 88]|
|Def Amount of true predicted attacks: [12 88]|
04/23/2025 09:00:24 - INFO - End of Episode.
|Episode 041/100| time: 2.09|
|Def Loss 0.0003 | Def Reward in ep 100|
|Att Loss 0.0360 | Att Reward in ep 000|
|Def Estimated: [11 89]| Att Labels: [11 89]|
|Def Amount of true predicted attacks: [11 89]|
04/23/2025 09:00:26 - INFO - End of Episode.
|Episode 042/100| time: 2.14|
|Def Loss 0.0007 | Def Reward in ep 099|
|Att Loss 0.0327 | Att Reward in ep 001|
|Def Estimated: [20 80]| Att Labels: [19 81]|
|Def Amount of true predicted attacks: [19 80]|
04/23/2025 09:00:29 - INFO - End of Episode.
|Episode 043/100| time: 2.12|
|Def Loss 0.0013 | Def Reward in ep 100|
|Att Loss 0.0369 | Att Reward in ep 000|
|Def Estimated: [11 89]| Att Labels: [11 89]|
|Def Amount of true predicted attacks: [11 89]|
04/23/2025 09:00:31 - INFO - End of Episode.
|Episode 044/100| time: 2.16|
|Def Loss 0.0107 | Def Reward in ep 098|
|Att Loss 0.0483 | Att Reward in ep 002|
|Def Estimated: [21 79]| Att Labels: [23 77]|
|Def Amount of true predicted attacks: [21 77]|
04/23/2025 09:00:34 - INFO - End of Episode.
|Episode 045/100| time: 2.15|
|Def Loss 0.0205 | Def Reward in ep 099|
|Att Loss 0.0367 | Att Reward in ep 001|
|Def Estimated: [21 79]| Att Labels: [20 80]|
|Def Amount of true predicted attacks: [20 79]|
04/23/2025 09:00:37 - INFO - End of Episode.
|Episode 046/100| time: 2.18|
|Def Loss 0.0270 | Def Reward in ep 100|
|Att Loss 0.0396 | Att Reward in ep 000|
|Def Estimated: [27 73]| Att Labels: [27 73]|
|Def Amount of true predicted attacks: [27 73]|
04/23/2025 09:00:39 - INFO - End of Episode.
|Episode 047/100| time: 2.19|
|Def Loss 0.0213 | Def Reward in ep 100|
|Att Loss 0.0367 | Att Reward in ep 000|
|Def Estimated: [24 76]| Att Labels: [24 76]|
|Def Amount of true predicted attacks: [24 76]|
04/23/2025 09:00:42 - INFO - End of Episode.
|Episode 048/100| time: 2.14|
|Def Loss 0.0198 | Def Reward in ep 098|
|Att Loss 0.0301 | Att Reward in ep 002|
|Def Estimated: [18 82]| Att Labels: [16 84]|
|Def Amount of true predicted attacks: [16 82]|
04/23/2025 09:00:44 - INFO - End of Episode.
|Episode 049/100| time: 2.15|
|Def Loss 0.0247 | Def Reward in ep 100|
|Att Loss 0.0279 | Att Reward in ep 000|
|Def Estimated: [12 88]| Att Labels: [12 88]|
|Def Amount of true predicted attacks: [12 88]|
04/23/2025 09:00:47 - INFO - End of Episode.
|Episode 050/100| time: 2.16|
|Def Loss 0.0258 | Def Reward in ep 100|
|Att Loss 0.0197 | Att Reward in ep 000|
|Def Estimated: [22 78]| Att Labels: [22 78]|
|Def Amount of true predicted attacks: [22 78]|
04/23/2025 09:00:50 - INFO - End of Episode.
|Episode 051/100| time: 2.13|
|Def Loss 0.0115 | Def Reward in ep 100|
|Att Loss 0.0328 | Att Reward in ep 000|
|Def Estimated: [17 83]| Att Labels: [17 83]|
|Def Amount of true predicted attacks: [17 83]|
04/23/2025 09:00:52 - INFO - End of Episode.
|Episode 052/100| time: 2.12|
|Def Loss 0.0072 | Def Reward in ep 100|
|Att Loss 0.0212 | Att Reward in ep 000|
|Def Estimated: [19 81]| Att Labels: [19 81]|
|Def Amount of true predicted attacks: [19 81]|
04/23/2025 09:00:55 - INFO - End of Episode.
|Episode 053/100| time: 2.17|
|Def Loss 0.0055 | Def Reward in ep 100|
|Att Loss 0.0161 | Att Reward in ep 000|
|Def Estimated: [19 81]| Att Labels: [19 81]|
|Def Amount of true predicted attacks: [19 81]|
04/23/2025 09:00:57 - INFO - End of Episode.
|Episode 054/100| time: 2.10|
|Def Loss 0.0024 | Def Reward in ep 098|
|Att Loss 0.0281 | Att Reward in ep 002|
|Def Estimated: [14 86]| Att Labels: [12 88]|
|Def Amount of true predicted attacks: [12 86]|
04/23/2025 09:01:00 - INFO - End of Episode.
|Episode 055/100| time: 2.13|
|Def Loss 0.0030 | Def Reward in ep 099|
|Att Loss 0.0197 | Att Reward in ep 001|
|Def Estimated: [14 86]| Att Labels: [15 85]|
|Def Amount of true predicted attacks: [14 85]|
04/23/2025 09:01:02 - INFO - End of Episode.
|Episode 056/100| time: 2.13|
|Def Loss 0.0004 | Def Reward in ep 098|
|Att Loss 0.0244 | Att Reward in ep 002|
|Def Estimated: [15 85]| Att Labels: [15 85]|
|Def Amount of true predicted attacks: [14 84]|
04/23/2025 09:01:05 - INFO - End of Episode.
|Episode 057/100| time: 2.19|
|Def Loss 0.0039 | Def Reward in ep 100|
|Att Loss 0.0323 | Att Reward in ep 000|
|Def Estimated: [25 75]| Att Labels: [25 75]|
|Def Amount of true predicted attacks: [25 75]|
04/23/2025 09:01:08 - INFO - End of Episode.
|Episode 058/100| time: 2.15|
|Def Loss 0.0006 | Def Reward in ep 100|
|Att Loss 0.0333 | Att Reward in ep 000|
|Def Estimated: [21 79]| Att Labels: [21 79]|
|Def Amount of true predicted attacks: [21 79]|
04/23/2025 09:01:10 - INFO - End of Episode.
|Episode 059/100| time: 2.18|
|Def Loss 0.0018 | Def Reward in ep 099|
|Att Loss 0.0316 | Att Reward in ep 001|
|Def Estimated: [21 79]| Att Labels: [20 80]|
|Def Amount of true predicted attacks: [20 79]|
04/23/2025 09:01:13 - INFO - End of Episode.
|Episode 060/100| time: 2.14|
|Def Loss 0.0063 | Def Reward in ep 097|
|Att Loss 0.0417 | Att Reward in ep 003|
|Def Estimated: [21 79]| Att Labels: [20 80]|
|Def Amount of true predicted attacks: [19 78]|
04/23/2025 09:01:16 - INFO - End of Episode.
|Episode 061/100| time: 2.15|
|Def Loss 0.0015 | Def Reward in ep 100|
|Att Loss 0.0393 | Att Reward in ep 000|
|Def Estimated: [20 80]| Att Labels: [20 80]|
|Def Amount of true predicted attacks: [20 80]|
04/23/2025 09:01:18 - INFO - End of Episode.
|Episode 062/100| time: 2.13|
|Def Loss 0.0004 | Def Reward in ep 100|
|Att Loss 0.0412 | Att Reward in ep 000|
|Def Estimated: [16 84]| Att Labels: [16 84]|
|Def Amount of true predicted attacks: [16 84]|
04/23/2025 09:01:21 - INFO - End of Episode.
|Episode 063/100| time: 2.16|
|Def Loss 0.0003 | Def Reward in ep 100|
|Att Loss 0.0299 | Att Reward in ep 000|
|Def Estimated: [17 83]| Att Labels: [17 83]|
|Def Amount of true predicted attacks: [17 83]|
04/23/2025 09:01:24 - INFO - End of Episode.
|Episode 064/100| time: 2.12|
|Def Loss 0.0015 | Def Reward in ep 099|
|Att Loss 0.0441 | Att Reward in ep 001|
|Def Estimated: [17 83]| Att Labels: [18 82]|
|Def Amount of true predicted attacks: [17 82]|
04/23/2025 09:01:26 - INFO - End of Episode.
|Episode 065/100| time: 2.19|
|Def Loss 0.0119 | Def Reward in ep 099|
|Att Loss 0.0333 | Att Reward in ep 001|
|Def Estimated: [24 76]| Att Labels: [25 75]|
|Def Amount of true predicted attacks: [24 75]|
04/23/2025 09:01:29 - INFO - End of Episode.
|Episode 066/100| time: 2.13|
|Def Loss 0.0030 | Def Reward in ep 099|
|Att Loss 0.0339 | Att Reward in ep 001|
|Def Estimated: [17 83]| Att Labels: [16 84]|
|Def Amount of true predicted attacks: [16 83]|
04/23/2025 09:01:32 - INFO - End of Episode.
|Episode 067/100| time: 2.13|
|Def Loss 0.0122 | Def Reward in ep 097|
|Att Loss 0.0399 | Att Reward in ep 003|
|Def Estimated: [19 81]| Att Labels: [18 82]|
|Def Amount of true predicted attacks: [17 80]|
04/23/2025 09:01:34 - INFO - End of Episode.
|Episode 068/100| time: 2.17|
|Def Loss 0.0341 | Def Reward in ep 098|
|Att Loss 0.0476 | Att Reward in ep 002|
|Def Estimated: [22 78]| Att Labels: [20 80]|
|Def Amount of true predicted attacks: [20 78]|
04/23/2025 09:01:37 - INFO - End of Episode.
|Episode 069/100| time: 2.13|
|Def Loss 0.0339 | Def Reward in ep 100|
|Att Loss 0.0453 | Att Reward in ep 000|
|Def Estimated: [17 83]| Att Labels: [17 83]|
|Def Amount of true predicted attacks: [17 83]|
04/23/2025 09:01:40 - INFO - End of Episode.
|Episode 070/100| time: 2.14|
|Def Loss 0.0398 | Def Reward in ep 100|
|Att Loss 0.0529 | Att Reward in ep 000|
|Def Estimated: [14 86]| Att Labels: [14 86]|
|Def Amount of true predicted attacks: [14 86]|
04/23/2025 09:01:42 - INFO - End of Episode.
|Episode 071/100| time: 2.12|
|Def Loss 0.0412 | Def Reward in ep 097|
|Att Loss 0.0475 | Att Reward in ep 003|
|Def Estimated: [16 84]| Att Labels: [17 83]|
|Def Amount of true predicted attacks: [15 82]|
04/23/2025 09:01:45 - INFO - End of Episode.
|Episode 072/100| time: 2.13|
|Def Loss 0.0485 | Def Reward in ep 098|
|Att Loss 0.0664 | Att Reward in ep 002|
|Def Estimated: [15 85]| Att Labels: [15 85]|
|Def Amount of true predicted attacks: [14 84]|
04/23/2025 09:01:48 - INFO - End of Episode.
|Episode 073/100| time: 2.19|
|Def Loss 0.0531 | Def Reward in ep 099|
|Att Loss 0.0663 | Att Reward in ep 001|
|Def Estimated: [18 82]| Att Labels: [19 81]|
|Def Amount of true predicted attacks: [18 81]|
04/23/2025 09:01:50 - INFO - End of Episode.
|Episode 074/100| time: 2.18|
|Def Loss 0.0602 | Def Reward in ep 098|
|Att Loss 0.0586 | Att Reward in ep 002|
|Def Estimated: [15 85]| Att Labels: [15 85]|
|Def Amount of true predicted attacks: [14 84]|
04/23/2025 09:01:53 - INFO - End of Episode.
|Episode 075/100| time: 2.17|
|Def Loss 0.0583 | Def Reward in ep 100|
|Att Loss 0.0648 | Att Reward in ep 000|
|Def Estimated: [19 81]| Att Labels: [19 81]|
|Def Amount of true predicted attacks: [19 81]|
04/23/2025 09:01:56 - INFO - End of Episode.
|Episode 076/100| time: 2.16|
|Def Loss 0.0437 | Def Reward in ep 097|
|Att Loss 0.0592 | Att Reward in ep 003|
|Def Estimated: [19 81]| Att Labels: [20 80]|
|Def Amount of true predicted attacks: [18 79]|
04/23/2025 09:01:59 - INFO - End of Episode.
|Episode 077/100| time: 2.19|
|Def Loss 0.0330 | Def Reward in ep 099|
|Att Loss 0.0549 | Att Reward in ep 001|
|Def Estimated: [18 82]| Att Labels: [17 83]|
|Def Amount of true predicted attacks: [17 82]|
04/23/2025 09:02:01 - INFO - End of Episode.
|Episode 078/100| time: 2.18|
|Def Loss 0.0262 | Def Reward in ep 100|
|Att Loss 0.0598 | Att Reward in ep 000|
|Def Estimated: [24 76]| Att Labels: [24 76]|
|Def Amount of true predicted attacks: [24 76]|
04/23/2025 09:02:04 - INFO - End of Episode.
|Episode 079/100| time: 2.16|
|Def Loss 0.0391 | Def Reward in ep 100|
|Att Loss 0.0474 | Att Reward in ep 000|
|Def Estimated: [17 83]| Att Labels: [17 83]|
|Def Amount of true predicted attacks: [17 83]|
04/23/2025 09:02:07 - INFO - End of Episode.
|Episode 080/100| time: 2.19|
|Def Loss 0.0186 | Def Reward in ep 100|
|Att Loss 0.0465 | Att Reward in ep 000|
|Def Estimated: [22 78]| Att Labels: [22 78]|
|Def Amount of true predicted attacks: [22 78]|
04/23/2025 09:02:10 - INFO - End of Episode.
|Episode 081/100| time: 2.18|
|Def Loss 0.0495 | Def Reward in ep 099|
|Att Loss 0.0479 | Att Reward in ep 001|
|Def Estimated: [23 77]| Att Labels: [24 76]|
|Def Amount of true predicted attacks: [23 76]|
04/23/2025 09:02:12 - INFO - End of Episode.
|Episode 082/100| time: 2.14|
|Def Loss 0.0595 | Def Reward in ep 100|
|Att Loss 0.0341 | Att Reward in ep 000|
|Def Estimated: [22 78]| Att Labels: [22 78]|
|Def Amount of true predicted attacks: [22 78]|
04/23/2025 09:02:15 - INFO - End of Episode.
|Episode 083/100| time: 2.15|
|Def Loss 0.0315 | Def Reward in ep 100|
|Att Loss 0.0291 | Att Reward in ep 000|
|Def Estimated: [17 83]| Att Labels: [17 83]|
|Def Amount of true predicted attacks: [17 83]|
04/23/2025 09:02:18 - INFO - End of Episode.
|Episode 084/100| time: 2.14|
|Def Loss 0.0322 | Def Reward in ep 099|
|Att Loss 0.0240 | Att Reward in ep 001|
|Def Estimated: [19 81]| Att Labels: [20 80]|
|Def Amount of true predicted attacks: [19 80]|
04/23/2025 09:02:21 - INFO - End of Episode.
|Episode 085/100| time: 2.16|
|Def Loss 0.0276 | Def Reward in ep 100|
|Att Loss 0.0217 | Att Reward in ep 000|
|Def Estimated: [18 82]| Att Labels: [18 82]|
|Def Amount of true predicted attacks: [18 82]|
04/23/2025 09:02:23 - INFO - End of Episode.
|Episode 086/100| time: 2.15|
|Def Loss 0.0182 | Def Reward in ep 100|
|Att Loss 0.0145 | Att Reward in ep 000|
|Def Estimated: [19 81]| Att Labels: [19 81]|
|Def Amount of true predicted attacks: [19 81]|
04/23/2025 09:02:26 - INFO - End of Episode.
|Episode 087/100| time: 2.15|
|Def Loss 0.0006 | Def Reward in ep 098|
|Att Loss 0.0157 | Att Reward in ep 002|
|Def Estimated: [25 75]| Att Labels: [23 77]|
|Def Amount of true predicted attacks: [23 75]|
04/23/2025 09:02:29 - INFO - End of Episode.
|Episode 088/100| time: 2.12|
|Def Loss 0.0003 | Def Reward in ep 100|
|Att Loss 0.0262 | Att Reward in ep 000|
|Def Estimated: [15 85]| Att Labels: [15 85]|
|Def Amount of true predicted attacks: [15 85]|
04/23/2025 09:02:32 - INFO - End of Episode.
|Episode 089/100| time: 2.18|
|Def Loss 0.0003 | Def Reward in ep 099|
|Att Loss 0.0254 | Att Reward in ep 001|
|Def Estimated: [16 84]| Att Labels: [17 83]|
|Def Amount of true predicted attacks: [16 83]|
04/23/2025 09:02:34 - INFO - End of Episode.
|Episode 090/100| time: 2.14|
|Def Loss 0.0002 | Def Reward in ep 100|
|Att Loss 0.0330 | Att Reward in ep 000|
|Def Estimated: [15 85]| Att Labels: [15 85]|
|Def Amount of true predicted attacks: [15 85]|
04/23/2025 09:02:37 - INFO - End of Episode.
|Episode 091/100| time: 2.17|
|Def Loss 0.0029 | Def Reward in ep 096|
|Att Loss 0.0311 | Att Reward in ep 004|
|Def Estimated: [17 83]| Att Labels: [13 87]|
|Def Amount of true predicted attacks: [13 83]|
04/23/2025 09:02:40 - INFO - End of Episode.
|Episode 092/100| time: 2.14|
|Def Loss 0.0003 | Def Reward in ep 100|
|Att Loss 0.0460 | Att Reward in ep 000|
|Def Estimated: [21 79]| Att Labels: [21 79]|
|Def Amount of true predicted attacks: [21 79]|
04/23/2025 09:02:43 - INFO - End of Episode.
|Episode 093/100| time: 2.16|
|Def Loss 0.0001 | Def Reward in ep 100|
|Att Loss 0.0457 | Att Reward in ep 000|
|Def Estimated: [16 84]| Att Labels: [16 84]|
|Def Amount of true predicted attacks: [16 84]|
04/23/2025 09:02:46 - INFO - End of Episode.
|Episode 094/100| time: 2.20|
|Def Loss 0.0000 | Def Reward in ep 100|
|Att Loss 0.0430 | Att Reward in ep 000|
|Def Estimated: [12 88]| Att Labels: [12 88]|
|Def Amount of true predicted attacks: [12 88]|
04/23/2025 09:02:49 - INFO - End of Episode.
|Episode 095/100| time: 2.36|
|Def Loss 0.0000 | Def Reward in ep 100|
|Att Loss 0.0473 | Att Reward in ep 000|
|Def Estimated: [21 79]| Att Labels: [21 79]|
|Def Amount of true predicted attacks: [21 79]|
04/23/2025 09:02:52 - INFO - End of Episode.
|Episode 096/100| time: 2.37|
|Def Loss 0.0000 | Def Reward in ep 100|
|Att Loss 0.0391 | Att Reward in ep 000|
|Def Estimated: [10 90]| Att Labels: [10 90]|
|Def Amount of true predicted attacks: [10 90]|
04/23/2025 09:02:55 - INFO - End of Episode.
|Episode 097/100| time: 2.38|
|Def Loss 0.0006 | Def Reward in ep 098|
|Att Loss 0.0361 | Att Reward in ep 002|
|Def Estimated: [20 80]| Att Labels: [18 82]|
|Def Amount of true predicted attacks: [18 80]|
04/23/2025 09:02:58 - INFO - End of Episode.
|Episode 098/100| time: 2.35|
|Def Loss 0.0007 | Def Reward in ep 100|
|Att Loss 0.0363 | Att Reward in ep 000|
|Def Estimated: [17 83]| Att Labels: [17 83]|
|Def Amount of true predicted attacks: [17 83]|
04/23/2025 09:03:01 - INFO - End of Episode.
|Episode 099/100| time: 2.38|
|Def Loss 0.0004 | Def Reward in ep 098|
|Att Loss 0.0504 | Att Reward in ep 002|
|Def Estimated: [25 75]| Att Labels: [23 77]|
|Def Amount of true predicted attacks: [23 75]|
04/23/2025 09:03:01 - INFO - Model 'attacker_model_cic_2017' saved in: /workspace/models/trained-models/2025-04-23-08-58-Linux-CIC-2018-17-DDOS-2nd-Run/attacker_model_cic.keras
04/23/2025 09:03:01 - INFO - Model summary:
Model: "attacker_model_cic_2017"
_________________________________________________________________
 Layer (type)                Output Shape              Param #   
=================================================================
 dense (Dense)               (None, 100)               6800      
                                                                 
 dense_1 (Dense)             (None, 100)               10100     
                                                                 
 dense_2 (Dense)             (None, 100)               10100     
                                                                 
 dense_3 (Dense)             (None, 100)               10100     
                                                                 
 dense_4 (Dense)             (None, 100)               10100     
                                                                 
 dense_5 (Dense)             (None, 8)                 808       
                                                                 
=================================================================
Total params: 48008 (187.53 KB)
Trainable params: 48008 (187.53 KB)
Non-trainable params: 0 (0.00 Byte)
_________________________________________________________________

04/23/2025 09:03:01 - INFO - Model 'defender_model' saved in: /workspace/models/trained-models/2025-04-23-08-58-Linux-CIC-2018-17-DDOS-2nd-Run/defender_model.keras
04/23/2025 09:03:01 - INFO - Model summary:
Model: "defender_model"
_________________________________________________________________
 Layer (type)                Output Shape              Param #   
=================================================================
 dense_12 (Dense)            (None, 100)               6800      
                                                                 
 dense_13 (Dense)            (None, 100)               10100     
                                                                 
 dense_14 (Dense)            (None, 100)               10100     
                                                                 
 dense_15 (Dense)            (None, 2)                 202       
                                                                 
=================================================================
Total params: 27202 (106.26 KB)
Trainable params: 27202 (106.26 KB)
Non-trainable params: 0 (0.00 Byte)
_________________________________________________________________

04/23/2025 09:03:01 - INFO - Saved trained models.
04/23/2025 09:03:01 - INFO - Total runtime: 00:04:55
04/23/2025 09:03:01 - INFO - End of the script at: 2025-04-23 09:03:01.924796
04/23/2025 09:03:04 - INFO - Debug information saved to /workspace/models/trained-models/2025-04-23-08-58-Linux-CIC-2018-17-DDOS-2nd-Run/logs/debug_info.json
04/23/2025 09:03:04 - INFO - Trying to save summary plots under: /workspace/models/trained-models/2025-04-23-08-58-Linux-CIC-2018-17-DDOS-2nd-Run/plots/
04/23/2025 09:03:06 - INFO - Plotted attack distributions during training in: /workspace/models/trained-models/2025-04-23-08-58-Linux-CIC-2018-17-DDOS-2nd-Run/plots/
04/23/2025 09:03:25 - INFO - Normalized confusion matrix
04/23/2025 09:03:25 - INFO - 
Confusion Matrix:
[[9.89958824e-01 1.00411765e-02]
 [8.29744071e-04 9.99170256e-01]]
04/23/2025 09:03:25 - INFO - Plotted confusion matrix in: /workspace/models/trained-models/2025-04-23-08-58-Linux-CIC-2018-17-DDOS-2nd-Run/plots/intraset/
04/23/2025 09:03:25 - INFO - Model summary:
Model: "defender_model"
_________________________________________________________________
 Layer (type)                Output Shape              Param #   
=================================================================
 dense_12 (Dense)            (None, 100)               6800      
                                                                 
 dense_13 (Dense)            (None, 100)               10100     
                                                                 
 dense_14 (Dense)            (None, 100)               10100     
                                                                 
 dense_15 (Dense)            (None, 2)                 202       
                                                                 
=================================================================
Total params: 27202 (106.26 KB)
Trainable params: 27202 (106.26 KB)
Non-trainable params: 0 (0.00 Byte)
_________________________________________________________________

loaded from: /workspace/models/trained-models/2025-04-23-08-58-Linux-CIC-2018-17-DDOS-2nd-Run/defender_model.keras
04/23/2025 09:03:26 - INFO - One vs All metric calculation: 
True positive: 820054 | False positive: 1707 | 
True negative: 168293 | False negative: 681
Accuracy: 0.9976 | Recall: 0.9992 | Specificity: 0.9900 | Precision: 0.9979 | F1-Score: 0.9985 | False Positive Rate: 0.0100
04/23/2025 09:03:26 - INFO - Overall overview
Total reward: 988347 | Number of samples: 990735 | Accuracy = 99.76%
Overall overview per attack type
              Estimated Correct   Total Mismatch   F1_score
Benign           168974  168293  170000     1026  99.295521
(D)DOS           821761  820054  820735     1026  99.854612
Weigthed Avg.                                     99.758677
04/23/2025 09:03:28 - INFO - 
 Class  Support  Accuracy  Precision  Recall  F1-Score
Benign   170000    0.9900     0.9960  0.9900    0.9930
(D)DOS   820735    0.9992     0.9979  0.9992    0.9985
04/23/2025 09:03:28 - INFO - Overall weighted F1-score: 0.9976
04/23/2025 09:03:58 - INFO - 
One vs All metrics: 
     name  accuracy        f1  precision    recall
0  (D)DOS   0.99759  0.998546   0.997923  0.999170
1  Benign   0.99759  0.992955   0.995970  0.989959
04/23/2025 09:03:59 - INFO - Classification report:
              precision    recall  f1-score   support

      Benign       1.00      0.99      0.99    170000
      (D)DOS       1.00      1.00      1.00    820735

    accuracy                           1.00    990735
   macro avg       1.00      0.99      1.00    990735
weighted avg       1.00      1.00      1.00    990735

04/23/2025 09:04:12 - INFO - Model metrics: 
loss=0.01035458967089653, mse=0.021159155294299126, mae=0.07777527719736099
04/23/2025 09:04:12 - INFO - Optimizer config: {'name': 'Adam', 'weight_decay': None, 'clipnorm': None, 'global_clipnorm': None, 'clipvalue': None, 'use_ema': False, 'ema_momentum': 0.99, 'ema_overwrite_frequency': None, 'jit_compile': False, 'is_legacy_optimizer': False, 'learning_rate': 0.001, 'beta_1': 0.9, 'beta_2': 0.999, 'epsilon': 1e-07, 'amsgrad': False}
04/23/2025 09:04:12 - INFO - Time needed for testing: 66.04564380645752
04/23/2025 09:04:13 - INFO - Metrics exported to: /workspace/models/trained-models/2025-04-23-08-58-Linux-CIC-2018-17-DDOS-2nd-Run/logs/evaluation_metrics_defender_model.json
04/23/2025 09:04:20 - INFO - [Intra-Set] Accuracy: 0.4337, Recall: 0.0758, Precision: 0.9569, F1: 0.1404
04/23/2025 09:04:20 - INFO - Normalized confusion matrix
04/23/2025 09:04:20 - INFO - 
Confusion Matrix:
[[0.99465    0.00535   ]
 [0.92424146 0.07575854]]
04/23/2025 09:04:20 - INFO - Plotted confusion matrix in: /workspace/models/trained-models/2025-04-23-08-58-Linux-CIC-2018-17-DDOS-2nd-Run/plots/interset/
04/23/2025 09:04:20 - INFO - [Intra-Set] Confusion matrix saved to /workspace/models/trained-models/2025-04-23-08-58-Linux-CIC-2018-17-DDOS-2nd-Run/plots/
04/23/2025 09:04:25 - INFO - [Cross-Set] Model metrics: loss=0.2225816547870636, mse=0.4478496015071869, mae=0.527263343334198
04/23/2025 09:04:25 - INFO - [Intra-Set] Evaluation completed. Metrics exported to: /workspace/models/trained-models/2025-04-23-08-58-Linux-CIC-2018-17-DDOS-2nd-Run/logs/evaluation_metrics_cross_defender_model.json
04/23/2025 09:04:25 - INFO - [Intra-Set] Time needed: 12.40 seconds
04/23/2025 09:04:25 - INFO - Finished script at: 2025-04-23-09-04
Total runtime: 0:06:19.809459
