04/23/2025 10:10:02 - INFO - Started script at: 2025-04-23-10-10
Current working dir: /workspace
Used data files: 
/workspace/data/datasets/cic_ids/cic-ids-2017/clean/all_benign.feather,
/workspace/data/datasets/cic_ids/cic-ids-2017/clean/all_malicious.feather
04/23/2025 10:10:02 - INFO - Setting up Attacker and Defender Agents...
04/23/2025 10:10:27 - INFO - One-vs-All Split ready (target: Web Attack):
04/23/2025 10:10:27 - INFO - Train: (50062, 67), Validation: (30119, 67), Test: (170676, 67)
04/23/2025 10:10:27 - INFO - [Init from split] Loaded 50062 train, 170676 test samples.
04/23/2025 10:10:29 - INFO - One-vs-All Split ready (target: Web Attack):
04/23/2025 10:10:29 - INFO - Train: (50049, 67), Validation: (60628, 67), Test: (141466, 67)
04/23/2025 10:10:29 - INFO - Initializing Attacker:CIC-2017-Web Attack's ReplayMemory with observation_size=67 and max_size=1000
04/23/2025 10:10:30 - WARNING - Skipping variable loading for optimizer 'Adam', because it has 25 variables whereas the saved optimizer has 1 variables. 
04/23/2025 10:10:30 - INFO - Initializing Defender's ReplayMemory with observation_size=67 and max_size=1000
04/23/2025 10:10:30 - WARNING - Skipping variable loading for optimizer 'Adam', because it has 17 variables whereas the saved optimizer has 1 variables. 
04/23/2025 10:10:30 - INFO - Creating environment...
04/23/2025 10:10:30 - INFO - Start Training with the following parameters:
-----------------------------------------------------------------------------------------------------------------------
Total episodes: 100 | Iterations in episode: 100 | Minibatch from mem size: 100 | Total Samples: 10000 | Data shape: (50062, 67)
-----------------------------------------------------------------------------------------------------------------------
Attacker<Attack-Type>: Num_actions=4 | gamma=0.001 | epsilon=1 | ANN hidden size=100 | ANN hidden layers=5 | Learning rate=0.001
-----------------------------------------------------------------------------------------------------------------------
Defender: Num_actions=2 | gamma=0.001 | epsilon=1 | ANN hidden size=100 | ANN hidden layers=3 | Learning rate=0.001
-----------------------------------------------------------------------------------------------------------------------
Used Attack types: '['Benign', 'Web Attack']' | Attack name(s): ['Benign', 'Brute Force Web', 'Brute Force XSS', 'SQL Injection']
-----------------------------------------------------------------------------------------------------------------------

04/23/2025 10:10:30 - INFO - End of Episode.
|Episode 000/100| time: 0.31|
|Def Loss 0.0000 | Def Reward in ep 043|
|Att Loss 0.0000 | Att Reward in ep 057|
|Def Estimated: [52 48]| Att Labels: [19 81]|
|Def Amount of true predicted attacks: [ 7 36]|
04/23/2025 10:10:33 - WARNING - 5 out of the last 5 calls to <function QNetwork.predict at 0x792077603380> triggered tf.function retracing. Tracing is expensive and the excessive number of tracings could be due to (1) creating @tf.function repeatedly in a loop, (2) passing tensors with different shapes, (3) passing Python objects instead of tensors. For (1), please define your @tf.function outside of the loop. For (2), @tf.function has reduce_retracing=True option that can avoid unnecessary retracing. For (3), please refer to https://www.tensorflow.org/guide/function#controlling_retracing and https://www.tensorflow.org/api_docs/python/tf/function for  more details.
04/23/2025 10:10:35 - INFO - End of Episode.
|Episode 001/100| time: 3.84|
|Def Loss 1.9515 | Def Reward in ep 058|
|Att Loss 3.1171 | Att Reward in ep 042|
|Def Estimated: [38 62]| Att Labels: [34 66]|
|Def Amount of true predicted attacks: [15 43]|
04/23/2025 10:10:38 - INFO - End of Episode.
|Episode 002/100| time: 2.06|
|Def Loss 0.7005 | Def Reward in ep 071|
|Att Loss 2.7516 | Att Reward in ep 029|
|Def Estimated: [40 60]| Att Labels: [39 61]|
|Def Amount of true predicted attacks: [25 46]|
04/23/2025 10:10:40 - INFO - End of Episode.
|Episode 003/100| time: 1.98|
|Def Loss 0.5677 | Def Reward in ep 085|
|Att Loss 2.6522 | Att Reward in ep 015|
|Def Estimated: [38 62]| Att Labels: [37 63]|
|Def Amount of true predicted attacks: [30 55]|
04/23/2025 10:10:42 - INFO - End of Episode.
|Episode 004/100| time: 1.95|
|Def Loss 0.5719 | Def Reward in ep 089|
|Att Loss 2.4752 | Att Reward in ep 011|
|Def Estimated: [34 66]| Att Labels: [33 67]|
|Def Amount of true predicted attacks: [28 61]|
04/23/2025 10:10:44 - INFO - End of Episode.
|Episode 005/100| time: 1.97|
|Def Loss 0.4397 | Def Reward in ep 098|
|Att Loss 2.2659 | Att Reward in ep 002|
|Def Estimated: [30 70]| Att Labels: [32 68]|
|Def Amount of true predicted attacks: [30 68]|
04/23/2025 10:10:46 - INFO - End of Episode.
|Episode 006/100| time: 1.96|
|Def Loss 0.1988 | Def Reward in ep 099|
|Att Loss 2.0437 | Att Reward in ep 001|
|Def Estimated: [29 71]| Att Labels: [30 70]|
|Def Amount of true predicted attacks: [29 70]|
04/23/2025 10:10:48 - INFO - End of Episode.
|Episode 007/100| time: 1.97|
|Def Loss 0.1791 | Def Reward in ep 097|
|Att Loss 1.8743 | Att Reward in ep 003|
|Def Estimated: [30 70]| Att Labels: [31 69]|
|Def Amount of true predicted attacks: [29 68]|
04/23/2025 10:10:51 - INFO - End of Episode.
|Episode 008/100| time: 1.99|
|Def Loss 0.1511 | Def Reward in ep 100|
|Att Loss 1.7114 | Att Reward in ep 000|
|Def Estimated: [36 64]| Att Labels: [36 64]|
|Def Amount of true predicted attacks: [36 64]|
04/23/2025 10:10:53 - INFO - End of Episode.
|Episode 009/100| time: 1.98|
|Def Loss 0.1370 | Def Reward in ep 099|
|Att Loss 1.6273 | Att Reward in ep 001|
|Def Estimated: [30 70]| Att Labels: [31 69]|
|Def Amount of true predicted attacks: [30 69]|
04/23/2025 10:10:55 - INFO - End of Episode.
|Episode 010/100| time: 1.93|
|Def Loss 0.1401 | Def Reward in ep 098|
|Att Loss 1.4006 | Att Reward in ep 002|
|Def Estimated: [24 76]| Att Labels: [24 76]|
|Def Amount of true predicted attacks: [23 75]|
04/23/2025 10:10:57 - INFO - End of Episode.
|Episode 011/100| time: 2.19|
|Def Loss 0.1364 | Def Reward in ep 097|
|Att Loss 0.8603 | Att Reward in ep 003|
|Def Estimated: [40 60]| Att Labels: [39 61]|
|Def Amount of true predicted attacks: [38 59]|
04/23/2025 10:11:00 - INFO - End of Episode.
|Episode 012/100| time: 2.24|
|Def Loss 0.1672 | Def Reward in ep 099|
|Att Loss 0.4717 | Att Reward in ep 001|
|Def Estimated: [29 71]| Att Labels: [30 70]|
|Def Amount of true predicted attacks: [29 70]|
04/23/2025 10:11:02 - INFO - End of Episode.
|Episode 013/100| time: 2.19|
|Def Loss 0.1749 | Def Reward in ep 099|
|Att Loss 0.2652 | Att Reward in ep 001|
|Def Estimated: [24 76]| Att Labels: [23 77]|
|Def Amount of true predicted attacks: [23 76]|
04/23/2025 10:11:05 - INFO - End of Episode.
|Episode 014/100| time: 2.24|
|Def Loss 0.1252 | Def Reward in ep 098|
|Att Loss 0.1561 | Att Reward in ep 002|
|Def Estimated: [34 66]| Att Labels: [36 64]|
|Def Amount of true predicted attacks: [34 64]|
04/23/2025 10:11:07 - INFO - End of Episode.
|Episode 015/100| time: 2.18|
|Def Loss 0.1404 | Def Reward in ep 099|
|Att Loss 0.0970 | Att Reward in ep 001|
|Def Estimated: [38 62]| Att Labels: [37 63]|
|Def Amount of true predicted attacks: [37 62]|
04/23/2025 10:11:09 - INFO - End of Episode.
|Episode 016/100| time: 2.02|
|Def Loss 0.1425 | Def Reward in ep 100|
|Att Loss 0.1188 | Att Reward in ep 000|
|Def Estimated: [27 73]| Att Labels: [27 73]|
|Def Amount of true predicted attacks: [27 73]|
04/23/2025 10:11:11 - INFO - End of Episode.
|Episode 017/100| time: 1.94|
|Def Loss 0.1144 | Def Reward in ep 099|
|Att Loss 0.0800 | Att Reward in ep 001|
|Def Estimated: [21 79]| Att Labels: [22 78]|
|Def Amount of true predicted attacks: [21 78]|
04/23/2025 10:11:14 - INFO - End of Episode.
|Episode 018/100| time: 1.94|
|Def Loss 0.1429 | Def Reward in ep 100|
|Att Loss 0.0761 | Att Reward in ep 000|
|Def Estimated: [19 81]| Att Labels: [19 81]|
|Def Amount of true predicted attacks: [19 81]|
04/23/2025 10:11:16 - INFO - End of Episode.
|Episode 019/100| time: 2.02|
|Def Loss 0.1371 | Def Reward in ep 099|
|Att Loss 0.0563 | Att Reward in ep 001|
|Def Estimated: [34 66]| Att Labels: [35 65]|
|Def Amount of true predicted attacks: [34 65]|
04/23/2025 10:11:18 - INFO - End of Episode.
|Episode 020/100| time: 2.00|
|Def Loss 0.1129 | Def Reward in ep 100|
|Att Loss 0.0615 | Att Reward in ep 000|
|Def Estimated: [32 68]| Att Labels: [32 68]|
|Def Amount of true predicted attacks: [32 68]|
04/23/2025 10:11:20 - INFO - End of Episode.
|Episode 021/100| time: 2.09|
|Def Loss 0.0852 | Def Reward in ep 100|
|Att Loss 0.0416 | Att Reward in ep 000|
|Def Estimated: [35 65]| Att Labels: [35 65]|
|Def Amount of true predicted attacks: [35 65]|
04/23/2025 10:11:23 - INFO - End of Episode.
|Episode 022/100| time: 2.03|
|Def Loss 0.0987 | Def Reward in ep 100|
|Att Loss 0.0276 | Att Reward in ep 000|
|Def Estimated: [26 74]| Att Labels: [26 74]|
|Def Amount of true predicted attacks: [26 74]|
04/23/2025 10:11:25 - INFO - End of Episode.
|Episode 023/100| time: 2.05|
|Def Loss 0.0643 | Def Reward in ep 099|
|Att Loss 0.0186 | Att Reward in ep 001|
|Def Estimated: [25 75]| Att Labels: [24 76]|
|Def Amount of true predicted attacks: [24 75]|
04/23/2025 10:11:27 - INFO - End of Episode.
|Episode 024/100| time: 2.02|
|Def Loss 0.0827 | Def Reward in ep 099|
|Att Loss 0.0238 | Att Reward in ep 001|
|Def Estimated: [25 75]| Att Labels: [26 74]|
|Def Amount of true predicted attacks: [25 74]|
04/23/2025 10:11:30 - INFO - End of Episode.
|Episode 025/100| time: 2.01|
|Def Loss 0.0839 | Def Reward in ep 099|
|Att Loss 0.0152 | Att Reward in ep 001|
|Def Estimated: [20 80]| Att Labels: [21 79]|
|Def Amount of true predicted attacks: [20 79]|
04/23/2025 10:11:32 - INFO - End of Episode.
|Episode 026/100| time: 2.09|
|Def Loss 0.0862 | Def Reward in ep 100|
|Att Loss 0.0138 | Att Reward in ep 000|
|Def Estimated: [28 72]| Att Labels: [28 72]|
|Def Amount of true predicted attacks: [28 72]|
04/23/2025 10:11:34 - INFO - End of Episode.
|Episode 027/100| time: 2.04|
|Def Loss 0.0839 | Def Reward in ep 098|
|Att Loss 0.0342 | Att Reward in ep 002|
|Def Estimated: [30 70]| Att Labels: [30 70]|
|Def Amount of true predicted attacks: [29 69]|
04/23/2025 10:11:37 - INFO - End of Episode.
|Episode 028/100| time: 1.99|
|Def Loss 0.0619 | Def Reward in ep 100|
|Att Loss 0.0302 | Att Reward in ep 000|
|Def Estimated: [31 69]| Att Labels: [31 69]|
|Def Amount of true predicted attacks: [31 69]|
04/23/2025 10:11:39 - INFO - End of Episode.
|Episode 029/100| time: 2.06|
|Def Loss 0.1044 | Def Reward in ep 098|
|Att Loss 0.0362 | Att Reward in ep 002|
|Def Estimated: [23 77]| Att Labels: [25 75]|
|Def Amount of true predicted attacks: [23 75]|
04/23/2025 10:11:41 - INFO - End of Episode.
|Episode 030/100| time: 2.01|
|Def Loss 0.1085 | Def Reward in ep 100|
|Att Loss 0.0285 | Att Reward in ep 000|
|Def Estimated: [28 72]| Att Labels: [28 72]|
|Def Amount of true predicted attacks: [28 72]|
04/23/2025 10:11:44 - INFO - End of Episode.
|Episode 031/100| time: 2.03|
|Def Loss 0.0909 | Def Reward in ep 099|
|Att Loss 0.0324 | Att Reward in ep 001|
|Def Estimated: [27 73]| Att Labels: [26 74]|
|Def Amount of true predicted attacks: [26 73]|
04/23/2025 10:11:46 - INFO - End of Episode.
|Episode 032/100| time: 2.14|
|Def Loss 0.1100 | Def Reward in ep 099|
|Att Loss 0.0347 | Att Reward in ep 001|
|Def Estimated: [25 75]| Att Labels: [26 74]|
|Def Amount of true predicted attacks: [25 74]|
04/23/2025 10:11:48 - INFO - End of Episode.
|Episode 033/100| time: 2.00|
|Def Loss 0.1246 | Def Reward in ep 099|
|Att Loss 0.0435 | Att Reward in ep 001|
|Def Estimated: [25 75]| Att Labels: [26 74]|
|Def Amount of true predicted attacks: [25 74]|
04/23/2025 10:11:51 - INFO - End of Episode.
|Episode 034/100| time: 2.18|
|Def Loss 0.1203 | Def Reward in ep 098|
|Att Loss 0.0515 | Att Reward in ep 002|
|Def Estimated: [31 69]| Att Labels: [29 71]|
|Def Amount of true predicted attacks: [29 69]|
04/23/2025 10:11:53 - INFO - End of Episode.
|Episode 035/100| time: 2.14|
|Def Loss 0.1209 | Def Reward in ep 098|
|Att Loss 0.0624 | Att Reward in ep 002|
|Def Estimated: [29 71]| Att Labels: [31 69]|
|Def Amount of true predicted attacks: [29 69]|
04/23/2025 10:11:56 - INFO - End of Episode.
|Episode 036/100| time: 2.18|
|Def Loss 0.1221 | Def Reward in ep 100|
|Att Loss 0.0636 | Att Reward in ep 000|
|Def Estimated: [32 68]| Att Labels: [32 68]|
|Def Amount of true predicted attacks: [32 68]|
04/23/2025 10:11:58 - INFO - End of Episode.
|Episode 037/100| time: 2.13|
|Def Loss 0.0876 | Def Reward in ep 098|
|Att Loss 0.0979 | Att Reward in ep 002|
|Def Estimated: [30 70]| Att Labels: [28 72]|
|Def Amount of true predicted attacks: [28 70]|
04/23/2025 10:12:01 - INFO - End of Episode.
|Episode 038/100| time: 2.06|
|Def Loss 0.0949 | Def Reward in ep 097|
|Att Loss 0.0859 | Att Reward in ep 003|
|Def Estimated: [34 66]| Att Labels: [33 67]|
|Def Amount of true predicted attacks: [32 65]|
04/23/2025 10:12:03 - INFO - End of Episode.
|Episode 039/100| time: 2.13|
|Def Loss 0.0840 | Def Reward in ep 100|
|Att Loss 0.1206 | Att Reward in ep 000|
|Def Estimated: [35 65]| Att Labels: [35 65]|
|Def Amount of true predicted attacks: [35 65]|
04/23/2025 10:12:06 - INFO - End of Episode.
|Episode 040/100| time: 2.15|
|Def Loss 0.0470 | Def Reward in ep 099|
|Att Loss 0.1258 | Att Reward in ep 001|
|Def Estimated: [25 75]| Att Labels: [26 74]|
|Def Amount of true predicted attacks: [25 74]|
04/23/2025 10:12:08 - INFO - End of Episode.
|Episode 041/100| time: 2.03|
|Def Loss 0.0664 | Def Reward in ep 100|
|Att Loss 0.1018 | Att Reward in ep 000|
|Def Estimated: [35 65]| Att Labels: [35 65]|
|Def Amount of true predicted attacks: [35 65]|
04/23/2025 10:12:11 - INFO - End of Episode.
|Episode 042/100| time: 2.21|
|Def Loss 0.0689 | Def Reward in ep 099|
|Att Loss 0.0777 | Att Reward in ep 001|
|Def Estimated: [29 71]| Att Labels: [28 72]|
|Def Amount of true predicted attacks: [28 71]|
04/23/2025 10:12:13 - INFO - End of Episode.
|Episode 043/100| time: 2.19|
|Def Loss 0.0315 | Def Reward in ep 100|
|Att Loss 0.0976 | Att Reward in ep 000|
|Def Estimated: [32 68]| Att Labels: [32 68]|
|Def Amount of true predicted attacks: [32 68]|
04/23/2025 10:12:16 - INFO - End of Episode.
|Episode 044/100| time: 2.07|
|Def Loss 0.0317 | Def Reward in ep 100|
|Att Loss 0.0934 | Att Reward in ep 000|
|Def Estimated: [34 66]| Att Labels: [34 66]|
|Def Amount of true predicted attacks: [34 66]|
04/23/2025 10:12:18 - INFO - End of Episode.
|Episode 045/100| time: 2.02|
|Def Loss 0.0699 | Def Reward in ep 098|
|Att Loss 0.0753 | Att Reward in ep 002|
|Def Estimated: [34 66]| Att Labels: [36 64]|
|Def Amount of true predicted attacks: [34 64]|
04/23/2025 10:12:20 - INFO - End of Episode.
|Episode 046/100| time: 1.95|
|Def Loss 0.0772 | Def Reward in ep 099|
|Att Loss 0.0640 | Att Reward in ep 001|
|Def Estimated: [32 68]| Att Labels: [33 67]|
|Def Amount of true predicted attacks: [32 67]|
04/23/2025 10:12:23 - INFO - End of Episode.
|Episode 047/100| time: 1.95|
|Def Loss 0.0909 | Def Reward in ep 100|
|Att Loss 0.0502 | Att Reward in ep 000|
|Def Estimated: [28 72]| Att Labels: [28 72]|
|Def Amount of true predicted attacks: [28 72]|
04/23/2025 10:12:25 - INFO - End of Episode.
|Episode 048/100| time: 1.91|
|Def Loss 0.0890 | Def Reward in ep 099|
|Att Loss 0.0332 | Att Reward in ep 001|
|Def Estimated: [25 75]| Att Labels: [24 76]|
|Def Amount of true predicted attacks: [24 75]|
04/23/2025 10:12:27 - INFO - End of Episode.
|Episode 049/100| time: 1.97|
|Def Loss 0.1234 | Def Reward in ep 099|
|Att Loss 0.0264 | Att Reward in ep 001|
|Def Estimated: [27 73]| Att Labels: [28 72]|
|Def Amount of true predicted attacks: [27 72]|
04/23/2025 10:12:30 - INFO - End of Episode.
|Episode 050/100| time: 1.93|
|Def Loss 0.1325 | Def Reward in ep 098|
|Att Loss 0.0276 | Att Reward in ep 002|
|Def Estimated: [25 75]| Att Labels: [27 73]|
|Def Amount of true predicted attacks: [25 73]|
04/23/2025 10:12:32 - INFO - End of Episode.
|Episode 051/100| time: 1.92|
|Def Loss 0.1212 | Def Reward in ep 100|
|Att Loss 0.0345 | Att Reward in ep 000|
|Def Estimated: [28 72]| Att Labels: [28 72]|
|Def Amount of true predicted attacks: [28 72]|
04/23/2025 10:12:34 - INFO - End of Episode.
|Episode 052/100| time: 1.95|
|Def Loss 0.1445 | Def Reward in ep 098|
|Att Loss 0.0475 | Att Reward in ep 002|
|Def Estimated: [26 74]| Att Labels: [28 72]|
|Def Amount of true predicted attacks: [26 72]|
04/23/2025 10:12:37 - INFO - End of Episode.
|Episode 053/100| time: 1.95|
|Def Loss 0.1373 | Def Reward in ep 100|
|Att Loss 0.0262 | Att Reward in ep 000|
|Def Estimated: [33 67]| Att Labels: [33 67]|
|Def Amount of true predicted attacks: [33 67]|
04/23/2025 10:12:39 - INFO - End of Episode.
|Episode 054/100| time: 1.99|
|Def Loss 0.1610 | Def Reward in ep 096|
|Att Loss 0.0474 | Att Reward in ep 004|
|Def Estimated: [29 71]| Att Labels: [29 71]|
|Def Amount of true predicted attacks: [27 69]|
04/23/2025 10:12:41 - INFO - End of Episode.
|Episode 055/100| time: 1.94|
|Def Loss 0.1329 | Def Reward in ep 099|
|Att Loss 0.0423 | Att Reward in ep 001|
|Def Estimated: [29 71]| Att Labels: [30 70]|
|Def Amount of true predicted attacks: [29 70]|
04/23/2025 10:12:44 - INFO - End of Episode.
|Episode 056/100| time: 1.95|
|Def Loss 0.1301 | Def Reward in ep 098|
|Att Loss 0.0479 | Att Reward in ep 002|
|Def Estimated: [25 75]| Att Labels: [25 75]|
|Def Amount of true predicted attacks: [24 74]|
04/23/2025 10:12:46 - INFO - End of Episode.
|Episode 057/100| time: 1.96|
|Def Loss 0.1225 | Def Reward in ep 099|
|Att Loss 0.0696 | Att Reward in ep 001|
|Def Estimated: [38 62]| Att Labels: [39 61]|
|Def Amount of true predicted attacks: [38 61]|
04/23/2025 10:12:48 - INFO - End of Episode.
|Episode 058/100| time: 1.99|
|Def Loss 0.1448 | Def Reward in ep 100|
|Att Loss 0.1017 | Att Reward in ep 000|
|Def Estimated: [32 68]| Att Labels: [32 68]|
|Def Amount of true predicted attacks: [32 68]|
04/23/2025 10:12:51 - INFO - End of Episode.
|Episode 059/100| time: 1.93|
|Def Loss 0.1143 | Def Reward in ep 098|
|Att Loss 0.1029 | Att Reward in ep 002|
|Def Estimated: [31 69]| Att Labels: [31 69]|
|Def Amount of true predicted attacks: [30 68]|
04/23/2025 10:12:53 - INFO - End of Episode.
|Episode 060/100| time: 2.00|
|Def Loss 0.1314 | Def Reward in ep 097|
|Att Loss 0.1104 | Att Reward in ep 003|
|Def Estimated: [35 65]| Att Labels: [34 66]|
|Def Amount of true predicted attacks: [33 64]|
04/23/2025 10:12:56 - INFO - End of Episode.
|Episode 061/100| time: 1.91|
|Def Loss 0.1270 | Def Reward in ep 099|
|Att Loss 0.1117 | Att Reward in ep 001|
|Def Estimated: [22 78]| Att Labels: [23 77]|
|Def Amount of true predicted attacks: [22 77]|
04/23/2025 10:12:58 - INFO - End of Episode.
|Episode 062/100| time: 2.01|
|Def Loss 0.0989 | Def Reward in ep 099|
|Att Loss 0.1235 | Att Reward in ep 001|
|Def Estimated: [33 67]| Att Labels: [34 66]|
|Def Amount of true predicted attacks: [33 66]|
04/23/2025 10:13:00 - INFO - End of Episode.
|Episode 063/100| time: 1.93|
|Def Loss 0.1527 | Def Reward in ep 100|
|Att Loss 0.0930 | Att Reward in ep 000|
|Def Estimated: [26 74]| Att Labels: [26 74]|
|Def Amount of true predicted attacks: [26 74]|
04/23/2025 10:13:03 - INFO - End of Episode.
|Episode 064/100| time: 1.98|
|Def Loss 0.0639 | Def Reward in ep 100|
|Att Loss 0.1338 | Att Reward in ep 000|
|Def Estimated: [30 70]| Att Labels: [30 70]|
|Def Amount of true predicted attacks: [30 70]|
04/23/2025 10:13:05 - INFO - End of Episode.
|Episode 065/100| time: 1.96|
|Def Loss 0.0694 | Def Reward in ep 098|
|Att Loss 0.1256 | Att Reward in ep 002|
|Def Estimated: [32 68]| Att Labels: [34 66]|
|Def Amount of true predicted attacks: [32 66]|
04/23/2025 10:13:08 - INFO - End of Episode.
|Episode 066/100| time: 1.96|
|Def Loss 0.0732 | Def Reward in ep 099|
|Att Loss 0.1239 | Att Reward in ep 001|
|Def Estimated: [31 69]| Att Labels: [30 70]|
|Def Amount of true predicted attacks: [30 69]|
04/23/2025 10:13:10 - INFO - End of Episode.
|Episode 067/100| time: 1.95|
|Def Loss 0.0631 | Def Reward in ep 099|
|Att Loss 0.0829 | Att Reward in ep 001|
|Def Estimated: [29 71]| Att Labels: [28 72]|
|Def Amount of true predicted attacks: [28 71]|
04/23/2025 10:13:12 - INFO - End of Episode.
|Episode 068/100| time: 1.94|
|Def Loss 0.0672 | Def Reward in ep 097|
|Att Loss 0.0970 | Att Reward in ep 003|
|Def Estimated: [29 71]| Att Labels: [30 70]|
|Def Amount of true predicted attacks: [28 69]|
04/23/2025 10:13:15 - INFO - End of Episode.
|Episode 069/100| time: 1.99|
|Def Loss 0.0988 | Def Reward in ep 099|
|Att Loss 0.0864 | Att Reward in ep 001|
|Def Estimated: [28 72]| Att Labels: [29 71]|
|Def Amount of true predicted attacks: [28 71]|
04/23/2025 10:13:17 - INFO - End of Episode.
|Episode 070/100| time: 1.95|
|Def Loss 0.1259 | Def Reward in ep 098|
|Att Loss 0.0871 | Att Reward in ep 002|
|Def Estimated: [24 76]| Att Labels: [26 74]|
|Def Amount of true predicted attacks: [24 74]|
04/23/2025 10:13:20 - INFO - End of Episode.
|Episode 071/100| time: 1.95|
|Def Loss 0.1117 | Def Reward in ep 099|
|Att Loss 0.0553 | Att Reward in ep 001|
|Def Estimated: [27 73]| Att Labels: [28 72]|
|Def Amount of true predicted attacks: [27 72]|
04/23/2025 10:13:22 - INFO - End of Episode.
|Episode 072/100| time: 1.93|
|Def Loss 0.1208 | Def Reward in ep 098|
|Att Loss 0.1073 | Att Reward in ep 002|
|Def Estimated: [28 72]| Att Labels: [28 72]|
|Def Amount of true predicted attacks: [27 71]|
04/23/2025 10:13:25 - INFO - End of Episode.
|Episode 073/100| time: 2.01|
|Def Loss 0.0806 | Def Reward in ep 098|
|Att Loss 0.0912 | Att Reward in ep 002|
|Def Estimated: [28 72]| Att Labels: [30 70]|
|Def Amount of true predicted attacks: [28 70]|
04/23/2025 10:13:27 - INFO - End of Episode.
|Episode 074/100| time: 1.93|
|Def Loss 0.1258 | Def Reward in ep 100|
|Att Loss 0.1095 | Att Reward in ep 000|
|Def Estimated: [30 70]| Att Labels: [30 70]|
|Def Amount of true predicted attacks: [30 70]|
04/23/2025 10:13:29 - INFO - End of Episode.
|Episode 075/100| time: 1.99|
|Def Loss 0.0866 | Def Reward in ep 100|
|Att Loss 0.0960 | Att Reward in ep 000|
|Def Estimated: [34 66]| Att Labels: [34 66]|
|Def Amount of true predicted attacks: [34 66]|
04/23/2025 10:13:32 - INFO - End of Episode.
|Episode 076/100| time: 1.98|
|Def Loss 0.0768 | Def Reward in ep 095|
|Att Loss 0.1083 | Att Reward in ep 005|
|Def Estimated: [36 64]| Att Labels: [37 63]|
|Def Amount of true predicted attacks: [34 61]|
04/23/2025 10:13:34 - INFO - End of Episode.
|Episode 077/100| time: 2.00|
|Def Loss 0.1491 | Def Reward in ep 098|
|Att Loss 0.1204 | Att Reward in ep 002|
|Def Estimated: [33 67]| Att Labels: [33 67]|
|Def Amount of true predicted attacks: [32 66]|
04/23/2025 10:13:37 - INFO - End of Episode.
|Episode 078/100| time: 1.98|
|Def Loss 0.1596 | Def Reward in ep 099|
|Att Loss 0.1322 | Att Reward in ep 001|
|Def Estimated: [38 62]| Att Labels: [39 61]|
|Def Amount of true predicted attacks: [38 61]|
04/23/2025 10:13:39 - INFO - End of Episode.
|Episode 079/100| time: 2.00|
|Def Loss 0.1470 | Def Reward in ep 100|
|Att Loss 0.0923 | Att Reward in ep 000|
|Def Estimated: [37 63]| Att Labels: [37 63]|
|Def Amount of true predicted attacks: [37 63]|
04/23/2025 10:13:42 - INFO - End of Episode.
|Episode 080/100| time: 1.95|
|Def Loss 0.0786 | Def Reward in ep 099|
|Att Loss 0.0978 | Att Reward in ep 001|
|Def Estimated: [35 65]| Att Labels: [34 66]|
|Def Amount of true predicted attacks: [34 65]|
04/23/2025 10:13:44 - INFO - End of Episode.
|Episode 081/100| time: 2.00|
|Def Loss 0.0706 | Def Reward in ep 100|
|Att Loss 0.0853 | Att Reward in ep 000|
|Def Estimated: [32 68]| Att Labels: [32 68]|
|Def Amount of true predicted attacks: [32 68]|
04/23/2025 10:13:47 - INFO - End of Episode.
|Episode 082/100| time: 1.96|
|Def Loss 0.0729 | Def Reward in ep 100|
|Att Loss 0.0748 | Att Reward in ep 000|
|Def Estimated: [30 70]| Att Labels: [30 70]|
|Def Amount of true predicted attacks: [30 70]|
04/23/2025 10:13:49 - INFO - End of Episode.
|Episode 083/100| time: 2.01|
|Def Loss 0.0549 | Def Reward in ep 098|
|Att Loss 0.0733 | Att Reward in ep 002|
|Def Estimated: [35 65]| Att Labels: [35 65]|
|Def Amount of true predicted attacks: [34 64]|
04/23/2025 10:13:52 - INFO - End of Episode.
|Episode 084/100| time: 1.94|
|Def Loss 0.0503 | Def Reward in ep 099|
|Att Loss 0.0993 | Att Reward in ep 001|
|Def Estimated: [28 72]| Att Labels: [29 71]|
|Def Amount of true predicted attacks: [28 71]|
04/23/2025 10:13:54 - INFO - End of Episode.
|Episode 085/100| time: 2.00|
|Def Loss 0.0414 | Def Reward in ep 100|
|Att Loss 0.0905 | Att Reward in ep 000|
|Def Estimated: [29 71]| Att Labels: [29 71]|
|Def Amount of true predicted attacks: [29 71]|
04/23/2025 10:13:57 - INFO - End of Episode.
|Episode 086/100| time: 1.97|
|Def Loss 0.0368 | Def Reward in ep 099|
|Att Loss 0.0827 | Att Reward in ep 001|
|Def Estimated: [36 64]| Att Labels: [37 63]|
|Def Amount of true predicted attacks: [36 63]|
04/23/2025 10:13:59 - INFO - End of Episode.
|Episode 087/100| time: 2.01|
|Def Loss 0.0321 | Def Reward in ep 096|
|Att Loss 0.0737 | Att Reward in ep 004|
|Def Estimated: [39 61]| Att Labels: [39 61]|
|Def Amount of true predicted attacks: [37 59]|
04/23/2025 10:14:02 - INFO - End of Episode.
|Episode 088/100| time: 1.94|
|Def Loss 0.0729 | Def Reward in ep 099|
|Att Loss 0.0974 | Att Reward in ep 001|
|Def Estimated: [27 73]| Att Labels: [28 72]|
|Def Amount of true predicted attacks: [27 72]|
04/23/2025 10:14:04 - INFO - End of Episode.
|Episode 089/100| time: 2.01|
|Def Loss 0.1211 | Def Reward in ep 099|
|Att Loss 0.0829 | Att Reward in ep 001|
|Def Estimated: [31 69]| Att Labels: [32 68]|
|Def Amount of true predicted attacks: [31 68]|
04/23/2025 10:14:07 - INFO - End of Episode.
|Episode 090/100| time: 1.95|
|Def Loss 0.0722 | Def Reward in ep 100|
|Att Loss 0.0845 | Att Reward in ep 000|
|Def Estimated: [33 67]| Att Labels: [33 67]|
|Def Amount of true predicted attacks: [33 67]|
04/23/2025 10:14:09 - INFO - End of Episode.
|Episode 091/100| time: 1.99|
|Def Loss 0.0835 | Def Reward in ep 097|
|Att Loss 0.0875 | Att Reward in ep 003|
|Def Estimated: [33 67]| Att Labels: [30 70]|
|Def Amount of true predicted attacks: [30 67]|
04/23/2025 10:14:12 - INFO - End of Episode.
|Episode 092/100| time: 1.97|
|Def Loss 0.0697 | Def Reward in ep 099|
|Att Loss 0.1010 | Att Reward in ep 001|
|Def Estimated: [35 65]| Att Labels: [36 64]|
|Def Amount of true predicted attacks: [35 64]|
04/23/2025 10:14:15 - INFO - End of Episode.
|Episode 093/100| time: 2.01|
|Def Loss 0.0750 | Def Reward in ep 099|
|Att Loss 0.1029 | Att Reward in ep 001|
|Def Estimated: [31 69]| Att Labels: [32 68]|
|Def Amount of true predicted attacks: [31 68]|
04/23/2025 10:14:17 - INFO - End of Episode.
|Episode 094/100| time: 1.95|
|Def Loss 0.0815 | Def Reward in ep 098|
|Att Loss 0.0847 | Att Reward in ep 002|
|Def Estimated: [31 69]| Att Labels: [33 67]|
|Def Amount of true predicted attacks: [31 67]|
04/23/2025 10:14:20 - INFO - End of Episode.
|Episode 095/100| time: 1.99|
|Def Loss 0.1286 | Def Reward in ep 100|
|Att Loss 0.1017 | Att Reward in ep 000|
|Def Estimated: [31 69]| Att Labels: [31 69]|
|Def Amount of true predicted attacks: [31 69]|
04/23/2025 10:14:22 - INFO - End of Episode.
|Episode 096/100| time: 1.94|
|Def Loss 0.1155 | Def Reward in ep 100|
|Att Loss 0.0957 | Att Reward in ep 000|
|Def Estimated: [29 71]| Att Labels: [29 71]|
|Def Amount of true predicted attacks: [29 71]|
04/23/2025 10:14:25 - INFO - End of Episode.
|Episode 097/100| time: 2.03|
|Def Loss 0.0743 | Def Reward in ep 100|
|Att Loss 0.0812 | Att Reward in ep 000|
|Def Estimated: [41 59]| Att Labels: [41 59]|
|Def Amount of true predicted attacks: [41 59]|
04/23/2025 10:14:27 - INFO - End of Episode.
|Episode 098/100| time: 1.95|
|Def Loss 0.0785 | Def Reward in ep 100|
|Att Loss 0.0619 | Att Reward in ep 000|
|Def Estimated: [34 66]| Att Labels: [34 66]|
|Def Amount of true predicted attacks: [34 66]|
04/23/2025 10:14:30 - INFO - End of Episode.
|Episode 099/100| time: 1.99|
|Def Loss 0.0536 | Def Reward in ep 098|
|Att Loss 0.0740 | Att Reward in ep 002|
|Def Estimated: [37 63]| Att Labels: [37 63]|
|Def Amount of true predicted attacks: [36 62]|
04/23/2025 10:14:30 - INFO - Model 'attacker_model_cic_2017' saved in: /workspace/models/trained-models/2025-04-23-10-10-Linux-CIC-2018-17-WebAttack-1st-Run/attacker_model_cic.keras
04/23/2025 10:14:30 - INFO - Model summary:
Model: "attacker_model_cic_2017"
_________________________________________________________________
 Layer (type)                Output Shape              Param #   
=================================================================
 dense (Dense)               (None, 100)               6800      
                                                                 
 dense_1 (Dense)             (None, 100)               10100     
                                                                 
 dense_2 (Dense)             (None, 100)               10100     
                                                                 
 dense_3 (Dense)             (None, 100)               10100     
                                                                 
 dense_4 (Dense)             (None, 100)               10100     
                                                                 
 dense_5 (Dense)             (None, 4)                 404       
                                                                 
=================================================================
Total params: 47604 (185.95 KB)
Trainable params: 47604 (185.95 KB)
Non-trainable params: 0 (0.00 Byte)
_________________________________________________________________

04/23/2025 10:14:30 - INFO - Model 'defender_model' saved in: /workspace/models/trained-models/2025-04-23-10-10-Linux-CIC-2018-17-WebAttack-1st-Run/defender_model.keras
04/23/2025 10:14:30 - INFO - Model summary:
Model: "defender_model"
_________________________________________________________________
 Layer (type)                Output Shape              Param #   
=================================================================
 dense_12 (Dense)            (None, 100)               6800      
                                                                 
 dense_13 (Dense)            (None, 100)               10100     
                                                                 
 dense_14 (Dense)            (None, 100)               10100     
                                                                 
 dense_15 (Dense)            (None, 2)                 202       
                                                                 
=================================================================
Total params: 27202 (106.26 KB)
Trainable params: 27202 (106.26 KB)
Non-trainable params: 0 (0.00 Byte)
_________________________________________________________________

04/23/2025 10:14:30 - INFO - Saved trained models.
04/23/2025 10:14:30 - INFO - Total runtime: 00:04:28
04/23/2025 10:14:30 - INFO - End of the script at: 2025-04-23 10:14:30.982280
04/23/2025 10:14:33 - INFO - Debug information saved to /workspace/models/trained-models/2025-04-23-10-10-Linux-CIC-2018-17-WebAttack-1st-Run/logs/debug_info.json
04/23/2025 10:14:33 - INFO - Trying to save summary plots under: /workspace/models/trained-models/2025-04-23-10-10-Linux-CIC-2018-17-WebAttack-1st-Run/plots/
04/23/2025 10:14:35 - INFO - Plotted attack distributions during training in: /workspace/models/trained-models/2025-04-23-10-10-Linux-CIC-2018-17-WebAttack-1st-Run/plots/
04/23/2025 10:14:38 - INFO - Normalized confusion matrix
04/23/2025 10:14:38 - INFO - 
Confusion Matrix:
[[0.98489412 0.01510588]
 [0.02218935 0.97781065]]
04/23/2025 10:14:38 - INFO - Plotted confusion matrix in: /workspace/models/trained-models/2025-04-23-10-10-Linux-CIC-2018-17-WebAttack-1st-Run/plots/intraset/
04/23/2025 10:14:38 - INFO - Model summary:
Model: "defender_model"
_________________________________________________________________
 Layer (type)                Output Shape              Param #   
=================================================================
 dense_12 (Dense)            (None, 100)               6800      
                                                                 
 dense_13 (Dense)            (None, 100)               10100     
                                                                 
 dense_14 (Dense)            (None, 100)               10100     
                                                                 
 dense_15 (Dense)            (None, 2)                 202       
                                                                 
=================================================================
Total params: 27202 (106.26 KB)
Trainable params: 27202 (106.26 KB)
Non-trainable params: 0 (0.00 Byte)
_________________________________________________________________

loaded from: /workspace/models/trained-models/2025-04-23-10-10-Linux-CIC-2018-17-WebAttack-1st-Run/defender_model.keras
04/23/2025 10:14:38 - INFO - One vs All metric calculation: 
True positive: 661 | False positive: 2568 | 
True negative: 167432 | False negative: 15
Accuracy: 0.9849 | Recall: 0.9778 | Specificity: 0.9849 | Precision: 0.2047 | F1-Score: 0.3385 | False Positive Rate: 0.0151
04/23/2025 10:14:38 - INFO - Overall overview
Total reward: 168093 | Number of samples: 170676 | Accuracy = 98.49%
Overall overview per attack type
              Estimated Correct   Total Mismatch   F1_score
Benign           167447  167432  170000     2553  99.234546
Web Attack         3229     661     676     2553  33.854033
Weigthed Avg.                                     98.975592
04/23/2025 10:14:38 - INFO - 
     Class  Support  Accuracy  Precision  Recall  F1-Score
    Benign   170000    0.9849     0.9999  0.9849    0.9923
Web Attack      676    0.9778     0.2047  0.9778    0.3385
04/23/2025 10:14:38 - INFO - Overall weighted F1-score: 0.9898
04/23/2025 10:14:43 - INFO - 
One vs All metrics: 
         name  accuracy        f1  precision    recall
0      Benign  0.984866  0.992345   0.999910  0.984894
1  Web Attack  0.984866  0.338540   0.204707  0.977811
04/23/2025 10:14:43 - INFO - Classification report:
              precision    recall  f1-score   support

      Benign       1.00      0.98      0.99    170000
  Web Attack       0.20      0.98      0.34       676

    accuracy                           0.98    170676
   macro avg       0.60      0.98      0.67    170676
weighted avg       1.00      0.98      0.99    170676

04/23/2025 10:14:46 - INFO - Model metrics: 
loss=0.06721571087837219, mse=0.18843212723731995, mae=0.16282197833061218
04/23/2025 10:14:46 - INFO - Optimizer config: {'name': 'Adam', 'weight_decay': None, 'clipnorm': None, 'global_clipnorm': None, 'clipvalue': None, 'use_ema': False, 'ema_momentum': 0.99, 'ema_overwrite_frequency': None, 'jit_compile': False, 'is_legacy_optimizer': False, 'learning_rate': 0.001, 'beta_1': 0.9, 'beta_2': 0.999, 'epsilon': 1e-07, 'amsgrad': False}
04/23/2025 10:14:46 - INFO - Time needed for testing: 11.032325506210327
04/23/2025 10:14:46 - INFO - Metrics exported to: /workspace/models/trained-models/2025-04-23-10-10-Linux-CIC-2018-17-WebAttack-1st-Run/logs/evaluation_metrics_defender_model.json
04/23/2025 10:14:49 - INFO - [Intra-Set] Accuracy: 0.9896, Recall: 0.0000, Precision: 0.0000, F1: 0.0000
04/23/2025 10:14:49 - INFO - Normalized confusion matrix
04/23/2025 10:14:49 - INFO - 
Confusion Matrix:
[[9.99985714e-01 1.42857143e-05]
 [1.00000000e+00 0.00000000e+00]]
04/23/2025 10:14:49 - INFO - Plotted confusion matrix in: /workspace/models/trained-models/2025-04-23-10-10-Linux-CIC-2018-17-WebAttack-1st-Run/plots/interset/
04/23/2025 10:14:49 - INFO - [Intra-Set] Confusion matrix saved to /workspace/models/trained-models/2025-04-23-10-10-Linux-CIC-2018-17-WebAttack-1st-Run/plots/
04/23/2025 10:14:51 - INFO - [Cross-Set] Model metrics: loss=0.29477009177207947, mse=0.6722508072853088, mae=0.5275608897209167
04/23/2025 10:14:51 - INFO - [Intra-Set] Evaluation completed. Metrics exported to: /workspace/models/trained-models/2025-04-23-10-10-Linux-CIC-2018-17-WebAttack-1st-Run/logs/evaluation_metrics_cross_defender_model.json
04/23/2025 10:14:51 - INFO - [Intra-Set] Time needed: 5.30 seconds
04/23/2025 10:14:51 - INFO - Finished script at: 2025-04-23-10-14
Total runtime: 0:04:49.541586
