04/23/2025 10:59:38 - INFO - Started script at: 2025-04-23-10-59
Current working dir: /workspace
Used data files: 
/workspace/data/datasets/cic_ids/cic-ids-2017/clean/all_benign.feather,
/workspace/data/datasets/cic_ids/cic-ids-2017/clean/all_malicious.feather
04/23/2025 10:59:38 - INFO - Setting up Attacker and Defender Agents...
04/23/2025 11:00:01 - INFO - One-vs-All Split ready (target: Web Attack):
04/23/2025 11:00:01 - INFO - Train: (50062, 67), Validation: (30119, 67), Test: (170676, 67)
04/23/2025 11:00:01 - INFO - [Init from split] Loaded 50062 train, 170676 test samples.
04/23/2025 11:00:03 - INFO - One-vs-All Split ready (target: Web Attack):
04/23/2025 11:00:03 - INFO - Train: (50049, 67), Validation: (60628, 67), Test: (141466, 67)
04/23/2025 11:00:03 - INFO - Initializing Attacker:CIC-2017-Web Attack's ReplayMemory with observation_size=67 and max_size=1000
04/23/2025 11:00:04 - WARNING - Skipping variable loading for optimizer 'Adam', because it has 25 variables whereas the saved optimizer has 1 variables. 
04/23/2025 11:00:04 - INFO - Initializing Defender's ReplayMemory with observation_size=67 and max_size=1000
04/23/2025 11:00:04 - WARNING - Skipping variable loading for optimizer 'Adam', because it has 17 variables whereas the saved optimizer has 1 variables. 
04/23/2025 11:00:04 - INFO - Creating environment...
04/23/2025 11:00:04 - INFO - Start Training with the following parameters:
-----------------------------------------------------------------------------------------------------------------------
Total episodes: 100 | Iterations in episode: 100 | Minibatch from mem size: 100 | Total Samples: 10000 | Data shape: (50062, 67)
-----------------------------------------------------------------------------------------------------------------------
Attacker<Attack-Type>: Num_actions=4 | gamma=0.001 | epsilon=1 | ANN hidden size=100 | ANN hidden layers=5 | Learning rate=0.001
-----------------------------------------------------------------------------------------------------------------------
Defender: Num_actions=2 | gamma=0.001 | epsilon=1 | ANN hidden size=100 | ANN hidden layers=3 | Learning rate=0.001
-----------------------------------------------------------------------------------------------------------------------
Used Attack types: '['Benign', 'Web Attack']' | Attack name(s): ['Benign', 'Brute Force Web', 'Brute Force XSS', 'SQL Injection']
-----------------------------------------------------------------------------------------------------------------------

04/23/2025 11:00:04 - INFO - End of Episode.
|Episode 000/100| time: 0.29|
|Def Loss 0.0000 | Def Reward in ep 043|
|Att Loss 0.0000 | Att Reward in ep 057|
|Def Estimated: [52 48]| Att Labels: [19 81]|
|Def Amount of true predicted attacks: [ 7 36]|
04/23/2025 11:00:07 - WARNING - 5 out of the last 5 calls to <function QNetwork.predict at 0x7b09c99f8b80> triggered tf.function retracing. Tracing is expensive and the excessive number of tracings could be due to (1) creating @tf.function repeatedly in a loop, (2) passing tensors with different shapes, (3) passing Python objects instead of tensors. For (1), please define your @tf.function outside of the loop. For (2), @tf.function has reduce_retracing=True option that can avoid unnecessary retracing. For (3), please refer to https://www.tensorflow.org/guide/function#controlling_retracing and https://www.tensorflow.org/api_docs/python/tf/function for  more details.
04/23/2025 11:00:09 - INFO - End of Episode.
|Episode 001/100| time: 3.78|
|Def Loss 1.8398 | Def Reward in ep 060|
|Att Loss 2.8195 | Att Reward in ep 040|
|Def Estimated: [36 64]| Att Labels: [34 66]|
|Def Amount of true predicted attacks: [15 45]|
04/23/2025 11:00:12 - INFO - End of Episode.
|Episode 002/100| time: 1.94|
|Def Loss 0.7332 | Def Reward in ep 074|
|Att Loss 2.6300 | Att Reward in ep 026|
|Def Estimated: [37 63]| Att Labels: [29 71]|
|Def Amount of true predicted attacks: [20 54]|
04/23/2025 11:00:14 - INFO - End of Episode.
|Episode 003/100| time: 2.00|
|Def Loss 0.6707 | Def Reward in ep 083|
|Att Loss 2.5318 | Att Reward in ep 017|
|Def Estimated: [33 67]| Att Labels: [34 66]|
|Def Amount of true predicted attacks: [25 58]|
04/23/2025 11:00:16 - INFO - End of Episode.
|Episode 004/100| time: 2.04|
|Def Loss 0.6399 | Def Reward in ep 094|
|Att Loss 2.3056 | Att Reward in ep 006|
|Def Estimated: [32 68]| Att Labels: [30 70]|
|Def Amount of true predicted attacks: [28 66]|
04/23/2025 11:00:18 - INFO - End of Episode.
|Episode 005/100| time: 2.07|
|Def Loss 0.4824 | Def Reward in ep 095|
|Att Loss 2.1439 | Att Reward in ep 005|
|Def Estimated: [27 73]| Att Labels: [32 68]|
|Def Amount of true predicted attacks: [27 68]|
04/23/2025 11:00:20 - INFO - End of Episode.
|Episode 006/100| time: 1.99|
|Def Loss 0.3141 | Def Reward in ep 097|
|Att Loss 1.9090 | Att Reward in ep 003|
|Def Estimated: [30 70]| Att Labels: [33 67]|
|Def Amount of true predicted attacks: [30 67]|
04/23/2025 11:00:23 - INFO - End of Episode.
|Episode 007/100| time: 2.04|
|Def Loss 0.1979 | Def Reward in ep 098|
|Att Loss 1.7550 | Att Reward in ep 002|
|Def Estimated: [32 68]| Att Labels: [32 68]|
|Def Amount of true predicted attacks: [31 67]|
04/23/2025 11:00:25 - INFO - End of Episode.
|Episode 008/100| time: 2.05|
|Def Loss 0.1862 | Def Reward in ep 099|
|Att Loss 1.5778 | Att Reward in ep 001|
|Def Estimated: [40 60]| Att Labels: [41 59]|
|Def Amount of true predicted attacks: [40 59]|
04/23/2025 11:00:27 - INFO - End of Episode.
|Episode 009/100| time: 2.02|
|Def Loss 0.1548 | Def Reward in ep 100|
|Att Loss 1.4994 | Att Reward in ep 000|
|Def Estimated: [32 68]| Att Labels: [32 68]|
|Def Amount of true predicted attacks: [32 68]|
04/23/2025 11:00:29 - INFO - End of Episode.
|Episode 010/100| time: 2.03|
|Def Loss 0.1673 | Def Reward in ep 098|
|Att Loss 1.2366 | Att Reward in ep 002|
|Def Estimated: [27 73]| Att Labels: [27 73]|
|Def Amount of true predicted attacks: [26 72]|
04/23/2025 11:00:32 - INFO - End of Episode.
|Episode 011/100| time: 2.33|
|Def Loss 0.1356 | Def Reward in ep 098|
|Att Loss 0.7558 | Att Reward in ep 002|
|Def Estimated: [38 62]| Att Labels: [36 64]|
|Def Amount of true predicted attacks: [36 62]|
04/23/2025 11:00:34 - INFO - End of Episode.
|Episode 012/100| time: 2.03|
|Def Loss 0.1626 | Def Reward in ep 100|
|Att Loss 0.3601 | Att Reward in ep 000|
|Def Estimated: [29 71]| Att Labels: [29 71]|
|Def Amount of true predicted attacks: [29 71]|
04/23/2025 11:00:36 - INFO - End of Episode.
|Episode 013/100| time: 2.05|
|Def Loss 0.1350 | Def Reward in ep 100|
|Att Loss 0.2169 | Att Reward in ep 000|
|Def Estimated: [30 70]| Att Labels: [30 70]|
|Def Amount of true predicted attacks: [30 70]|
04/23/2025 11:00:39 - INFO - End of Episode.
|Episode 014/100| time: 2.12|
|Def Loss 0.1318 | Def Reward in ep 099|
|Att Loss 0.1318 | Att Reward in ep 001|
|Def Estimated: [35 65]| Att Labels: [36 64]|
|Def Amount of true predicted attacks: [35 64]|
04/23/2025 11:00:41 - INFO - End of Episode.
|Episode 015/100| time: 2.09|
|Def Loss 0.1256 | Def Reward in ep 098|
|Att Loss 0.1005 | Att Reward in ep 002|
|Def Estimated: [36 64]| Att Labels: [36 64]|
|Def Amount of true predicted attacks: [35 63]|
04/23/2025 11:00:43 - INFO - End of Episode.
|Episode 016/100| time: 2.02|
|Def Loss 0.0984 | Def Reward in ep 100|
|Att Loss 0.1078 | Att Reward in ep 000|
|Def Estimated: [27 73]| Att Labels: [27 73]|
|Def Amount of true predicted attacks: [27 73]|
04/23/2025 11:00:45 - INFO - End of Episode.
|Episode 017/100| time: 1.97|
|Def Loss 0.1112 | Def Reward in ep 100|
|Att Loss 0.0529 | Att Reward in ep 000|
|Def Estimated: [20 80]| Att Labels: [20 80]|
|Def Amount of true predicted attacks: [20 80]|
04/23/2025 11:00:48 - INFO - End of Episode.
|Episode 018/100| time: 2.21|
|Def Loss 0.0911 | Def Reward in ep 099|
|Att Loss 0.0540 | Att Reward in ep 001|
|Def Estimated: [16 84]| Att Labels: [17 83]|
|Def Amount of true predicted attacks: [16 83]|
04/23/2025 11:00:50 - INFO - End of Episode.
|Episode 019/100| time: 2.00|
|Def Loss 0.1002 | Def Reward in ep 098|
|Att Loss 0.0417 | Att Reward in ep 002|
|Def Estimated: [28 72]| Att Labels: [30 70]|
|Def Amount of true predicted attacks: [28 70]|
04/23/2025 11:00:52 - INFO - End of Episode.
|Episode 020/100| time: 2.08|
|Def Loss 0.1259 | Def Reward in ep 098|
|Att Loss 0.0793 | Att Reward in ep 002|
|Def Estimated: [29 71]| Att Labels: [29 71]|
|Def Amount of true predicted attacks: [28 70]|
04/23/2025 11:00:55 - INFO - End of Episode.
|Episode 021/100| time: 2.12|
|Def Loss 0.1187 | Def Reward in ep 100|
|Att Loss 0.0584 | Att Reward in ep 000|
|Def Estimated: [35 65]| Att Labels: [35 65]|
|Def Amount of true predicted attacks: [35 65]|
04/23/2025 11:00:57 - INFO - End of Episode.
|Episode 022/100| time: 2.04|
|Def Loss 0.1476 | Def Reward in ep 098|
|Att Loss 0.0383 | Att Reward in ep 002|
|Def Estimated: [31 69]| Att Labels: [33 67]|
|Def Amount of true predicted attacks: [31 67]|
04/23/2025 11:00:59 - INFO - End of Episode.
|Episode 023/100| time: 2.06|
|Def Loss 0.1603 | Def Reward in ep 097|
|Att Loss 0.0306 | Att Reward in ep 003|
|Def Estimated: [27 73]| Att Labels: [28 72]|
|Def Amount of true predicted attacks: [26 71]|
04/23/2025 11:01:02 - INFO - End of Episode.
|Episode 024/100| time: 2.05|
|Def Loss 0.1665 | Def Reward in ep 100|
|Att Loss 0.0395 | Att Reward in ep 000|
|Def Estimated: [35 65]| Att Labels: [35 65]|
|Def Amount of true predicted attacks: [35 65]|
04/23/2025 11:01:04 - INFO - End of Episode.
|Episode 025/100| time: 1.98|
|Def Loss 0.1345 | Def Reward in ep 100|
|Att Loss 0.0236 | Att Reward in ep 000|
|Def Estimated: [24 76]| Att Labels: [24 76]|
|Def Amount of true predicted attacks: [24 76]|
04/23/2025 11:01:07 - INFO - End of Episode.
|Episode 026/100| time: 2.17|
|Def Loss 0.1610 | Def Reward in ep 100|
|Att Loss 0.0153 | Att Reward in ep 000|
|Def Estimated: [30 70]| Att Labels: [30 70]|
|Def Amount of true predicted attacks: [30 70]|
04/23/2025 11:01:09 - INFO - End of Episode.
|Episode 027/100| time: 2.12|
|Def Loss 0.1887 | Def Reward in ep 099|
|Att Loss 0.0354 | Att Reward in ep 001|
|Def Estimated: [32 68]| Att Labels: [31 69]|
|Def Amount of true predicted attacks: [31 68]|
04/23/2025 11:01:11 - INFO - End of Episode.
|Episode 028/100| time: 2.03|
|Def Loss 0.1840 | Def Reward in ep 099|
|Att Loss 0.0505 | Att Reward in ep 001|
|Def Estimated: [24 76]| Att Labels: [25 75]|
|Def Amount of true predicted attacks: [24 75]|
04/23/2025 11:01:14 - INFO - End of Episode.
|Episode 029/100| time: 2.01|
|Def Loss 0.1861 | Def Reward in ep 099|
|Att Loss 0.0660 | Att Reward in ep 001|
|Def Estimated: [29 71]| Att Labels: [30 70]|
|Def Amount of true predicted attacks: [29 70]|
04/23/2025 11:01:16 - INFO - End of Episode.
|Episode 030/100| time: 1.99|
|Def Loss 0.1152 | Def Reward in ep 100|
|Att Loss 0.0488 | Att Reward in ep 000|
|Def Estimated: [32 68]| Att Labels: [32 68]|
|Def Amount of true predicted attacks: [32 68]|
04/23/2025 11:01:18 - INFO - End of Episode.
|Episode 031/100| time: 2.01|
|Def Loss 0.0996 | Def Reward in ep 099|
|Att Loss 0.0491 | Att Reward in ep 001|
|Def Estimated: [31 69]| Att Labels: [30 70]|
|Def Amount of true predicted attacks: [30 69]|
04/23/2025 11:01:20 - INFO - End of Episode.
|Episode 032/100| time: 2.00|
|Def Loss 0.1046 | Def Reward in ep 100|
|Att Loss 0.0405 | Att Reward in ep 000|
|Def Estimated: [32 68]| Att Labels: [32 68]|
|Def Amount of true predicted attacks: [32 68]|
04/23/2025 11:01:23 - INFO - End of Episode.
|Episode 033/100| time: 1.99|
|Def Loss 0.0790 | Def Reward in ep 098|
|Att Loss 0.0508 | Att Reward in ep 002|
|Def Estimated: [24 76]| Att Labels: [26 74]|
|Def Amount of true predicted attacks: [24 74]|
04/23/2025 11:01:25 - INFO - End of Episode.
|Episode 034/100| time: 2.01|
|Def Loss 0.0301 | Def Reward in ep 099|
|Att Loss 0.0612 | Att Reward in ep 001|
|Def Estimated: [36 64]| Att Labels: [35 65]|
|Def Amount of true predicted attacks: [35 64]|
04/23/2025 11:01:27 - INFO - End of Episode.
|Episode 035/100| time: 2.01|
|Def Loss 0.0251 | Def Reward in ep 100|
|Att Loss 0.0653 | Att Reward in ep 000|
|Def Estimated: [30 70]| Att Labels: [30 70]|
|Def Amount of true predicted attacks: [30 70]|
04/23/2025 11:01:30 - INFO - End of Episode.
|Episode 036/100| time: 2.00|
|Def Loss 0.0516 | Def Reward in ep 097|
|Att Loss 0.0462 | Att Reward in ep 003|
|Def Estimated: [30 70]| Att Labels: [33 67]|
|Def Amount of true predicted attacks: [30 67]|
04/23/2025 11:01:32 - INFO - End of Episode.
|Episode 037/100| time: 2.01|
|Def Loss 0.0755 | Def Reward in ep 097|
|Att Loss 0.1094 | Att Reward in ep 003|
|Def Estimated: [32 68]| Att Labels: [31 69]|
|Def Amount of true predicted attacks: [30 67]|
04/23/2025 11:01:34 - INFO - End of Episode.
|Episode 038/100| time: 2.01|
|Def Loss 0.1117 | Def Reward in ep 096|
|Att Loss 0.0834 | Att Reward in ep 004|
|Def Estimated: [34 66]| Att Labels: [34 66]|
|Def Amount of true predicted attacks: [32 64]|
04/23/2025 11:01:37 - INFO - End of Episode.
|Episode 039/100| time: 2.03|
|Def Loss 0.1478 | Def Reward in ep 099|
|Att Loss 0.1064 | Att Reward in ep 001|
|Def Estimated: [34 66]| Att Labels: [35 65]|
|Def Amount of true predicted attacks: [34 65]|
04/23/2025 11:01:39 - INFO - End of Episode.
|Episode 040/100| time: 1.98|
|Def Loss 0.1549 | Def Reward in ep 099|
|Att Loss 0.1025 | Att Reward in ep 001|
|Def Estimated: [24 76]| Att Labels: [25 75]|
|Def Amount of true predicted attacks: [24 75]|
04/23/2025 11:01:41 - INFO - End of Episode.
|Episode 041/100| time: 2.01|
|Def Loss 0.1608 | Def Reward in ep 099|
|Att Loss 0.0923 | Att Reward in ep 001|
|Def Estimated: [33 67]| Att Labels: [34 66]|
|Def Amount of true predicted attacks: [33 66]|
04/23/2025 11:01:44 - INFO - End of Episode.
|Episode 042/100| time: 2.01|
|Def Loss 0.1676 | Def Reward in ep 099|
|Att Loss 0.0775 | Att Reward in ep 001|
|Def Estimated: [31 69]| Att Labels: [30 70]|
|Def Amount of true predicted attacks: [30 69]|
04/23/2025 11:01:46 - INFO - End of Episode.
|Episode 043/100| time: 2.01|
|Def Loss 0.1369 | Def Reward in ep 100|
|Att Loss 0.0761 | Att Reward in ep 000|
|Def Estimated: [31 69]| Att Labels: [31 69]|
|Def Amount of true predicted attacks: [31 69]|
04/23/2025 11:01:49 - INFO - End of Episode.
|Episode 044/100| time: 2.05|
|Def Loss 0.1479 | Def Reward in ep 100|
|Att Loss 0.0735 | Att Reward in ep 000|
|Def Estimated: [38 62]| Att Labels: [38 62]|
|Def Amount of true predicted attacks: [38 62]|
04/23/2025 11:01:51 - INFO - End of Episode.
|Episode 045/100| time: 2.02|
|Def Loss 0.1560 | Def Reward in ep 099|
|Att Loss 0.0648 | Att Reward in ep 001|
|Def Estimated: [36 64]| Att Labels: [35 65]|
|Def Amount of true predicted attacks: [35 64]|
04/23/2025 11:01:53 - INFO - End of Episode.
|Episode 046/100| time: 2.02|
|Def Loss 0.1516 | Def Reward in ep 099|
|Att Loss 0.0706 | Att Reward in ep 001|
|Def Estimated: [33 67]| Att Labels: [34 66]|
|Def Amount of true predicted attacks: [33 66]|
04/23/2025 11:01:56 - INFO - End of Episode.
|Episode 047/100| time: 2.02|
|Def Loss 0.1533 | Def Reward in ep 100|
|Att Loss 0.0735 | Att Reward in ep 000|
|Def Estimated: [31 69]| Att Labels: [31 69]|
|Def Amount of true predicted attacks: [31 69]|
04/23/2025 11:01:58 - INFO - End of Episode.
|Episode 048/100| time: 2.00|
|Def Loss 0.1022 | Def Reward in ep 099|
|Att Loss 0.0505 | Att Reward in ep 001|
|Def Estimated: [29 71]| Att Labels: [28 72]|
|Def Amount of true predicted attacks: [28 71]|
04/23/2025 11:02:00 - INFO - End of Episode.
|Episode 049/100| time: 1.98|
|Def Loss 0.0785 | Def Reward in ep 100|
|Att Loss 0.0372 | Att Reward in ep 000|
|Def Estimated: [28 72]| Att Labels: [28 72]|
|Def Amount of true predicted attacks: [28 72]|
04/23/2025 11:02:03 - INFO - End of Episode.
|Episode 050/100| time: 2.01|
|Def Loss 0.0526 | Def Reward in ep 099|
|Att Loss 0.0322 | Att Reward in ep 001|
|Def Estimated: [31 69]| Att Labels: [32 68]|
|Def Amount of true predicted attacks: [31 68]|
04/23/2025 11:02:05 - INFO - End of Episode.
|Episode 051/100| time: 1.98|
|Def Loss 0.0342 | Def Reward in ep 100|
|Att Loss 0.0418 | Att Reward in ep 000|
|Def Estimated: [29 71]| Att Labels: [29 71]|
|Def Amount of true predicted attacks: [29 71]|
04/23/2025 11:02:08 - INFO - End of Episode.
|Episode 052/100| time: 1.99|
|Def Loss 0.0424 | Def Reward in ep 100|
|Att Loss 0.0323 | Att Reward in ep 000|
|Def Estimated: [28 72]| Att Labels: [28 72]|
|Def Amount of true predicted attacks: [28 72]|
04/23/2025 11:02:10 - INFO - End of Episode.
|Episode 053/100| time: 2.02|
|Def Loss 0.0308 | Def Reward in ep 099|
|Att Loss 0.0200 | Att Reward in ep 001|
|Def Estimated: [34 66]| Att Labels: [35 65]|
|Def Amount of true predicted attacks: [34 65]|
04/23/2025 11:02:12 - INFO - End of Episode.
|Episode 054/100| time: 2.00|
|Def Loss 0.0612 | Def Reward in ep 097|
|Att Loss 0.0467 | Att Reward in ep 003|
|Def Estimated: [31 69]| Att Labels: [30 70]|
|Def Amount of true predicted attacks: [29 68]|
04/23/2025 11:02:15 - INFO - End of Episode.
|Episode 055/100| time: 1.98|
|Def Loss 0.1131 | Def Reward in ep 100|
|Att Loss 0.0347 | Att Reward in ep 000|
|Def Estimated: [29 71]| Att Labels: [29 71]|
|Def Amount of true predicted attacks: [29 71]|
04/23/2025 11:02:17 - INFO - End of Episode.
|Episode 056/100| time: 2.12|
|Def Loss 0.0807 | Def Reward in ep 098|
|Att Loss 0.0373 | Att Reward in ep 002|
|Def Estimated: [28 72]| Att Labels: [28 72]|
|Def Amount of true predicted attacks: [27 71]|
04/23/2025 11:02:20 - INFO - End of Episode.
|Episode 057/100| time: 2.11|
|Def Loss 0.0775 | Def Reward in ep 099|
|Att Loss 0.0540 | Att Reward in ep 001|
|Def Estimated: [38 62]| Att Labels: [39 61]|
|Def Amount of true predicted attacks: [38 61]|
04/23/2025 11:02:22 - INFO - End of Episode.
|Episode 058/100| time: 2.03|
|Def Loss 0.0891 | Def Reward in ep 099|
|Att Loss 0.0737 | Att Reward in ep 001|
|Def Estimated: [27 73]| Att Labels: [28 72]|
|Def Amount of true predicted attacks: [27 72]|
04/23/2025 11:02:25 - INFO - End of Episode.
|Episode 059/100| time: 2.00|
|Def Loss 0.0973 | Def Reward in ep 099|
|Att Loss 0.0750 | Att Reward in ep 001|
|Def Estimated: [32 68]| Att Labels: [31 69]|
|Def Amount of true predicted attacks: [31 68]|
04/23/2025 11:02:27 - INFO - End of Episode.
|Episode 060/100| time: 2.02|
|Def Loss 0.0913 | Def Reward in ep 098|
|Att Loss 0.0910 | Att Reward in ep 002|
|Def Estimated: [32 68]| Att Labels: [30 70]|
|Def Amount of true predicted attacks: [30 68]|
04/23/2025 11:02:30 - INFO - End of Episode.
|Episode 061/100| time: 1.99|
|Def Loss 0.0794 | Def Reward in ep 099|
|Att Loss 0.0948 | Att Reward in ep 001|
|Def Estimated: [25 75]| Att Labels: [26 74]|
|Def Amount of true predicted attacks: [25 74]|
04/23/2025 11:02:32 - INFO - End of Episode.
|Episode 062/100| time: 2.02|
|Def Loss 0.0810 | Def Reward in ep 098|
|Att Loss 0.1075 | Att Reward in ep 002|
|Def Estimated: [30 70]| Att Labels: [32 68]|
|Def Amount of true predicted attacks: [30 68]|
04/23/2025 11:02:34 - INFO - End of Episode.
|Episode 063/100| time: 1.97|
|Def Loss 0.1148 | Def Reward in ep 099|
|Att Loss 0.0830 | Att Reward in ep 001|
|Def Estimated: [23 77]| Att Labels: [22 78]|
|Def Amount of true predicted attacks: [22 77]|
04/23/2025 11:02:37 - INFO - End of Episode.
|Episode 064/100| time: 1.98|
|Def Loss 0.1081 | Def Reward in ep 100|
|Att Loss 0.1174 | Att Reward in ep 000|
|Def Estimated: [22 78]| Att Labels: [22 78]|
|Def Amount of true predicted attacks: [22 78]|
04/23/2025 11:02:39 - INFO - End of Episode.
|Episode 065/100| time: 2.00|
|Def Loss 0.0848 | Def Reward in ep 098|
|Att Loss 0.1105 | Att Reward in ep 002|
|Def Estimated: [28 72]| Att Labels: [30 70]|
|Def Amount of true predicted attacks: [28 70]|
04/23/2025 11:02:42 - INFO - End of Episode.
|Episode 066/100| time: 1.98|
|Def Loss 0.0752 | Def Reward in ep 098|
|Att Loss 0.1211 | Att Reward in ep 002|
|Def Estimated: [23 77]| Att Labels: [23 77]|
|Def Amount of true predicted attacks: [22 76]|
04/23/2025 11:02:44 - INFO - End of Episode.
|Episode 067/100| time: 2.03|
|Def Loss 0.1088 | Def Reward in ep 098|
|Att Loss 0.0990 | Att Reward in ep 002|
|Def Estimated: [28 72]| Att Labels: [28 72]|
|Def Amount of true predicted attacks: [27 71]|
04/23/2025 11:02:47 - INFO - End of Episode.
|Episode 068/100| time: 2.03|
|Def Loss 0.0973 | Def Reward in ep 098|
|Att Loss 0.1029 | Att Reward in ep 002|
|Def Estimated: [34 66]| Att Labels: [34 66]|
|Def Amount of true predicted attacks: [33 65]|
04/23/2025 11:02:49 - INFO - End of Episode.
|Episode 069/100| time: 2.03|
|Def Loss 0.1146 | Def Reward in ep 100|
|Att Loss 0.0900 | Att Reward in ep 000|
|Def Estimated: [32 68]| Att Labels: [32 68]|
|Def Amount of true predicted attacks: [32 68]|
04/23/2025 11:02:52 - INFO - End of Episode.
|Episode 070/100| time: 2.21|
|Def Loss 0.0931 | Def Reward in ep 100|
|Att Loss 0.1030 | Att Reward in ep 000|
|Def Estimated: [28 72]| Att Labels: [28 72]|
|Def Amount of true predicted attacks: [28 72]|
04/23/2025 11:02:54 - INFO - End of Episode.
|Episode 071/100| time: 2.08|
|Def Loss 0.0979 | Def Reward in ep 098|
|Att Loss 0.0726 | Att Reward in ep 002|
|Def Estimated: [29 71]| Att Labels: [29 71]|
|Def Amount of true predicted attacks: [28 70]|
04/23/2025 11:02:57 - INFO - End of Episode.
|Episode 072/100| time: 1.97|
|Def Loss 0.0965 | Def Reward in ep 097|
|Att Loss 0.1148 | Att Reward in ep 003|
|Def Estimated: [25 75]| Att Labels: [26 74]|
|Def Amount of true predicted attacks: [24 73]|
04/23/2025 11:02:59 - INFO - End of Episode.
|Episode 073/100| time: 2.06|
|Def Loss 0.0930 | Def Reward in ep 099|
|Att Loss 0.1176 | Att Reward in ep 001|
|Def Estimated: [28 72]| Att Labels: [29 71]|
|Def Amount of true predicted attacks: [28 71]|
04/23/2025 11:03:02 - INFO - End of Episode.
|Episode 074/100| time: 2.11|
|Def Loss 0.1146 | Def Reward in ep 095|
|Att Loss 0.1313 | Att Reward in ep 005|
|Def Estimated: [27 73]| Att Labels: [32 68]|
|Def Amount of true predicted attacks: [27 68]|
04/23/2025 11:03:05 - INFO - End of Episode.
|Episode 075/100| time: 2.06|
|Def Loss 0.1665 | Def Reward in ep 100|
|Att Loss 0.1404 | Att Reward in ep 000|
|Def Estimated: [35 65]| Att Labels: [35 65]|
|Def Amount of true predicted attacks: [35 65]|
04/23/2025 11:03:07 - INFO - End of Episode.
|Episode 076/100| time: 2.10|
|Def Loss 0.1980 | Def Reward in ep 096|
|Att Loss 0.1502 | Att Reward in ep 004|
|Def Estimated: [35 65]| Att Labels: [35 65]|
|Def Amount of true predicted attacks: [33 63]|
04/23/2025 11:03:10 - INFO - End of Episode.
|Episode 077/100| time: 1.99|
|Def Loss 0.1573 | Def Reward in ep 098|
|Att Loss 0.1662 | Att Reward in ep 002|
|Def Estimated: [39 61]| Att Labels: [39 61]|
|Def Amount of true predicted attacks: [38 60]|
04/23/2025 11:03:12 - INFO - End of Episode.
|Episode 078/100| time: 2.26|
|Def Loss 0.2160 | Def Reward in ep 097|
|Att Loss 0.1839 | Att Reward in ep 003|
|Def Estimated: [40 60]| Att Labels: [43 57]|
|Def Amount of true predicted attacks: [40 57]|
04/23/2025 11:03:15 - INFO - End of Episode.
|Episode 079/100| time: 2.11|
|Def Loss 0.1808 | Def Reward in ep 100|
|Att Loss 0.1284 | Att Reward in ep 000|
|Def Estimated: [40 60]| Att Labels: [40 60]|
|Def Amount of true predicted attacks: [40 60]|
04/23/2025 11:03:18 - INFO - End of Episode.
|Episode 080/100| time: 2.26|
|Def Loss 0.1900 | Def Reward in ep 099|
|Att Loss 0.1206 | Att Reward in ep 001|
|Def Estimated: [34 66]| Att Labels: [33 67]|
|Def Amount of true predicted attacks: [33 66]|
04/23/2025 11:03:21 - INFO - End of Episode.
|Episode 081/100| time: 2.10|
|Def Loss 0.2259 | Def Reward in ep 099|
|Att Loss 0.1393 | Att Reward in ep 001|
|Def Estimated: [35 65]| Att Labels: [36 64]|
|Def Amount of true predicted attacks: [35 64]|
04/23/2025 11:03:23 - INFO - End of Episode.
|Episode 082/100| time: 2.31|
|Def Loss 0.2100 | Def Reward in ep 098|
|Att Loss 0.0897 | Att Reward in ep 002|
|Def Estimated: [30 70]| Att Labels: [32 68]|
|Def Amount of true predicted attacks: [30 68]|
04/23/2025 11:03:26 - INFO - End of Episode.
|Episode 083/100| time: 2.08|
|Def Loss 0.1984 | Def Reward in ep 098|
|Att Loss 0.0816 | Att Reward in ep 002|
|Def Estimated: [35 65]| Att Labels: [35 65]|
|Def Amount of true predicted attacks: [34 64]|
04/23/2025 11:03:29 - INFO - End of Episode.
|Episode 084/100| time: 2.13|
|Def Loss 0.1402 | Def Reward in ep 100|
|Att Loss 0.0796 | Att Reward in ep 000|
|Def Estimated: [28 72]| Att Labels: [28 72]|
|Def Amount of true predicted attacks: [28 72]|
04/23/2025 11:03:31 - INFO - End of Episode.
|Episode 085/100| time: 2.02|
|Def Loss 0.1515 | Def Reward in ep 099|
|Att Loss 0.0623 | Att Reward in ep 001|
|Def Estimated: [27 73]| Att Labels: [28 72]|
|Def Amount of true predicted attacks: [27 72]|
04/23/2025 11:03:34 - INFO - End of Episode.
|Episode 086/100| time: 2.15|
|Def Loss 0.1154 | Def Reward in ep 100|
|Att Loss 0.0548 | Att Reward in ep 000|
|Def Estimated: [37 63]| Att Labels: [37 63]|
|Def Amount of true predicted attacks: [37 63]|
04/23/2025 11:03:37 - INFO - End of Episode.
|Episode 087/100| time: 2.06|
|Def Loss 0.1228 | Def Reward in ep 097|
|Att Loss 0.0532 | Att Reward in ep 003|
|Def Estimated: [33 67]| Att Labels: [32 68]|
|Def Amount of true predicted attacks: [31 66]|
04/23/2025 11:03:39 - INFO - End of Episode.
|Episode 088/100| time: 1.99|
|Def Loss 0.1207 | Def Reward in ep 100|
|Att Loss 0.0748 | Att Reward in ep 000|
|Def Estimated: [25 75]| Att Labels: [25 75]|
|Def Amount of true predicted attacks: [25 75]|
04/23/2025 11:03:42 - INFO - End of Episode.
|Episode 089/100| time: 2.10|
|Def Loss 0.1063 | Def Reward in ep 098|
|Att Loss 0.0532 | Att Reward in ep 002|
|Def Estimated: [30 70]| Att Labels: [32 68]|
|Def Amount of true predicted attacks: [30 68]|
04/23/2025 11:03:44 - INFO - End of Episode.
|Episode 090/100| time: 2.05|
|Def Loss 0.1065 | Def Reward in ep 100|
|Att Loss 0.0544 | Att Reward in ep 000|
|Def Estimated: [30 70]| Att Labels: [30 70]|
|Def Amount of true predicted attacks: [30 70]|
04/23/2025 11:03:47 - INFO - End of Episode.
|Episode 091/100| time: 2.12|
|Def Loss 0.1171 | Def Reward in ep 097|
|Att Loss 0.0561 | Att Reward in ep 003|
|Def Estimated: [29 71]| Att Labels: [26 74]|
|Def Amount of true predicted attacks: [26 71]|
04/23/2025 11:03:50 - INFO - End of Episode.
|Episode 092/100| time: 2.10|
|Def Loss 0.1107 | Def Reward in ep 099|
|Att Loss 0.0729 | Att Reward in ep 001|
|Def Estimated: [36 64]| Att Labels: [37 63]|
|Def Amount of true predicted attacks: [36 63]|
04/23/2025 11:03:52 - INFO - End of Episode.
|Episode 093/100| time: 2.13|
|Def Loss 0.1154 | Def Reward in ep 097|
|Att Loss 0.0759 | Att Reward in ep 003|
|Def Estimated: [26 74]| Att Labels: [29 71]|
|Def Amount of true predicted attacks: [26 71]|
04/23/2025 11:03:55 - INFO - End of Episode.
|Episode 094/100| time: 2.04|
|Def Loss 0.1538 | Def Reward in ep 100|
|Att Loss 0.0647 | Att Reward in ep 000|
|Def Estimated: [31 69]| Att Labels: [31 69]|
|Def Amount of true predicted attacks: [31 69]|
04/23/2025 11:03:58 - INFO - End of Episode.
|Episode 095/100| time: 2.14|
|Def Loss 0.1628 | Def Reward in ep 098|
|Att Loss 0.0774 | Att Reward in ep 002|
|Def Estimated: [29 71]| Att Labels: [31 69]|
|Def Amount of true predicted attacks: [29 69]|
04/23/2025 11:04:01 - INFO - End of Episode.
|Episode 096/100| time: 2.22|
|Def Loss 0.1417 | Def Reward in ep 097|
|Att Loss 0.0758 | Att Reward in ep 003|
|Def Estimated: [27 73]| Att Labels: [30 70]|
|Def Amount of true predicted attacks: [27 70]|
04/23/2025 11:04:04 - INFO - End of Episode.
|Episode 097/100| time: 2.28|
|Def Loss 0.1984 | Def Reward in ep 100|
|Att Loss 0.0612 | Att Reward in ep 000|
|Def Estimated: [36 64]| Att Labels: [36 64]|
|Def Amount of true predicted attacks: [36 64]|
04/23/2025 11:04:06 - INFO - End of Episode.
|Episode 098/100| time: 2.27|
|Def Loss 0.1502 | Def Reward in ep 100|
|Att Loss 0.0503 | Att Reward in ep 000|
|Def Estimated: [36 64]| Att Labels: [36 64]|
|Def Amount of true predicted attacks: [36 64]|
04/23/2025 11:04:09 - INFO - End of Episode.
|Episode 099/100| time: 2.27|
|Def Loss 0.1455 | Def Reward in ep 099|
|Att Loss 0.0555 | Att Reward in ep 001|
|Def Estimated: [38 62]| Att Labels: [39 61]|
|Def Amount of true predicted attacks: [38 61]|
04/23/2025 11:04:10 - INFO - Model 'attacker_model_cic_2017' saved in: /workspace/models/trained-models/2025-04-23-10-59-Linux-CIC-2018-17-WebAttack-3rd-Run/attacker_model_cic.keras
04/23/2025 11:04:10 - INFO - Model summary:
Model: "attacker_model_cic_2017"
_________________________________________________________________
 Layer (type)                Output Shape              Param #   
=================================================================
 dense (Dense)               (None, 100)               6800      
                                                                 
 dense_1 (Dense)             (None, 100)               10100     
                                                                 
 dense_2 (Dense)             (None, 100)               10100     
                                                                 
 dense_3 (Dense)             (None, 100)               10100     
                                                                 
 dense_4 (Dense)             (None, 100)               10100     
                                                                 
 dense_5 (Dense)             (None, 4)                 404       
                                                                 
=================================================================
Total params: 47604 (185.95 KB)
Trainable params: 47604 (185.95 KB)
Non-trainable params: 0 (0.00 Byte)
_________________________________________________________________

04/23/2025 11:04:10 - INFO - Model 'defender_model' saved in: /workspace/models/trained-models/2025-04-23-10-59-Linux-CIC-2018-17-WebAttack-3rd-Run/defender_model.keras
04/23/2025 11:04:10 - INFO - Model summary:
Model: "defender_model"
_________________________________________________________________
 Layer (type)                Output Shape              Param #   
=================================================================
 dense_12 (Dense)            (None, 100)               6800      
                                                                 
 dense_13 (Dense)            (None, 100)               10100     
                                                                 
 dense_14 (Dense)            (None, 100)               10100     
                                                                 
 dense_15 (Dense)            (None, 2)                 202       
                                                                 
=================================================================
Total params: 27202 (106.26 KB)
Trainable params: 27202 (106.26 KB)
Non-trainable params: 0 (0.00 Byte)
_________________________________________________________________

04/23/2025 11:04:10 - INFO - Saved trained models.
04/23/2025 11:04:10 - INFO - Total runtime: 00:04:32
04/23/2025 11:04:10 - INFO - End of the script at: 2025-04-23 11:04:10.548149
04/23/2025 11:04:13 - INFO - Debug information saved to /workspace/models/trained-models/2025-04-23-10-59-Linux-CIC-2018-17-WebAttack-3rd-Run/logs/debug_info.json
04/23/2025 11:04:13 - INFO - Trying to save summary plots under: /workspace/models/trained-models/2025-04-23-10-59-Linux-CIC-2018-17-WebAttack-3rd-Run/plots/
04/23/2025 11:04:14 - INFO - Plotted attack distributions during training in: /workspace/models/trained-models/2025-04-23-10-59-Linux-CIC-2018-17-WebAttack-3rd-Run/plots/
04/23/2025 11:04:18 - INFO - Normalized confusion matrix
04/23/2025 11:04:18 - INFO - 
Confusion Matrix:
[[0.98261176 0.01738824]
 [0.02662722 0.97337278]]
04/23/2025 11:04:18 - INFO - Plotted confusion matrix in: /workspace/models/trained-models/2025-04-23-10-59-Linux-CIC-2018-17-WebAttack-3rd-Run/plots/intraset/
04/23/2025 11:04:18 - INFO - Model summary:
Model: "defender_model"
_________________________________________________________________
 Layer (type)                Output Shape              Param #   
=================================================================
 dense_12 (Dense)            (None, 100)               6800      
                                                                 
 dense_13 (Dense)            (None, 100)               10100     
                                                                 
 dense_14 (Dense)            (None, 100)               10100     
                                                                 
 dense_15 (Dense)            (None, 2)                 202       
                                                                 
=================================================================
Total params: 27202 (106.26 KB)
Trainable params: 27202 (106.26 KB)
Non-trainable params: 0 (0.00 Byte)
_________________________________________________________________

loaded from: /workspace/models/trained-models/2025-04-23-10-59-Linux-CIC-2018-17-WebAttack-3rd-Run/defender_model.keras
04/23/2025 11:04:18 - INFO - One vs All metric calculation: 
True positive: 658 | False positive: 2956 | 
True negative: 167044 | False negative: 18
Accuracy: 0.9826 | Recall: 0.9734 | Specificity: 0.9826 | Precision: 0.1821 | F1-Score: 0.3068 | False Positive Rate: 0.0174
04/23/2025 11:04:18 - INFO - Overall overview
Total reward: 167702 | Number of samples: 170676 | Accuracy = 98.26%
Overall overview per attack type
              Estimated Correct   Total Mismatch   F1_score
Benign           167062  167044  170000     2938   99.11767
Web Attack         3614     658     676     2938  30.675991
Weigthed Avg.                                     98.846591
04/23/2025 11:04:18 - INFO - 
     Class  Support  Accuracy  Precision  Recall  F1-Score
    Benign   170000    0.9826     0.9999  0.9826    0.9912
Web Attack      676    0.9734     0.1821  0.9734    0.3068
04/23/2025 11:04:18 - INFO - Overall weighted F1-score: 0.9885
04/23/2025 11:04:23 - INFO - 
One vs All metrics: 
         name  accuracy        f1  precision    recall
0      Benign  0.982575  0.991177   0.999892  0.982612
1  Web Attack  0.982575  0.306760   0.182070  0.973373
04/23/2025 11:04:23 - INFO - Classification report:
              precision    recall  f1-score   support

      Benign       1.00      0.98      0.99    170000
  Web Attack       0.18      0.97      0.31       676

    accuracy                           0.98    170676
   macro avg       0.59      0.98      0.65    170676
weighted avg       1.00      0.98      0.99    170676

04/23/2025 11:04:26 - INFO - Model metrics: 
loss=0.05352203920483589, mse=0.13705295324325562, mae=0.15962636470794678
04/23/2025 11:04:26 - INFO - Optimizer config: {'name': 'Adam', 'weight_decay': None, 'clipnorm': None, 'global_clipnorm': None, 'clipvalue': None, 'use_ema': False, 'ema_momentum': 0.99, 'ema_overwrite_frequency': None, 'jit_compile': False, 'is_legacy_optimizer': False, 'learning_rate': 0.001, 'beta_1': 0.9, 'beta_2': 0.999, 'epsilon': 1e-07, 'amsgrad': False}
04/23/2025 11:04:26 - INFO - Time needed for testing: 11.18641996383667
04/23/2025 11:04:26 - INFO - Metrics exported to: /workspace/models/trained-models/2025-04-23-10-59-Linux-CIC-2018-17-WebAttack-3rd-Run/logs/evaluation_metrics_defender_model.json
04/23/2025 11:04:28 - INFO - [Intra-Set] Accuracy: 0.9887, Recall: 0.0000, Precision: 0.0000, F1: 0.0000
04/23/2025 11:04:28 - INFO - Normalized confusion matrix
04/23/2025 11:04:28 - INFO - 
Confusion Matrix:
[[9.99071429e-01 9.28571429e-04]
 [1.00000000e+00 0.00000000e+00]]
04/23/2025 11:04:29 - INFO - Plotted confusion matrix in: /workspace/models/trained-models/2025-04-23-10-59-Linux-CIC-2018-17-WebAttack-3rd-Run/plots/interset/
04/23/2025 11:04:29 - INFO - [Intra-Set] Confusion matrix saved to /workspace/models/trained-models/2025-04-23-10-59-Linux-CIC-2018-17-WebAttack-3rd-Run/plots/
04/23/2025 11:04:31 - INFO - [Cross-Set] Model metrics: loss=0.12594933807849884, mse=0.32216715812683105, mae=0.28257691860198975
04/23/2025 11:04:31 - INFO - [Intra-Set] Evaluation completed. Metrics exported to: /workspace/models/trained-models/2025-04-23-10-59-Linux-CIC-2018-17-WebAttack-3rd-Run/logs/evaluation_metrics_cross_defender_model.json
04/23/2025 11:04:31 - INFO - [Intra-Set] Time needed: 5.12 seconds
04/23/2025 11:04:31 - INFO - Finished script at: 2025-04-23-11-04
Total runtime: 0:04:53.391990
