04/23/2025 08:23:36 - INFO - Started script at: 2025-04-23-08-23
Current working dir: /workspace
Used data files: 
/workspace/data/datasets/cic_ids/cic-ids-2017/clean/all_benign.feather,
/workspace/data/datasets/cic_ids/cic-ids-2017/clean/all_malicious.feather
04/23/2025 08:23:36 - INFO - Setting up Attacker and Defender Agents...
04/23/2025 08:23:37 - INFO - One-vs-All Split ready (target: Infiltration):
04/23/2025 08:23:37 - INFO - Train: (50006, 67), Validation: (60009, 67), Test: (140021, 67)
04/23/2025 08:23:37 - INFO - [Init from split] Loaded 50006 train, 140021 test samples.
04/23/2025 08:24:02 - INFO - One-vs-All Split ready (target: Infiltration):
04/23/2025 08:24:02 - INFO - Train: (50880, 67), Validation: (94105, 67), Test: (533264, 67)
04/23/2025 08:24:02 - INFO - Initializing Attacker:CIC-2017-Infiltration's ReplayMemory with observation_size=67 and max_size=1000
04/23/2025 08:24:03 - WARNING - Skipping variable loading for optimizer 'Adam', because it has 25 variables whereas the saved optimizer has 1 variables. 
04/23/2025 08:24:03 - INFO - Initializing Defender's ReplayMemory with observation_size=67 and max_size=1000
04/23/2025 08:24:04 - WARNING - Skipping variable loading for optimizer 'Adam', because it has 17 variables whereas the saved optimizer has 1 variables. 
04/23/2025 08:24:04 - INFO - Creating environment...
04/23/2025 08:24:04 - INFO - Start Training with the following parameters:
-----------------------------------------------------------------------------------------------------------------------
Total episodes: 100 | Iterations in episode: 100 | Minibatch from mem size: 100 | Total Samples: 10000 | Data shape: (50006, 67)
-----------------------------------------------------------------------------------------------------------------------
Attacker<Attack-Type>: Num_actions=2 | gamma=0.001 | epsilon=1 | ANN hidden size=100 | ANN hidden layers=5 | Learning rate=0.001
-----------------------------------------------------------------------------------------------------------------------
Defender: Num_actions=2 | gamma=0.001 | epsilon=1 | ANN hidden size=100 | ANN hidden layers=3 | Learning rate=0.001
-----------------------------------------------------------------------------------------------------------------------
Used Attack types: '['Benign', 'Infiltration']' | Attack name(s): ['Benign', 'Infiltration']
-----------------------------------------------------------------------------------------------------------------------

04/23/2025 08:24:04 - INFO - End of Episode.
|Episode 000/100| time: 0.58|
|Def Loss 0.0000 | Def Reward in ep 052|
|Att Loss 0.0000 | Att Reward in ep 048|
|Def Estimated: [52 48]| Att Labels: [48 52]|
|Def Amount of true predicted attacks: [26 26]|
04/23/2025 08:24:07 - WARNING - 5 out of the last 5 calls to <function QNetwork.predict at 0x71f4eb6e3380> triggered tf.function retracing. Tracing is expensive and the excessive number of tracings could be due to (1) creating @tf.function repeatedly in a loop, (2) passing tensors with different shapes, (3) passing Python objects instead of tensors. For (1), please define your @tf.function outside of the loop. For (2), @tf.function has reduce_retracing=True option that can avoid unnecessary retracing. For (3), please refer to https://www.tensorflow.org/guide/function#controlling_retracing and https://www.tensorflow.org/api_docs/python/tf/function for  more details.
04/23/2025 08:24:10 - INFO - End of Episode.
|Episode 001/100| time: 4.09|
|Def Loss 1.2534 | Def Reward in ep 056|
|Att Loss 5.7048 | Att Reward in ep 044|
|Def Estimated: [47 53]| Att Labels: [53 47]|
|Def Amount of true predicted attacks: [28 28]|
04/23/2025 08:24:12 - INFO - End of Episode.
|Episode 002/100| time: 2.18|
|Def Loss 0.6404 | Def Reward in ep 078|
|Att Loss 5.5123 | Att Reward in ep 022|
|Def Estimated: [51 49]| Att Labels: [49 51]|
|Def Amount of true predicted attacks: [39 39]|
04/23/2025 08:24:14 - INFO - End of Episode.
|Episode 003/100| time: 2.22|
|Def Loss 0.5866 | Def Reward in ep 084|
|Att Loss 5.0372 | Att Reward in ep 016|
|Def Estimated: [53 47]| Att Labels: [55 45]|
|Def Amount of true predicted attacks: [46 38]|
04/23/2025 08:24:17 - INFO - End of Episode.
|Episode 004/100| time: 2.19|
|Def Loss 0.2365 | Def Reward in ep 094|
|Att Loss 4.6516 | Att Reward in ep 006|
|Def Estimated: [53 47]| Att Labels: [51 49]|
|Def Amount of true predicted attacks: [49 45]|
04/23/2025 08:24:19 - INFO - End of Episode.
|Episode 005/100| time: 2.25|
|Def Loss 0.0274 | Def Reward in ep 099|
|Att Loss 4.1901 | Att Reward in ep 001|
|Def Estimated: [53 47]| Att Labels: [54 46]|
|Def Amount of true predicted attacks: [53 46]|
04/23/2025 08:24:22 - INFO - End of Episode.
|Episode 006/100| time: 2.26|
|Def Loss 0.0143 | Def Reward in ep 100|
|Att Loss 3.7467 | Att Reward in ep 000|
|Def Estimated: [53 47]| Att Labels: [53 47]|
|Def Amount of true predicted attacks: [53 47]|
04/23/2025 08:24:24 - INFO - End of Episode.
|Episode 007/100| time: 2.24|
|Def Loss 0.0061 | Def Reward in ep 098|
|Att Loss 3.3954 | Att Reward in ep 002|
|Def Estimated: [52 48]| Att Labels: [52 48]|
|Def Amount of true predicted attacks: [51 47]|
04/23/2025 08:24:27 - INFO - End of Episode.
|Episode 008/100| time: 2.41|
|Def Loss 0.0057 | Def Reward in ep 100|
|Att Loss 3.0103 | Att Reward in ep 000|
|Def Estimated: [59 41]| Att Labels: [59 41]|
|Def Amount of true predicted attacks: [59 41]|
04/23/2025 08:24:29 - INFO - End of Episode.
|Episode 009/100| time: 2.26|
|Def Loss 0.0091 | Def Reward in ep 099|
|Att Loss 2.9330 | Att Reward in ep 001|
|Def Estimated: [47 53]| Att Labels: [48 52]|
|Def Amount of true predicted attacks: [47 52]|
04/23/2025 08:24:31 - INFO - End of Episode.
|Episode 010/100| time: 2.24|
|Def Loss 0.0086 | Def Reward in ep 100|
|Att Loss 2.4026 | Att Reward in ep 000|
|Def Estimated: [51 49]| Att Labels: [51 49]|
|Def Amount of true predicted attacks: [51 49]|
04/23/2025 08:24:34 - INFO - End of Episode.
|Episode 011/100| time: 2.25|
|Def Loss 0.0027 | Def Reward in ep 099|
|Att Loss 1.5082 | Att Reward in ep 001|
|Def Estimated: [52 48]| Att Labels: [51 49]|
|Def Amount of true predicted attacks: [51 48]|
04/23/2025 08:24:36 - INFO - End of Episode.
|Episode 012/100| time: 2.22|
|Def Loss 0.0067 | Def Reward in ep 099|
|Att Loss 0.8170 | Att Reward in ep 001|
|Def Estimated: [41 59]| Att Labels: [42 58]|
|Def Amount of true predicted attacks: [41 58]|
04/23/2025 08:24:39 - INFO - End of Episode.
|Episode 013/100| time: 2.18|
|Def Loss 0.0078 | Def Reward in ep 098|
|Att Loss 0.4164 | Att Reward in ep 002|
|Def Estimated: [39 61]| Att Labels: [39 61]|
|Def Amount of true predicted attacks: [38 60]|
04/23/2025 08:24:41 - INFO - End of Episode.
|Episode 014/100| time: 2.23|
|Def Loss 0.0023 | Def Reward in ep 100|
|Att Loss 0.1970 | Att Reward in ep 000|
|Def Estimated: [52 48]| Att Labels: [52 48]|
|Def Amount of true predicted attacks: [52 48]|
04/23/2025 08:24:44 - INFO - End of Episode.
|Episode 015/100| time: 2.28|
|Def Loss 0.0260 | Def Reward in ep 099|
|Att Loss 0.1362 | Att Reward in ep 001|
|Def Estimated: [54 46]| Att Labels: [55 45]|
|Def Amount of true predicted attacks: [54 45]|
04/23/2025 08:24:46 - INFO - End of Episode.
|Episode 016/100| time: 2.32|
|Def Loss 0.0019 | Def Reward in ep 100|
|Att Loss 0.0980 | Att Reward in ep 000|
|Def Estimated: [58 42]| Att Labels: [58 42]|
|Def Amount of true predicted attacks: [58 42]|
04/23/2025 08:24:49 - INFO - End of Episode.
|Episode 017/100| time: 2.19|
|Def Loss 0.0008 | Def Reward in ep 100|
|Att Loss 0.0914 | Att Reward in ep 000|
|Def Estimated: [45 55]| Att Labels: [45 55]|
|Def Amount of true predicted attacks: [45 55]|
04/23/2025 08:24:51 - INFO - End of Episode.
|Episode 018/100| time: 2.22|
|Def Loss 0.0014 | Def Reward in ep 100|
|Att Loss 0.0962 | Att Reward in ep 000|
|Def Estimated: [48 52]| Att Labels: [48 52]|
|Def Amount of true predicted attacks: [48 52]|
04/23/2025 08:24:54 - INFO - End of Episode.
|Episode 019/100| time: 2.29|
|Def Loss 0.0006 | Def Reward in ep 099|
|Att Loss 0.0874 | Att Reward in ep 001|
|Def Estimated: [53 47]| Att Labels: [54 46]|
|Def Amount of true predicted attacks: [53 46]|
04/23/2025 08:24:56 - INFO - End of Episode.
|Episode 020/100| time: 2.35|
|Def Loss 0.0005 | Def Reward in ep 099|
|Att Loss 0.1363 | Att Reward in ep 001|
|Def Estimated: [58 42]| Att Labels: [59 41]|
|Def Amount of true predicted attacks: [58 41]|
04/23/2025 08:24:59 - INFO - End of Episode.
|Episode 021/100| time: 2.22|
|Def Loss 0.0014 | Def Reward in ep 100|
|Att Loss 0.1047 | Att Reward in ep 000|
|Def Estimated: [57 43]| Att Labels: [57 43]|
|Def Amount of true predicted attacks: [57 43]|
04/23/2025 08:25:01 - INFO - End of Episode.
|Episode 022/100| time: 2.17|
|Def Loss 0.0004 | Def Reward in ep 100|
|Att Loss 0.0740 | Att Reward in ep 000|
|Def Estimated: [54 46]| Att Labels: [54 46]|
|Def Amount of true predicted attacks: [54 46]|
04/23/2025 08:25:04 - INFO - End of Episode.
|Episode 023/100| time: 2.16|
|Def Loss 0.0003 | Def Reward in ep 098|
|Att Loss 0.1065 | Att Reward in ep 002|
|Def Estimated: [45 55]| Att Labels: [45 55]|
|Def Amount of true predicted attacks: [44 54]|
04/23/2025 08:25:06 - INFO - End of Episode.
|Episode 024/100| time: 2.17|
|Def Loss 0.0002 | Def Reward in ep 099|
|Att Loss 0.1227 | Att Reward in ep 001|
|Def Estimated: [47 53]| Att Labels: [48 52]|
|Def Amount of true predicted attacks: [47 52]|
04/23/2025 08:25:09 - INFO - End of Episode.
|Episode 025/100| time: 2.12|
|Def Loss 0.0142 | Def Reward in ep 099|
|Att Loss 0.1180 | Att Reward in ep 001|
|Def Estimated: [44 56]| Att Labels: [45 55]|
|Def Amount of true predicted attacks: [44 55]|
04/23/2025 08:25:11 - INFO - End of Episode.
|Episode 026/100| time: 2.14|
|Def Loss 0.0155 | Def Reward in ep 100|
|Att Loss 0.0860 | Att Reward in ep 000|
|Def Estimated: [45 55]| Att Labels: [45 55]|
|Def Amount of true predicted attacks: [45 55]|
04/23/2025 08:25:13 - INFO - End of Episode.
|Episode 027/100| time: 2.16|
|Def Loss 0.0005 | Def Reward in ep 099|
|Att Loss 0.0957 | Att Reward in ep 001|
|Def Estimated: [53 47]| Att Labels: [52 48]|
|Def Amount of true predicted attacks: [52 47]|
04/23/2025 08:25:16 - INFO - End of Episode.
|Episode 028/100| time: 2.13|
|Def Loss 0.0010 | Def Reward in ep 100|
|Att Loss 0.1006 | Att Reward in ep 000|
|Def Estimated: [53 47]| Att Labels: [53 47]|
|Def Amount of true predicted attacks: [53 47]|
04/23/2025 08:25:18 - INFO - End of Episode.
|Episode 029/100| time: 2.15|
|Def Loss 0.0002 | Def Reward in ep 100|
|Att Loss 0.1335 | Att Reward in ep 000|
|Def Estimated: [51 49]| Att Labels: [51 49]|
|Def Amount of true predicted attacks: [51 49]|
04/23/2025 08:25:21 - INFO - End of Episode.
|Episode 030/100| time: 2.25|
|Def Loss 0.0002 | Def Reward in ep 100|
|Att Loss 0.1012 | Att Reward in ep 000|
|Def Estimated: [58 42]| Att Labels: [58 42]|
|Def Amount of true predicted attacks: [58 42]|
04/23/2025 08:25:23 - INFO - End of Episode.
|Episode 031/100| time: 2.12|
|Def Loss 0.0002 | Def Reward in ep 099|
|Att Loss 0.0899 | Att Reward in ep 001|
|Def Estimated: [45 55]| Att Labels: [44 56]|
|Def Amount of true predicted attacks: [44 55]|
04/23/2025 08:25:26 - INFO - End of Episode.
|Episode 032/100| time: 2.13|
|Def Loss 0.0002 | Def Reward in ep 100|
|Att Loss 0.0972 | Att Reward in ep 000|
|Def Estimated: [54 46]| Att Labels: [54 46]|
|Def Amount of true predicted attacks: [54 46]|
04/23/2025 08:25:28 - INFO - End of Episode.
|Episode 033/100| time: 2.13|
|Def Loss 0.0001 | Def Reward in ep 100|
|Att Loss 0.0971 | Att Reward in ep 000|
|Def Estimated: [52 48]| Att Labels: [52 48]|
|Def Amount of true predicted attacks: [52 48]|
04/23/2025 08:25:31 - INFO - End of Episode.
|Episode 034/100| time: 2.11|
|Def Loss 0.0008 | Def Reward in ep 099|
|Att Loss 0.0756 | Att Reward in ep 001|
|Def Estimated: [51 49]| Att Labels: [50 50]|
|Def Amount of true predicted attacks: [50 49]|
04/23/2025 08:25:33 - INFO - End of Episode.
|Episode 035/100| time: 2.13|
|Def Loss 0.0004 | Def Reward in ep 100|
|Att Loss 0.0670 | Att Reward in ep 000|
|Def Estimated: [49 51]| Att Labels: [49 51]|
|Def Amount of true predicted attacks: [49 51]|
04/23/2025 08:25:36 - INFO - End of Episode.
|Episode 036/100| time: 2.12|
|Def Loss 0.0001 | Def Reward in ep 100|
|Att Loss 0.0721 | Att Reward in ep 000|
|Def Estimated: [50 50]| Att Labels: [50 50]|
|Def Amount of true predicted attacks: [50 50]|
04/23/2025 08:25:38 - INFO - End of Episode.
|Episode 037/100| time: 2.24|
|Def Loss 0.0001 | Def Reward in ep 098|
|Att Loss 0.1175 | Att Reward in ep 002|
|Def Estimated: [49 51]| Att Labels: [47 53]|
|Def Amount of true predicted attacks: [47 51]|
04/23/2025 08:25:41 - INFO - End of Episode.
|Episode 038/100| time: 2.14|
|Def Loss 0.0001 | Def Reward in ep 099|
|Att Loss 0.0867 | Att Reward in ep 001|
|Def Estimated: [56 44]| Att Labels: [55 45]|
|Def Amount of true predicted attacks: [55 44]|
04/23/2025 08:25:43 - INFO - End of Episode.
|Episode 039/100| time: 2.13|
|Def Loss 0.0001 | Def Reward in ep 100|
|Att Loss 0.1108 | Att Reward in ep 000|
|Def Estimated: [49 51]| Att Labels: [49 51]|
|Def Amount of true predicted attacks: [49 51]|
04/23/2025 08:25:45 - INFO - End of Episode.
|Episode 040/100| time: 2.07|
|Def Loss 0.0022 | Def Reward in ep 100|
|Att Loss 0.1286 | Att Reward in ep 000|
|Def Estimated: [42 58]| Att Labels: [42 58]|
|Def Amount of true predicted attacks: [42 58]|
04/23/2025 08:25:48 - INFO - End of Episode.
|Episode 041/100| time: 2.17|
|Def Loss 0.0043 | Def Reward in ep 099|
|Att Loss 0.1212 | Att Reward in ep 001|
|Def Estimated: [45 55]| Att Labels: [46 54]|
|Def Amount of true predicted attacks: [45 54]|
04/23/2025 08:25:50 - INFO - End of Episode.
|Episode 042/100| time: 2.13|
|Def Loss 0.0006 | Def Reward in ep 100|
|Att Loss 0.1222 | Att Reward in ep 000|
|Def Estimated: [51 49]| Att Labels: [51 49]|
|Def Amount of true predicted attacks: [51 49]|
04/23/2025 08:25:53 - INFO - End of Episode.
|Episode 043/100| time: 2.15|
|Def Loss 0.0005 | Def Reward in ep 100|
|Att Loss 0.1128 | Att Reward in ep 000|
|Def Estimated: [50 50]| Att Labels: [50 50]|
|Def Amount of true predicted attacks: [50 50]|
04/23/2025 08:25:56 - INFO - End of Episode.
|Episode 044/100| time: 2.14|
|Def Loss 0.0002 | Def Reward in ep 100|
|Att Loss 0.1268 | Att Reward in ep 000|
|Def Estimated: [53 47]| Att Labels: [53 47]|
|Def Amount of true predicted attacks: [53 47]|
04/23/2025 08:25:58 - INFO - End of Episode.
|Episode 045/100| time: 2.16|
|Def Loss 0.0009 | Def Reward in ep 099|
|Att Loss 0.1239 | Att Reward in ep 001|
|Def Estimated: [57 43]| Att Labels: [56 44]|
|Def Amount of true predicted attacks: [56 43]|
04/23/2025 08:26:01 - INFO - End of Episode.
|Episode 046/100| time: 2.13|
|Def Loss 0.0005 | Def Reward in ep 100|
|Att Loss 0.0961 | Att Reward in ep 000|
|Def Estimated: [52 48]| Att Labels: [52 48]|
|Def Amount of true predicted attacks: [52 48]|
04/23/2025 08:26:03 - INFO - End of Episode.
|Episode 047/100| time: 2.12|
|Def Loss 0.0001 | Def Reward in ep 100|
|Att Loss 0.1052 | Att Reward in ep 000|
|Def Estimated: [45 55]| Att Labels: [45 55]|
|Def Amount of true predicted attacks: [45 55]|
04/23/2025 08:26:06 - INFO - End of Episode.
|Episode 048/100| time: 2.12|
|Def Loss 0.0002 | Def Reward in ep 098|
|Att Loss 0.0810 | Att Reward in ep 002|
|Def Estimated: [49 51]| Att Labels: [49 51]|
|Def Amount of true predicted attacks: [48 50]|
04/23/2025 08:26:08 - INFO - End of Episode.
|Episode 049/100| time: 2.17|
|Def Loss 0.0107 | Def Reward in ep 099|
|Att Loss 0.1163 | Att Reward in ep 001|
|Def Estimated: [52 48]| Att Labels: [53 47]|
|Def Amount of true predicted attacks: [52 47]|
04/23/2025 08:26:11 - INFO - End of Episode.
|Episode 050/100| time: 2.15|
|Def Loss 0.0102 | Def Reward in ep 100|
|Att Loss 0.1168 | Att Reward in ep 000|
|Def Estimated: [62 38]| Att Labels: [62 38]|
|Def Amount of true predicted attacks: [62 38]|
04/23/2025 08:26:13 - INFO - End of Episode.
|Episode 051/100| time: 2.11|
|Def Loss 0.0007 | Def Reward in ep 100|
|Att Loss 0.0795 | Att Reward in ep 000|
|Def Estimated: [45 55]| Att Labels: [45 55]|
|Def Amount of true predicted attacks: [45 55]|
04/23/2025 08:26:16 - INFO - End of Episode.
|Episode 052/100| time: 2.10|
|Def Loss 0.0002 | Def Reward in ep 100|
|Att Loss 0.0676 | Att Reward in ep 000|
|Def Estimated: [44 56]| Att Labels: [44 56]|
|Def Amount of true predicted attacks: [44 56]|
04/23/2025 08:26:18 - INFO - End of Episode.
|Episode 053/100| time: 2.25|
|Def Loss 0.0003 | Def Reward in ep 099|
|Att Loss 0.0977 | Att Reward in ep 001|
|Def Estimated: [60 40]| Att Labels: [61 39]|
|Def Amount of true predicted attacks: [60 39]|
04/23/2025 08:26:21 - INFO - End of Episode.
|Episode 054/100| time: 2.16|
|Def Loss 0.0009 | Def Reward in ep 098|
|Att Loss 0.1328 | Att Reward in ep 002|
|Def Estimated: [60 40]| Att Labels: [60 40]|
|Def Amount of true predicted attacks: [59 39]|
04/23/2025 08:26:23 - INFO - End of Episode.
|Episode 055/100| time: 2.19|
|Def Loss 0.0008 | Def Reward in ep 100|
|Att Loss 0.1182 | Att Reward in ep 000|
|Def Estimated: [56 44]| Att Labels: [56 44]|
|Def Amount of true predicted attacks: [56 44]|
04/23/2025 08:26:26 - INFO - End of Episode.
|Episode 056/100| time: 2.13|
|Def Loss 0.0002 | Def Reward in ep 098|
|Att Loss 0.1302 | Att Reward in ep 002|
|Def Estimated: [53 47]| Att Labels: [53 47]|
|Def Amount of true predicted attacks: [52 46]|
04/23/2025 08:26:29 - INFO - End of Episode.
|Episode 057/100| time: 2.23|
|Def Loss 0.0043 | Def Reward in ep 099|
|Att Loss 0.1644 | Att Reward in ep 001|
|Def Estimated: [64 36]| Att Labels: [65 35]|
|Def Amount of true predicted attacks: [64 35]|
04/23/2025 08:26:31 - INFO - End of Episode.
|Episode 058/100| time: 2.14|
|Def Loss 0.0009 | Def Reward in ep 100|
|Att Loss 0.1738 | Att Reward in ep 000|
|Def Estimated: [52 48]| Att Labels: [52 48]|
|Def Amount of true predicted attacks: [52 48]|
04/23/2025 08:26:34 - INFO - End of Episode.
|Episode 059/100| time: 2.16|
|Def Loss 0.0010 | Def Reward in ep 098|
|Att Loss 0.2201 | Att Reward in ep 002|
|Def Estimated: [54 46]| Att Labels: [54 46]|
|Def Amount of true predicted attacks: [53 45]|
04/23/2025 08:26:36 - INFO - End of Episode.
|Episode 060/100| time: 2.16|
|Def Loss 0.0008 | Def Reward in ep 099|
|Att Loss 0.2098 | Att Reward in ep 001|
|Def Estimated: [56 44]| Att Labels: [55 45]|
|Def Amount of true predicted attacks: [55 44]|
04/23/2025 08:26:39 - INFO - End of Episode.
|Episode 061/100| time: 2.16|
|Def Loss 0.0001 | Def Reward in ep 099|
|Att Loss 0.1915 | Att Reward in ep 001|
|Def Estimated: [50 50]| Att Labels: [51 49]|
|Def Amount of true predicted attacks: [50 49]|
04/23/2025 08:26:42 - INFO - End of Episode.
|Episode 062/100| time: 2.19|
|Def Loss 0.0069 | Def Reward in ep 099|
|Att Loss 0.2426 | Att Reward in ep 001|
|Def Estimated: [61 39]| Att Labels: [62 38]|
|Def Amount of true predicted attacks: [61 38]|
04/23/2025 08:26:44 - INFO - End of Episode.
|Episode 063/100| time: 2.19|
|Def Loss 0.0290 | Def Reward in ep 100|
|Att Loss 0.1715 | Att Reward in ep 000|
|Def Estimated: [60 40]| Att Labels: [60 40]|
|Def Amount of true predicted attacks: [60 40]|
04/23/2025 08:26:47 - INFO - End of Episode.
|Episode 064/100| time: 2.10|
|Def Loss 0.0010 | Def Reward in ep 100|
|Att Loss 0.2533 | Att Reward in ep 000|
|Def Estimated: [48 52]| Att Labels: [48 52]|
|Def Amount of true predicted attacks: [48 52]|
04/23/2025 08:26:49 - INFO - End of Episode.
|Episode 065/100| time: 2.13|
|Def Loss 0.0006 | Def Reward in ep 098|
|Att Loss 0.2075 | Att Reward in ep 002|
|Def Estimated: [49 51]| Att Labels: [51 49]|
|Def Amount of true predicted attacks: [49 49]|
04/23/2025 08:26:52 - INFO - End of Episode.
|Episode 066/100| time: 2.13|
|Def Loss 0.0006 | Def Reward in ep 098|
|Att Loss 0.2531 | Att Reward in ep 002|
|Def Estimated: [51 49]| Att Labels: [51 49]|
|Def Amount of true predicted attacks: [50 48]|
04/23/2025 08:26:55 - INFO - End of Episode.
|Episode 067/100| time: 2.14|
|Def Loss 0.0006 | Def Reward in ep 099|
|Att Loss 0.1914 | Att Reward in ep 001|
|Def Estimated: [56 44]| Att Labels: [55 45]|
|Def Amount of true predicted attacks: [55 44]|
04/23/2025 08:26:57 - INFO - End of Episode.
|Episode 068/100| time: 2.16|
|Def Loss 0.0009 | Def Reward in ep 100|
|Att Loss 0.1798 | Att Reward in ep 000|
|Def Estimated: [60 40]| Att Labels: [60 40]|
|Def Amount of true predicted attacks: [60 40]|
04/23/2025 08:27:00 - INFO - End of Episode.
|Episode 069/100| time: 2.18|
|Def Loss 0.0001 | Def Reward in ep 100|
|Att Loss 0.1774 | Att Reward in ep 000|
|Def Estimated: [60 40]| Att Labels: [60 40]|
|Def Amount of true predicted attacks: [60 40]|
04/23/2025 08:27:02 - INFO - End of Episode.
|Episode 070/100| time: 2.15|
|Def Loss 0.0002 | Def Reward in ep 100|
|Att Loss 0.1778 | Att Reward in ep 000|
|Def Estimated: [51 49]| Att Labels: [51 49]|
|Def Amount of true predicted attacks: [51 49]|
04/23/2025 08:27:05 - INFO - End of Episode.
|Episode 071/100| time: 2.11|
|Def Loss 0.0001 | Def Reward in ep 099|
|Att Loss 0.1523 | Att Reward in ep 001|
|Def Estimated: [46 54]| Att Labels: [47 53]|
|Def Amount of true predicted attacks: [46 53]|
04/23/2025 08:27:08 - INFO - End of Episode.
|Episode 072/100| time: 2.13|
|Def Loss 0.0002 | Def Reward in ep 098|
|Att Loss 0.2272 | Att Reward in ep 002|
|Def Estimated: [47 53]| Att Labels: [47 53]|
|Def Amount of true predicted attacks: [46 52]|
04/23/2025 08:27:10 - INFO - End of Episode.
|Episode 073/100| time: 2.12|
|Def Loss 0.0001 | Def Reward in ep 098|
|Att Loss 0.2215 | Att Reward in ep 002|
|Def Estimated: [50 50]| Att Labels: [52 48]|
|Def Amount of true predicted attacks: [50 48]|
04/23/2025 08:27:13 - INFO - End of Episode.
|Episode 074/100| time: 2.16|
|Def Loss 0.0009 | Def Reward in ep 100|
|Att Loss 0.2547 | Att Reward in ep 000|
|Def Estimated: [55 45]| Att Labels: [55 45]|
|Def Amount of true predicted attacks: [55 45]|
04/23/2025 08:27:16 - INFO - End of Episode.
|Episode 075/100| time: 2.14|
|Def Loss 0.0003 | Def Reward in ep 100|
|Att Loss 0.1871 | Att Reward in ep 000|
|Def Estimated: [58 42]| Att Labels: [58 42]|
|Def Amount of true predicted attacks: [58 42]|
04/23/2025 08:27:18 - INFO - End of Episode.
|Episode 076/100| time: 2.25|
|Def Loss 0.0001 | Def Reward in ep 099|
|Att Loss 0.1428 | Att Reward in ep 001|
|Def Estimated: [60 40]| Att Labels: [59 41]|
|Def Amount of true predicted attacks: [59 40]|
04/23/2025 08:27:21 - INFO - End of Episode.
|Episode 077/100| time: 2.13|
|Def Loss 0.0001 | Def Reward in ep 100|
|Att Loss 0.1623 | Att Reward in ep 000|
|Def Estimated: [53 47]| Att Labels: [53 47]|
|Def Amount of true predicted attacks: [53 47]|
04/23/2025 08:27:24 - INFO - End of Episode.
|Episode 078/100| time: 2.15|
|Def Loss 0.0001 | Def Reward in ep 100|
|Att Loss 0.1265 | Att Reward in ep 000|
|Def Estimated: [50 50]| Att Labels: [50 50]|
|Def Amount of true predicted attacks: [50 50]|
04/23/2025 08:27:26 - INFO - End of Episode.
|Episode 079/100| time: 2.19|
|Def Loss 0.0003 | Def Reward in ep 100|
|Att Loss 0.1363 | Att Reward in ep 000|
|Def Estimated: [61 39]| Att Labels: [61 39]|
|Def Amount of true predicted attacks: [61 39]|
04/23/2025 08:27:29 - INFO - End of Episode.
|Episode 080/100| time: 2.21|
|Def Loss 0.0010 | Def Reward in ep 100|
|Att Loss 0.1183 | Att Reward in ep 000|
|Def Estimated: [60 40]| Att Labels: [60 40]|
|Def Amount of true predicted attacks: [60 40]|
04/23/2025 08:27:32 - INFO - End of Episode.
|Episode 081/100| time: 2.15|
|Def Loss 0.0004 | Def Reward in ep 100|
|Att Loss 0.1359 | Att Reward in ep 000|
|Def Estimated: [59 41]| Att Labels: [59 41]|
|Def Amount of true predicted attacks: [59 41]|
04/23/2025 08:27:34 - INFO - End of Episode.
|Episode 082/100| time: 2.14|
|Def Loss 0.0002 | Def Reward in ep 100|
|Att Loss 0.0720 | Att Reward in ep 000|
|Def Estimated: [47 53]| Att Labels: [47 53]|
|Def Amount of true predicted attacks: [47 53]|
04/23/2025 08:27:37 - INFO - End of Episode.
|Episode 083/100| time: 2.08|
|Def Loss 0.0007 | Def Reward in ep 098|
|Att Loss 0.0593 | Att Reward in ep 002|
|Def Estimated: [45 55]| Att Labels: [45 55]|
|Def Amount of true predicted attacks: [44 54]|
04/23/2025 08:27:40 - INFO - End of Episode.
|Episode 084/100| time: 2.14|
|Def Loss 0.0010 | Def Reward in ep 099|
|Att Loss 0.1012 | Att Reward in ep 001|
|Def Estimated: [51 49]| Att Labels: [52 48]|
|Def Amount of true predicted attacks: [51 48]|
04/23/2025 08:27:42 - INFO - End of Episode.
|Episode 085/100| time: 2.10|
|Def Loss 0.0113 | Def Reward in ep 100|
|Att Loss 0.0812 | Att Reward in ep 000|
|Def Estimated: [51 49]| Att Labels: [51 49]|
|Def Amount of true predicted attacks: [51 49]|
04/23/2025 08:27:45 - INFO - End of Episode.
|Episode 086/100| time: 2.16|
|Def Loss 0.0007 | Def Reward in ep 100|
|Att Loss 0.1048 | Att Reward in ep 000|
|Def Estimated: [54 46]| Att Labels: [54 46]|
|Def Amount of true predicted attacks: [54 46]|
04/23/2025 08:27:48 - INFO - End of Episode.
|Episode 087/100| time: 2.19|
|Def Loss 0.0003 | Def Reward in ep 097|
|Att Loss 0.1254 | Att Reward in ep 003|
|Def Estimated: [52 48]| Att Labels: [51 49]|
|Def Amount of true predicted attacks: [50 47]|
04/23/2025 08:27:50 - INFO - End of Episode.
|Episode 088/100| time: 2.13|
|Def Loss 0.0008 | Def Reward in ep 100|
|Att Loss 0.1770 | Att Reward in ep 000|
|Def Estimated: [49 51]| Att Labels: [49 51]|
|Def Amount of true predicted attacks: [49 51]|
04/23/2025 08:27:53 - INFO - End of Episode.
|Episode 089/100| time: 2.15|
|Def Loss 0.0007 | Def Reward in ep 100|
|Att Loss 0.1459 | Att Reward in ep 000|
|Def Estimated: [53 47]| Att Labels: [53 47]|
|Def Amount of true predicted attacks: [53 47]|
04/23/2025 08:27:56 - INFO - End of Episode.
|Episode 090/100| time: 2.11|
|Def Loss 0.0188 | Def Reward in ep 099|
|Att Loss 0.1979 | Att Reward in ep 001|
|Def Estimated: [45 55]| Att Labels: [46 54]|
|Def Amount of true predicted attacks: [45 54]|
04/23/2025 08:27:59 - INFO - End of Episode.
|Episode 091/100| time: 2.14|
|Def Loss 0.0016 | Def Reward in ep 098|
|Att Loss 0.1852 | Att Reward in ep 002|
|Def Estimated: [49 51]| Att Labels: [47 53]|
|Def Amount of true predicted attacks: [47 51]|
04/23/2025 08:28:01 - INFO - End of Episode.
|Episode 092/100| time: 2.11|
|Def Loss 0.0002 | Def Reward in ep 099|
|Att Loss 0.2159 | Att Reward in ep 001|
|Def Estimated: [46 54]| Att Labels: [47 53]|
|Def Amount of true predicted attacks: [46 53]|
04/23/2025 08:28:04 - INFO - End of Episode.
|Episode 093/100| time: 2.15|
|Def Loss 0.0001 | Def Reward in ep 099|
|Att Loss 0.2200 | Att Reward in ep 001|
|Def Estimated: [48 52]| Att Labels: [49 51]|
|Def Amount of true predicted attacks: [48 51]|
04/23/2025 08:28:07 - INFO - End of Episode.
|Episode 094/100| time: 2.13|
|Def Loss 0.0001 | Def Reward in ep 100|
|Att Loss 0.1793 | Att Reward in ep 000|
|Def Estimated: [48 52]| Att Labels: [48 52]|
|Def Amount of true predicted attacks: [48 52]|
04/23/2025 08:28:09 - INFO - End of Episode.
|Episode 095/100| time: 2.24|
|Def Loss 0.0001 | Def Reward in ep 099|
|Att Loss 0.1983 | Att Reward in ep 001|
|Def Estimated: [50 50]| Att Labels: [51 49]|
|Def Amount of true predicted attacks: [50 49]|
04/23/2025 08:28:12 - INFO - End of Episode.
|Episode 096/100| time: 2.14|
|Def Loss 0.0000 | Def Reward in ep 100|
|Att Loss 0.2413 | Att Reward in ep 000|
|Def Estimated: [49 51]| Att Labels: [49 51]|
|Def Amount of true predicted attacks: [49 51]|
04/23/2025 08:28:15 - INFO - End of Episode.
|Episode 097/100| time: 2.24|
|Def Loss 0.0000 | Def Reward in ep 100|
|Att Loss 0.1929 | Att Reward in ep 000|
|Def Estimated: [60 40]| Att Labels: [60 40]|
|Def Amount of true predicted attacks: [60 40]|
04/23/2025 08:28:18 - INFO - End of Episode.
|Episode 098/100| time: 2.18|
|Def Loss 0.0017 | Def Reward in ep 100|
|Att Loss 0.1475 | Att Reward in ep 000|
|Def Estimated: [60 40]| Att Labels: [60 40]|
|Def Amount of true predicted attacks: [60 40]|
04/23/2025 08:28:21 - INFO - End of Episode.
|Episode 099/100| time: 2.17|
|Def Loss 0.0005 | Def Reward in ep 100|
|Att Loss 0.1526 | Att Reward in ep 000|
|Def Estimated: [60 40]| Att Labels: [60 40]|
|Def Amount of true predicted attacks: [60 40]|
04/23/2025 08:28:21 - INFO - Model 'attacker_model_cic_2017' saved in: /workspace/models/trained-models/2025-04-23-08-23-Linux-CIC-2017-18-Infiltration-2nd-Run/attacker_model_cic.keras
04/23/2025 08:28:21 - INFO - Model summary:
Model: "attacker_model_cic_2017"
_________________________________________________________________
 Layer (type)                Output Shape              Param #   
=================================================================
 dense (Dense)               (None, 100)               6800      
                                                                 
 dense_1 (Dense)             (None, 100)               10100     
                                                                 
 dense_2 (Dense)             (None, 100)               10100     
                                                                 
 dense_3 (Dense)             (None, 100)               10100     
                                                                 
 dense_4 (Dense)             (None, 100)               10100     
                                                                 
 dense_5 (Dense)             (None, 2)                 202       
                                                                 
=================================================================
Total params: 47402 (185.16 KB)
Trainable params: 47402 (185.16 KB)
Non-trainable params: 0 (0.00 Byte)
_________________________________________________________________

04/23/2025 08:28:21 - INFO - Model 'defender_model' saved in: /workspace/models/trained-models/2025-04-23-08-23-Linux-CIC-2017-18-Infiltration-2nd-Run/defender_model.keras
04/23/2025 08:28:21 - INFO - Model summary:
Model: "defender_model"
_________________________________________________________________
 Layer (type)                Output Shape              Param #   
=================================================================
 dense_12 (Dense)            (None, 100)               6800      
                                                                 
 dense_13 (Dense)            (None, 100)               10100     
                                                                 
 dense_14 (Dense)            (None, 100)               10100     
                                                                 
 dense_15 (Dense)            (None, 2)                 202       
                                                                 
=================================================================
Total params: 27202 (106.26 KB)
Trainable params: 27202 (106.26 KB)
Non-trainable params: 0 (0.00 Byte)
_________________________________________________________________

04/23/2025 08:28:21 - INFO - Saved trained models.
04/23/2025 08:28:21 - INFO - Total runtime: 00:04:45
04/23/2025 08:28:21 - INFO - End of the script at: 2025-04-23 08:28:21.707119
04/23/2025 08:28:24 - INFO - Debug information saved to /workspace/models/trained-models/2025-04-23-08-23-Linux-CIC-2017-18-Infiltration-2nd-Run/logs/debug_info.json
04/23/2025 08:28:24 - INFO - Trying to save summary plots under: /workspace/models/trained-models/2025-04-23-08-23-Linux-CIC-2017-18-Infiltration-2nd-Run/plots/
04/23/2025 08:28:25 - INFO - Plotted attack distributions during training in: /workspace/models/trained-models/2025-04-23-08-23-Linux-CIC-2017-18-Infiltration-2nd-Run/plots/
04/23/2025 08:28:29 - INFO - Normalized confusion matrix
04/23/2025 08:28:29 - INFO - 
Confusion Matrix:
[[9.99500000e-01 5.00000000e-04]
 [2.38095238e-01 7.61904762e-01]]
04/23/2025 08:28:30 - INFO - Plotted confusion matrix in: /workspace/models/trained-models/2025-04-23-08-23-Linux-CIC-2017-18-Infiltration-2nd-Run/plots/intraset/
04/23/2025 08:28:30 - INFO - Model summary:
Model: "defender_model"
_________________________________________________________________
 Layer (type)                Output Shape              Param #   
=================================================================
 dense_12 (Dense)            (None, 100)               6800      
                                                                 
 dense_13 (Dense)            (None, 100)               10100     
                                                                 
 dense_14 (Dense)            (None, 100)               10100     
                                                                 
 dense_15 (Dense)            (None, 2)                 202       
                                                                 
=================================================================
Total params: 27202 (106.26 KB)
Trainable params: 27202 (106.26 KB)
Non-trainable params: 0 (0.00 Byte)
_________________________________________________________________

loaded from: /workspace/models/trained-models/2025-04-23-08-23-Linux-CIC-2017-18-Infiltration-2nd-Run/defender_model.keras
04/23/2025 08:28:30 - INFO - One vs All metric calculation: 
True positive: 16 | False positive: 70 | 
True negative: 139930 | False negative: 5
Accuracy: 0.9995 | Recall: 0.7619 | Specificity: 0.9995 | Precision: 0.1860 | F1-Score: 0.2991 | False Positive Rate: 0.0005
04/23/2025 08:28:30 - INFO - Overall overview
Total reward: 139946 | Number of samples: 140021 | Accuracy = 99.95%
Overall overview per attack type
              Estimated Correct   Total Mismatch   F1_score
Benign           139935  139930  140000       65  99.973208
Infiltration         86      16      21       65  29.906542
Weigthed Avg.                                       99.9627
04/23/2025 08:28:30 - INFO - 
       Class  Support  Accuracy  Precision  Recall  F1-Score
      Benign   140000    0.9995      1.000  0.9995    0.9997
Infiltration       21    0.7619      0.186  0.7619    0.2991
04/23/2025 08:28:30 - INFO - Overall weighted F1-score: 0.9996
04/23/2025 08:28:34 - INFO - 
One vs All metrics: 
           name  accuracy        f1  precision    recall
0        Benign  0.999464  0.999732   0.999964  0.999500
1  Infiltration  0.999464  0.299065   0.186047  0.761905
04/23/2025 08:28:34 - INFO - Classification report:
              precision    recall  f1-score   support

      Benign       1.00      1.00      1.00    140000
Infiltration       0.19      0.76      0.30        21

    accuracy                           1.00    140021
   macro avg       0.59      0.88      0.65    140021
weighted avg       1.00      1.00      1.00    140021

04/23/2025 08:28:36 - INFO - Model metrics: 
loss=0.0023359034676104784, mse=0.005253712181001902, mae=0.028643013909459114
04/23/2025 08:28:36 - INFO - Optimizer config: {'name': 'Adam', 'weight_decay': None, 'clipnorm': None, 'global_clipnorm': None, 'clipvalue': None, 'use_ema': False, 'ema_momentum': 0.99, 'ema_overwrite_frequency': None, 'jit_compile': False, 'is_legacy_optimizer': False, 'learning_rate': 0.001, 'beta_1': 0.9, 'beta_2': 0.999, 'epsilon': 1e-07, 'amsgrad': False}
04/23/2025 08:28:36 - INFO - Time needed for testing: 9.086328268051147
04/23/2025 08:28:36 - INFO - Metrics exported to: /workspace/models/trained-models/2025-04-23-08-23-Linux-CIC-2017-18-Infiltration-2nd-Run/logs/evaluation_metrics_defender_model.json
04/23/2025 08:28:46 - INFO - [Intra-Set] Accuracy: 0.7960, Recall: 0.0081, Precision: 0.3890, F1: 0.0158
04/23/2025 08:28:46 - INFO - Normalized confusion matrix
04/23/2025 08:28:46 - INFO - 
Confusion Matrix:
[[0.99676941 0.00323059]
 [0.99192714 0.00807286]]
04/23/2025 08:28:46 - INFO - Plotted confusion matrix in: /workspace/models/trained-models/2025-04-23-08-23-Linux-CIC-2017-18-Infiltration-2nd-Run/plots/interset/
04/23/2025 08:28:46 - INFO - [Intra-Set] Confusion matrix saved to /workspace/models/trained-models/2025-04-23-08-23-Linux-CIC-2017-18-Infiltration-2nd-Run/plots/
04/23/2025 08:28:54 - INFO - [Cross-Set] Model metrics: loss=0.10352401435375214, mse=1.6565265655517578, mae=0.34436705708503723
04/23/2025 08:28:54 - INFO - [Intra-Set] Evaluation completed. Metrics exported to: /workspace/models/trained-models/2025-04-23-08-23-Linux-CIC-2017-18-Infiltration-2nd-Run/logs/evaluation_metrics_cross_defender_model.json
04/23/2025 08:28:54 - INFO - [Intra-Set] Time needed: 17.58 seconds
04/23/2025 08:28:54 - INFO - Finished script at: 2025-04-23-08-28
Total runtime: 0:05:18.052350
