05/07/2025 14:25:24 - INFO - Started script at: 2025-05-07-14-25
Current working dir: /workspace
Used data files: 
/workspace/data/datasets/origin-kaggle-com/nsl-kdd/KDDTrain+.txt,
/workspace/data/datasets/origin-kaggle-com/nsl-kdd/KDDTest+.txt
05/07/2025 14:25:24 - INFO - Setting up Attacker and Defender Agents...
05/07/2025 14:25:24 - INFO - Reading formated train data from: /workspace/data/datasets/formated/formated_training_data.csv
05/07/2025 14:25:25 - INFO - Reading formated test data from: /workspace/data/datasets/formated/formated_test_data.csv
05/07/2025 14:25:25 - INFO - Initializing Attacker:DoS's ReplayMemory with observation_size=122 and max_size=1000
05/07/2025 14:25:25 - WARNING - Skipping variable loading for optimizer 'Adam', because it has 25 variables whereas the saved optimizer has 1 variables. 
05/07/2025 14:25:25 - INFO - Initializing Attacker:Probe's ReplayMemory with observation_size=122 and max_size=1000
05/07/2025 14:25:25 - WARNING - Skipping variable loading for optimizer 'Adam', because it has 25 variables whereas the saved optimizer has 1 variables. 
05/07/2025 14:25:25 - INFO - Initializing Attacker:R2L's ReplayMemory with observation_size=122 and max_size=1000
05/07/2025 14:25:25 - WARNING - Skipping variable loading for optimizer 'Adam', because it has 25 variables whereas the saved optimizer has 1 variables. 
05/07/2025 14:25:25 - INFO - Initializing Attacker:U2R's ReplayMemory with observation_size=122 and max_size=1000
05/07/2025 14:25:26 - WARNING - Skipping variable loading for optimizer 'Adam', because it has 25 variables whereas the saved optimizer has 1 variables. 
05/07/2025 14:25:26 - INFO - Initializing Defender's ReplayMemory with observation_size=122 and max_size=4000
05/07/2025 14:25:26 - WARNING - Skipping variable loading for optimizer 'Adam', because it has 17 variables whereas the saved optimizer has 1 variables. 
05/07/2025 14:25:26 - INFO - Creating environment...
05/07/2025 14:25:26 - INFO - Start Training with the following parameters:
-----------------------------------------------------------------------------------------------------------------------
Total episodes: 100 | Iterations in episode: 100 | <Attacker> Minibatch from mem size: 100 | Total Samples: 10000 | <Defender> Minibatch from mem size: 400 | Data shape: (125973, 162)
-----------------------------------------------------------------------------------------------------------------------
Attacker<Attack-Type>: Num_actions=23 | gamma=0.001 | epsilon=1 | ANN hidden size=100 | ANN hidden layers=5 | Learning rate=0.001
-----------------------------------------------------------------------------------------------------------------------
Defender: Num_actions=5 | gamma=0.001 | epsilon=1 | ANN hidden size=100 | ANN hidden layers=3 | Learning rate=0.001
-----------------------------------------------------------------------------------------------------------------------
Used Attack types: 'all: Normal, DoS, Probe, R2L, U2R' | Attack name(s): ['normal', 'back', 'land', 'neptune', 'pod', 'smurf', 'teardrop', 'ipsweep', 'nmap', 'portsweep', 'satan', 'ftp_write', 'guess_passwd', 'imap', 'multihop', 'phf', 'spy', 'warezclient', 'warezmaster', 'buffer_overflow', 'loadmodule', 'perl', 'rootkit']
-----------------------------------------------------------------------------------------------------------------------

05/07/2025 14:25:32 - INFO - End of Episode.
|Episode 000/100| time: 5.94|
|Def Loss 0.0000 | Def Reward in ep 076|
|Att Loss Dos 0.0000 | Att Reward in ep 088|
|Att Loss Probe 0.0000 | Att Reward in ep 069|
|Att Loss R2L 0.0000 | Att Reward in ep 096|
|Att Loss U2R 0.0000 | Att Reward in ep 071|
|Def Estimated: [ 84  50 150  30  86]| Att Labels: [71 86 81 89 73]|
|Def Amount of true predicted attacks: [10  8 31  4 23]|
05/07/2025 14:25:32 - WARNING - 5 out of the last 247 calls to <function QNetwork.predict at 0x7c879d842c00> triggered tf.function retracing. Tracing is expensive and the excessive number of tracings could be due to (1) creating @tf.function repeatedly in a loop, (2) passing tensors with different shapes, (3) passing Python objects instead of tensors. For (1), please define your @tf.function outside of the loop. For (2), @tf.function has reduce_retracing=True option that can avoid unnecessary retracing. For (3), please refer to https://www.tensorflow.org/guide/function#controlling_retracing and https://www.tensorflow.org/api_docs/python/tf/function for  more details.
05/07/2025 14:25:32 - WARNING - 6 out of the last 253 calls to <function QNetwork.predict at 0x7c879d71e660> triggered tf.function retracing. Tracing is expensive and the excessive number of tracings could be due to (1) creating @tf.function repeatedly in a loop, (2) passing tensors with different shapes, (3) passing Python objects instead of tensors. For (1), please define your @tf.function outside of the loop. For (2), @tf.function has reduce_retracing=True option that can avoid unnecessary retracing. For (3), please refer to https://www.tensorflow.org/guide/function#controlling_retracing and https://www.tensorflow.org/api_docs/python/tf/function for  more details.
05/07/2025 14:25:40 - WARNING - 5 out of the last 5 calls to <function Model.make_train_function.<locals>.train_function at 0x7c87932cb600> triggered tf.function retracing. Tracing is expensive and the excessive number of tracings could be due to (1) creating @tf.function repeatedly in a loop, (2) passing tensors with different shapes, (3) passing Python objects instead of tensors. For (1), please define your @tf.function outside of the loop. For (2), @tf.function has reduce_retracing=True option that can avoid unnecessary retracing. For (3), please refer to https://www.tensorflow.org/guide/function#controlling_retracing and https://www.tensorflow.org/api_docs/python/tf/function for  more details.
05/07/2025 14:26:12 - INFO - End of Episode.
|Episode 001/100| time: 40.36|
|Def Loss 0.5266 | Def Reward in ep 291|
|Att Loss Dos 1.3540 | Att Reward in ep 027|
|Att Loss Probe 2.2328 | Att Reward in ep 018|
|Att Loss R2L 0.9178 | Att Reward in ep 050|
|Att Loss U2R 1.7701 | Att Reward in ep 014|
|Def Estimated: [ 79  79  83  55 104]| Att Labels: [72 88 76 88 76]|
|Def Amount of true predicted attacks: [53 64 65 41 68]|
05/07/2025 14:26:45 - INFO - End of Episode.
|Episode 002/100| time: 32.96|
|Def Loss 0.2218 | Def Reward in ep 351|
|Att Loss Dos 1.1911 | Att Reward in ep 012|
|Att Loss Probe 1.7492 | Att Reward in ep 005|
|Att Loss R2L 0.9644 | Att Reward in ep 025|
|Att Loss U2R 1.5884 | Att Reward in ep 007|
|Def Estimated: [65 88 78 74 95]| Att Labels: [68 85 78 90 79]|
|Def Amount of true predicted attacks: [56 77 76 67 75]|
05/07/2025 14:27:19 - INFO - End of Episode.
|Episode 003/100| time: 33.29|
|Def Loss 0.1778 | Def Reward in ep 363|
|Att Loss Dos 1.1266 | Att Reward in ep 009|
|Att Loss Probe 1.4188 | Att Reward in ep 008|
|Att Loss R2L 0.9919 | Att Reward in ep 013|
|Att Loss U2R 1.4157 | Att Reward in ep 007|
|Def Estimated: [55 79 85 83 98]| Att Labels: [67 84 78 89 82]|
|Def Amount of true predicted attacks: [52 77 77 78 79]|
05/07/2025 14:27:54 - INFO - End of Episode.
|Episode 004/100| time: 34.10|
|Def Loss 0.1386 | Def Reward in ep 376|
|Att Loss Dos 1.0070 | Att Reward in ep 009|
|Att Loss Probe 1.2113 | Att Reward in ep 004|
|Att Loss R2L 0.9881 | Att Reward in ep 006|
|Att Loss U2R 1.2042 | Att Reward in ep 005|
|Def Estimated: [76 76 75 94 79]| Att Labels: [85 79 73 87 76]|
|Def Amount of true predicted attacks: [73 73 72 83 75]|
05/07/2025 14:28:28 - INFO - End of Episode.
|Episode 005/100| time: 34.24|
|Def Loss 0.1154 | Def Reward in ep 385|
|Att Loss Dos 0.9309 | Att Reward in ep 001|
|Att Loss Probe 1.0367 | Att Reward in ep 001|
|Att Loss R2L 0.9195 | Att Reward in ep 009|
|Att Loss U2R 1.0920 | Att Reward in ep 004|
|Def Estimated: [73 87 74 82 84]| Att Labels: [82 85 72 84 77]|
|Def Amount of true predicted attacks: [73 85 72 79 76]|
05/07/2025 14:29:03 - INFO - End of Episode.
|Episode 006/100| time: 33.95|
|Def Loss 0.0983 | Def Reward in ep 382|
|Att Loss Dos 0.8826 | Att Reward in ep 002|
|Att Loss Probe 0.9112 | Att Reward in ep 006|
|Att Loss R2L 0.8843 | Att Reward in ep 002|
|Att Loss U2R 1.0126 | Att Reward in ep 008|
|Def Estimated: [73 92 73 91 71]| Att Labels: [89 84 71 88 68]|
|Def Amount of true predicted attacks: [72 84 71 87 68]|
05/07/2025 14:29:38 - INFO - End of Episode.
|Episode 007/100| time: 33.96|
|Def Loss 0.0914 | Def Reward in ep 371|
|Att Loss Dos 0.8081 | Att Reward in ep 010|
|Att Loss Probe 0.8567 | Att Reward in ep 008|
|Att Loss R2L 0.8254 | Att Reward in ep 007|
|Att Loss U2R 0.9513 | Att Reward in ep 004|
|Def Estimated: [69 85 79 91 76]| Att Labels: [87 77 76 87 73]|
|Def Amount of true predicted attacks: [68 76 73 82 72]|
05/07/2025 14:30:13 - INFO - End of Episode.
|Episode 008/100| time: 34.29|
|Def Loss 0.0940 | Def Reward in ep 375|
|Att Loss Dos 0.7291 | Att Reward in ep 005|
|Att Loss Probe 0.7941 | Att Reward in ep 006|
|Att Loss R2L 0.7683 | Att Reward in ep 009|
|Att Loss U2R 0.8998 | Att Reward in ep 005|
|Def Estimated: [87 85 71 85 72]| Att Labels: [97 79 72 86 66]|
|Def Amount of true predicted attacks: [85 78 69 79 64]|
05/07/2025 14:30:48 - INFO - End of Episode.
|Episode 009/100| time: 34.40|
|Def Loss 0.0865 | Def Reward in ep 384|
|Att Loss Dos 0.6666 | Att Reward in ep 004|
|Att Loss Probe 0.7101 | Att Reward in ep 002|
|Att Loss R2L 0.7642 | Att Reward in ep 006|
|Att Loss U2R 0.8114 | Att Reward in ep 004|
|Def Estimated: [92 78 72 86 72]| Att Labels: [95 78 73 84 70]|
|Def Amount of true predicted attacks: [90 76 71 80 67]|
05/07/2025 14:31:23 - INFO - End of Episode.
|Episode 010/100| time: 33.99|
|Def Loss 0.0886 | Def Reward in ep 378|
|Att Loss Dos 0.5021 | Att Reward in ep 006|
|Att Loss Probe 0.4556 | Att Reward in ep 007|
|Att Loss R2L 0.5896 | Att Reward in ep 008|
|Att Loss U2R 0.5482 | Att Reward in ep 001|
|Def Estimated: [72 76 73 91 88]| Att Labels: [77 78 76 90 79]|
|Def Amount of true predicted attacks: [69 76 73 82 78]|
05/07/2025 14:31:59 - INFO - End of Episode.
|Episode 011/100| time: 35.33|
|Def Loss 0.0923 | Def Reward in ep 383|
|Att Loss Dos 0.1721 | Att Reward in ep 002|
|Att Loss Probe 0.1519 | Att Reward in ep 005|
|Att Loss R2L 0.2915 | Att Reward in ep 004|
|Att Loss U2R 0.2306 | Att Reward in ep 006|
|Def Estimated: [100  79  67  85  69]| Att Labels: [106  76  66  80  72]|
|Def Amount of true predicted attacks: [98 75 66 77 67]|
05/07/2025 14:32:35 - INFO - End of Episode.
|Episode 012/100| time: 35.03|
|Def Loss 0.0956 | Def Reward in ep 385|
|Att Loss Dos 0.1222 | Att Reward in ep 003|
|Att Loss Probe 0.1191 | Att Reward in ep 004|
|Att Loss R2L 0.1905 | Att Reward in ep 005|
|Att Loss U2R 0.2250 | Att Reward in ep 003|
|Def Estimated: [90 83 72 79 76]| Att Labels: [90 82 72 81 75]|
|Def Amount of true predicted attacks: [86 80 69 76 74]|
05/07/2025 14:33:12 - INFO - End of Episode.
|Episode 013/100| time: 35.93|
|Def Loss 0.0767 | Def Reward in ep 393|
|Att Loss Dos 0.0958 | Att Reward in ep 001|
|Att Loss Probe 0.1344 | Att Reward in ep 001|
|Att Loss R2L 0.1346 | Att Reward in ep 002|
|Att Loss U2R 0.1736 | Att Reward in ep 003|
|Def Estimated: [99 78 77 78 68]| Att Labels: [99 77 78 77 69]|
|Def Amount of true predicted attacks: [98 76 77 75 67]|
05/07/2025 14:33:48 - INFO - End of Episode.
|Episode 014/100| time: 35.65|
|Def Loss 0.0829 | Def Reward in ep 388|
|Att Loss Dos 0.0694 | Att Reward in ep 003|
|Att Loss Probe 0.1015 | Att Reward in ep 002|
|Att Loss R2L 0.1310 | Att Reward in ep 004|
|Att Loss U2R 0.1513 | Att Reward in ep 003|
|Def Estimated: [79 84 76 83 78]| Att Labels: [82 82 76 83 77]|
|Def Amount of true predicted attacks: [76 81 76 80 75]|
05/07/2025 14:34:25 - INFO - End of Episode.
|Episode 015/100| time: 35.56|
|Def Loss 0.0751 | Def Reward in ep 388|
|Att Loss Dos 0.0586 | Att Reward in ep 001|
|Att Loss Probe 0.0946 | Att Reward in ep 003|
|Att Loss R2L 0.1266 | Att Reward in ep 005|
|Att Loss U2R 0.1450 | Att Reward in ep 003|
|Def Estimated: [71 84 78 87 80]| Att Labels: [69 83 81 89 78]|
|Def Amount of true predicted attacks: [67 83 78 84 76]|
05/07/2025 14:35:03 - INFO - End of Episode.
|Episode 016/100| time: 36.29|
|Def Loss 0.0791 | Def Reward in ep 386|
|Att Loss Dos 0.0504 | Att Reward in ep 002|
|Att Loss Probe 0.1089 | Att Reward in ep 003|
|Att Loss R2L 0.1391 | Att Reward in ep 008|
|Att Loss U2R 0.1444 | Att Reward in ep 001|
|Def Estimated: [79 78 77 82 84]| Att Labels: [79 77 77 87 80]|
|Def Amount of true predicted attacks: [75 76 75 81 79]|
05/07/2025 14:35:41 - INFO - End of Episode.
|Episode 017/100| time: 36.94|
|Def Loss 0.0682 | Def Reward in ep 395|
|Att Loss Dos 0.0639 | Att Reward in ep 000|
|Att Loss Probe 0.0781 | Att Reward in ep 000|
|Att Loss R2L 0.1194 | Att Reward in ep 002|
|Att Loss U2R 0.1086 | Att Reward in ep 003|
|Def Estimated: [86 82 76 81 75]| Att Labels: [88 81 75 82 74]|
|Def Amount of true predicted attacks: [86 81 75 80 73]|
05/07/2025 14:36:19 - INFO - End of Episode.
|Episode 018/100| time: 36.84|
|Def Loss 0.0666 | Def Reward in ep 390|
|Att Loss Dos 0.0568 | Att Reward in ep 003|
|Att Loss Probe 0.0605 | Att Reward in ep 003|
|Att Loss R2L 0.0994 | Att Reward in ep 003|
|Att Loss U2R 0.1018 | Att Reward in ep 001|
|Def Estimated: [68 89 80 86 77]| Att Labels: [69 90 81 85 75]|
|Def Amount of true predicted attacks: [66 88 79 83 74]|
05/07/2025 14:36:58 - INFO - End of Episode.
|Episode 019/100| time: 37.48|
|Def Loss 0.0661 | Def Reward in ep 385|
|Att Loss Dos 0.0566 | Att Reward in ep 001|
|Att Loss Probe 0.0614 | Att Reward in ep 005|
|Att Loss R2L 0.0959 | Att Reward in ep 004|
|Att Loss U2R 0.0991 | Att Reward in ep 005|
|Def Estimated: [73 92 78 86 71]| Att Labels: [80 87 79 81 73]|
|Def Amount of true predicted attacks: [73 87 76 79 70]|
05/07/2025 14:37:37 - INFO - End of Episode.
|Episode 020/100| time: 37.76|
|Def Loss 0.0662 | Def Reward in ep 384|
|Att Loss Dos 0.0464 | Att Reward in ep 001|
|Att Loss Probe 0.0843 | Att Reward in ep 005|
|Att Loss R2L 0.0812 | Att Reward in ep 008|
|Att Loss U2R 0.0953 | Att Reward in ep 002|
|Def Estimated: [83 85 71 79 82]| Att Labels: [80 83 73 86 78]|
|Def Amount of true predicted attacks: [78 82 69 78 77]|
05/07/2025 14:38:17 - INFO - End of Episode.
|Episode 021/100| time: 38.07|
|Def Loss 0.0620 | Def Reward in ep 391|
|Att Loss Dos 0.0588 | Att Reward in ep 000|
|Att Loss Probe 0.0694 | Att Reward in ep 002|
|Att Loss R2L 0.0788 | Att Reward in ep 005|
|Att Loss U2R 0.1066 | Att Reward in ep 002|
|Def Estimated: [81 86 74 84 75]| Att Labels: [85 85 74 84 72]|
|Def Amount of true predicted attacks: [80 85 74 81 71]|
05/07/2025 14:38:56 - INFO - End of Episode.
|Episode 022/100| time: 38.30|
|Def Loss 0.0716 | Def Reward in ep 388|
|Att Loss Dos 0.0286 | Att Reward in ep 001|
|Att Loss Probe 0.0605 | Att Reward in ep 003|
|Att Loss R2L 0.0886 | Att Reward in ep 008|
|Att Loss U2R 0.1058 | Att Reward in ep 000|
|Def Estimated: [87 83 74 76 80]| Att Labels: [88 82 76 80 74]|
|Def Amount of true predicted attacks: [85 81 74 74 74]|
05/07/2025 14:39:36 - INFO - End of Episode.
|Episode 023/100| time: 37.86|
|Def Loss 0.0731 | Def Reward in ep 393|
|Att Loss Dos 0.0278 | Att Reward in ep 001|
|Att Loss Probe 0.0788 | Att Reward in ep 004|
|Att Loss R2L 0.0808 | Att Reward in ep 001|
|Att Loss U2R 0.1067 | Att Reward in ep 001|
|Def Estimated: [71 86 74 88 81]| Att Labels: [73 85 76 86 80]|
|Def Amount of true predicted attacks: [70 84 73 86 80]|
05/07/2025 14:40:15 - INFO - End of Episode.
|Episode 024/100| time: 38.08|
|Def Loss 0.0614 | Def Reward in ep 388|
|Att Loss Dos 0.0316 | Att Reward in ep 005|
|Att Loss Probe 0.0906 | Att Reward in ep 002|
|Att Loss R2L 0.0758 | Att Reward in ep 003|
|Att Loss U2R 0.1011 | Att Reward in ep 002|
|Def Estimated: [77 75 83 86 79]| Att Labels: [76 79 80 87 78]|
|Def Amount of true predicted attacks: [73 75 79 84 77]|
05/07/2025 14:40:55 - INFO - End of Episode.
|Episode 025/100| time: 38.16|
|Def Loss 0.0682 | Def Reward in ep 388|
|Att Loss Dos 0.0630 | Att Reward in ep 003|
|Att Loss Probe 0.1152 | Att Reward in ep 003|
|Att Loss R2L 0.0967 | Att Reward in ep 004|
|Att Loss U2R 0.0927 | Att Reward in ep 002|
|Def Estimated: [74 84 75 84 83]| Att Labels: [76 84 74 87 79]|
|Def Amount of true predicted attacks: [72 82 73 83 78]|
05/07/2025 14:41:36 - INFO - End of Episode.
|Episode 026/100| time: 38.93|
|Def Loss 0.0677 | Def Reward in ep 382|
|Att Loss Dos 0.0863 | Att Reward in ep 002|
|Att Loss Probe 0.0871 | Att Reward in ep 004|
|Att Loss R2L 0.0872 | Att Reward in ep 008|
|Att Loss U2R 0.0993 | Att Reward in ep 004|
|Def Estimated: [78 79 85 78 80]| Att Labels: [83 79 83 77 78]|
|Def Amount of true predicted attacks: [76 77 82 72 75]|
05/07/2025 14:42:16 - INFO - End of Episode.
|Episode 027/100| time: 38.36|
|Def Loss 0.0681 | Def Reward in ep 386|
|Att Loss Dos 0.0790 | Att Reward in ep 003|
|Att Loss Probe 0.1001 | Att Reward in ep 004|
|Att Loss R2L 0.0880 | Att Reward in ep 007|
|Att Loss U2R 0.0897 | Att Reward in ep 000|
|Def Estimated: [71 86 81 80 82]| Att Labels: [70 87 83 83 77]|
|Def Amount of true predicted attacks: [68 85 79 77 77]|
05/07/2025 14:42:56 - INFO - End of Episode.
|Episode 028/100| time: 38.29|
|Def Loss 0.0734 | Def Reward in ep 392|
|Att Loss Dos 0.0757 | Att Reward in ep 001|
|Att Loss Probe 0.1178 | Att Reward in ep 004|
|Att Loss R2L 0.0906 | Att Reward in ep 003|
|Att Loss U2R 0.0971 | Att Reward in ep 000|
|Def Estimated: [66 81 85 83 85]| Att Labels: [68 82 84 85 81]|
|Def Amount of true predicted attacks: [65 81 82 83 81]|
05/07/2025 14:43:37 - INFO - End of Episode.
|Episode 029/100| time: 39.00|
|Def Loss 0.0699 | Def Reward in ep 384|
|Att Loss Dos 0.0758 | Att Reward in ep 004|
|Att Loss Probe 0.1053 | Att Reward in ep 005|
|Att Loss R2L 0.1017 | Att Reward in ep 005|
|Att Loss U2R 0.0828 | Att Reward in ep 002|
|Def Estimated: [80 79 81 78 82]| Att Labels: [87 79 78 80 76]|
|Def Amount of true predicted attacks: [79 77 76 76 76]|
05/07/2025 14:44:17 - INFO - End of Episode.
|Episode 030/100| time: 38.88|
|Def Loss 0.0714 | Def Reward in ep 389|
|Att Loss Dos 0.0952 | Att Reward in ep 001|
|Att Loss Probe 0.1208 | Att Reward in ep 004|
|Att Loss R2L 0.0876 | Att Reward in ep 005|
|Att Loss U2R 0.0553 | Att Reward in ep 001|
|Def Estimated: [73 84 80 80 83]| Att Labels: [74 81 80 84 81]|
|Def Amount of true predicted attacks: [70 80 79 80 80]|
05/07/2025 14:44:58 - INFO - End of Episode.
|Episode 031/100| time: 39.07|
|Def Loss 0.0709 | Def Reward in ep 389|
|Att Loss Dos 0.0968 | Att Reward in ep 003|
|Att Loss Probe 0.1197 | Att Reward in ep 003|
|Att Loss R2L 0.0907 | Att Reward in ep 003|
|Att Loss U2R 0.0706 | Att Reward in ep 002|
|Def Estimated: [81 83 73 80 83]| Att Labels: [82 84 76 79 79]|
|Def Amount of true predicted attacks: [78 82 73 77 79]|
05/07/2025 14:45:39 - INFO - End of Episode.
|Episode 032/100| time: 39.20|
|Def Loss 0.0622 | Def Reward in ep 388|
|Att Loss Dos 0.0938 | Att Reward in ep 004|
|Att Loss Probe 0.1182 | Att Reward in ep 001|
|Att Loss R2L 0.0797 | Att Reward in ep 002|
|Att Loss U2R 0.0647 | Att Reward in ep 005|
|Def Estimated: [80 79 77 94 70]| Att Labels: [85 78 76 92 69]|
|Def Amount of true predicted attacks: [78 77 76 90 67]|
05/07/2025 14:46:21 - INFO - End of Episode.
|Episode 033/100| time: 39.64|
|Def Loss 0.0642 | Def Reward in ep 392|
|Att Loss Dos 0.0902 | Att Reward in ep 000|
|Att Loss Probe 0.0966 | Att Reward in ep 003|
|Att Loss R2L 0.0763 | Att Reward in ep 003|
|Att Loss U2R 0.0688 | Att Reward in ep 002|
|Def Estimated: [90 83 75 84 68]| Att Labels: [93 82 75 83 67]|
|Def Amount of true predicted attacks: [89 82 74 81 66]|
05/07/2025 14:47:02 - INFO - End of Episode.
|Episode 034/100| time: 39.32|
|Def Loss 0.0693 | Def Reward in ep 389|
|Att Loss Dos 0.0954 | Att Reward in ep 001|
|Att Loss Probe 0.0881 | Att Reward in ep 002|
|Att Loss R2L 0.0870 | Att Reward in ep 005|
|Att Loss U2R 0.1087 | Att Reward in ep 003|
|Def Estimated: [80 85 76 77 82]| Att Labels: [82 82 77 82 77]|
|Def Amount of true predicted attacks: [78 82 76 77 76]|
05/07/2025 14:47:44 - INFO - End of Episode.
|Episode 035/100| time: 39.89|
|Def Loss 0.0588 | Def Reward in ep 391|
|Att Loss Dos 0.0668 | Att Reward in ep 001|
|Att Loss Probe 0.0957 | Att Reward in ep 004|
|Att Loss R2L 0.0949 | Att Reward in ep 002|
|Att Loss U2R 0.1093 | Att Reward in ep 002|
|Def Estimated: [92 75 84 82 67]| Att Labels: [93 75 85 81 66]|
|Def Amount of true predicted attacks: [89 75 82 80 65]|
05/07/2025 14:48:26 - INFO - End of Episode.
|Episode 036/100| time: 39.56|
|Def Loss 0.0504 | Def Reward in ep 394|
|Att Loss Dos 0.0643 | Att Reward in ep 001|
|Att Loss Probe 0.0855 | Att Reward in ep 002|
|Att Loss R2L 0.0690 | Att Reward in ep 001|
|Att Loss U2R 0.1205 | Att Reward in ep 002|
|Def Estimated: [77 81 73 85 84]| Att Labels: [81 82 70 84 83]|
|Def Amount of true predicted attacks: [77 81 70 84 82]|
05/07/2025 14:49:08 - INFO - End of Episode.
|Episode 037/100| time: 39.86|
|Def Loss 0.0456 | Def Reward in ep 388|
|Att Loss Dos 0.0453 | Att Reward in ep 003|
|Att Loss Probe 0.0842 | Att Reward in ep 001|
|Att Loss R2L 0.0672 | Att Reward in ep 005|
|Att Loss U2R 0.0950 | Att Reward in ep 003|
|Def Estimated: [85 79 83 84 69]| Att Labels: [91 77 83 86 63]|
|Def Amount of true predicted attacks: [85 76 82 82 63]|
05/07/2025 14:49:49 - INFO - End of Episode.
|Episode 038/100| time: 39.52|
|Def Loss 0.0497 | Def Reward in ep 388|
|Att Loss Dos 0.0571 | Att Reward in ep 002|
|Att Loss Probe 0.0837 | Att Reward in ep 003|
|Att Loss R2L 0.0694 | Att Reward in ep 003|
|Att Loss U2R 0.1084 | Att Reward in ep 004|
|Def Estimated: [75 81 84 89 71]| Att Labels: [77 80 87 86 70]|
|Def Amount of true predicted attacks: [73 79 84 84 68]|
05/07/2025 14:50:32 - INFO - End of Episode.
|Episode 039/100| time: 40.04|
|Def Loss 0.0516 | Def Reward in ep 388|
|Att Loss Dos 0.0640 | Att Reward in ep 000|
|Att Loss Probe 0.0784 | Att Reward in ep 003|
|Att Loss R2L 0.0658 | Att Reward in ep 005|
|Att Loss U2R 0.1572 | Att Reward in ep 004|
|Def Estimated: [84 85 80 77 74]| Att Labels: [86 85 80 78 71]|
|Def Amount of true predicted attacks: [82 85 78 73 70]|
05/07/2025 14:51:14 - INFO - End of Episode.
|Episode 040/100| time: 40.29|
|Def Loss 0.0506 | Def Reward in ep 398|
|Att Loss Dos 0.0523 | Att Reward in ep 000|
|Att Loss Probe 0.0907 | Att Reward in ep 000|
|Att Loss R2L 0.0538 | Att Reward in ep 000|
|Att Loss U2R 0.1386 | Att Reward in ep 002|
|Def Estimated: [93 83 82 76 66]| Att Labels: [93 83 82 74 68]|
|Def Amount of true predicted attacks: [93 83 82 74 66]|
05/07/2025 14:51:56 - INFO - End of Episode.
|Episode 041/100| time: 39.70|
|Def Loss 0.0459 | Def Reward in ep 391|
|Att Loss Dos 0.0485 | Att Reward in ep 001|
|Att Loss Probe 0.0577 | Att Reward in ep 001|
|Att Loss R2L 0.0611 | Att Reward in ep 004|
|Att Loss U2R 0.1523 | Att Reward in ep 003|
|Def Estimated: [78 82 83 80 77]| Att Labels: [80 81 81 81 77]|
|Def Amount of true predicted attacks: [77 81 80 78 75]|
05/07/2025 14:52:38 - INFO - End of Episode.
|Episode 042/100| time: 39.56|
|Def Loss 0.0497 | Def Reward in ep 390|
|Att Loss Dos 0.0261 | Att Reward in ep 000|
|Att Loss Probe 0.0555 | Att Reward in ep 003|
|Att Loss R2L 0.0651 | Att Reward in ep 005|
|Att Loss U2R 0.1430 | Att Reward in ep 002|
|Def Estimated: [74 86 81 78 81]| Att Labels: [73 85 84 81 77]|
|Def Amount of true predicted attacks: [71 85 81 76 77]|
05/07/2025 14:53:20 - INFO - End of Episode.
|Episode 043/100| time: 39.93|
|Def Loss 0.0469 | Def Reward in ep 385|
|Att Loss Dos 0.0280 | Att Reward in ep 006|
|Att Loss Probe 0.0525 | Att Reward in ep 002|
|Att Loss R2L 0.0697 | Att Reward in ep 004|
|Att Loss U2R 0.1596 | Att Reward in ep 003|
|Def Estimated: [79 80 81 81 79]| Att Labels: [82 79 81 82 76]|
|Def Amount of true predicted attacks: [77 77 79 78 74]|
05/07/2025 14:54:03 - INFO - End of Episode.
|Episode 044/100| time: 40.38|
|Def Loss 0.0489 | Def Reward in ep 391|
|Att Loss Dos 0.0471 | Att Reward in ep 003|
|Att Loss Probe 0.0664 | Att Reward in ep 003|
|Att Loss R2L 0.0490 | Att Reward in ep 000|
|Att Loss U2R 0.1548 | Att Reward in ep 003|
|Def Estimated: [87 73 81 87 72]| Att Labels: [89 72 82 84 73]|
|Def Amount of true predicted attacks: [85 71 81 84 70]|
05/07/2025 14:54:45 - INFO - End of Episode.
|Episode 045/100| time: 40.17|
|Def Loss 0.0455 | Def Reward in ep 392|
|Att Loss Dos 0.0578 | Att Reward in ep 001|
|Att Loss Probe 0.0594 | Att Reward in ep 003|
|Att Loss R2L 0.0408 | Att Reward in ep 003|
|Att Loss U2R 0.1387 | Att Reward in ep 001|
|Def Estimated: [83 77 78 81 81]| Att Labels: [84 75 80 82 79]|
|Def Amount of true predicted attacks: [83 74 78 79 78]|
05/07/2025 14:55:28 - INFO - End of Episode.
|Episode 046/100| time: 39.99|
|Def Loss 0.0524 | Def Reward in ep 398|
|Att Loss Dos 0.0416 | Att Reward in ep 001|
|Att Loss Probe 0.0494 | Att Reward in ep 001|
|Att Loss R2L 0.0554 | Att Reward in ep 000|
|Att Loss U2R 0.1354 | Att Reward in ep 000|
|Def Estimated: [76 85 85 77 77]| Att Labels: [74 86 86 77 77]|
|Def Amount of true predicted attacks: [74 85 85 77 77]|
05/07/2025 14:56:11 - INFO - End of Episode.
|Episode 047/100| time: 40.42|
|Def Loss 0.0557 | Def Reward in ep 386|
|Att Loss Dos 0.0521 | Att Reward in ep 001|
|Att Loss Probe 0.0518 | Att Reward in ep 004|
|Att Loss R2L 0.0502 | Att Reward in ep 002|
|Att Loss U2R 0.1392 | Att Reward in ep 007|
|Def Estimated: [85 80 83 82 70]| Att Labels: [87 76 85 79 73]|
|Def Amount of true predicted attacks: [82 76 83 77 68]|
05/07/2025 14:56:54 - INFO - End of Episode.
|Episode 048/100| time: 40.44|
|Def Loss 0.0468 | Def Reward in ep 392|
|Att Loss Dos 0.0437 | Att Reward in ep 001|
|Att Loss Probe 0.0486 | Att Reward in ep 001|
|Att Loss R2L 0.0613 | Att Reward in ep 005|
|Att Loss U2R 0.1772 | Att Reward in ep 001|
|Def Estimated: [88 78 82 78 74]| Att Labels: [87 78 82 82 71]|
|Def Amount of true predicted attacks: [86 77 81 77 71]|
05/07/2025 14:57:36 - INFO - End of Episode.
|Episode 049/100| time: 40.37|
|Def Loss 0.0475 | Def Reward in ep 390|
|Att Loss Dos 0.0353 | Att Reward in ep 000|
|Att Loss Probe 0.0520 | Att Reward in ep 002|
|Att Loss R2L 0.0686 | Att Reward in ep 006|
|Att Loss U2R 0.1593 | Att Reward in ep 002|
|Def Estimated: [78 82 90 77 73]| Att Labels: [79 81 90 81 69]|
|Def Amount of true predicted attacks: [77 81 89 75 68]|
05/07/2025 14:58:20 - INFO - End of Episode.
|Episode 050/100| time: 40.93|
|Def Loss 0.0586 | Def Reward in ep 390|
|Att Loss Dos 0.0380 | Att Reward in ep 002|
|Att Loss Probe 0.0701 | Att Reward in ep 001|
|Att Loss R2L 0.0616 | Att Reward in ep 005|
|Att Loss U2R 0.1598 | Att Reward in ep 002|
|Def Estimated: [94 77 82 71 76]| Att Labels: [95 77 81 73 74]|
|Def Amount of true predicted attacks: [91 76 80 70 73]|
05/07/2025 14:59:03 - INFO - End of Episode.
|Episode 051/100| time: 39.98|
|Def Loss 0.0537 | Def Reward in ep 387|
|Att Loss Dos 0.0510 | Att Reward in ep 003|
|Att Loss Probe 0.0523 | Att Reward in ep 004|
|Att Loss R2L 0.0584 | Att Reward in ep 004|
|Att Loss U2R 0.1449 | Att Reward in ep 002|
|Def Estimated: [71 85 79 83 82]| Att Labels: [69 86 81 82 82]|
|Def Amount of true predicted attacks: [65 84 77 80 81]|
05/07/2025 14:59:46 - INFO - End of Episode.
|Episode 052/100| time: 40.42|
|Def Loss 0.0568 | Def Reward in ep 393|
|Att Loss Dos 0.0507 | Att Reward in ep 000|
|Att Loss Probe 0.0796 | Att Reward in ep 000|
|Att Loss R2L 0.0592 | Att Reward in ep 006|
|Att Loss U2R 0.1312 | Att Reward in ep 001|
|Def Estimated: [80 86 79 76 79]| Att Labels: [81 84 76 81 78]|
|Def Amount of true predicted attacks: [80 84 76 76 77]|
05/07/2025 15:00:29 - INFO - End of Episode.
|Episode 053/100| time: 40.28|
|Def Loss 0.0496 | Def Reward in ep 392|
|Att Loss Dos 0.0504 | Att Reward in ep 000|
|Att Loss Probe 0.0805 | Att Reward in ep 002|
|Att Loss R2L 0.0799 | Att Reward in ep 006|
|Att Loss U2R 0.1618 | Att Reward in ep 000|
|Def Estimated: [72 90 74 74 90]| Att Labels: [71 89 76 79 85]|
|Def Amount of true predicted attacks: [71 89 74 73 85]|
05/07/2025 15:01:12 - INFO - End of Episode.
|Episode 054/100| time: 40.33|
|Def Loss 0.0450 | Def Reward in ep 392|
|Att Loss Dos 0.0397 | Att Reward in ep 002|
|Att Loss Probe 0.0685 | Att Reward in ep 003|
|Att Loss R2L 0.0838 | Att Reward in ep 002|
|Att Loss U2R 0.1082 | Att Reward in ep 001|
|Def Estimated: [73 86 81 76 84]| Att Labels: [74 85 82 77 82]|
|Def Amount of true predicted attacks: [72 84 80 75 81]|
05/07/2025 15:01:55 - INFO - End of Episode.
|Episode 055/100| time: 40.29|
|Def Loss 0.0456 | Def Reward in ep 394|
|Att Loss Dos 0.0421 | Att Reward in ep 001|
|Att Loss Probe 0.0706 | Att Reward in ep 001|
|Att Loss R2L 0.0861 | Att Reward in ep 003|
|Att Loss U2R 0.1108 | Att Reward in ep 001|
|Def Estimated: [68 90 86 79 77]| Att Labels: [69 90 85 80 76]|
|Def Amount of true predicted attacks: [67 90 85 77 75]|
05/07/2025 15:02:38 - INFO - End of Episode.
|Episode 056/100| time: 40.78|
|Def Loss 0.0479 | Def Reward in ep 393|
|Att Loss Dos 0.0336 | Att Reward in ep 001|
|Att Loss Probe 0.0822 | Att Reward in ep 002|
|Att Loss R2L 0.0950 | Att Reward in ep 004|
|Att Loss U2R 0.1107 | Att Reward in ep 000|
|Def Estimated: [83 80 78 82 77]| Att Labels: [84 79 77 84 76]|
|Def Amount of true predicted attacks: [82 78 76 81 76]|
05/07/2025 15:03:22 - INFO - End of Episode.
|Episode 057/100| time: 41.18|
|Def Loss 0.0505 | Def Reward in ep 395|
|Att Loss Dos 0.0387 | Att Reward in ep 001|
|Att Loss Probe 0.0957 | Att Reward in ep 002|
|Att Loss R2L 0.1024 | Att Reward in ep 001|
|Att Loss U2R 0.0934 | Att Reward in ep 001|
|Def Estimated: [90 78 79 80 73]| Att Labels: [93 78 79 80 70]|
|Def Amount of true predicted attacks: [90 78 78 79 70]|
05/07/2025 15:04:06 - INFO - End of Episode.
|Episode 058/100| time: 41.24|
|Def Loss 0.0452 | Def Reward in ep 389|
|Att Loss Dos 0.0448 | Att Reward in ep 002|
|Att Loss Probe 0.0848 | Att Reward in ep 004|
|Att Loss R2L 0.0755 | Att Reward in ep 003|
|Att Loss U2R 0.0772 | Att Reward in ep 002|
|Def Estimated: [92 82 73 79 74]| Att Labels: [93 81 77 80 69]|
|Def Amount of true predicted attacks: [90 80 73 77 69]|
05/07/2025 15:04:50 - INFO - End of Episode.
|Episode 059/100| time: 40.74|
|Def Loss 0.0486 | Def Reward in ep 394|
|Att Loss Dos 0.0459 | Att Reward in ep 001|
|Att Loss Probe 0.0642 | Att Reward in ep 002|
|Att Loss R2L 0.0681 | Att Reward in ep 002|
|Att Loss U2R 0.0838 | Att Reward in ep 001|
|Def Estimated: [78 89 80 74 79]| Att Labels: [77 90 81 74 78]|
|Def Amount of true predicted attacks: [75 89 80 72 78]|
05/07/2025 15:05:34 - INFO - End of Episode.
|Episode 060/100| time: 41.06|
|Def Loss 0.0485 | Def Reward in ep 391|
|Att Loss Dos 0.0516 | Att Reward in ep 001|
|Att Loss Probe 0.0642 | Att Reward in ep 002|
|Att Loss R2L 0.0730 | Att Reward in ep 004|
|Att Loss U2R 0.0693 | Att Reward in ep 002|
|Def Estimated: [83 81 80 84 72]| Att Labels: [85 80 81 82 72]|
|Def Amount of true predicted attacks: [82 79 80 80 70]|
05/07/2025 15:06:18 - INFO - End of Episode.
|Episode 061/100| time: 41.18|
|Def Loss 0.0441 | Def Reward in ep 387|
|Att Loss Dos 0.0668 | Att Reward in ep 003|
|Att Loss Probe 0.0509 | Att Reward in ep 002|
|Att Loss R2L 0.0776 | Att Reward in ep 005|
|Att Loss U2R 0.0752 | Att Reward in ep 003|
|Def Estimated: [83 78 82 83 74]| Att Labels: [87 79 79 84 71]|
|Def Amount of true predicted attacks: [83 77 78 80 69]|
05/07/2025 15:07:02 - INFO - End of Episode.
|Episode 062/100| time: 41.45|
|Def Loss 0.0497 | Def Reward in ep 391|
|Att Loss Dos 0.0668 | Att Reward in ep 004|
|Att Loss Probe 0.0482 | Att Reward in ep 000|
|Att Loss R2L 0.0865 | Att Reward in ep 003|
|Att Loss U2R 0.0959 | Att Reward in ep 002|
|Def Estimated: [90 78 72 80 80]| Att Labels: [93 78 70 81 78]|
|Def Amount of true predicted attacks: [88 76 70 79 78]|
05/07/2025 15:07:46 - INFO - End of Episode.
|Episode 063/100| time: 41.23|
|Def Loss 0.0483 | Def Reward in ep 391|
|Att Loss Dos 0.0549 | Att Reward in ep 001|
|Att Loss Probe 0.0544 | Att Reward in ep 002|
|Att Loss R2L 0.0698 | Att Reward in ep 004|
|Att Loss U2R 0.0936 | Att Reward in ep 002|
|Def Estimated: [83 83 75 85 74]| Att Labels: [87 81 76 86 70]|
|Def Amount of true predicted attacks: [83 80 75 83 70]|
05/07/2025 15:08:31 - INFO - End of Episode.
|Episode 064/100| time: 41.14|
|Def Loss 0.0434 | Def Reward in ep 392|
|Att Loss Dos 0.0659 | Att Reward in ep 001|
|Att Loss Probe 0.0635 | Att Reward in ep 002|
|Att Loss R2L 0.0609 | Att Reward in ep 004|
|Att Loss U2R 0.0768 | Att Reward in ep 001|
|Def Estimated: [82 85 76 76 81]| Att Labels: [83 83 77 80 77]|
|Def Amount of true predicted attacks: [80 83 76 76 77]|
05/07/2025 15:09:15 - INFO - End of Episode.
|Episode 065/100| time: 41.56|
|Def Loss 0.0433 | Def Reward in ep 391|
|Att Loss Dos 0.0611 | Att Reward in ep 002|
|Att Loss Probe 0.0421 | Att Reward in ep 000|
|Att Loss R2L 0.0679 | Att Reward in ep 005|
|Att Loss U2R 0.0813 | Att Reward in ep 002|
|Def Estimated: [94 72 79 82 73]| Att Labels: [94 73 79 83 71]|
|Def Amount of true predicted attacks: [91 72 79 79 70]|
05/07/2025 15:09:59 - INFO - End of Episode.
|Episode 066/100| time: 41.19|
|Def Loss 0.0412 | Def Reward in ep 394|
|Att Loss Dos 0.0782 | Att Reward in ep 002|
|Att Loss Probe 0.0468 | Att Reward in ep 003|
|Att Loss R2L 0.0612 | Att Reward in ep 001|
|Att Loss U2R 0.0844 | Att Reward in ep 000|
|Def Estimated: [85 82 77 84 72]| Att Labels: [85 82 78 84 71]|
|Def Amount of true predicted attacks: [83 81 76 83 71]|
05/07/2025 15:10:44 - INFO - End of Episode.
|Episode 067/100| time: 41.43|
|Def Loss 0.0456 | Def Reward in ep 393|
|Att Loss Dos 0.0705 | Att Reward in ep 002|
|Att Loss Probe 0.0435 | Att Reward in ep 002|
|Att Loss R2L 0.0657 | Att Reward in ep 002|
|Att Loss U2R 0.0923 | Att Reward in ep 001|
|Def Estimated: [87 74 82 82 75]| Att Labels: [89 74 83 84 70]|
|Def Amount of true predicted attacks: [86 74 82 82 69]|
05/07/2025 15:11:29 - INFO - End of Episode.
|Episode 068/100| time: 41.56|
|Def Loss 0.0400 | Def Reward in ep 392|
|Att Loss Dos 0.0490 | Att Reward in ep 001|
|Att Loss Probe 0.0312 | Att Reward in ep 000|
|Att Loss R2L 0.0876 | Att Reward in ep 005|
|Att Loss U2R 0.1191 | Att Reward in ep 002|
|Def Estimated: [86 82 78 79 75]| Att Labels: [90 80 77 79 74]|
|Def Amount of true predicted attacks: [86 80 77 76 73]|
05/07/2025 15:12:13 - INFO - End of Episode.
|Episode 069/100| time: 41.37|
|Def Loss 0.0365 | Def Reward in ep 396|
|Att Loss Dos 0.0563 | Att Reward in ep 000|
|Att Loss Probe 0.0245 | Att Reward in ep 001|
|Att Loss R2L 0.0721 | Att Reward in ep 002|
|Att Loss U2R 0.1241 | Att Reward in ep 001|
|Def Estimated: [82 78 73 83 84]| Att Labels: [83 75 74 84 84]|
|Def Amount of true predicted attacks: [82 75 73 83 83]|
05/07/2025 15:12:58 - INFO - End of Episode.
|Episode 070/100| time: 41.62|
|Def Loss 0.0440 | Def Reward in ep 390|
|Att Loss Dos 0.0591 | Att Reward in ep 002|
|Att Loss Probe 0.0375 | Att Reward in ep 001|
|Att Loss R2L 0.0810 | Att Reward in ep 005|
|Att Loss U2R 0.1129 | Att Reward in ep 002|
|Def Estimated: [88 78 73 83 78]| Att Labels: [91 78 70 87 74]|
|Def Amount of true predicted attacks: [87 78 70 82 73]|
05/07/2025 15:13:43 - INFO - End of Episode.
|Episode 071/100| time: 41.54|
|Def Loss 0.0451 | Def Reward in ep 390|
|Att Loss Dos 0.0463 | Att Reward in ep 002|
|Att Loss Probe 0.0280 | Att Reward in ep 003|
|Att Loss R2L 0.0856 | Att Reward in ep 003|
|Att Loss U2R 0.1026 | Att Reward in ep 002|
|Def Estimated: [86 82 69 85 78]| Att Labels: [85 81 71 86 77]|
|Def Amount of true predicted attacks: [84 80 68 83 75]|
05/07/2025 15:14:28 - INFO - End of Episode.
|Episode 072/100| time: 41.50|
|Def Loss 0.0443 | Def Reward in ep 384|
|Att Loss Dos 0.0524 | Att Reward in ep 005|
|Att Loss Probe 0.0274 | Att Reward in ep 003|
|Att Loss R2L 0.0833 | Att Reward in ep 005|
|Att Loss U2R 0.1193 | Att Reward in ep 003|
|Def Estimated: [85 76 77 83 79]| Att Labels: [85 76 78 83 78]|
|Def Amount of true predicted attacks: [81 75 75 78 75]|
05/07/2025 15:15:12 - INFO - End of Episode.
|Episode 073/100| time: 41.44|
|Def Loss 0.0400 | Def Reward in ep 392|
|Att Loss Dos 0.0453 | Att Reward in ep 001|
|Att Loss Probe 0.0345 | Att Reward in ep 004|
|Att Loss R2L 0.0736 | Att Reward in ep 001|
|Att Loss U2R 0.1571 | Att Reward in ep 002|
|Def Estimated: [83 81 76 86 74]| Att Labels: [82 79 80 86 73]|
|Def Amount of true predicted attacks: [81 79 76 85 71]|
05/07/2025 15:15:58 - INFO - End of Episode.
|Episode 074/100| time: 41.77|
|Def Loss 0.0387 | Def Reward in ep 393|
|Att Loss Dos 0.0356 | Att Reward in ep 002|
|Att Loss Probe 0.0365 | Att Reward in ep 001|
|Att Loss R2L 0.0777 | Att Reward in ep 002|
|Att Loss U2R 0.1317 | Att Reward in ep 002|
|Def Estimated: [88 78 80 83 71]| Att Labels: [89 79 78 83 71]|
|Def Amount of true predicted attacks: [86 78 78 81 70]|
05/07/2025 15:16:43 - INFO - End of Episode.
|Episode 075/100| time: 41.92|
|Def Loss 0.0410 | Def Reward in ep 391|
|Att Loss Dos 0.0304 | Att Reward in ep 000|
|Att Loss Probe 0.0586 | Att Reward in ep 005|
|Att Loss R2L 0.0533 | Att Reward in ep 004|
|Att Loss U2R 0.1535 | Att Reward in ep 000|
|Def Estimated: [93 80 74 83 70]| Att Labels: [92 78 78 85 67]|
|Def Amount of true predicted attacks: [90 78 74 82 67]|
05/07/2025 15:17:28 - INFO - End of Episode.
|Episode 076/100| time: 41.31|
|Def Loss 0.0317 | Def Reward in ep 393|
|Att Loss Dos 0.0181 | Att Reward in ep 001|
|Att Loss Probe 0.0662 | Att Reward in ep 004|
|Att Loss R2L 0.0625 | Att Reward in ep 001|
|Att Loss U2R 0.1387 | Att Reward in ep 001|
|Def Estimated: [77 77 79 92 75]| Att Labels: [76 78 81 91 74]|
|Def Amount of true predicted attacks: [74 77 78 90 74]|
05/07/2025 15:18:13 - INFO - End of Episode.
|Episode 077/100| time: 41.82|
|Def Loss 0.0393 | Def Reward in ep 389|
|Att Loss Dos 0.0204 | Att Reward in ep 001|
|Att Loss Probe 0.0645 | Att Reward in ep 000|
|Att Loss R2L 0.0473 | Att Reward in ep 010|
|Att Loss U2R 0.1260 | Att Reward in ep 000|
|Def Estimated: [92 79 74 78 77]| Att Labels: [90 78 74 88 70]|
|Def Amount of true predicted attacks: [89 78 74 78 70]|
05/07/2025 15:18:58 - INFO - End of Episode.
|Episode 078/100| time: 41.44|
|Def Loss 0.0439 | Def Reward in ep 390|
|Att Loss Dos 0.0176 | Att Reward in ep 000|
|Att Loss Probe 0.0641 | Att Reward in ep 004|
|Att Loss R2L 0.0465 | Att Reward in ep 002|
|Att Loss U2R 0.1354 | Att Reward in ep 004|
|Def Estimated: [73 87 78 90 72]| Att Labels: [76 83 80 90 71]|
|Def Amount of true predicted attacks: [71 83 78 88 70]|
05/07/2025 15:19:43 - INFO - End of Episode.
|Episode 079/100| time: 41.36|
|Def Loss 0.0455 | Def Reward in ep 395|
|Att Loss Dos 0.0231 | Att Reward in ep 001|
|Att Loss Probe 0.0631 | Att Reward in ep 002|
|Att Loss R2L 0.0526 | Att Reward in ep 002|
|Att Loss U2R 0.1193 | Att Reward in ep 000|
|Def Estimated: [74 77 84 87 78]| Att Labels: [73 78 86 89 74]|
|Def Amount of true predicted attacks: [73 77 84 87 74]|
05/07/2025 15:20:28 - INFO - End of Episode.
|Episode 080/100| time: 41.77|
|Def Loss 0.0419 | Def Reward in ep 393|
|Att Loss Dos 0.0335 | Att Reward in ep 001|
|Att Loss Probe 0.0646 | Att Reward in ep 002|
|Att Loss R2L 0.0344 | Att Reward in ep 003|
|Att Loss U2R 0.1172 | Att Reward in ep 001|
|Def Estimated: [81 79 79 85 76]| Att Labels: [79 79 81 88 73]|
|Def Amount of true predicted attacks: [78 79 79 85 72]|
05/07/2025 15:21:13 - INFO - End of Episode.
|Episode 081/100| time: 41.54|
|Def Loss 0.0386 | Def Reward in ep 384|
|Att Loss Dos 0.0306 | Att Reward in ep 003|
|Att Loss Probe 0.0888 | Att Reward in ep 004|
|Att Loss R2L 0.0528 | Att Reward in ep 006|
|Att Loss U2R 0.1264 | Att Reward in ep 003|
|Def Estimated: [78 85 75 79 83]| Att Labels: [79 83 76 84 78]|
|Def Amount of true predicted attacks: [74 82 74 78 76]|
05/07/2025 15:21:59 - INFO - End of Episode.
|Episode 082/100| time: 42.15|
|Def Loss 0.0427 | Def Reward in ep 390|
|Att Loss Dos 0.0258 | Att Reward in ep 001|
|Att Loss Probe 0.0955 | Att Reward in ep 003|
|Att Loss R2L 0.0530 | Att Reward in ep 005|
|Att Loss U2R 0.1054 | Att Reward in ep 001|
|Def Estimated: [91 73 78 82 76]| Att Labels: [91 73 79 87 70]|
|Def Amount of true predicted attacks: [89 72 77 82 70]|
05/07/2025 15:22:44 - INFO - End of Episode.
|Episode 083/100| time: 41.82|
|Def Loss 0.0416 | Def Reward in ep 393|
|Att Loss Dos 0.0297 | Att Reward in ep 002|
|Att Loss Probe 0.0968 | Att Reward in ep 001|
|Att Loss R2L 0.0513 | Att Reward in ep 004|
|Att Loss U2R 0.0540 | Att Reward in ep 000|
|Def Estimated: [82 78 83 84 73]| Att Labels: [82 78 83 87 70]|
|Def Amount of true predicted attacks: [80 77 83 83 70]|
05/07/2025 15:23:30 - INFO - End of Episode.
|Episode 084/100| time: 41.91|
|Def Loss 0.0440 | Def Reward in ep 393|
|Att Loss Dos 0.0384 | Att Reward in ep 000|
|Att Loss Probe 0.0800 | Att Reward in ep 001|
|Att Loss R2L 0.0465 | Att Reward in ep 005|
|Att Loss U2R 0.0834 | Att Reward in ep 001|
|Def Estimated: [85 74 81 84 76]| Att Labels: [85 74 78 88 75]|
|Def Amount of true predicted attacks: [83 74 78 84 74]|
05/07/2025 15:24:15 - INFO - End of Episode.
|Episode 085/100| time: 41.58|
|Def Loss 0.0466 | Def Reward in ep 392|
|Att Loss Dos 0.0448 | Att Reward in ep 004|
|Att Loss Probe 0.0812 | Att Reward in ep 001|
|Att Loss R2L 0.0582 | Att Reward in ep 002|
|Att Loss U2R 0.0822 | Att Reward in ep 001|
|Def Estimated: [75 78 83 88 76]| Att Labels: [78 78 84 88 72]|
|Def Amount of true predicted attacks: [75 76 83 86 72]|
05/07/2025 15:25:01 - INFO - End of Episode.
|Episode 086/100| time: 42.03|
|Def Loss 0.0410 | Def Reward in ep 393|
|Att Loss Dos 0.0490 | Att Reward in ep 000|
|Att Loss Probe 0.0741 | Att Reward in ep 002|
|Att Loss R2L 0.0586 | Att Reward in ep 002|
|Att Loss U2R 0.0830 | Att Reward in ep 003|
|Def Estimated: [80 79 83 88 70]| Att Labels: [83 77 84 88 68]|
|Def Amount of true predicted attacks: [79 77 83 87 67]|
05/07/2025 15:25:46 - INFO - End of Episode.
|Episode 087/100| time: 41.56|
|Def Loss 0.0479 | Def Reward in ep 389|
|Att Loss Dos 0.0662 | Att Reward in ep 002|
|Att Loss Probe 0.0813 | Att Reward in ep 001|
|Att Loss R2L 0.0675 | Att Reward in ep 005|
|Att Loss U2R 0.1066 | Att Reward in ep 003|
|Def Estimated: [74 77 85 81 83]| Att Labels: [73 79 86 82 80]|
|Def Amount of true predicted attacks: [71 77 85 78 78]|
05/07/2025 15:26:33 - INFO - End of Episode.
|Episode 088/100| time: 42.57|
|Def Loss 0.0342 | Def Reward in ep 390|
|Att Loss Dos 0.0623 | Att Reward in ep 002|
|Att Loss Probe 0.0898 | Att Reward in ep 002|
|Att Loss R2L 0.0859 | Att Reward in ep 002|
|Att Loss U2R 0.0834 | Att Reward in ep 004|
|Def Estimated: [84 78 82 89 67]| Att Labels: [86 77 82 88 67]|
|Def Amount of true predicted attacks: [82 76 81 86 65]|
05/07/2025 15:27:19 - INFO - End of Episode.
|Episode 089/100| time: 42.36|
|Def Loss 0.0386 | Def Reward in ep 394|
|Att Loss Dos 0.0603 | Att Reward in ep 001|
|Att Loss Probe 0.0877 | Att Reward in ep 000|
|Att Loss R2L 0.0715 | Att Reward in ep 004|
|Att Loss U2R 0.1072 | Att Reward in ep 001|
|Def Estimated: [97 71 83 75 74]| Att Labels: [97 70 83 79 71]|
|Def Amount of true predicted attacks: [96 70 83 75 70]|
05/07/2025 15:28:05 - INFO - End of Episode.
|Episode 090/100| time: 42.19|
|Def Loss 0.0386 | Def Reward in ep 393|
|Att Loss Dos 0.0757 | Att Reward in ep 002|
|Att Loss Probe 0.0672 | Att Reward in ep 000|
|Att Loss R2L 0.0633 | Att Reward in ep 004|
|Att Loss U2R 0.1072 | Att Reward in ep 001|
|Def Estimated: [88 75 81 82 74]| Att Labels: [89 75 81 84 71]|
|Def Amount of true predicted attacks: [87 75 81 80 70]|
05/07/2025 15:28:51 - INFO - End of Episode.
|Episode 091/100| time: 42.51|
|Def Loss 0.0379 | Def Reward in ep 393|
|Att Loss Dos 0.0638 | Att Reward in ep 001|
|Att Loss Probe 0.0605 | Att Reward in ep 001|
|Att Loss R2L 0.0653 | Att Reward in ep 004|
|Att Loss U2R 0.1064 | Att Reward in ep 001|
|Def Estimated: [95 84 73 79 69]| Att Labels: [97 84 71 82 66]|
|Def Amount of true predicted attacks: [95 83 71 78 66]|
05/07/2025 15:29:37 - INFO - End of Episode.
|Episode 092/100| time: 42.01|
|Def Loss 0.0320 | Def Reward in ep 394|
|Att Loss Dos 0.0755 | Att Reward in ep 001|
|Att Loss Probe 0.0544 | Att Reward in ep 001|
|Att Loss R2L 0.0660 | Att Reward in ep 003|
|Att Loss U2R 0.0948 | Att Reward in ep 001|
|Def Estimated: [85 75 85 80 75]| Att Labels: [82 76 86 83 73]|
|Def Amount of true predicted attacks: [81 75 85 80 73]|
05/07/2025 15:30:23 - INFO - End of Episode.
|Episode 093/100| time: 41.34|
|Def Loss 0.0261 | Def Reward in ep 394|
|Att Loss Dos 0.0553 | Att Reward in ep 000|
|Att Loss Probe 0.0424 | Att Reward in ep 000|
|Att Loss R2L 0.0656 | Att Reward in ep 005|
|Att Loss U2R 0.0905 | Att Reward in ep 001|
|Def Estimated: [68 80 84 86 82]| Att Labels: [68 80 83 90 79]|
|Def Amount of true predicted attacks: [68 80 83 85 78]|
05/07/2025 15:31:09 - INFO - End of Episode.
|Episode 094/100| time: 42.08|
|Def Loss 0.0292 | Def Reward in ep 384|
|Att Loss Dos 0.0674 | Att Reward in ep 006|
|Att Loss Probe 0.0388 | Att Reward in ep 001|
|Att Loss R2L 0.0678 | Att Reward in ep 006|
|Att Loss U2R 0.1056 | Att Reward in ep 003|
|Def Estimated: [85 77 77 88 73]| Att Labels: [86 78 76 91 69]|
|Def Amount of true predicted attacks: [81 75 75 85 68]|
05/07/2025 15:31:54 - INFO - End of Episode.
|Episode 095/100| time: 41.72|
|Def Loss 0.0350 | Def Reward in ep 392|
|Att Loss Dos 0.0721 | Att Reward in ep 000|
|Att Loss Probe 0.0491 | Att Reward in ep 005|
|Att Loss R2L 0.0582 | Att Reward in ep 003|
|Att Loss U2R 0.1108 | Att Reward in ep 000|
|Def Estimated: [78 76 77 87 82]| Att Labels: [73 76 81 90 80]|
|Def Amount of true predicted attacks: [72 76 77 87 80]|
05/07/2025 15:32:40 - INFO - End of Episode.
|Episode 096/100| time: 41.84|
|Def Loss 0.0281 | Def Reward in ep 390|
|Att Loss Dos 0.0595 | Att Reward in ep 002|
|Att Loss Probe 0.0439 | Att Reward in ep 001|
|Att Loss R2L 0.0589 | Att Reward in ep 006|
|Att Loss U2R 0.0904 | Att Reward in ep 001|
|Def Estimated: [80 75 83 84 78]| Att Labels: [76 75 84 89 76]|
|Def Amount of true predicted attacks: [76 73 83 83 75]|
05/07/2025 15:33:26 - INFO - End of Episode.
|Episode 097/100| time: 41.28|
|Def Loss 0.0317 | Def Reward in ep 385|
|Att Loss Dos 0.0687 | Att Reward in ep 004|
|Att Loss Probe 0.0482 | Att Reward in ep 004|
|Att Loss R2L 0.0502 | Att Reward in ep 007|
|Att Loss U2R 0.0886 | Att Reward in ep 000|
|Def Estimated: [62 81 87 90 80]| Att Labels: [59 84 89 94 74]|
|Def Amount of true predicted attacks: [59 80 85 87 74]|
05/07/2025 15:34:12 - INFO - End of Episode.
|Episode 098/100| time: 41.97|
|Def Loss 0.0284 | Def Reward in ep 394|
|Att Loss Dos 0.0886 | Att Reward in ep 001|
|Att Loss Probe 0.0364 | Att Reward in ep 003|
|Att Loss R2L 0.0717 | Att Reward in ep 001|
|Att Loss U2R 0.0639 | Att Reward in ep 001|
|Def Estimated: [77 84 74 89 76]| Att Labels: [77 83 77 89 74]|
|Def Amount of true predicted attacks: [77 82 74 88 73]|
05/07/2025 15:34:58 - INFO - End of Episode.
|Episode 099/100| time: 42.12|
|Def Loss 0.0236 | Def Reward in ep 394|
|Att Loss Dos 0.0888 | Att Reward in ep 000|
|Att Loss Probe 0.0503 | Att Reward in ep 001|
|Att Loss R2L 0.0438 | Att Reward in ep 004|
|Att Loss U2R 0.0645 | Att Reward in ep 001|
|Def Estimated: [83 80 79 88 70]| Att Labels: [84 79 80 91 66]|
|Def Amount of true predicted attacks: [83 79 79 87 66]|
05/07/2025 15:35:02 - INFO - Model 'attacker_model_dos' saved in: /workspace/models/trained-models/2025-05-07-14-25-multi-attacker-nsl-def-mem-4000-minibatch-400-1st/attacker_model_dos.keras
05/07/2025 15:35:02 - INFO - Model summary:
Model: "attacker_model_dos"
_________________________________________________________________
 Layer (type)                Output Shape              Param #   
=================================================================
 dense (Dense)               (None, 100)               12300     
                                                                 
 dense_1 (Dense)             (None, 100)               10100     
                                                                 
 dense_2 (Dense)             (None, 100)               10100     
                                                                 
 dense_3 (Dense)             (None, 100)               10100     
                                                                 
 dense_4 (Dense)             (None, 100)               10100     
                                                                 
 dense_5 (Dense)             (None, 7)                 707       
                                                                 
=================================================================
Total params: 53407 (208.62 KB)
Trainable params: 53407 (208.62 KB)
Non-trainable params: 0 (0.00 Byte)
_________________________________________________________________

05/07/2025 15:35:02 - INFO - Model 'attacker_model_probe' saved in: /workspace/models/trained-models/2025-05-07-14-25-multi-attacker-nsl-def-mem-4000-minibatch-400-1st/attacker_model_probe.keras
05/07/2025 15:35:02 - INFO - Model summary:
Model: "attacker_model_probe"
_________________________________________________________________
 Layer (type)                Output Shape              Param #   
=================================================================
 dense_12 (Dense)            (None, 100)               12300     
                                                                 
 dense_13 (Dense)            (None, 100)               10100     
                                                                 
 dense_14 (Dense)            (None, 100)               10100     
                                                                 
 dense_15 (Dense)            (None, 100)               10100     
                                                                 
 dense_16 (Dense)            (None, 100)               10100     
                                                                 
 dense_17 (Dense)            (None, 5)                 505       
                                                                 
=================================================================
Total params: 53205 (207.83 KB)
Trainable params: 53205 (207.83 KB)
Non-trainable params: 0 (0.00 Byte)
_________________________________________________________________

05/07/2025 15:35:02 - INFO - Model 'attacker_model_probe_r2l' saved in: /workspace/models/trained-models/2025-05-07-14-25-multi-attacker-nsl-def-mem-4000-minibatch-400-1st/attacker_model_r2l.keras
05/07/2025 15:35:02 - INFO - Model summary:
Model: "attacker_model_probe_r2l"
_________________________________________________________________
 Layer (type)                Output Shape              Param #   
=================================================================
 dense_24 (Dense)            (None, 100)               12300     
                                                                 
 dense_25 (Dense)            (None, 100)               10100     
                                                                 
 dense_26 (Dense)            (None, 100)               10100     
                                                                 
 dense_27 (Dense)            (None, 100)               10100     
                                                                 
 dense_28 (Dense)            (None, 100)               10100     
                                                                 
 dense_29 (Dense)            (None, 9)                 909       
                                                                 
=================================================================
Total params: 53609 (209.41 KB)
Trainable params: 53609 (209.41 KB)
Non-trainable params: 0 (0.00 Byte)
_________________________________________________________________

05/07/2025 15:35:02 - INFO - Model 'attacker_model_probe_u2r' saved in: /workspace/models/trained-models/2025-05-07-14-25-multi-attacker-nsl-def-mem-4000-minibatch-400-1st/attacker_model_u2r.keras
05/07/2025 15:35:02 - INFO - Model summary:
Model: "attacker_model_probe_u2r"
_________________________________________________________________
 Layer (type)                Output Shape              Param #   
=================================================================
 dense_36 (Dense)            (None, 100)               12300     
                                                                 
 dense_37 (Dense)            (None, 100)               10100     
                                                                 
 dense_38 (Dense)            (None, 100)               10100     
                                                                 
 dense_39 (Dense)            (None, 100)               10100     
                                                                 
 dense_40 (Dense)            (None, 100)               10100     
                                                                 
 dense_41 (Dense)            (None, 5)                 505       
                                                                 
=================================================================
Total params: 53205 (207.83 KB)
Trainable params: 53205 (207.83 KB)
Non-trainable params: 0 (0.00 Byte)
_________________________________________________________________

05/07/2025 15:35:02 - INFO - Model 'defender_model' saved in: /workspace/models/trained-models/2025-05-07-14-25-multi-attacker-nsl-def-mem-4000-minibatch-400-1st/defender_model.keras
05/07/2025 15:35:02 - INFO - Model summary:
Model: "defender_model"
_________________________________________________________________
 Layer (type)                Output Shape              Param #   
=================================================================
 dense_48 (Dense)            (None, 100)               12300     
                                                                 
 dense_49 (Dense)            (None, 100)               10100     
                                                                 
 dense_50 (Dense)            (None, 100)               10100     
                                                                 
 dense_51 (Dense)            (None, 5)                 505       
                                                                 
=================================================================
Total params: 33005 (128.93 KB)
Trainable params: 33005 (128.93 KB)
Non-trainable params: 0 (0.00 Byte)
_________________________________________________________________

05/07/2025 15:35:02 - INFO - Saved trained models.
05/07/2025 15:35:02 - INFO - Total runtime: 01:09:38
05/07/2025 15:35:02 - INFO - End of the script at: 2025-05-07 15:35:02.569301
05/07/2025 15:35:13 - INFO - Debug information saved to /workspace/models/trained-models/2025-05-07-14-25-multi-attacker-nsl-def-mem-4000-minibatch-400-1st/logs/debug_info.json
05/07/2025 15:35:13 - INFO - Trying to save summary plots under: /workspace/models/trained-models/2025-05-07-14-25-multi-attacker-nsl-def-mem-4000-minibatch-400-1st/plots/
05/07/2025 15:35:13 - INFO - Plotted rewards and losses during training in: /workspace/models/trained-models/2025-05-07-14-25-multi-attacker-nsl-def-mem-4000-minibatch-400-1st/plots/
05/07/2025 15:35:14 - INFO - Plotted attack distributions during training in: /workspace/models/trained-models/2025-05-07-14-25-multi-attacker-nsl-def-mem-4000-minibatch-400-1st/plots/
05/07/2025 15:35:24 - INFO - Normalized confusion matrix
05/07/2025 15:35:24 - INFO - 
Confusion Matrix:
[[9.81913488e-01 2.99956937e-03 3.93507863e-03 6.83070252e-03
  4.32116181e-03]
 [1.85076317e-03 9.97626668e-01 4.13700002e-04 6.53210530e-05
  4.35473687e-05]
 [5.06177076e-03 1.97323267e-03 9.90991764e-01 1.71585450e-04
  1.80164722e-03]
 [1.60804020e-02 0.00000000e+00 0.00000000e+00 9.62814070e-01
  2.11055276e-02]
 [0.00000000e+00 0.00000000e+00 0.00000000e+00 0.00000000e+00
  1.00000000e+00]]
05/07/2025 15:35:24 - INFO - Plotted confusion matrix in: /workspace/models/trained-models/2025-05-07-14-25-multi-attacker-nsl-def-mem-4000-minibatch-400-1st/plots/intraset/
05/07/2025 15:35:24 - INFO - Model summary:
Model: "defender_model"
_________________________________________________________________
 Layer (type)                Output Shape              Param #   
=================================================================
 dense_48 (Dense)            (None, 100)               12300     
                                                                 
 dense_49 (Dense)            (None, 100)               10100     
                                                                 
 dense_50 (Dense)            (None, 100)               10100     
                                                                 
 dense_51 (Dense)            (None, 5)                 505       
                                                                 
=================================================================
Total params: 33005 (128.93 KB)
Trainable params: 33005 (128.93 KB)
Non-trainable params: 0 (0.00 Byte)
_________________________________________________________________

loaded from: /workspace/models/trained-models/2025-05-07-14-25-multi-attacker-nsl-def-mem-4000-minibatch-400-1st/defender_model.keras
05/07/2025 15:35:24 - INFO - Overall overview
Total reward: 124504 | Number of samples: 125973 | Accuracy = 98.83%
Overall overview per attack type
              Estimated Correct  Total Mismatch   F1_score
normal            66285   66125  67343     1058  98.968779
DoS               46043   45818  45927      116  99.636838
Probe             11835   11551  11656      179  98.344047
R2L                1423     958    995      428  79.239041
U2R                 387      52     52      335  23.690205
Weigthed Avg.                                    98.967624
05/07/2025 15:35:25 - INFO - 
 Class  Support  Accuracy  Precision  Recall  F1-Score
normal    67343    0.9819     0.9976  0.9819    0.9897
   DoS    45927    0.9976     0.9951  0.9976    0.9964
 Probe    11656    0.9910     0.9760  0.9910    0.9834
   R2L      995    0.9628     0.6732  0.9628    0.7924
   U2R       52    1.0000     0.1344  1.0000    0.2369
05/07/2025 15:35:25 - INFO - Overall weighted F1-score: 0.9897
05/07/2025 15:35:25 - INFO - Classification report:
              precision    recall  f1-score   support

      normal       1.00      0.98      0.99     67343
         DoS       1.00      1.00      1.00     45927
       Probe       0.98      0.99      0.98     11656
         R2L       0.67      0.96      0.79       995
         U2R       0.13      1.00      0.24        52

    accuracy                           0.99    125973
   macro avg       0.76      0.99      0.80    125973
weighted avg       0.99      0.99      0.99    125973

05/07/2025 15:35:29 - INFO - Model metrics: 
loss=0.056646816432476044, mse=0.13909552991390228, mae=0.20144586265087128
05/07/2025 15:35:29 - INFO - Optimizer config: {'name': 'Adam', 'weight_decay': None, 'clipnorm': None, 'global_clipnorm': None, 'clipvalue': None, 'use_ema': False, 'ema_momentum': 0.99, 'ema_overwrite_frequency': None, 'jit_compile': True, 'is_legacy_optimizer': False, 'learning_rate': 0.001, 'beta_1': 0.9, 'beta_2': 0.999, 'epsilon': 1e-07, 'amsgrad': False}
05/07/2025 15:35:29 - INFO - Time needed for testing: 12.231964826583862
05/07/2025 15:35:29 - INFO - [Intra Set] Metrics exported to: /workspace/models/trained-models/2025-05-07-14-25-multi-attacker-nsl-def-mem-4000-minibatch-400-1st/logs/evaluation_metrics_defender_model.json
