04/23/2025 09:05:47 - INFO - Started script at: 2025-04-23-09-05
Current working dir: /workspace
Used data files: 
/workspace/data/datasets/cic_ids/cic-ids-2017/clean/all_benign.feather,
/workspace/data/datasets/cic_ids/cic-ids-2017/clean/all_malicious.feather
04/23/2025 09:05:47 - INFO - Setting up Attacker and Defender Agents...
04/23/2025 09:06:15 - INFO - One-vs-All Split ready (target: (D)DOS):
04/23/2025 09:06:15 - INFO - Train: (56953, 67), Validation: (174835, 67), Test: (990735, 67)
04/23/2025 09:06:15 - INFO - [Init from split] Loaded 56953 train, 990735 test samples.
04/23/2025 09:06:17 - INFO - One-vs-All Split ready (target: (D)DOS):
04/23/2025 09:06:17 - INFO - Train: (58360, 67), Validation: (154014, 67), Test: (359368, 67)
04/23/2025 09:06:17 - INFO - Initializing Attacker:CIC-2017-(D)DOS's ReplayMemory with observation_size=67 and max_size=1000
04/23/2025 09:06:18 - WARNING - Skipping variable loading for optimizer 'Adam', because it has 25 variables whereas the saved optimizer has 1 variables. 
04/23/2025 09:06:18 - INFO - Initializing Defender's ReplayMemory with observation_size=67 and max_size=1000
04/23/2025 09:06:18 - WARNING - Skipping variable loading for optimizer 'Adam', because it has 17 variables whereas the saved optimizer has 1 variables. 
04/23/2025 09:06:18 - INFO - Creating environment...
04/23/2025 09:06:18 - INFO - Start Training with the following parameters:
-----------------------------------------------------------------------------------------------------------------------
Total episodes: 100 | Iterations in episode: 100 | Minibatch from mem size: 100 | Total Samples: 10000 | Data shape: (56953, 67)
-----------------------------------------------------------------------------------------------------------------------
Attacker<Attack-Type>: Num_actions=8 | gamma=0.001 | epsilon=1 | ANN hidden size=100 | ANN hidden layers=5 | Learning rate=0.001
-----------------------------------------------------------------------------------------------------------------------
Defender: Num_actions=2 | gamma=0.001 | epsilon=1 | ANN hidden size=100 | ANN hidden layers=3 | Learning rate=0.001
-----------------------------------------------------------------------------------------------------------------------
Used Attack types: '['Benign', '(D)DOS']' | Attack name(s): ['Benign', 'DDOS attack HOIC', 'DDOS attack LOIC UDP', 'DDoS attacks LOIC HTTP', 'DoS attacks GoldenEye', 'DoS attacks Hulk', 'DoS attacks SlowHTTPTest', 'DoS attacks Slowloris']
-----------------------------------------------------------------------------------------------------------------------

04/23/2025 09:06:19 - INFO - End of Episode.
|Episode 000/100| time: 0.32|
|Def Loss 0.0000 | Def Reward in ep 045|
|Att Loss 0.0000 | Att Reward in ep 055|
|Def Estimated: [52 48]| Att Labels: [ 7 93]|
|Def Amount of true predicted attacks: [ 2 43]|
04/23/2025 09:06:22 - WARNING - 5 out of the last 5 calls to <function QNetwork.predict at 0x79bf3c1ef740> triggered tf.function retracing. Tracing is expensive and the excessive number of tracings could be due to (1) creating @tf.function repeatedly in a loop, (2) passing tensors with different shapes, (3) passing Python objects instead of tensors. For (1), please define your @tf.function outside of the loop. For (2), @tf.function has reduce_retracing=True option that can avoid unnecessary retracing. For (3), please refer to https://www.tensorflow.org/guide/function#controlling_retracing and https://www.tensorflow.org/api_docs/python/tf/function for  more details.
04/23/2025 09:06:24 - INFO - End of Episode.
|Episode 001/100| time: 4.12|
|Def Loss 1.6546 | Def Reward in ep 061|
|Att Loss 1.5702 | Att Reward in ep 039|
|Def Estimated: [36 64]| Att Labels: [19 81]|
|Def Amount of true predicted attacks: [ 8 53]|
04/23/2025 09:06:27 - INFO - End of Episode.
|Episode 002/100| time: 2.33|
|Def Loss 0.2926 | Def Reward in ep 069|
|Att Loss 1.3740 | Att Reward in ep 031|
|Def Estimated: [34 66]| Att Labels: [19 81]|
|Def Amount of true predicted attacks: [11 58]|
04/23/2025 09:06:29 - INFO - End of Episode.
|Episode 003/100| time: 2.16|
|Def Loss 0.1546 | Def Reward in ep 086|
|Att Loss 1.3037 | Att Reward in ep 014|
|Def Estimated: [25 75]| Att Labels: [19 81]|
|Def Amount of true predicted attacks: [15 71]|
04/23/2025 09:06:32 - INFO - End of Episode.
|Episode 004/100| time: 2.48|
|Def Loss 0.0988 | Def Reward in ep 092|
|Att Loss 1.2153 | Att Reward in ep 008|
|Def Estimated: [22 78]| Att Labels: [20 80]|
|Def Amount of true predicted attacks: [17 75]|
04/23/2025 09:06:34 - INFO - End of Episode.
|Episode 005/100| time: 2.06|
|Def Loss 0.0901 | Def Reward in ep 098|
|Att Loss 1.0753 | Att Reward in ep 002|
|Def Estimated: [15 85]| Att Labels: [15 85]|
|Def Amount of true predicted attacks: [14 84]|
04/23/2025 09:06:37 - INFO - End of Episode.
|Episode 006/100| time: 2.41|
|Def Loss 0.0755 | Def Reward in ep 099|
|Att Loss 0.9854 | Att Reward in ep 001|
|Def Estimated: [17 83]| Att Labels: [16 84]|
|Def Amount of true predicted attacks: [16 83]|
04/23/2025 09:06:39 - INFO - End of Episode.
|Episode 007/100| time: 2.13|
|Def Loss 0.0315 | Def Reward in ep 098|
|Att Loss 0.8702 | Att Reward in ep 002|
|Def Estimated: [13 87]| Att Labels: [13 87]|
|Def Amount of true predicted attacks: [12 86]|
04/23/2025 09:06:41 - INFO - End of Episode.
|Episode 008/100| time: 2.32|
|Def Loss 0.0477 | Def Reward in ep 098|
|Att Loss 0.8079 | Att Reward in ep 002|
|Def Estimated: [19 81]| Att Labels: [21 79]|
|Def Amount of true predicted attacks: [19 79]|
04/23/2025 09:06:44 - INFO - End of Episode.
|Episode 009/100| time: 2.50|
|Def Loss 0.0523 | Def Reward in ep 098|
|Att Loss 0.7645 | Att Reward in ep 002|
|Def Estimated: [18 82]| Att Labels: [18 82]|
|Def Amount of true predicted attacks: [17 81]|
04/23/2025 09:06:47 - INFO - End of Episode.
|Episode 010/100| time: 2.28|
|Def Loss 0.0393 | Def Reward in ep 099|
|Att Loss 0.6428 | Att Reward in ep 001|
|Def Estimated: [12 88]| Att Labels: [11 89]|
|Def Amount of true predicted attacks: [11 88]|
04/23/2025 09:06:49 - INFO - End of Episode.
|Episode 011/100| time: 2.22|
|Def Loss 0.0441 | Def Reward in ep 098|
|Att Loss 0.3921 | Att Reward in ep 002|
|Def Estimated: [27 73]| Att Labels: [25 75]|
|Def Amount of true predicted attacks: [25 73]|
04/23/2025 09:06:52 - INFO - End of Episode.
|Episode 012/100| time: 2.12|
|Def Loss 0.0390 | Def Reward in ep 099|
|Att Loss 0.2256 | Att Reward in ep 001|
|Def Estimated: [14 86]| Att Labels: [15 85]|
|Def Amount of true predicted attacks: [14 85]|
04/23/2025 09:06:54 - INFO - End of Episode.
|Episode 013/100| time: 2.12|
|Def Loss 0.0329 | Def Reward in ep 098|
|Att Loss 0.1230 | Att Reward in ep 002|
|Def Estimated: [21 79]| Att Labels: [19 81]|
|Def Amount of true predicted attacks: [19 79]|
04/23/2025 09:06:56 - INFO - End of Episode.
|Episode 014/100| time: 2.12|
|Def Loss 0.0275 | Def Reward in ep 099|
|Att Loss 0.0717 | Att Reward in ep 001|
|Def Estimated: [24 76]| Att Labels: [23 77]|
|Def Amount of true predicted attacks: [23 76]|
04/23/2025 09:06:59 - INFO - End of Episode.
|Episode 015/100| time: 2.17|
|Def Loss 0.0309 | Def Reward in ep 099|
|Att Loss 0.0506 | Att Reward in ep 001|
|Def Estimated: [27 73]| Att Labels: [26 74]|
|Def Amount of true predicted attacks: [26 73]|
04/23/2025 09:07:01 - INFO - End of Episode.
|Episode 016/100| time: 2.11|
|Def Loss 0.0417 | Def Reward in ep 100|
|Att Loss 0.0619 | Att Reward in ep 000|
|Def Estimated: [18 82]| Att Labels: [18 82]|
|Def Amount of true predicted attacks: [18 82]|
04/23/2025 09:07:04 - INFO - End of Episode.
|Episode 017/100| time: 2.10|
|Def Loss 0.0334 | Def Reward in ep 100|
|Att Loss 0.0464 | Att Reward in ep 000|
|Def Estimated: [19 81]| Att Labels: [19 81]|
|Def Amount of true predicted attacks: [19 81]|
04/23/2025 09:07:06 - INFO - End of Episode.
|Episode 018/100| time: 2.11|
|Def Loss 0.0251 | Def Reward in ep 100|
|Att Loss 0.0426 | Att Reward in ep 000|
|Def Estimated: [12 88]| Att Labels: [12 88]|
|Def Amount of true predicted attacks: [12 88]|
04/23/2025 09:07:08 - INFO - End of Episode.
|Episode 019/100| time: 2.08|
|Def Loss 0.0088 | Def Reward in ep 100|
|Att Loss 0.0363 | Att Reward in ep 000|
|Def Estimated: [15 85]| Att Labels: [15 85]|
|Def Amount of true predicted attacks: [15 85]|
04/23/2025 09:07:11 - INFO - End of Episode.
|Episode 020/100| time: 2.13|
|Def Loss 0.0029 | Def Reward in ep 099|
|Att Loss 0.0353 | Att Reward in ep 001|
|Def Estimated: [24 76]| Att Labels: [23 77]|
|Def Amount of true predicted attacks: [23 76]|
04/23/2025 09:07:13 - INFO - End of Episode.
|Episode 021/100| time: 2.13|
|Def Loss 0.0013 | Def Reward in ep 100|
|Att Loss 0.0271 | Att Reward in ep 000|
|Def Estimated: [14 86]| Att Labels: [14 86]|
|Def Amount of true predicted attacks: [14 86]|
04/23/2025 09:07:16 - INFO - End of Episode.
|Episode 022/100| time: 2.12|
|Def Loss 0.0018 | Def Reward in ep 100|
|Att Loss 0.0220 | Att Reward in ep 000|
|Def Estimated: [18 82]| Att Labels: [18 82]|
|Def Amount of true predicted attacks: [18 82]|
04/23/2025 09:07:18 - INFO - End of Episode.
|Episode 023/100| time: 2.08|
|Def Loss 0.0012 | Def Reward in ep 099|
|Att Loss 0.0243 | Att Reward in ep 001|
|Def Estimated: [17 83]| Att Labels: [16 84]|
|Def Amount of true predicted attacks: [16 83]|
04/23/2025 09:07:21 - INFO - End of Episode.
|Episode 024/100| time: 2.09|
|Def Loss 0.0155 | Def Reward in ep 099|
|Att Loss 0.0223 | Att Reward in ep 001|
|Def Estimated: [17 83]| Att Labels: [18 82]|
|Def Amount of true predicted attacks: [17 82]|
04/23/2025 09:07:23 - INFO - End of Episode.
|Episode 025/100| time: 2.13|
|Def Loss 0.0185 | Def Reward in ep 099|
|Att Loss 0.0164 | Att Reward in ep 001|
|Def Estimated: [20 80]| Att Labels: [21 79]|
|Def Amount of true predicted attacks: [20 79]|
04/23/2025 09:07:25 - INFO - End of Episode.
|Episode 026/100| time: 2.03|
|Def Loss 0.0454 | Def Reward in ep 100|
|Att Loss 0.0154 | Att Reward in ep 000|
|Def Estimated: [12 88]| Att Labels: [12 88]|
|Def Amount of true predicted attacks: [12 88]|
04/23/2025 09:07:28 - INFO - End of Episode.
|Episode 027/100| time: 2.09|
|Def Loss 0.0414 | Def Reward in ep 099|
|Att Loss 0.0205 | Att Reward in ep 001|
|Def Estimated: [18 82]| Att Labels: [17 83]|
|Def Amount of true predicted attacks: [17 82]|
04/23/2025 09:07:30 - INFO - End of Episode.
|Episode 028/100| time: 2.08|
|Def Loss 0.0779 | Def Reward in ep 099|
|Att Loss 0.0307 | Att Reward in ep 001|
|Def Estimated: [16 84]| Att Labels: [17 83]|
|Def Amount of true predicted attacks: [16 83]|
04/23/2025 09:07:33 - INFO - End of Episode.
|Episode 029/100| time: 2.10|
|Def Loss 0.0638 | Def Reward in ep 100|
|Att Loss 0.0280 | Att Reward in ep 000|
|Def Estimated: [18 82]| Att Labels: [18 82]|
|Def Amount of true predicted attacks: [18 82]|
04/23/2025 09:07:35 - INFO - End of Episode.
|Episode 030/100| time: 2.10|
|Def Loss 0.0507 | Def Reward in ep 100|
|Att Loss 0.0199 | Att Reward in ep 000|
|Def Estimated: [17 83]| Att Labels: [17 83]|
|Def Amount of true predicted attacks: [17 83]|
04/23/2025 09:07:38 - INFO - End of Episode.
|Episode 031/100| time: 2.10|
|Def Loss 0.0444 | Def Reward in ep 098|
|Att Loss 0.0235 | Att Reward in ep 002|
|Def Estimated: [19 81]| Att Labels: [19 81]|
|Def Amount of true predicted attacks: [18 80]|
04/23/2025 09:07:40 - INFO - End of Episode.
|Episode 032/100| time: 2.07|
|Def Loss 0.0328 | Def Reward in ep 099|
|Att Loss 0.0183 | Att Reward in ep 001|
|Def Estimated: [16 84]| Att Labels: [17 83]|
|Def Amount of true predicted attacks: [16 83]|
04/23/2025 09:07:42 - INFO - End of Episode.
|Episode 033/100| time: 2.12|
|Def Loss 0.0530 | Def Reward in ep 100|
|Att Loss 0.0219 | Att Reward in ep 000|
|Def Estimated: [18 82]| Att Labels: [18 82]|
|Def Amount of true predicted attacks: [18 82]|
04/23/2025 09:07:45 - INFO - End of Episode.
|Episode 034/100| time: 2.11|
|Def Loss 0.0489 | Def Reward in ep 099|
|Att Loss 0.0207 | Att Reward in ep 001|
|Def Estimated: [25 75]| Att Labels: [24 76]|
|Def Amount of true predicted attacks: [24 75]|
04/23/2025 09:07:47 - INFO - End of Episode.
|Episode 035/100| time: 2.13|
|Def Loss 0.0358 | Def Reward in ep 099|
|Att Loss 0.0209 | Att Reward in ep 001|
|Def Estimated: [18 82]| Att Labels: [19 81]|
|Def Amount of true predicted attacks: [18 81]|
04/23/2025 09:07:50 - INFO - End of Episode.
|Episode 036/100| time: 2.12|
|Def Loss 0.0393 | Def Reward in ep 100|
|Att Loss 0.0144 | Att Reward in ep 000|
|Def Estimated: [19 81]| Att Labels: [19 81]|
|Def Amount of true predicted attacks: [19 81]|
04/23/2025 09:07:52 - INFO - End of Episode.
|Episode 037/100| time: 2.10|
|Def Loss 0.0186 | Def Reward in ep 098|
|Att Loss 0.0278 | Att Reward in ep 002|
|Def Estimated: [21 79]| Att Labels: [19 81]|
|Def Amount of true predicted attacks: [19 79]|
04/23/2025 09:07:55 - INFO - End of Episode.
|Episode 038/100| time: 2.11|
|Def Loss 0.0167 | Def Reward in ep 098|
|Att Loss 0.0273 | Att Reward in ep 002|
|Def Estimated: [28 72]| Att Labels: [26 74]|
|Def Amount of true predicted attacks: [26 72]|
04/23/2025 09:07:57 - INFO - End of Episode.
|Episode 039/100| time: 2.11|
|Def Loss 0.0024 | Def Reward in ep 100|
|Att Loss 0.0365 | Att Reward in ep 000|
|Def Estimated: [22 78]| Att Labels: [22 78]|
|Def Amount of true predicted attacks: [22 78]|
04/23/2025 09:08:00 - INFO - End of Episode.
|Episode 040/100| time: 2.09|
|Def Loss 0.0018 | Def Reward in ep 099|
|Att Loss 0.0410 | Att Reward in ep 001|
|Def Estimated: [15 85]| Att Labels: [16 84]|
|Def Amount of true predicted attacks: [15 84]|
04/23/2025 09:08:02 - INFO - End of Episode.
|Episode 041/100| time: 2.12|
|Def Loss 0.0258 | Def Reward in ep 100|
|Att Loss 0.0333 | Att Reward in ep 000|
|Def Estimated: [23 77]| Att Labels: [23 77]|
|Def Amount of true predicted attacks: [23 77]|
04/23/2025 09:08:05 - INFO - End of Episode.
|Episode 042/100| time: 2.11|
|Def Loss 0.0268 | Def Reward in ep 099|
|Att Loss 0.0299 | Att Reward in ep 001|
|Def Estimated: [24 76]| Att Labels: [23 77]|
|Def Amount of true predicted attacks: [23 76]|
04/23/2025 09:08:07 - INFO - End of Episode.
|Episode 043/100| time: 2.14|
|Def Loss 0.0362 | Def Reward in ep 098|
|Att Loss 0.0329 | Att Reward in ep 002|
|Def Estimated: [21 79]| Att Labels: [21 79]|
|Def Amount of true predicted attacks: [20 78]|
04/23/2025 09:08:10 - INFO - End of Episode.
|Episode 044/100| time: 2.14|
|Def Loss 0.0087 | Def Reward in ep 100|
|Att Loss 0.0518 | Att Reward in ep 000|
|Def Estimated: [32 68]| Att Labels: [32 68]|
|Def Amount of true predicted attacks: [32 68]|
04/23/2025 09:08:13 - INFO - End of Episode.
|Episode 045/100| time: 2.11|
|Def Loss 0.0009 | Def Reward in ep 100|
|Att Loss 0.0394 | Att Reward in ep 000|
|Def Estimated: [23 77]| Att Labels: [23 77]|
|Def Amount of true predicted attacks: [23 77]|
04/23/2025 09:08:15 - INFO - End of Episode.
|Episode 046/100| time: 2.15|
|Def Loss 0.0006 | Def Reward in ep 099|
|Att Loss 0.0434 | Att Reward in ep 001|
|Def Estimated: [26 74]| Att Labels: [25 75]|
|Def Amount of true predicted attacks: [25 74]|
04/23/2025 09:08:18 - INFO - End of Episode.
|Episode 047/100| time: 2.13|
|Def Loss 0.0003 | Def Reward in ep 100|
|Att Loss 0.0432 | Att Reward in ep 000|
|Def Estimated: [25 75]| Att Labels: [25 75]|
|Def Amount of true predicted attacks: [25 75]|
04/23/2025 09:08:20 - INFO - End of Episode.
|Episode 048/100| time: 2.12|
|Def Loss 0.0006 | Def Reward in ep 099|
|Att Loss 0.0319 | Att Reward in ep 001|
|Def Estimated: [26 74]| Att Labels: [25 75]|
|Def Amount of true predicted attacks: [25 74]|
04/23/2025 09:08:23 - INFO - End of Episode.
|Episode 049/100| time: 2.07|
|Def Loss 0.0004 | Def Reward in ep 100|
|Att Loss 0.0220 | Att Reward in ep 000|
|Def Estimated: [14 86]| Att Labels: [14 86]|
|Def Amount of true predicted attacks: [14 86]|
04/23/2025 09:08:25 - INFO - End of Episode.
|Episode 050/100| time: 2.13|
|Def Loss 0.0002 | Def Reward in ep 100|
|Att Loss 0.0205 | Att Reward in ep 000|
|Def Estimated: [26 74]| Att Labels: [26 74]|
|Def Amount of true predicted attacks: [26 74]|
04/23/2025 09:08:28 - INFO - End of Episode.
|Episode 051/100| time: 2.06|
|Def Loss 0.0323 | Def Reward in ep 099|
|Att Loss 0.0261 | Att Reward in ep 001|
|Def Estimated: [16 84]| Att Labels: [17 83]|
|Def Amount of true predicted attacks: [16 83]|
04/23/2025 09:08:30 - INFO - End of Episode.
|Episode 052/100| time: 2.08|
|Def Loss 0.0201 | Def Reward in ep 100|
|Att Loss 0.0202 | Att Reward in ep 000|
|Def Estimated: [19 81]| Att Labels: [19 81]|
|Def Amount of true predicted attacks: [19 81]|
04/23/2025 09:08:33 - INFO - End of Episode.
|Episode 053/100| time: 2.10|
|Def Loss 0.0323 | Def Reward in ep 100|
|Att Loss 0.0117 | Att Reward in ep 000|
|Def Estimated: [22 78]| Att Labels: [22 78]|
|Def Amount of true predicted attacks: [22 78]|
04/23/2025 09:08:35 - INFO - End of Episode.
|Episode 054/100| time: 2.09|
|Def Loss 0.0233 | Def Reward in ep 098|
|Att Loss 0.0223 | Att Reward in ep 002|
|Def Estimated: [17 83]| Att Labels: [15 85]|
|Def Amount of true predicted attacks: [15 83]|
04/23/2025 09:08:38 - INFO - End of Episode.
|Episode 055/100| time: 2.06|
|Def Loss 0.0271 | Def Reward in ep 100|
|Att Loss 0.0198 | Att Reward in ep 000|
|Def Estimated: [12 88]| Att Labels: [12 88]|
|Def Amount of true predicted attacks: [12 88]|
04/23/2025 09:08:41 - INFO - End of Episode.
|Episode 056/100| time: 2.11|
|Def Loss 0.0297 | Def Reward in ep 098|
|Att Loss 0.0185 | Att Reward in ep 002|
|Def Estimated: [18 82]| Att Labels: [18 82]|
|Def Amount of true predicted attacks: [17 81]|
04/23/2025 09:08:43 - INFO - End of Episode.
|Episode 057/100| time: 2.12|
|Def Loss 0.0357 | Def Reward in ep 100|
|Att Loss 0.0225 | Att Reward in ep 000|
|Def Estimated: [24 76]| Att Labels: [24 76]|
|Def Amount of true predicted attacks: [24 76]|
04/23/2025 09:08:46 - INFO - End of Episode.
|Episode 058/100| time: 2.10|
|Def Loss 0.0353 | Def Reward in ep 100|
|Att Loss 0.0247 | Att Reward in ep 000|
|Def Estimated: [18 82]| Att Labels: [18 82]|
|Def Amount of true predicted attacks: [18 82]|
04/23/2025 09:08:48 - INFO - End of Episode.
|Episode 059/100| time: 2.10|
|Def Loss 0.0323 | Def Reward in ep 099|
|Att Loss 0.0280 | Att Reward in ep 001|
|Def Estimated: [20 80]| Att Labels: [19 81]|
|Def Amount of true predicted attacks: [19 80]|
04/23/2025 09:08:51 - INFO - End of Episode.
|Episode 060/100| time: 2.10|
|Def Loss 0.0251 | Def Reward in ep 098|
|Att Loss 0.0373 | Att Reward in ep 002|
|Def Estimated: [20 80]| Att Labels: [18 82]|
|Def Amount of true predicted attacks: [18 80]|
04/23/2025 09:08:53 - INFO - End of Episode.
|Episode 061/100| time: 2.08|
|Def Loss 0.0036 | Def Reward in ep 100|
|Att Loss 0.0353 | Att Reward in ep 000|
|Def Estimated: [19 81]| Att Labels: [19 81]|
|Def Amount of true predicted attacks: [19 81]|
04/23/2025 09:08:56 - INFO - End of Episode.
|Episode 062/100| time: 2.10|
|Def Loss 0.0003 | Def Reward in ep 100|
|Att Loss 0.0408 | Att Reward in ep 000|
|Def Estimated: [17 83]| Att Labels: [17 83]|
|Def Amount of true predicted attacks: [17 83]|
04/23/2025 09:08:59 - INFO - End of Episode.
|Episode 063/100| time: 2.04|
|Def Loss 0.0001 | Def Reward in ep 100|
|Att Loss 0.0269 | Att Reward in ep 000|
|Def Estimated: [11 89]| Att Labels: [11 89]|
|Def Amount of true predicted attacks: [11 89]|
04/23/2025 09:09:01 - INFO - End of Episode.
|Episode 064/100| time: 2.10|
|Def Loss 0.0334 | Def Reward in ep 099|
|Att Loss 0.0409 | Att Reward in ep 001|
|Def Estimated: [17 83]| Att Labels: [18 82]|
|Def Amount of true predicted attacks: [17 82]|
04/23/2025 09:09:04 - INFO - End of Episode.
|Episode 065/100| time: 2.14|
|Def Loss 0.0177 | Def Reward in ep 100|
|Att Loss 0.0281 | Att Reward in ep 000|
|Def Estimated: [21 79]| Att Labels: [21 79]|
|Def Amount of true predicted attacks: [21 79]|
04/23/2025 09:09:06 - INFO - End of Episode.
|Episode 066/100| time: 2.08|
|Def Loss 0.0069 | Def Reward in ep 099|
|Att Loss 0.0298 | Att Reward in ep 001|
|Def Estimated: [17 83]| Att Labels: [16 84]|
|Def Amount of true predicted attacks: [16 83]|
04/23/2025 09:09:09 - INFO - End of Episode.
|Episode 067/100| time: 2.06|
|Def Loss 0.0121 | Def Reward in ep 098|
|Att Loss 0.0327 | Att Reward in ep 002|
|Def Estimated: [18 82]| Att Labels: [16 84]|
|Def Amount of true predicted attacks: [16 82]|
04/23/2025 09:09:12 - INFO - End of Episode.
|Episode 068/100| time: 2.11|
|Def Loss 0.0062 | Def Reward in ep 099|
|Att Loss 0.0356 | Att Reward in ep 001|
|Def Estimated: [22 78]| Att Labels: [21 79]|
|Def Amount of true predicted attacks: [21 78]|
04/23/2025 09:09:14 - INFO - End of Episode.
|Episode 069/100| time: 2.07|
|Def Loss 0.0005 | Def Reward in ep 100|
|Att Loss 0.0259 | Att Reward in ep 000|
|Def Estimated: [17 83]| Att Labels: [17 83]|
|Def Amount of true predicted attacks: [17 83]|
04/23/2025 09:09:17 - INFO - End of Episode.
|Episode 070/100| time: 2.07|
|Def Loss 0.0002 | Def Reward in ep 099|
|Att Loss 0.0380 | Att Reward in ep 001|
|Def Estimated: [13 87]| Att Labels: [14 86]|
|Def Amount of true predicted attacks: [13 86]|
04/23/2025 09:09:19 - INFO - End of Episode.
|Episode 071/100| time: 2.06|
|Def Loss 0.0078 | Def Reward in ep 099|
|Att Loss 0.0283 | Att Reward in ep 001|
|Def Estimated: [11 89]| Att Labels: [12 88]|
|Def Amount of true predicted attacks: [11 88]|
04/23/2025 09:09:22 - INFO - End of Episode.
|Episode 072/100| time: 2.07|
|Def Loss 0.0010 | Def Reward in ep 098|
|Att Loss 0.0413 | Att Reward in ep 002|
|Def Estimated: [14 86]| Att Labels: [14 86]|
|Def Amount of true predicted attacks: [13 85]|
04/23/2025 09:09:25 - INFO - End of Episode.
|Episode 073/100| time: 2.08|
|Def Loss 0.0002 | Def Reward in ep 100|
|Att Loss 0.0387 | Att Reward in ep 000|
|Def Estimated: [18 82]| Att Labels: [18 82]|
|Def Amount of true predicted attacks: [18 82]|
04/23/2025 09:09:27 - INFO - End of Episode.
|Episode 074/100| time: 2.07|
|Def Loss 0.0002 | Def Reward in ep 099|
|Att Loss 0.0394 | Att Reward in ep 001|
|Def Estimated: [10 90]| Att Labels: [11 89]|
|Def Amount of true predicted attacks: [10 89]|
04/23/2025 09:09:30 - INFO - End of Episode.
|Episode 075/100| time: 2.08|
|Def Loss 0.0307 | Def Reward in ep 099|
|Att Loss 0.0407 | Att Reward in ep 001|
|Def Estimated: [15 85]| Att Labels: [16 84]|
|Def Amount of true predicted attacks: [15 84]|
04/23/2025 09:09:32 - INFO - End of Episode.
|Episode 076/100| time: 2.11|
|Def Loss 0.0316 | Def Reward in ep 099|
|Att Loss 0.0510 | Att Reward in ep 001|
|Def Estimated: [20 80]| Att Labels: [19 81]|
|Def Amount of true predicted attacks: [19 80]|
04/23/2025 09:09:35 - INFO - End of Episode.
|Episode 077/100| time: 2.10|
|Def Loss 0.0207 | Def Reward in ep 099|
|Att Loss 0.0459 | Att Reward in ep 001|
|Def Estimated: [22 78]| Att Labels: [21 79]|
|Def Amount of true predicted attacks: [21 78]|
04/23/2025 09:09:38 - INFO - End of Episode.
|Episode 078/100| time: 2.12|
|Def Loss 0.0276 | Def Reward in ep 100|
|Att Loss 0.0463 | Att Reward in ep 000|
|Def Estimated: [27 73]| Att Labels: [27 73]|
|Def Amount of true predicted attacks: [27 73]|
04/23/2025 09:09:41 - INFO - End of Episode.
|Episode 079/100| time: 2.13|
|Def Loss 0.0279 | Def Reward in ep 099|
|Att Loss 0.0384 | Att Reward in ep 001|
|Def Estimated: [22 78]| Att Labels: [23 77]|
|Def Amount of true predicted attacks: [22 77]|
04/23/2025 09:09:43 - INFO - End of Episode.
|Episode 080/100| time: 2.11|
|Def Loss 0.0550 | Def Reward in ep 099|
|Att Loss 0.0293 | Att Reward in ep 001|
|Def Estimated: [22 78]| Att Labels: [21 79]|
|Def Amount of true predicted attacks: [21 78]|
04/23/2025 09:09:46 - INFO - End of Episode.
|Episode 081/100| time: 2.12|
|Def Loss 0.0347 | Def Reward in ep 100|
|Att Loss 0.0271 | Att Reward in ep 000|
|Def Estimated: [22 78]| Att Labels: [22 78]|
|Def Amount of true predicted attacks: [22 78]|
04/23/2025 09:09:49 - INFO - End of Episode.
|Episode 082/100| time: 2.07|
|Def Loss 0.0297 | Def Reward in ep 100|
|Att Loss 0.0213 | Att Reward in ep 000|
|Def Estimated: [19 81]| Att Labels: [19 81]|
|Def Amount of true predicted attacks: [19 81]|
04/23/2025 09:09:51 - INFO - End of Episode.
|Episode 083/100| time: 2.08|
|Def Loss 0.0373 | Def Reward in ep 099|
|Att Loss 0.0160 | Att Reward in ep 001|
|Def Estimated: [18 82]| Att Labels: [19 81]|
|Def Amount of true predicted attacks: [18 81]|
04/23/2025 09:09:54 - INFO - End of Episode.
|Episode 084/100| time: 2.08|
|Def Loss 0.0366 | Def Reward in ep 100|
|Att Loss 0.0201 | Att Reward in ep 000|
|Def Estimated: [19 81]| Att Labels: [19 81]|
|Def Amount of true predicted attacks: [19 81]|
04/23/2025 09:09:57 - INFO - End of Episode.
|Episode 085/100| time: 2.08|
|Def Loss 0.0050 | Def Reward in ep 100|
|Att Loss 0.0200 | Att Reward in ep 000|
|Def Estimated: [16 84]| Att Labels: [16 84]|
|Def Amount of true predicted attacks: [16 84]|
04/23/2025 09:09:59 - INFO - End of Episode.
|Episode 086/100| time: 2.06|
|Def Loss 0.0006 | Def Reward in ep 100|
|Att Loss 0.0131 | Att Reward in ep 000|
|Def Estimated: [15 85]| Att Labels: [15 85]|
|Def Amount of true predicted attacks: [15 85]|
04/23/2025 09:10:02 - INFO - End of Episode.
|Episode 087/100| time: 2.08|
|Def Loss 0.0001 | Def Reward in ep 098|
|Att Loss 0.0149 | Att Reward in ep 002|
|Def Estimated: [23 77]| Att Labels: [21 79]|
|Def Amount of true predicted attacks: [21 77]|
04/23/2025 09:10:05 - INFO - End of Episode.
|Episode 088/100| time: 2.06|
|Def Loss 0.0001 | Def Reward in ep 100|
|Att Loss 0.0260 | Att Reward in ep 000|
|Def Estimated: [15 85]| Att Labels: [15 85]|
|Def Amount of true predicted attacks: [15 85]|
04/23/2025 09:10:07 - INFO - End of Episode.
|Episode 089/100| time: 2.06|
|Def Loss 0.0003 | Def Reward in ep 100|
|Att Loss 0.0181 | Att Reward in ep 000|
|Def Estimated: [14 86]| Att Labels: [14 86]|
|Def Amount of true predicted attacks: [14 86]|
04/23/2025 09:10:10 - INFO - End of Episode.
|Episode 090/100| time: 2.05|
|Def Loss 0.0001 | Def Reward in ep 100|
|Att Loss 0.0191 | Att Reward in ep 000|
|Def Estimated: [ 9 91]| Att Labels: [ 9 91]|
|Def Amount of true predicted attacks: [ 9 91]|
04/23/2025 09:10:13 - INFO - End of Episode.
|Episode 091/100| time: 2.05|
|Def Loss 0.0005 | Def Reward in ep 097|
|Att Loss 0.0174 | Att Reward in ep 003|
|Def Estimated: [16 84]| Att Labels: [13 87]|
|Def Amount of true predicted attacks: [13 84]|
04/23/2025 09:10:15 - INFO - End of Episode.
|Episode 092/100| time: 2.10|
|Def Loss 0.0001 | Def Reward in ep 100|
|Att Loss 0.0297 | Att Reward in ep 000|
|Def Estimated: [19 81]| Att Labels: [19 81]|
|Def Amount of true predicted attacks: [19 81]|
04/23/2025 09:10:18 - INFO - End of Episode.
|Episode 093/100| time: 2.08|
|Def Loss 0.0000 | Def Reward in ep 100|
|Att Loss 0.0260 | Att Reward in ep 000|
|Def Estimated: [13 87]| Att Labels: [13 87]|
|Def Amount of true predicted attacks: [13 87]|
04/23/2025 09:10:21 - INFO - End of Episode.
|Episode 094/100| time: 2.04|
|Def Loss 0.0003 | Def Reward in ep 100|
|Att Loss 0.0307 | Att Reward in ep 000|
|Def Estimated: [ 9 91]| Att Labels: [ 9 91]|
|Def Amount of true predicted attacks: [ 9 91]|
04/23/2025 09:10:23 - INFO - End of Episode.
|Episode 095/100| time: 2.06|
|Def Loss 0.0000 | Def Reward in ep 100|
|Att Loss 0.0337 | Att Reward in ep 000|
|Def Estimated: [12 88]| Att Labels: [12 88]|
|Def Amount of true predicted attacks: [12 88]|
04/23/2025 09:10:26 - INFO - End of Episode.
|Episode 096/100| time: 2.04|
|Def Loss 0.0000 | Def Reward in ep 100|
|Att Loss 0.0300 | Att Reward in ep 000|
|Def Estimated: [ 7 93]| Att Labels: [ 7 93]|
|Def Amount of true predicted attacks: [ 7 93]|
04/23/2025 09:10:29 - INFO - End of Episode.
|Episode 097/100| time: 2.05|
|Def Loss 0.0004 | Def Reward in ep 098|
|Att Loss 0.0297 | Att Reward in ep 002|
|Def Estimated: [15 85]| Att Labels: [13 87]|
|Def Amount of true predicted attacks: [13 85]|
04/23/2025 09:10:31 - INFO - End of Episode.
|Episode 098/100| time: 2.05|
|Def Loss 0.0002 | Def Reward in ep 100|
|Att Loss 0.0275 | Att Reward in ep 000|
|Def Estimated: [11 89]| Att Labels: [11 89]|
|Def Amount of true predicted attacks: [11 89]|
04/23/2025 09:10:34 - INFO - End of Episode.
|Episode 099/100| time: 2.09|
|Def Loss 0.0002 | Def Reward in ep 098|
|Att Loss 0.0405 | Att Reward in ep 002|
|Def Estimated: [20 80]| Att Labels: [18 82]|
|Def Amount of true predicted attacks: [18 80]|
04/23/2025 09:10:35 - INFO - Model 'attacker_model_cic_2017' saved in: /workspace/models/trained-models/2025-04-23-09-05-Linux-CIC-2018-17-DDOS-3rd-Run/attacker_model_cic.keras
04/23/2025 09:10:35 - INFO - Model summary:
Model: "attacker_model_cic_2017"
_________________________________________________________________
 Layer (type)                Output Shape              Param #   
=================================================================
 dense (Dense)               (None, 100)               6800      
                                                                 
 dense_1 (Dense)             (None, 100)               10100     
                                                                 
 dense_2 (Dense)             (None, 100)               10100     
                                                                 
 dense_3 (Dense)             (None, 100)               10100     
                                                                 
 dense_4 (Dense)             (None, 100)               10100     
                                                                 
 dense_5 (Dense)             (None, 8)                 808       
                                                                 
=================================================================
Total params: 48008 (187.53 KB)
Trainable params: 48008 (187.53 KB)
Non-trainable params: 0 (0.00 Byte)
_________________________________________________________________

04/23/2025 09:10:35 - INFO - Model 'defender_model' saved in: /workspace/models/trained-models/2025-04-23-09-05-Linux-CIC-2018-17-DDOS-3rd-Run/defender_model.keras
04/23/2025 09:10:35 - INFO - Model summary:
Model: "defender_model"
_________________________________________________________________
 Layer (type)                Output Shape              Param #   
=================================================================
 dense_12 (Dense)            (None, 100)               6800      
                                                                 
 dense_13 (Dense)            (None, 100)               10100     
                                                                 
 dense_14 (Dense)            (None, 100)               10100     
                                                                 
 dense_15 (Dense)            (None, 2)                 202       
                                                                 
=================================================================
Total params: 27202 (106.26 KB)
Trainable params: 27202 (106.26 KB)
Non-trainable params: 0 (0.00 Byte)
_________________________________________________________________

04/23/2025 09:10:35 - INFO - Saved trained models.
04/23/2025 09:10:35 - INFO - Total runtime: 00:04:47
04/23/2025 09:10:35 - INFO - End of the script at: 2025-04-23 09:10:35.416599
04/23/2025 09:10:38 - INFO - Debug information saved to /workspace/models/trained-models/2025-04-23-09-05-Linux-CIC-2018-17-DDOS-3rd-Run/logs/debug_info.json
04/23/2025 09:10:38 - INFO - Trying to save summary plots under: /workspace/models/trained-models/2025-04-23-09-05-Linux-CIC-2018-17-DDOS-3rd-Run/plots/
04/23/2025 09:10:39 - INFO - Plotted attack distributions during training in: /workspace/models/trained-models/2025-04-23-09-05-Linux-CIC-2018-17-DDOS-3rd-Run/plots/
04/23/2025 09:10:58 - INFO - Normalized confusion matrix
04/23/2025 09:10:58 - INFO - 
Confusion Matrix:
[[0.99227647 0.00772353]
 [0.00227966 0.99772034]]
04/23/2025 09:10:58 - INFO - Plotted confusion matrix in: /workspace/models/trained-models/2025-04-23-09-05-Linux-CIC-2018-17-DDOS-3rd-Run/plots/intraset/
04/23/2025 09:10:58 - INFO - Model summary:
Model: "defender_model"
_________________________________________________________________
 Layer (type)                Output Shape              Param #   
=================================================================
 dense_12 (Dense)            (None, 100)               6800      
                                                                 
 dense_13 (Dense)            (None, 100)               10100     
                                                                 
 dense_14 (Dense)            (None, 100)               10100     
                                                                 
 dense_15 (Dense)            (None, 2)                 202       
                                                                 
=================================================================
Total params: 27202 (106.26 KB)
Trainable params: 27202 (106.26 KB)
Non-trainable params: 0 (0.00 Byte)
_________________________________________________________________

loaded from: /workspace/models/trained-models/2025-04-23-09-05-Linux-CIC-2018-17-DDOS-3rd-Run/defender_model.keras
04/23/2025 09:11:00 - INFO - One vs All metric calculation: 
True positive: 818864 | False positive: 1313 | 
True negative: 168687 | False negative: 1871
Accuracy: 0.9968 | Recall: 0.9977 | Specificity: 0.9923 | Precision: 0.9984 | F1-Score: 0.9981 | False Positive Rate: 0.0077
04/23/2025 09:11:00 - INFO - Overall overview
Total reward: 987551 | Number of samples: 990735 | Accuracy = 99.68%
Overall overview per attack type
              Estimated Correct   Total Mismatch   F1_score
Benign           170558  168687  170000      558  99.065064
(D)DOS           820177  818864  820735      558  99.805962
Weigthed Avg.                                     99.678831
04/23/2025 09:11:01 - INFO - 
 Class  Support  Accuracy  Precision  Recall  F1-Score
Benign   170000    0.9923     0.9890  0.9923    0.9907
(D)DOS   820735    0.9977     0.9984  0.9977    0.9981
04/23/2025 09:11:01 - INFO - Overall weighted F1-score: 0.9968
04/23/2025 09:11:31 - INFO - 
One vs All metrics: 
     name  accuracy        f1  precision    recall
0  (D)DOS  0.996786  0.998060   0.998399  0.997720
1  Benign  0.996786  0.990651   0.989030  0.992276
04/23/2025 09:11:32 - INFO - Classification report:
              precision    recall  f1-score   support

      Benign       0.99      0.99      0.99    170000
      (D)DOS       1.00      1.00      1.00    820735

    accuracy                           1.00    990735
   macro avg       0.99      0.99      0.99    990735
weighted avg       1.00      1.00      1.00    990735

04/23/2025 09:11:45 - INFO - Model metrics: 
loss=0.01152949221432209, mse=0.023396015167236328, mae=0.07906192541122437
04/23/2025 09:11:45 - INFO - Optimizer config: {'name': 'Adam', 'weight_decay': None, 'clipnorm': None, 'global_clipnorm': None, 'clipvalue': None, 'use_ema': False, 'ema_momentum': 0.99, 'ema_overwrite_frequency': None, 'jit_compile': False, 'is_legacy_optimizer': False, 'learning_rate': 0.001, 'beta_1': 0.9, 'beta_2': 0.999, 'epsilon': 1e-07, 'amsgrad': False}
04/23/2025 09:11:45 - INFO - Time needed for testing: 65.6356692314148
04/23/2025 09:11:46 - INFO - Metrics exported to: /workspace/models/trained-models/2025-04-23-09-05-Linux-CIC-2018-17-DDOS-3rd-Run/logs/evaluation_metrics_defender_model.json
04/23/2025 09:11:53 - INFO - [Intra-Set] Accuracy: 0.4774, Recall: 0.1441, Precision: 0.9985, F1: 0.2519
04/23/2025 09:11:53 - INFO - Normalized confusion matrix
04/23/2025 09:11:53 - INFO - 
Confusion Matrix:
[[9.99650e-01 3.50000e-04]
 [8.55886e-01 1.44114e-01]]
04/23/2025 09:11:53 - INFO - Plotted confusion matrix in: /workspace/models/trained-models/2025-04-23-09-05-Linux-CIC-2018-17-DDOS-3rd-Run/plots/interset/
04/23/2025 09:11:53 - INFO - [Intra-Set] Confusion matrix saved to /workspace/models/trained-models/2025-04-23-09-05-Linux-CIC-2018-17-DDOS-3rd-Run/plots/
04/23/2025 09:11:58 - INFO - [Cross-Set] Model metrics: loss=0.2831258773803711, mse=0.5774492621421814, mae=0.6114104986190796
04/23/2025 09:11:58 - INFO - [Intra-Set] Evaluation completed. Metrics exported to: /workspace/models/trained-models/2025-04-23-09-05-Linux-CIC-2018-17-DDOS-3rd-Run/logs/evaluation_metrics_cross_defender_model.json
04/23/2025 09:11:58 - INFO - [Intra-Set] Time needed: 12.42 seconds
04/23/2025 09:11:58 - INFO - Finished script at: 2025-04-23-09-11
Total runtime: 0:06:11.096587
