05/06/2025 15:11:14 - INFO - Started script at: 2025-05-06-15-11
Current working dir: /workspace
Used data files: 
/workspace/data/datasets/origin-kaggle-com/nsl-kdd/KDDTrain+.txt,
/workspace/data/datasets/origin-kaggle-com/nsl-kdd/KDDTest+.txt
05/06/2025 15:11:14 - INFO - Creating enviroment...
05/06/2025 15:11:14 - INFO - Reading formated train data from: /workspace/data/datasets/formated/formated_training_data.csv
05/06/2025 15:11:15 - INFO - Reading formated test data from: /workspace/data/datasets/formated/formated_test_data.csv
05/06/2025 15:11:15 - INFO - Using Boruta feature selection with general_features features: 
['duration', 'src_bytes', 'dst_bytes', 'wrong_fragment', 'hot', 'num_failed_logins', 'logged_in', 'is_guest_login', 'count', 'srv_count', 'serror_rate', 'rerror_rate', 'same_srv_rate', 'diff_srv_rate', 'srv_diff_host_rate', 'dst_host_count', 'dst_host_srv_count', 'dst_host_same_srv_rate', 'dst_host_diff_srv_rate', 'dst_host_same_src_port_rate', 'dst_host_srv_diff_host_rate', 'icmp', 'tcp', 'udp', 'domain_u', 'eco_i', 'ecr_i', 'finger', 'ftp', 'ftp_data', 'http', 'other', 'private', 'smtp', 'telnet', 'urp_i', 'REJ', 'RSTO', 'RSTOS0', 'RSTR', 'SF', 'SH']
05/06/2025 15:11:15 - INFO - Initializing Attacker:Eve's ReplayMemory with observation_size=42 and max_size=1000
05/06/2025 15:11:16 - WARNING - Skipping variable loading for optimizer 'Adam', because it has 25 variables whereas the saved optimizer has 1 variables. 
05/06/2025 15:11:16 - INFO - Initializing Defender's ReplayMemory with observation_size=42 and max_size=1000
05/06/2025 15:11:16 - WARNING - Skipping variable loading for optimizer 'Adam', because it has 17 variables whereas the saved optimizer has 1 variables. 
05/06/2025 15:11:16 - INFO - Start Training with the following parameters:
-----------------------------------------------------------------------------------------------------------------------
Total episodes: 100 | Iterations in episode: 100 | <Attacker> Minibatch from mem size: 100 | Total Samples: 10000 | <Defender> Minibatch from mem size: 100 | Data shape: (125973, 82)
-----------------------------------------------------------------------------------------------------------------------
Attacker<Attack-Type>: Num_actions=23 | gamma=0.001 | epsilon=1 | ANN hidden size=100 | ANN hidden layers=5 | Learning rate=0.001
-----------------------------------------------------------------------------------------------------------------------
Defender: Num_actions=5 | gamma=0.001 | epsilon=1 | ANN hidden size=100 | ANN hidden layers=3 | Learning rate=0.001
-----------------------------------------------------------------------------------------------------------------------
Used Attack types: '['normal', 'DoS', 'Probe', 'R2L', 'U2R']' | Attack name(s): ['normal', 'back', 'land', 'neptune', 'pod', 'smurf', 'teardrop', 'ipsweep', 'nmap', 'portsweep', 'satan', 'ftp_write', 'guess_passwd', 'imap', 'multihop', 'phf', 'spy', 'warezclient', 'warezmaster', 'buffer_overflow', 'loadmodule', 'perl', 'rootkit']
-----------------------------------------------------------------------------------------------------------------------

05/06/2025 15:11:16 - INFO - End of Epoch.
|Epoch 000/100| time: 0.48|
|Def Loss 0.0000 | Def Reward in ep 018|
|Att Loss 0.0000 | Att Reward in ep 082|
|Def Estimated: [19 14 21 18 28]| Att Labels: [ 4 22 21 40 13]|
|Def Amount of true predicted attacks: [1 2 4 7 4]|
05/06/2025 15:11:17 - WARNING - 5 out of the last 5 calls to <function QNetwork.predict at 0x74152d576700> triggered tf.function retracing. Tracing is expensive and the excessive number of tracings could be due to (1) creating @tf.function repeatedly in a loop, (2) passing tensors with different shapes, (3) passing Python objects instead of tensors. For (1), please define your @tf.function outside of the loop. For (2), @tf.function has reduce_retracing=True option that can avoid unnecessary retracing. For (3), please refer to https://www.tensorflow.org/guide/function#controlling_retracing and https://www.tensorflow.org/api_docs/python/tf/function for  more details.
05/06/2025 15:11:18 - WARNING - 6 out of the last 11 calls to <function QNetwork.predict at 0x74152d576700> triggered tf.function retracing. Tracing is expensive and the excessive number of tracings could be due to (1) creating @tf.function repeatedly in a loop, (2) passing tensors with different shapes, (3) passing Python objects instead of tensors. For (1), please define your @tf.function outside of the loop. For (2), @tf.function has reduce_retracing=True option that can avoid unnecessary retracing. For (3), please refer to https://www.tensorflow.org/guide/function#controlling_retracing and https://www.tensorflow.org/api_docs/python/tf/function for  more details.
05/06/2025 15:11:22 - INFO - End of Epoch.
|Epoch 001/100| time: 6.00|
|Def Loss 0.4823 | Def Reward in ep 039|
|Att Loss 0.3975 | Att Reward in ep 061|
|Def Estimated: [10 15 14 42 19]| Att Labels: [ 3 34 17 30 16]|
|Def Amount of true predicted attacks: [ 1  7  7 15  9]|
05/06/2025 15:11:27 - INFO - End of Epoch.
|Epoch 002/100| time: 4.40|
|Def Loss 0.3049 | Def Reward in ep 073|
|Att Loss 0.3267 | Att Reward in ep 027|
|Def Estimated: [ 3 20 17 41 19]| Att Labels: [ 3 21 13 40 23]|
|Def Amount of true predicted attacks: [ 1 18 12 30 12]|
05/06/2025 15:11:31 - INFO - End of Epoch.
|Epoch 003/100| time: 4.40|
|Def Loss 0.2747 | Def Reward in ep 087|
|Att Loss 0.3468 | Att Reward in ep 013|
|Def Estimated: [ 1 29 22 34 14]| Att Labels: [ 3 34 20 28 15]|
|Def Amount of true predicted attacks: [ 1 29 20 27 10]|
05/06/2025 15:11:35 - INFO - End of Epoch.
|Epoch 004/100| time: 4.36|
|Def Loss 0.2562 | Def Reward in ep 083|
|Att Loss 0.3387 | Att Reward in ep 017|
|Def Estimated: [ 2 32 17 38 11]| Att Labels: [ 9 26 15 35 15]|
|Def Amount of true predicted attacks: [ 0 24 15 33 11]|
05/06/2025 15:11:40 - INFO - End of Epoch.
|Epoch 005/100| time: 4.37|
|Def Loss 0.2553 | Def Reward in ep 090|
|Att Loss 0.3150 | Att Reward in ep 010|
|Def Estimated: [ 2 31 18 36 13]| Att Labels: [ 8 25 17 35 15]|
|Def Amount of true predicted attacks: [ 2 24 17 34 13]|
05/06/2025 15:11:44 - INFO - End of Epoch.
|Epoch 006/100| time: 4.56|
|Def Loss 0.2462 | Def Reward in ep 088|
|Att Loss 0.3031 | Att Reward in ep 012|
|Def Estimated: [ 5 29  7 41 18]| Att Labels: [ 7 29  8 36 20]|
|Def Amount of true predicted attacks: [ 4 28  7 34 15]|
05/06/2025 15:11:49 - INFO - End of Epoch.
|Epoch 007/100| time: 4.40|
|Def Loss 0.2507 | Def Reward in ep 091|
|Att Loss 0.3008 | Att Reward in ep 009|
|Def Estimated: [ 5 28 16 33 18]| Att Labels: [ 8 23 16 36 17]|
|Def Amount of true predicted attacks: [ 3 23 16 33 16]|
05/06/2025 15:11:53 - INFO - End of Epoch.
|Epoch 008/100| time: 4.52|
|Def Loss 0.2720 | Def Reward in ep 085|
|Att Loss 0.2819 | Att Reward in ep 015|
|Def Estimated: [11 25 13 36 15]| Att Labels: [17 22 13 34 14]|
|Def Amount of true predicted attacks: [11 21 12 29 12]|
05/06/2025 15:11:58 - INFO - End of Epoch.
|Epoch 009/100| time: 4.54|
|Def Loss 0.2676 | Def Reward in ep 087|
|Att Loss 0.2776 | Att Reward in ep 013|
|Def Estimated: [11 25 15 30 19]| Att Labels: [14 23 15 31 17]|
|Def Amount of true predicted attacks: [ 9 23 14 26 15]|
05/06/2025 15:12:03 - INFO - End of Epoch.
|Epoch 010/100| time: 4.70|
|Def Loss 0.2611 | Def Reward in ep 088|
|Att Loss 0.2162 | Att Reward in ep 012|
|Def Estimated: [ 8 26 12 32 22]| Att Labels: [15 24 10 31 20]|
|Def Amount of true predicted attacks: [ 8 24 10 28 18]|
05/06/2025 15:12:07 - INFO - End of Epoch.
|Epoch 011/100| time: 4.66|
|Def Loss 0.3219 | Def Reward in ep 086|
|Att Loss 0.1353 | Att Reward in ep 014|
|Def Estimated: [10 27 22 28 13]| Att Labels: [12 22 21 35 10]|
|Def Amount of true predicted attacks: [ 8 21 21 27  9]|
05/06/2025 15:12:12 - INFO - End of Epoch.
|Epoch 012/100| time: 4.63|
|Def Loss 0.2879 | Def Reward in ep 093|
|Att Loss 0.0860 | Att Reward in ep 007|
|Def Estimated: [14 19 17 31 19]| Att Labels: [13 19 17 32 19]|
|Def Amount of true predicted attacks: [12 19 16 29 17]|
05/06/2025 15:12:17 - INFO - End of Epoch.
|Epoch 013/100| time: 4.69|
|Def Loss 0.2388 | Def Reward in ep 088|
|Att Loss 0.0823 | Att Reward in ep 012|
|Def Estimated: [15 14 19 39 13]| Att Labels: [15 15 18 37 15]|
|Def Amount of true predicted attacks: [13 12 17 34 12]|
05/06/2025 15:12:22 - INFO - End of Epoch.
|Epoch 014/100| time: 5.14|
|Def Loss 0.2355 | Def Reward in ep 091|
|Att Loss 0.0718 | Att Reward in ep 009|
|Def Estimated: [20 27 22 21 10]| Att Labels: [23 27 20 18 12]|
|Def Amount of true predicted attacks: [19 25 20 17 10]|
05/06/2025 15:12:26 - INFO - End of Epoch.
|Epoch 015/100| time: 4.71|
|Def Loss 0.2445 | Def Reward in ep 093|
|Att Loss 0.0628 | Att Reward in ep 007|
|Def Estimated: [12 20 16 34 18]| Att Labels: [13 19 16 32 20]|
|Def Amount of true predicted attacks: [11 19 15 31 17]|
05/06/2025 15:12:31 - INFO - End of Epoch.
|Epoch 016/100| time: 4.91|
|Def Loss 0.2401 | Def Reward in ep 087|
|Att Loss 0.0595 | Att Reward in ep 013|
|Def Estimated: [16 24 17 29 14]| Att Labels: [20 19 17 29 15]|
|Def Amount of true predicted attacks: [15 19 14 25 14]|
05/06/2025 15:12:36 - INFO - End of Epoch.
|Epoch 017/100| time: 4.81|
|Def Loss 0.2188 | Def Reward in ep 094|
|Att Loss 0.0603 | Att Reward in ep 006|
|Def Estimated: [16 14 11 38 21]| Att Labels: [17 13 11 37 22]|
|Def Amount of true predicted attacks: [16 12 11 35 20]|
05/06/2025 15:12:41 - INFO - End of Epoch.
|Epoch 018/100| time: 4.88|
|Def Loss 0.2335 | Def Reward in ep 095|
|Att Loss 0.0506 | Att Reward in ep 005|
|Def Estimated: [11 27 17 31 14]| Att Labels: [12 27 14 30 17]|
|Def Amount of true predicted attacks: [10 27 14 30 14]|
05/06/2025 15:12:46 - INFO - End of Epoch.
|Epoch 019/100| time: 5.16|
|Def Loss 0.1979 | Def Reward in ep 099|
|Att Loss 0.0510 | Att Reward in ep 001|
|Def Estimated: [11 24 15 34 16]| Att Labels: [11 24 15 35 15]|
|Def Amount of true predicted attacks: [11 24 15 34 15]|
05/06/2025 15:12:51 - INFO - End of Epoch.
|Epoch 020/100| time: 4.95|
|Def Loss 0.1570 | Def Reward in ep 095|
|Att Loss 0.0485 | Att Reward in ep 005|
|Def Estimated: [14 23 18 37  8]| Att Labels: [15 21 18 37  9]|
|Def Amount of true predicted attacks: [13 20 17 37  8]|
05/06/2025 15:12:56 - INFO - End of Epoch.
|Epoch 021/100| time: 4.99|
|Def Loss 0.1457 | Def Reward in ep 093|
|Att Loss 0.0403 | Att Reward in ep 007|
|Def Estimated: [15 23 12 31 19]| Att Labels: [16 24 13 27 20]|
|Def Amount of true predicted attacks: [15 22 12 26 18]|
05/06/2025 15:13:01 - INFO - End of Epoch.
|Epoch 022/100| time: 5.01|
|Def Loss 0.1902 | Def Reward in ep 087|
|Att Loss 0.0464 | Att Reward in ep 013|
|Def Estimated: [10 25 15 34 16]| Att Labels: [15 24 14 32 15]|
|Def Amount of true predicted attacks: [ 9 23 14 28 13]|
05/06/2025 15:13:06 - INFO - End of Epoch.
|Epoch 023/100| time: 4.96|
|Def Loss 0.1901 | Def Reward in ep 098|
|Att Loss 0.0386 | Att Reward in ep 002|
|Def Estimated: [12 25 13 37 13]| Att Labels: [13 25 13 35 14]|
|Def Amount of true predicted attacks: [12 25 13 35 13]|
05/06/2025 15:13:11 - INFO - End of Epoch.
|Epoch 024/100| time: 5.40|
|Def Loss 0.1694 | Def Reward in ep 095|
|Att Loss 0.0327 | Att Reward in ep 005|
|Def Estimated: [14 15 19 31 21]| Att Labels: [16 14 19 31 20]|
|Def Amount of true predicted attacks: [14 14 18 30 19]|
05/06/2025 15:13:16 - INFO - End of Epoch.
|Epoch 025/100| time: 5.02|
|Def Loss 0.1594 | Def Reward in ep 090|
|Att Loss 0.0383 | Att Reward in ep 010|
|Def Estimated: [19 25 11 36  9]| Att Labels: [16 28 11 37  8]|
|Def Amount of true predicted attacks: [14 25 11 33  7]|
05/06/2025 15:13:21 - INFO - End of Epoch.
|Epoch 026/100| time: 5.00|
|Def Loss 0.1640 | Def Reward in ep 095|
|Att Loss 0.0388 | Att Reward in ep 005|
|Def Estimated: [13 29 16 26 16]| Att Labels: [14 30 15 25 16]|
|Def Amount of true predicted attacks: [13 29 15 24 14]|
05/06/2025 15:13:27 - INFO - End of Epoch.
|Epoch 027/100| time: 5.06|
|Def Loss 0.1643 | Def Reward in ep 095|
|Att Loss 0.0341 | Att Reward in ep 005|
|Def Estimated: [ 9 23 15 34 19]| Att Labels: [11 23 14 34 18]|
|Def Amount of true predicted attacks: [ 8 23 14 32 18]|
05/06/2025 15:13:32 - INFO - End of Epoch.
|Epoch 028/100| time: 5.29|
|Def Loss 0.1474 | Def Reward in ep 095|
|Att Loss 0.0345 | Att Reward in ep 005|
|Def Estimated: [14 26 11 25 24]| Att Labels: [14 26 11 26 23]|
|Def Amount of true predicted attacks: [14 26 11 23 21]|
05/06/2025 15:13:37 - INFO - End of Epoch.
|Epoch 029/100| time: 4.94|
|Def Loss 0.1575 | Def Reward in ep 096|
|Att Loss 0.0373 | Att Reward in ep 004|
|Def Estimated: [ 9 27 13 42  9]| Att Labels: [ 9 24 15 42 10]|
|Def Amount of true predicted attacks: [ 9 24 13 41  9]|
05/06/2025 15:13:42 - INFO - End of Epoch.
|Epoch 030/100| time: 5.11|
|Def Loss 0.1661 | Def Reward in ep 095|
|Att Loss 0.0441 | Att Reward in ep 005|
|Def Estimated: [12 19 20 33 16]| Att Labels: [12 18 21 34 15]|
|Def Amount of true predicted attacks: [10 18 19 33 15]|
05/06/2025 15:13:47 - INFO - End of Epoch.
|Epoch 031/100| time: 5.05|
|Def Loss 0.1236 | Def Reward in ep 099|
|Att Loss 0.0370 | Att Reward in ep 001|
|Def Estimated: [11 24 14 38 13]| Att Labels: [11 24 14 37 14]|
|Def Amount of true predicted attacks: [11 24 14 37 13]|
05/06/2025 15:13:52 - INFO - End of Epoch.
|Epoch 032/100| time: 5.08|
|Def Loss 0.1153 | Def Reward in ep 094|
|Att Loss 0.0356 | Att Reward in ep 006|
|Def Estimated: [14 19 17 29 21]| Att Labels: [15 17 17 32 19]|
|Def Amount of true predicted attacks: [13 17 16 29 19]|
05/06/2025 15:13:57 - INFO - End of Epoch.
|Epoch 033/100| time: 5.40|
|Def Loss 0.1296 | Def Reward in ep 093|
|Att Loss 0.0321 | Att Reward in ep 007|
|Def Estimated: [14 25 10 36 15]| Att Labels: [18 24  9 37 12]|
|Def Amount of true predicted attacks: [14 24  9 34 12]|
05/06/2025 15:14:02 - INFO - End of Epoch.
|Epoch 034/100| time: 5.09|
|Def Loss 0.1534 | Def Reward in ep 092|
|Att Loss 0.0397 | Att Reward in ep 008|
|Def Estimated: [15 23 20 24 18]| Att Labels: [14 25 19 26 16]|
|Def Amount of true predicted attacks: [12 23 19 23 15]|
05/06/2025 15:14:08 - INFO - End of Epoch.
|Epoch 035/100| time: 5.07|
|Def Loss 0.1460 | Def Reward in ep 097|
|Att Loss 0.0450 | Att Reward in ep 003|
|Def Estimated: [13 23 16 37 11]| Att Labels: [13 23 15 39 10]|
|Def Amount of true predicted attacks: [12 23 15 37 10]|
05/06/2025 15:14:13 - INFO - End of Epoch.
|Epoch 036/100| time: 5.14|
|Def Loss 0.1345 | Def Reward in ep 095|
|Att Loss 0.0392 | Att Reward in ep 005|
|Def Estimated: [13 28 13 27 19]| Att Labels: [14 29 13 27 17]|
|Def Amount of true predicted attacks: [12 28 13 25 17]|
05/06/2025 15:14:18 - INFO - End of Epoch.
|Epoch 037/100| time: 5.42|
|Def Loss 0.1549 | Def Reward in ep 093|
|Att Loss 0.0371 | Att Reward in ep 007|
|Def Estimated: [13 25 13 35 14]| Att Labels: [16 25 14 32 13]|
|Def Amount of true predicted attacks: [12 23 13 32 13]|
05/06/2025 15:14:23 - INFO - End of Epoch.
|Epoch 038/100| time: 5.11|
|Def Loss 0.1582 | Def Reward in ep 098|
|Att Loss 0.0378 | Att Reward in ep 002|
|Def Estimated: [14 23 19 35  9]| Att Labels: [15 23 19 35  8]|
|Def Amount of true predicted attacks: [14 23 19 34  8]|
05/06/2025 15:14:28 - INFO - End of Epoch.
|Epoch 039/100| time: 5.13|
|Def Loss 0.1258 | Def Reward in ep 096|
|Att Loss 0.0323 | Att Reward in ep 004|
|Def Estimated: [13 30 13 31 13]| Att Labels: [14 31 11 30 14]|
|Def Amount of true predicted attacks: [13 30 11 29 13]|
05/06/2025 15:14:33 - INFO - End of Epoch.
|Epoch 040/100| time: 5.08|
|Def Loss 0.1252 | Def Reward in ep 095|
|Att Loss 0.0363 | Att Reward in ep 005|
|Def Estimated: [11 26 13 34 16]| Att Labels: [12 26 12 34 16]|
|Def Amount of true predicted attacks: [ 9 25 12 33 16]|
05/06/2025 15:14:39 - INFO - End of Epoch.
|Epoch 041/100| time: 5.12|
|Def Loss 0.1462 | Def Reward in ep 098|
|Att Loss 0.0367 | Att Reward in ep 002|
|Def Estimated: [13 26 15 34 12]| Att Labels: [14 26 15 34 11]|
|Def Amount of true predicted attacks: [13 26 15 33 11]|
05/06/2025 15:14:44 - INFO - End of Epoch.
|Epoch 042/100| time: 5.47|
|Def Loss 0.1100 | Def Reward in ep 093|
|Att Loss 0.0343 | Att Reward in ep 007|
|Def Estimated: [18 16 18 29 19]| Att Labels: [18 19 18 27 18]|
|Def Amount of true predicted attacks: [16 16 17 26 18]|
05/06/2025 15:14:49 - INFO - End of Epoch.
|Epoch 043/100| time: 5.18|
|Def Loss 0.1042 | Def Reward in ep 097|
|Att Loss 0.0332 | Att Reward in ep 003|
|Def Estimated: [13 24 15 35 13]| Att Labels: [14 24 14 33 15]|
|Def Amount of true predicted attacks: [13 24 14 33 13]|
05/06/2025 15:14:54 - INFO - End of Epoch.
|Epoch 044/100| time: 5.16|
|Def Loss 0.0855 | Def Reward in ep 095|
|Att Loss 0.0318 | Att Reward in ep 005|
|Def Estimated: [16 21 13 31 19]| Att Labels: [17 20 13 31 19]|
|Def Amount of true predicted attacks: [16 20 12 29 18]|
05/06/2025 15:14:59 - INFO - End of Epoch.
|Epoch 045/100| time: 5.09|
|Def Loss 0.1158 | Def Reward in ep 095|
|Att Loss 0.0338 | Att Reward in ep 005|
|Def Estimated: [12 31 17 28 12]| Att Labels: [12 30 17 27 14]|
|Def Amount of true predicted attacks: [11 30 17 25 12]|
05/06/2025 15:15:05 - INFO - End of Epoch.
|Epoch 046/100| time: 5.41|
|Def Loss 0.1145 | Def Reward in ep 093|
|Att Loss 0.0289 | Att Reward in ep 007|
|Def Estimated: [14 19 16 36 15]| Att Labels: [17 19 15 33 16]|
|Def Amount of true predicted attacks: [14 19 15 32 13]|
05/06/2025 15:15:10 - INFO - End of Epoch.
|Epoch 047/100| time: 5.10|
|Def Loss 0.1339 | Def Reward in ep 092|
|Att Loss 0.0433 | Att Reward in ep 008|
|Def Estimated: [15 13 23 32 17]| Att Labels: [15 16 22 29 18]|
|Def Amount of true predicted attacks: [14 13 21 28 16]|
05/06/2025 15:15:15 - INFO - End of Epoch.
|Epoch 048/100| time: 5.04|
|Def Loss 0.1279 | Def Reward in ep 093|
|Att Loss 0.0342 | Att Reward in ep 007|
|Def Estimated: [10 14 13 39 24]| Att Labels: [12 15 13 42 18]|
|Def Amount of true predicted attacks: [10 14 13 38 18]|
05/06/2025 15:15:20 - INFO - End of Epoch.
|Epoch 049/100| time: 5.11|
|Def Loss 0.1316 | Def Reward in ep 098|
|Att Loss 0.0389 | Att Reward in ep 002|
|Def Estimated: [13 30 14 27 16]| Att Labels: [14 29 14 26 17]|
|Def Amount of true predicted attacks: [13 29 14 26 16]|
05/06/2025 15:15:25 - INFO - End of Epoch.
|Epoch 050/100| time: 5.09|
|Def Loss 0.1327 | Def Reward in ep 099|
|Att Loss 0.0340 | Att Reward in ep 001|
|Def Estimated: [12 25 18 28 17]| Att Labels: [12 25 18 29 16]|
|Def Amount of true predicted attacks: [12 25 18 28 16]|
05/06/2025 15:15:31 - INFO - End of Epoch.
|Epoch 051/100| time: 5.45|
|Def Loss 0.1115 | Def Reward in ep 096|
|Att Loss 0.0306 | Att Reward in ep 004|
|Def Estimated: [13 22 21 28 16]| Att Labels: [16 20 21 29 14]|
|Def Amount of true predicted attacks: [13 20 21 28 14]|
05/06/2025 15:15:36 - INFO - End of Epoch.
|Epoch 052/100| time: 5.12|
|Def Loss 0.1226 | Def Reward in ep 093|
|Att Loss 0.0359 | Att Reward in ep 007|
|Def Estimated: [18 26 10 28 18]| Att Labels: [16 27 10 30 17]|
|Def Amount of true predicted attacks: [15 25 10 27 16]|
05/06/2025 15:15:41 - INFO - End of Epoch.
|Epoch 053/100| time: 5.09|
|Def Loss 0.1428 | Def Reward in ep 095|
|Att Loss 0.0327 | Att Reward in ep 005|
|Def Estimated: [16 27 16 24 17]| Att Labels: [13 29 18 24 16]|
|Def Amount of true predicted attacks: [13 27 16 23 16]|
05/06/2025 15:15:46 - INFO - End of Epoch.
|Epoch 054/100| time: 5.01|
|Def Loss 0.1490 | Def Reward in ep 092|
|Att Loss 0.0308 | Att Reward in ep 008|
|Def Estimated: [ 9 24 13 38 16]| Att Labels: [ 9 24 13 37 17]|
|Def Amount of true predicted attacks: [ 8 23 12 35 14]|
05/06/2025 15:15:51 - INFO - End of Epoch.
|Epoch 055/100| time: 5.40|
|Def Loss 0.1320 | Def Reward in ep 096|
|Att Loss 0.0350 | Att Reward in ep 004|
|Def Estimated: [12 19 20 26 23]| Att Labels: [15 18 20 26 21]|
|Def Amount of true predicted attacks: [12 18 20 25 21]|
05/06/2025 15:15:56 - INFO - End of Epoch.
|Epoch 056/100| time: 5.10|
|Def Loss 0.1166 | Def Reward in ep 097|
|Att Loss 0.0313 | Att Reward in ep 003|
|Def Estimated: [ 8 35 20 26 11]| Att Labels: [ 7 34 22 25 12]|
|Def Amount of true predicted attacks: [ 7 34 20 25 11]|
05/06/2025 15:16:02 - INFO - End of Epoch.
|Epoch 057/100| time: 5.16|
|Def Loss 0.1343 | Def Reward in ep 094|
|Att Loss 0.0243 | Att Reward in ep 006|
|Def Estimated: [14 28 16 26 16]| Att Labels: [16 27 16 23 18]|
|Def Amount of true predicted attacks: [14 27 15 22 16]|
05/06/2025 15:16:07 - INFO - End of Epoch.
|Epoch 058/100| time: 5.07|
|Def Loss 0.1367 | Def Reward in ep 095|
|Att Loss 0.0198 | Att Reward in ep 005|
|Def Estimated: [13 27  7 38 15]| Att Labels: [14 27  7 37 15]|
|Def Amount of true predicted attacks: [12 27  7 36 13]|
05/06/2025 15:16:12 - INFO - End of Epoch.
|Epoch 059/100| time: 5.21|
|Def Loss 0.1361 | Def Reward in ep 096|
|Att Loss 0.0209 | Att Reward in ep 004|
|Def Estimated: [10 27 15 32 16]| Att Labels: [12 26 14 34 14]|
|Def Amount of true predicted attacks: [10 26 14 32 14]|
05/06/2025 15:16:17 - INFO - End of Epoch.
|Epoch 060/100| time: 5.32|
|Def Loss 0.1140 | Def Reward in ep 093|
|Att Loss 0.0262 | Att Reward in ep 007|
|Def Estimated: [11 30 15 30 14]| Att Labels: [10 30 16 26 18]|
|Def Amount of true predicted attacks: [10 29 15 25 14]|
05/06/2025 15:16:22 - INFO - End of Epoch.
|Epoch 061/100| time: 5.12|
|Def Loss 0.1276 | Def Reward in ep 096|
|Att Loss 0.0238 | Att Reward in ep 004|
|Def Estimated: [13 26 17 29 15]| Att Labels: [14 27 17 28 14]|
|Def Amount of true predicted attacks: [13 26 17 27 13]|
05/06/2025 15:16:27 - INFO - End of Epoch.
|Epoch 062/100| time: 5.11|
|Def Loss 0.1241 | Def Reward in ep 092|
|Att Loss 0.0218 | Att Reward in ep 008|
|Def Estimated: [12 28 21 28 11]| Att Labels: [11 26 21 30 12]|
|Def Amount of true predicted attacks: [10 26 21 26  9]|
05/06/2025 15:16:32 - INFO - End of Epoch.
|Epoch 063/100| time: 5.08|
|Def Loss 0.1306 | Def Reward in ep 094|
|Att Loss 0.0286 | Att Reward in ep 006|
|Def Estimated: [11 27 13 31 18]| Att Labels: [10 30 13 30 17]|
|Def Amount of true predicted attacks: [10 27 12 28 17]|
05/06/2025 15:16:38 - INFO - End of Epoch.
|Epoch 064/100| time: 5.35|
|Def Loss 0.1124 | Def Reward in ep 099|
|Att Loss 0.0262 | Att Reward in ep 001|
|Def Estimated: [ 9 26 21 35  9]| Att Labels: [ 9 26 21 34 10]|
|Def Amount of true predicted attacks: [ 9 26 21 34  9]|
05/06/2025 15:16:43 - INFO - End of Epoch.
|Epoch 065/100| time: 5.13|
|Def Loss 0.0792 | Def Reward in ep 098|
|Att Loss 0.0289 | Att Reward in ep 002|
|Def Estimated: [18 23 12 31 16]| Att Labels: [18 25 12 30 15]|
|Def Amount of true predicted attacks: [18 23 12 30 15]|
05/06/2025 15:16:48 - INFO - End of Epoch.
|Epoch 066/100| time: 5.14|
|Def Loss 0.0916 | Def Reward in ep 093|
|Att Loss 0.0332 | Att Reward in ep 007|
|Def Estimated: [13 28 14 26 19]| Att Labels: [15 27 15 25 18]|
|Def Amount of true predicted attacks: [12 26 14 23 18]|
05/06/2025 15:16:53 - INFO - End of Epoch.
|Epoch 067/100| time: 5.14|
|Def Loss 0.0953 | Def Reward in ep 096|
|Att Loss 0.0370 | Att Reward in ep 004|
|Def Estimated: [ 8 34 19 26 13]| Att Labels: [10 34 18 27 11]|
|Def Amount of true predicted attacks: [ 8 33 18 26 11]|
05/06/2025 15:16:58 - INFO - End of Epoch.
|Epoch 068/100| time: 5.25|
|Def Loss 0.0770 | Def Reward in ep 099|
|Att Loss 0.0322 | Att Reward in ep 001|
|Def Estimated: [15 32 11 30 12]| Att Labels: [14 32 11 30 13]|
|Def Amount of true predicted attacks: [14 32 11 30 12]|
05/06/2025 15:17:04 - INFO - End of Epoch.
|Epoch 069/100| time: 5.31|
|Def Loss 0.0738 | Def Reward in ep 094|
|Att Loss 0.0290 | Att Reward in ep 006|
|Def Estimated: [10 20 22 32 16]| Att Labels: [11 21 22 32 14]|
|Def Amount of true predicted attacks: [10 19 22 30 13]|
05/06/2025 15:17:09 - INFO - End of Epoch.
|Epoch 070/100| time: 5.14|
|Def Loss 0.0797 | Def Reward in ep 097|
|Att Loss 0.0359 | Att Reward in ep 003|
|Def Estimated: [15 29 16 25 15]| Att Labels: [16 30 16 25 13]|
|Def Amount of true predicted attacks: [15 29 16 24 13]|
05/06/2025 15:17:14 - INFO - End of Epoch.
|Epoch 071/100| time: 5.10|
|Def Loss 0.0869 | Def Reward in ep 095|
|Att Loss 0.0314 | Att Reward in ep 005|
|Def Estimated: [12 31 12 33 12]| Att Labels: [13 29 12 33 13]|
|Def Amount of true predicted attacks: [12 28 12 32 11]|
05/06/2025 15:17:19 - INFO - End of Epoch.
|Epoch 072/100| time: 4.98|
|Def Loss 0.0845 | Def Reward in ep 092|
|Att Loss 0.0347 | Att Reward in ep 008|
|Def Estimated: [ 9 22 19 32 18]| Att Labels: [10 22 19 34 15]|
|Def Amount of true predicted attacks: [ 8 21 19 30 14]|
05/06/2025 15:17:24 - INFO - End of Epoch.
|Epoch 073/100| time: 5.40|
|Def Loss 0.0738 | Def Reward in ep 098|
|Att Loss 0.0368 | Att Reward in ep 002|
|Def Estimated: [13 31 12 30 14]| Att Labels: [14 32 11 29 14]|
|Def Amount of true predicted attacks: [13 31 11 29 14]|
05/06/2025 15:17:29 - INFO - End of Epoch.
|Epoch 074/100| time: 5.05|
|Def Loss 0.0680 | Def Reward in ep 097|
|Att Loss 0.0374 | Att Reward in ep 003|
|Def Estimated: [11 32 23 25  9]| Att Labels: [10 32 22 25 11]|
|Def Amount of true predicted attacks: [10 32 22 24  9]|
05/06/2025 15:17:35 - INFO - End of Epoch.
|Epoch 075/100| time: 5.11|
|Def Loss 0.0677 | Def Reward in ep 095|
|Att Loss 0.0348 | Att Reward in ep 005|
|Def Estimated: [12 22 19 30 17]| Att Labels: [16 21 18 27 18]|
|Def Amount of true predicted attacks: [12 21 18 27 17]|
05/06/2025 15:17:40 - INFO - End of Epoch.
|Epoch 076/100| time: 5.15|
|Def Loss 0.0819 | Def Reward in ep 096|
|Att Loss 0.0281 | Att Reward in ep 004|
|Def Estimated: [15 27  9 30 19]| Att Labels: [17 27  9 28 19]|
|Def Amount of true predicted attacks: [15 27  9 27 18]|
05/06/2025 15:17:45 - INFO - End of Epoch.
|Epoch 077/100| time: 5.07|
|Def Loss 0.0879 | Def Reward in ep 095|
|Att Loss 0.0257 | Att Reward in ep 005|
|Def Estimated: [11 30 14 28 17]| Att Labels: [11 30 13 30 16]|
|Def Amount of true predicted attacks: [11 30 13 27 14]|
05/06/2025 15:17:50 - INFO - End of Epoch.
|Epoch 078/100| time: 5.45|
|Def Loss 0.0797 | Def Reward in ep 099|
|Att Loss 0.0210 | Att Reward in ep 001|
|Def Estimated: [18 27 14 25 16]| Att Labels: [18 27 14 26 15]|
|Def Amount of true predicted attacks: [18 27 14 25 15]|
05/06/2025 15:17:55 - INFO - End of Epoch.
|Epoch 079/100| time: 5.09|
|Def Loss 0.0725 | Def Reward in ep 096|
|Att Loss 0.0252 | Att Reward in ep 004|
|Def Estimated: [18 15 17 35 15]| Att Labels: [15 14 18 36 17]|
|Def Amount of true predicted attacks: [15 14 17 35 15]|
05/06/2025 15:18:00 - INFO - End of Epoch.
|Epoch 080/100| time: 5.08|
|Def Loss 0.0826 | Def Reward in ep 098|
|Att Loss 0.0226 | Att Reward in ep 002|
|Def Estimated: [14 19 15 36 16]| Att Labels: [15 19 15 37 14]|
|Def Amount of true predicted attacks: [14 19 15 36 14]|
05/06/2025 15:18:05 - INFO - End of Epoch.
|Epoch 081/100| time: 5.04|
|Def Loss 0.0902 | Def Reward in ep 093|
|Att Loss 0.0222 | Att Reward in ep 007|
|Def Estimated: [11 25 18 27 19]| Att Labels: [10 25 18 24 23]|
|Def Amount of true predicted attacks: [10 25 18 22 18]|
05/06/2025 15:18:11 - INFO - End of Epoch.
|Epoch 082/100| time: 5.35|
|Def Loss 0.1023 | Def Reward in ep 097|
|Att Loss 0.0193 | Att Reward in ep 003|
|Def Estimated: [12 23 11 37 17]| Att Labels: [11 22 11 38 18]|
|Def Amount of true predicted attacks: [11 21 11 37 17]|
05/06/2025 15:18:16 - INFO - End of Epoch.
|Epoch 083/100| time: 5.04|
|Def Loss 0.0883 | Def Reward in ep 098|
|Att Loss 0.0174 | Att Reward in ep 002|
|Def Estimated: [ 9 27 15 28 21]| Att Labels: [ 9 26 16 27 22]|
|Def Amount of true predicted attacks: [ 9 26 15 27 21]|
05/06/2025 15:18:21 - INFO - End of Epoch.
|Epoch 084/100| time: 5.13|
|Def Loss 0.0799 | Def Reward in ep 097|
|Att Loss 0.0155 | Att Reward in ep 003|
|Def Estimated: [18 29 13 22 18]| Att Labels: [18 29 14 21 18]|
|Def Amount of true predicted attacks: [18 29 13 20 17]|
05/06/2025 15:18:26 - INFO - End of Epoch.
|Epoch 085/100| time: 5.08|
|Def Loss 0.0946 | Def Reward in ep 095|
|Att Loss 0.0147 | Att Reward in ep 005|
|Def Estimated: [13 26 13 27 21]| Att Labels: [12 25 14 26 23]|
|Def Amount of true predicted attacks: [11 25 13 25 21]|
05/06/2025 15:18:31 - INFO - End of Epoch.
|Epoch 086/100| time: 5.37|
|Def Loss 0.0778 | Def Reward in ep 098|
|Att Loss 0.0149 | Att Reward in ep 002|
|Def Estimated: [11 24 15 27 23]| Att Labels: [13 24 15 25 23]|
|Def Amount of true predicted attacks: [11 24 15 25 23]|
05/06/2025 15:18:37 - INFO - End of Epoch.
|Epoch 087/100| time: 5.14|
|Def Loss 0.0676 | Def Reward in ep 097|
|Att Loss 0.0144 | Att Reward in ep 003|
|Def Estimated: [15 22 14 29 20]| Att Labels: [17 22 13 27 21]|
|Def Amount of true predicted attacks: [15 22 13 27 20]|
05/06/2025 15:18:42 - INFO - End of Epoch.
|Epoch 088/100| time: 5.10|
|Def Loss 0.0844 | Def Reward in ep 091|
|Att Loss 0.0147 | Att Reward in ep 009|
|Def Estimated: [11 21 21 36 11]| Att Labels: [13 21 19 38  9]|
|Def Amount of true predicted attacks: [10 20 19 34  8]|
05/06/2025 15:18:47 - INFO - End of Epoch.
|Epoch 089/100| time: 5.06|
|Def Loss 0.0854 | Def Reward in ep 094|
|Att Loss 0.0206 | Att Reward in ep 006|
|Def Estimated: [14 20 16 35 15]| Att Labels: [14 19 16 35 16]|
|Def Amount of true predicted attacks: [13 19 15 33 14]|
05/06/2025 15:18:52 - INFO - End of Epoch.
|Epoch 090/100| time: 5.02|
|Def Loss 0.0725 | Def Reward in ep 096|
|Att Loss 0.0188 | Att Reward in ep 004|
|Def Estimated: [ 8 23 16 34 19]| Att Labels: [ 8 24 16 34 18]|
|Def Amount of true predicted attacks: [ 7 23 16 33 17]|
05/06/2025 15:18:57 - INFO - End of Epoch.
|Epoch 091/100| time: 5.33|
|Def Loss 0.0589 | Def Reward in ep 098|
|Att Loss 0.0183 | Att Reward in ep 002|
|Def Estimated: [ 6 26 21 30 17]| Att Labels: [ 7 27 21 28 17]|
|Def Amount of true predicted attacks: [ 6 26 21 28 17]|
05/06/2025 15:19:02 - INFO - End of Epoch.
|Epoch 092/100| time: 5.10|
|Def Loss 0.0570 | Def Reward in ep 095|
|Att Loss 0.0180 | Att Reward in ep 005|
|Def Estimated: [10 25 19 34 12]| Att Labels: [12 23 19 33 13]|
|Def Amount of true predicted attacks: [10 23 19 31 12]|
05/06/2025 15:19:07 - INFO - End of Epoch.
|Epoch 093/100| time: 5.05|
|Def Loss 0.0547 | Def Reward in ep 096|
|Att Loss 0.0237 | Att Reward in ep 004|
|Def Estimated: [ 7 27 13 36 17]| Att Labels: [ 6 28 13 36 17]|
|Def Amount of true predicted attacks: [ 5 26 13 35 17]|
05/06/2025 15:19:12 - INFO - End of Epoch.
|Epoch 094/100| time: 5.15|
|Def Loss 0.0711 | Def Reward in ep 094|
|Att Loss 0.0252 | Att Reward in ep 006|
|Def Estimated: [ 9 29 19 24 19]| Att Labels: [ 9 29 17 26 19]|
|Def Amount of true predicted attacks: [ 8 29 17 22 18]|
05/06/2025 15:19:18 - INFO - End of Epoch.
|Epoch 095/100| time: 5.15|
|Def Loss 0.0588 | Def Reward in ep 096|
|Att Loss 0.0246 | Att Reward in ep 004|
|Def Estimated: [18 28 14 18 22]| Att Labels: [16 29 15 20 20]|
|Def Amount of true predicted attacks: [16 28 14 18 20]|
05/06/2025 15:19:23 - INFO - End of Epoch.
|Epoch 096/100| time: 5.40|
|Def Loss 0.0962 | Def Reward in ep 093|
|Att Loss 0.0338 | Att Reward in ep 007|
|Def Estimated: [11 31 16 26 16]| Att Labels: [13 29 16 29 13]|
|Def Amount of true predicted attacks: [10 29 15 26 13]|
05/06/2025 15:19:28 - INFO - End of Epoch.
|Epoch 097/100| time: 5.05|
|Def Loss 0.0857 | Def Reward in ep 099|
|Att Loss 0.0331 | Att Reward in ep 001|
|Def Estimated: [11 21 14 33 21]| Att Labels: [11 21 14 32 22]|
|Def Amount of true predicted attacks: [11 21 14 32 21]|
05/06/2025 15:19:33 - INFO - End of Epoch.
|Epoch 098/100| time: 5.07|
|Def Loss 0.0805 | Def Reward in ep 094|
|Att Loss 0.0322 | Att Reward in ep 006|
|Def Estimated: [14 28  7 37 14]| Att Labels: [14 29  6 36 15]|
|Def Amount of true predicted attacks: [13 28  6 34 13]|
05/06/2025 15:19:38 - INFO - End of Epoch.
|Epoch 099/100| time: 5.08|
|Def Loss 0.0856 | Def Reward in ep 094|
|Att Loss 0.0309 | Att Reward in ep 006|
|Def Estimated: [10 28 12 29 21]| Att Labels: [12 27 11 28 22]|
|Def Amount of true predicted attacks: [ 9 27 10 28 20]|
05/06/2025 15:19:38 - INFO - Model 'attacker_model' saved in: /workspace/models/trained-models/2025-05-06-15-11-Lin-5L-def-3L-boruta-general-features-3rd/attacker_model.keras
05/06/2025 15:19:38 - INFO - Model summary:
Model: "attacker_model"
_________________________________________________________________
 Layer (type)                Output Shape              Param #   
=================================================================
 dense (Dense)               (None, 100)               4300      
                                                                 
 dense_1 (Dense)             (None, 100)               10100     
                                                                 
 dense_2 (Dense)             (None, 100)               10100     
                                                                 
 dense_3 (Dense)             (None, 100)               10100     
                                                                 
 dense_4 (Dense)             (None, 100)               10100     
                                                                 
 dense_5 (Dense)             (None, 23)                2323      
                                                                 
=================================================================
Total params: 47023 (183.68 KB)
Trainable params: 47023 (183.68 KB)
Non-trainable params: 0 (0.00 Byte)
_________________________________________________________________

05/06/2025 15:19:38 - INFO - Model 'defender_model' saved in: /workspace/models/trained-models/2025-05-06-15-11-Lin-5L-def-3L-boruta-general-features-3rd/defender_model.keras
05/06/2025 15:19:38 - INFO - Model summary:
Model: "defender_model"
_________________________________________________________________
 Layer (type)                Output Shape              Param #   
=================================================================
 dense_12 (Dense)            (None, 100)               4300      
                                                                 
 dense_13 (Dense)            (None, 100)               10100     
                                                                 
 dense_14 (Dense)            (None, 100)               10100     
                                                                 
 dense_15 (Dense)            (None, 5)                 505       
                                                                 
=================================================================
Total params: 25005 (97.68 KB)
Trainable params: 25005 (97.68 KB)
Non-trainable params: 0 (0.00 Byte)
_________________________________________________________________

05/06/2025 15:19:38 - INFO - Saved trained models.
05/06/2025 15:19:38 - INFO - Total runtime: 00:08:24
05/06/2025 15:19:38 - INFO - End of the script at: 2025-05-06 15:19:38.703715
05/06/2025 15:19:38 - INFO - Trying to save summary plots under: /workspace/models/trained-models/2025-05-06-15-11-Lin-5L-def-3L-boruta-general-features-3rd/plots/
05/06/2025 15:19:38 - INFO - Plotted rewards and losses during training in: /workspace/models/trained-models/2025-05-06-15-11-Lin-5L-def-3L-boruta-general-features-3rd/plots/
05/06/2025 15:19:40 - INFO - Plotted attack distributions during training in: /workspace/models/trained-models/2025-05-06-15-11-Lin-5L-def-3L-boruta-general-features-3rd/plots/
05/06/2025 15:19:40 - INFO - Reading formated train data from: /workspace/data/datasets/formated/formated_training_data.csv
05/06/2025 15:19:41 - INFO - Reading formated test data from: /workspace/data/datasets/formated/formated_test_data.csv
05/06/2025 15:19:41 - INFO - Preparing Boruta Test data to use feature selection with general_features features: 
['duration', 'src_bytes', 'dst_bytes', 'wrong_fragment', 'hot', 'num_failed_logins', 'logged_in', 'is_guest_login', 'count', 'srv_count', 'serror_rate', 'rerror_rate', 'same_srv_rate', 'diff_srv_rate', 'srv_diff_host_rate', 'dst_host_count', 'dst_host_srv_count', 'dst_host_same_srv_rate', 'dst_host_diff_srv_rate', 'dst_host_same_src_port_rate', 'dst_host_srv_diff_host_rate', 'icmp', 'tcp', 'udp', 'domain_u', 'eco_i', 'ecr_i', 'finger', 'ftp', 'ftp_data', 'http', 'other', 'private', 'smtp', 'telnet', 'urp_i', 'REJ', 'RSTO', 'RSTOS0', 'RSTR', 'SF', 'SH']
05/06/2025 15:19:41 - INFO - Start testing the trained model.
05/06/2025 15:19:41 - INFO - Model 'defender_model' loaded from: /workspace/models/trained-models/2025-05-06-15-11-Lin-5L-def-3L-boruta-general-features-3rd/defender_model.keras
05/06/2025 15:19:41 - INFO - Model summary:
Model: "defender_model"
_________________________________________________________________
 Layer (type)                Output Shape              Param #   
=================================================================
 dense_12 (Dense)            (None, 100)               4300      
                                                                 
 dense_13 (Dense)            (None, 100)               10100     
                                                                 
 dense_14 (Dense)            (None, 100)               10100     
                                                                 
 dense_15 (Dense)            (None, 5)                 505       
                                                                 
=================================================================
Total params: 25005 (97.68 KB)
Trainable params: 25005 (97.68 KB)
Non-trainable params: 0 (0.00 Byte)
_________________________________________________________________

05/06/2025 15:19:42 - INFO - Overall overview
Total reward: 17802 | Number of samples: 22544 | Accuracy = 78.97%
05/06/2025 15:19:42 - INFO - Overall overview per attack type
              Estimated Correct Total Mismatch   F1_score
normal            11646    9100  9711     1935  85.217961
DoS                6642    6166  7458      816  87.460993
Probe              1914    1557  2421      507   71.83391
R2L                2150     934  2754      604  38.091354
U2R                 192      45   200        8  22.959184
Weigthed Avg.                                   78.213317
05/06/2025 15:19:42 - INFO - Performance measures on Test data
05/06/2025 15:19:42 - INFO - Accuracy =  0.7897
05/06/2025 15:19:42 - INFO - Weighted average F1 =  0.7821
05/06/2025 15:19:42 - INFO - Weighted average Precision_score =  0.7862
05/06/2025 15:19:42 - INFO - Weighted recall_score =  0.7897
05/06/2025 15:19:42 - INFO - Normalized confusion matrix
05/06/2025 15:19:42 - INFO - 
Confusion Matrix:
[[9.37e-01 1.51e-02 2.22e-02 2.01e-02 5.46e-03]
 [6.82e-02 8.27e-01 1.69e-02 8.76e-02 5.36e-04]
 [1.32e-01 7.64e-02 6.43e-01 1.46e-01 2.07e-03]
 [6.02e-01 2.43e-02 3.63e-03 3.39e-01 3.09e-02]
 [2.95e-01 3.85e-01 2.50e-02 7.00e-02 2.25e-01]]
05/06/2025 15:19:42 - INFO - Plotted confusion matrix in: /workspace/models/trained-models/2025-05-06-15-11-Lin-5L-def-3L-boruta-general-features-3rd/plots/
05/06/2025 15:19:44 - INFO - 
One vs All metrics: 
     name  accuracy        f1  precision    recall
0     DoS  0.921576  0.874610   0.928335  0.826763
1  normal  0.859963  0.852180   0.781384  0.937082
2   Probe  0.945839  0.718339   0.813480  0.643123
3     R2L  0.865330  0.380914   0.434419  0.339143
4     U2R  0.986604  0.229592   0.234375  0.225000
05/06/2025 15:19:44 - INFO - Model metrics: 
loss=0.13780610263347626, accuracy=0.7896558046340942, precision=0.6649587154388428, recall=0.8289567232131958
05/06/2025 15:19:44 - INFO - Optimizer config: {'name': 'Adam', 'weight_decay': None, 'clipnorm': None, 'global_clipnorm': None, 'clipvalue': None, 'use_ema': False, 'ema_momentum': 0.99, 'ema_overwrite_frequency': None, 'jit_compile': False, 'is_legacy_optimizer': False, 'learning_rate': 0.001, 'beta_1': 0.9, 'beta_2': 0.999, 'epsilon': 1e-07, 'amsgrad': False}
05/06/2025 15:19:44 - INFO - Time needed for testing: 3.5784013271331787
05/06/2025 15:19:44 - INFO - Classification report:
              precision    recall  f1-score   support

      normal       0.78      0.94      0.85      9711
         DoS       0.93      0.83      0.87      7458
       Probe       0.81      0.64      0.72      2421
         R2L       0.43      0.34      0.38      2754
         U2R       0.23      0.23      0.23       200

    accuracy                           0.79     22544
   macro avg       0.64      0.59      0.61     22544
weighted avg       0.79      0.79      0.78     22544

