04/22/2025 14:56:33 - INFO - Started script at: 2025-04-22-14-56
Current working dir: /workspace
Used data files: 
/workspace/data/datasets/cic_ids/cic-ids-2017/clean/all_benign.feather,
/workspace/data/datasets/cic_ids/cic-ids-2017/clean/all_malicious.feather
04/22/2025 14:56:33 - INFO - Setting up Attacker and Defender Agents...
04/22/2025 14:56:35 - INFO - One-vs-All Split ready (target: (D)DOS):
04/22/2025 14:56:35 - INFO - Train: (58360, 67), Validation: (154014, 67), Test: (359368, 67)
04/22/2025 14:56:35 - INFO - [Init from split] Loaded 58360 train, 359368 test samples.
04/22/2025 14:57:27 - INFO - One-vs-All Split ready (target: (D)DOS):
04/22/2025 14:57:27 - INFO - Train: (57938, 67), Validation: (219687, 67), Test: (1244898, 67)
04/22/2025 14:57:27 - INFO - Initializing Attacker:CIC-2017-(D)DOS's ReplayMemory with observation_size=67 and max_size=1000
04/22/2025 14:57:28 - WARNING - Skipping variable loading for optimizer 'Adam', because it has 25 variables whereas the saved optimizer has 1 variables. 
04/22/2025 14:57:28 - INFO - Initializing Defender's ReplayMemory with observation_size=67 and max_size=1000
04/22/2025 14:57:28 - WARNING - Skipping variable loading for optimizer 'Adam', because it has 17 variables whereas the saved optimizer has 1 variables. 
04/22/2025 14:57:28 - INFO - Creating environment...
04/22/2025 14:57:28 - INFO - Start Training with the following parameters:
-----------------------------------------------------------------------------------------------------------------------
Total episodes: 100 | Iterations in episode: 100 | Minibatch from mem size: 100 | Total Samples: 10000 | Data shape: (58360, 67)
-----------------------------------------------------------------------------------------------------------------------
Attacker<Attack-Type>: Num_actions=6 | gamma=0.001 | epsilon=1 | ANN hidden size=100 | ANN hidden layers=5 | Learning rate=0.001
-----------------------------------------------------------------------------------------------------------------------
Defender: Num_actions=2 | gamma=0.001 | epsilon=1 | ANN hidden size=100 | ANN hidden layers=3 | Learning rate=0.001
-----------------------------------------------------------------------------------------------------------------------
Used Attack types: '['Benign', '(D)DOS']' | Attack name(s): ['Benign', 'DDoS', 'DoS GoldenEye', 'DoS Hulk', 'DoS Slowhttptest', 'DoS slowloris']
-----------------------------------------------------------------------------------------------------------------------

04/22/2025 14:57:29 - INFO - End of Episode.
|Episode 000/100| time: 0.54|
|Def Loss 0.0000 | Def Reward in ep 043|
|Att Loss 0.0000 | Att Reward in ep 057|
|Def Estimated: [52 48]| Att Labels: [15 85]|
|Def Amount of true predicted attacks: [ 5 38]|
04/22/2025 14:57:32 - WARNING - 5 out of the last 5 calls to <function QNetwork.predict at 0x7fe79903f6a0> triggered tf.function retracing. Tracing is expensive and the excessive number of tracings could be due to (1) creating @tf.function repeatedly in a loop, (2) passing tensors with different shapes, (3) passing Python objects instead of tensors. For (1), please define your @tf.function outside of the loop. For (2), @tf.function has reduce_retracing=True option that can avoid unnecessary retracing. For (3), please refer to https://www.tensorflow.org/guide/function#controlling_retracing and https://www.tensorflow.org/api_docs/python/tf/function for  more details.
04/22/2025 14:57:34 - INFO - End of Episode.
|Episode 001/100| time: 4.24|
|Def Loss 1.9188 | Def Reward in ep 058|
|Att Loss 1.9767 | Att Reward in ep 042|
|Def Estimated: [36 64]| Att Labels: [24 76]|
|Def Amount of true predicted attacks: [ 9 49]|
04/22/2025 14:57:37 - INFO - End of Episode.
|Episode 002/100| time: 2.27|
|Def Loss 0.7086 | Def Reward in ep 071|
|Att Loss 1.8581 | Att Reward in ep 029|
|Def Estimated: [37 63]| Att Labels: [24 76]|
|Def Amount of true predicted attacks: [16 55]|
04/22/2025 14:57:39 - INFO - End of Episode.
|Episode 003/100| time: 2.25|
|Def Loss 0.5379 | Def Reward in ep 082|
|Att Loss 1.7895 | Att Reward in ep 018|
|Def Estimated: [31 69]| Att Labels: [29 71]|
|Def Amount of true predicted attacks: [21 61]|
04/22/2025 14:57:42 - INFO - End of Episode.
|Episode 004/100| time: 2.34|
|Def Loss 0.4840 | Def Reward in ep 089|
|Att Loss 1.6319 | Att Reward in ep 011|
|Def Estimated: [26 74]| Att Labels: [27 73]|
|Def Amount of true predicted attacks: [21 68]|
04/22/2025 14:57:44 - INFO - End of Episode.
|Episode 005/100| time: 2.26|
|Def Loss 0.3461 | Def Reward in ep 098|
|Att Loss 1.4618 | Att Reward in ep 002|
|Def Estimated: [20 80]| Att Labels: [22 78]|
|Def Amount of true predicted attacks: [20 78]|
04/22/2025 14:57:47 - INFO - End of Episode.
|Episode 006/100| time: 2.26|
|Def Loss 0.3435 | Def Reward in ep 096|
|Att Loss 1.3098 | Att Reward in ep 004|
|Def Estimated: [23 77]| Att Labels: [25 75]|
|Def Amount of true predicted attacks: [22 74]|
04/22/2025 14:57:49 - INFO - End of Episode.
|Episode 007/100| time: 2.21|
|Def Loss 0.3315 | Def Reward in ep 094|
|Att Loss 1.2028 | Att Reward in ep 006|
|Def Estimated: [21 79]| Att Labels: [23 77]|
|Def Amount of true predicted attacks: [19 75]|
04/22/2025 14:57:52 - INFO - End of Episode.
|Episode 008/100| time: 2.40|
|Def Loss 0.3690 | Def Reward in ep 094|
|Att Loss 1.1352 | Att Reward in ep 006|
|Def Estimated: [31 69]| Att Labels: [33 67]|
|Def Amount of true predicted attacks: [29 65]|
04/22/2025 14:57:54 - INFO - End of Episode.
|Episode 009/100| time: 2.28|
|Def Loss 0.3756 | Def Reward in ep 095|
|Att Loss 1.0891 | Att Reward in ep 005|
|Def Estimated: [29 71]| Att Labels: [28 72]|
|Def Amount of true predicted attacks: [26 69]|
04/22/2025 14:57:57 - INFO - End of Episode.
|Episode 010/100| time: 2.29|
|Def Loss 0.3367 | Def Reward in ep 096|
|Att Loss 0.9179 | Att Reward in ep 004|
|Def Estimated: [14 86]| Att Labels: [16 84]|
|Def Amount of true predicted attacks: [13 83]|
04/22/2025 14:57:59 - INFO - End of Episode.
|Episode 011/100| time: 2.43|
|Def Loss 0.3756 | Def Reward in ep 093|
|Att Loss 0.6065 | Att Reward in ep 007|
|Def Estimated: [32 68]| Att Labels: [31 69]|
|Def Amount of true predicted attacks: [28 65]|
04/22/2025 14:58:02 - INFO - End of Episode.
|Episode 012/100| time: 2.22|
|Def Loss 0.3461 | Def Reward in ep 099|
|Att Loss 0.3691 | Att Reward in ep 001|
|Def Estimated: [23 77]| Att Labels: [24 76]|
|Def Amount of true predicted attacks: [23 76]|
04/22/2025 14:58:05 - INFO - End of Episode.
|Episode 013/100| time: 2.36|
|Def Loss 0.2883 | Def Reward in ep 097|
|Att Loss 0.2859 | Att Reward in ep 003|
|Def Estimated: [25 75]| Att Labels: [22 78]|
|Def Amount of true predicted attacks: [22 75]|
04/22/2025 14:58:07 - INFO - End of Episode.
|Episode 014/100| time: 2.34|
|Def Loss 0.2859 | Def Reward in ep 099|
|Att Loss 0.1995 | Att Reward in ep 001|
|Def Estimated: [33 67]| Att Labels: [32 68]|
|Def Amount of true predicted attacks: [32 67]|
04/22/2025 14:58:10 - INFO - End of Episode.
|Episode 015/100| time: 2.44|
|Def Loss 0.3084 | Def Reward in ep 095|
|Att Loss 0.1562 | Att Reward in ep 005|
|Def Estimated: [26 74]| Att Labels: [29 71]|
|Def Amount of true predicted attacks: [25 70]|
04/22/2025 14:58:12 - INFO - End of Episode.
|Episode 016/100| time: 2.29|
|Def Loss 0.3056 | Def Reward in ep 098|
|Att Loss 0.1901 | Att Reward in ep 002|
|Def Estimated: [28 72]| Att Labels: [26 74]|
|Def Amount of true predicted attacks: [26 72]|
04/22/2025 14:58:15 - INFO - End of Episode.
|Episode 017/100| time: 2.30|
|Def Loss 0.2843 | Def Reward in ep 099|
|Att Loss 0.1723 | Att Reward in ep 001|
|Def Estimated: [24 76]| Att Labels: [25 75]|
|Def Amount of true predicted attacks: [24 75]|
04/22/2025 14:58:18 - INFO - End of Episode.
|Episode 018/100| time: 2.28|
|Def Loss 0.2812 | Def Reward in ep 096|
|Att Loss 0.1350 | Att Reward in ep 004|
|Def Estimated: [21 79]| Att Labels: [17 83]|
|Def Amount of true predicted attacks: [17 79]|
04/22/2025 14:58:20 - INFO - End of Episode.
|Episode 019/100| time: 2.31|
|Def Loss 0.2762 | Def Reward in ep 099|
|Att Loss 0.1262 | Att Reward in ep 001|
|Def Estimated: [24 76]| Att Labels: [25 75]|
|Def Amount of true predicted attacks: [24 75]|
04/22/2025 14:58:23 - INFO - End of Episode.
|Episode 020/100| time: 2.22|
|Def Loss 0.2031 | Def Reward in ep 096|
|Att Loss 0.1395 | Att Reward in ep 004|
|Def Estimated: [22 78]| Att Labels: [26 74]|
|Def Amount of true predicted attacks: [22 74]|
04/22/2025 14:58:25 - INFO - End of Episode.
|Episode 021/100| time: 2.31|
|Def Loss 0.2361 | Def Reward in ep 099|
|Att Loss 0.1261 | Att Reward in ep 001|
|Def Estimated: [26 74]| Att Labels: [27 73]|
|Def Amount of true predicted attacks: [26 73]|
04/22/2025 14:58:28 - INFO - End of Episode.
|Episode 022/100| time: 2.33|
|Def Loss 0.2203 | Def Reward in ep 097|
|Att Loss 0.1198 | Att Reward in ep 003|
|Def Estimated: [26 74]| Att Labels: [27 73]|
|Def Amount of true predicted attacks: [25 72]|
04/22/2025 14:58:31 - INFO - End of Episode.
|Episode 023/100| time: 2.32|
|Def Loss 0.1905 | Def Reward in ep 097|
|Att Loss 0.1134 | Att Reward in ep 003|
|Def Estimated: [22 78]| Att Labels: [21 79]|
|Def Amount of true predicted attacks: [20 77]|
04/22/2025 14:58:33 - INFO - End of Episode.
|Episode 024/100| time: 2.19|
|Def Loss 0.2240 | Def Reward in ep 099|
|Att Loss 0.1290 | Att Reward in ep 001|
|Def Estimated: [25 75]| Att Labels: [26 74]|
|Def Amount of true predicted attacks: [25 74]|
04/22/2025 14:58:36 - INFO - End of Episode.
|Episode 025/100| time: 2.30|
|Def Loss 0.2216 | Def Reward in ep 097|
|Att Loss 0.1126 | Att Reward in ep 003|
|Def Estimated: [27 73]| Att Labels: [26 74]|
|Def Amount of true predicted attacks: [25 72]|
04/22/2025 14:58:39 - INFO - End of Episode.
|Episode 026/100| time: 2.27|
|Def Loss 0.2356 | Def Reward in ep 098|
|Att Loss 0.0942 | Att Reward in ep 002|
|Def Estimated: [20 80]| Att Labels: [20 80]|
|Def Amount of true predicted attacks: [19 79]|
04/22/2025 14:58:41 - INFO - End of Episode.
|Episode 027/100| time: 2.38|
|Def Loss 0.2811 | Def Reward in ep 092|
|Att Loss 0.0951 | Att Reward in ep 008|
|Def Estimated: [22 78]| Att Labels: [24 76]|
|Def Amount of true predicted attacks: [19 73]|
04/22/2025 14:58:44 - INFO - End of Episode.
|Episode 028/100| time: 2.20|
|Def Loss 0.3178 | Def Reward in ep 099|
|Att Loss 0.1073 | Att Reward in ep 001|
|Def Estimated: [25 75]| Att Labels: [26 74]|
|Def Amount of true predicted attacks: [25 74]|
04/22/2025 14:58:47 - INFO - End of Episode.
|Episode 029/100| time: 2.37|
|Def Loss 0.3608 | Def Reward in ep 097|
|Att Loss 0.1138 | Att Reward in ep 003|
|Def Estimated: [29 71]| Att Labels: [28 72]|
|Def Amount of true predicted attacks: [27 70]|
04/22/2025 14:58:49 - INFO - End of Episode.
|Episode 030/100| time: 2.31|
|Def Loss 0.3762 | Def Reward in ep 095|
|Att Loss 0.0911 | Att Reward in ep 005|
|Def Estimated: [23 77]| Att Labels: [26 74]|
|Def Amount of true predicted attacks: [22 73]|
04/22/2025 14:58:52 - INFO - End of Episode.
|Episode 031/100| time: 2.38|
|Def Loss 0.3809 | Def Reward in ep 097|
|Att Loss 0.1011 | Att Reward in ep 003|
|Def Estimated: [24 76]| Att Labels: [23 77]|
|Def Amount of true predicted attacks: [22 75]|
04/22/2025 14:58:55 - INFO - End of Episode.
|Episode 032/100| time: 2.20|
|Def Loss 0.3524 | Def Reward in ep 096|
|Att Loss 0.0956 | Att Reward in ep 004|
|Def Estimated: [22 78]| Att Labels: [26 74]|
|Def Amount of true predicted attacks: [22 74]|
04/22/2025 14:58:57 - INFO - End of Episode.
|Episode 033/100| time: 2.34|
|Def Loss 0.3566 | Def Reward in ep 097|
|Att Loss 0.0975 | Att Reward in ep 003|
|Def Estimated: [19 81]| Att Labels: [20 80]|
|Def Amount of true predicted attacks: [18 79]|
04/22/2025 14:59:00 - INFO - End of Episode.
|Episode 034/100| time: 2.33|
|Def Loss 0.3737 | Def Reward in ep 098|
|Att Loss 0.1077 | Att Reward in ep 002|
|Def Estimated: [31 69]| Att Labels: [29 71]|
|Def Amount of true predicted attacks: [29 69]|
04/22/2025 14:59:03 - INFO - End of Episode.
|Episode 035/100| time: 2.33|
|Def Loss 0.3252 | Def Reward in ep 100|
|Att Loss 0.1005 | Att Reward in ep 000|
|Def Estimated: [22 78]| Att Labels: [22 78]|
|Def Amount of true predicted attacks: [22 78]|
04/22/2025 14:59:05 - INFO - End of Episode.
|Episode 036/100| time: 2.18|
|Def Loss 0.4193 | Def Reward in ep 098|
|Att Loss 0.0875 | Att Reward in ep 002|
|Def Estimated: [24 76]| Att Labels: [22 78]|
|Def Amount of true predicted attacks: [22 76]|
04/22/2025 14:59:08 - INFO - End of Episode.
|Episode 037/100| time: 2.29|
|Def Loss 0.2803 | Def Reward in ep 097|
|Att Loss 0.1109 | Att Reward in ep 003|
|Def Estimated: [23 77]| Att Labels: [20 80]|
|Def Amount of true predicted attacks: [20 77]|
04/22/2025 14:59:11 - INFO - End of Episode.
|Episode 038/100| time: 2.30|
|Def Loss 0.2893 | Def Reward in ep 096|
|Att Loss 0.1039 | Att Reward in ep 004|
|Def Estimated: [31 69]| Att Labels: [27 73]|
|Def Amount of true predicted attacks: [27 69]|
04/22/2025 14:59:13 - INFO - End of Episode.
|Episode 039/100| time: 2.37|
|Def Loss 0.2698 | Def Reward in ep 100|
|Att Loss 0.1219 | Att Reward in ep 000|
|Def Estimated: [28 72]| Att Labels: [28 72]|
|Def Amount of true predicted attacks: [28 72]|
04/22/2025 14:59:16 - INFO - End of Episode.
|Episode 040/100| time: 2.16|
|Def Loss 0.2115 | Def Reward in ep 100|
|Att Loss 0.1019 | Att Reward in ep 000|
|Def Estimated: [19 81]| Att Labels: [19 81]|
|Def Amount of true predicted attacks: [19 81]|
04/22/2025 14:59:19 - INFO - End of Episode.
|Episode 041/100| time: 2.34|
|Def Loss 0.1475 | Def Reward in ep 097|
|Att Loss 0.0982 | Att Reward in ep 003|
|Def Estimated: [26 74]| Att Labels: [23 77]|
|Def Amount of true predicted attacks: [23 74]|
04/22/2025 14:59:21 - INFO - End of Episode.
|Episode 042/100| time: 2.31|
|Def Loss 0.1665 | Def Reward in ep 099|
|Att Loss 0.1027 | Att Reward in ep 001|
|Def Estimated: [24 76]| Att Labels: [23 77]|
|Def Amount of true predicted attacks: [23 76]|
04/22/2025 14:59:24 - INFO - End of Episode.
|Episode 043/100| time: 2.29|
|Def Loss 0.1747 | Def Reward in ep 097|
|Att Loss 0.0973 | Att Reward in ep 003|
|Def Estimated: [17 83]| Att Labels: [18 82]|
|Def Amount of true predicted attacks: [16 81]|
04/22/2025 14:59:27 - INFO - End of Episode.
|Episode 044/100| time: 2.25|
|Def Loss 0.1632 | Def Reward in ep 096|
|Att Loss 0.0984 | Att Reward in ep 004|
|Def Estimated: [22 78]| Att Labels: [26 74]|
|Def Amount of true predicted attacks: [22 74]|
04/22/2025 14:59:29 - INFO - End of Episode.
|Episode 045/100| time: 2.28|
|Def Loss 0.1933 | Def Reward in ep 097|
|Att Loss 0.1021 | Att Reward in ep 003|
|Def Estimated: [20 80]| Att Labels: [19 81]|
|Def Amount of true predicted attacks: [18 79]|
04/22/2025 14:59:32 - INFO - End of Episode.
|Episode 046/100| time: 2.32|
|Def Loss 0.2597 | Def Reward in ep 100|
|Att Loss 0.1091 | Att Reward in ep 000|
|Def Estimated: [19 81]| Att Labels: [19 81]|
|Def Amount of true predicted attacks: [19 81]|
04/22/2025 14:59:35 - INFO - End of Episode.
|Episode 047/100| time: 2.28|
|Def Loss 0.2348 | Def Reward in ep 098|
|Att Loss 0.1102 | Att Reward in ep 002|
|Def Estimated: [22 78]| Att Labels: [24 76]|
|Def Amount of true predicted attacks: [22 76]|
04/22/2025 14:59:38 - INFO - End of Episode.
|Episode 048/100| time: 2.24|
|Def Loss 0.2388 | Def Reward in ep 096|
|Att Loss 0.0897 | Att Reward in ep 004|
|Def Estimated: [22 78]| Att Labels: [24 76]|
|Def Amount of true predicted attacks: [21 75]|
04/22/2025 14:59:40 - INFO - End of Episode.
|Episode 049/100| time: 2.25|
|Def Loss 0.2087 | Def Reward in ep 099|
|Att Loss 0.0614 | Att Reward in ep 001|
|Def Estimated: [16 84]| Att Labels: [17 83]|
|Def Amount of true predicted attacks: [16 83]|
04/22/2025 14:59:43 - INFO - End of Episode.
|Episode 050/100| time: 2.27|
|Def Loss 0.2990 | Def Reward in ep 098|
|Att Loss 0.0550 | Att Reward in ep 002|
|Def Estimated: [20 80]| Att Labels: [20 80]|
|Def Amount of true predicted attacks: [19 79]|
04/22/2025 14:59:46 - INFO - End of Episode.
|Episode 051/100| time: 2.35|
|Def Loss 0.2400 | Def Reward in ep 100|
|Att Loss 0.0580 | Att Reward in ep 000|
|Def Estimated: [23 77]| Att Labels: [23 77]|
|Def Amount of true predicted attacks: [23 77]|
04/22/2025 14:59:48 - INFO - End of Episode.
|Episode 052/100| time: 2.19|
|Def Loss 0.2242 | Def Reward in ep 100|
|Att Loss 0.0433 | Att Reward in ep 000|
|Def Estimated: [17 83]| Att Labels: [17 83]|
|Def Amount of true predicted attacks: [17 83]|
04/22/2025 14:59:51 - INFO - End of Episode.
|Episode 053/100| time: 2.27|
|Def Loss 0.2002 | Def Reward in ep 100|
|Att Loss 0.0318 | Att Reward in ep 000|
|Def Estimated: [22 78]| Att Labels: [22 78]|
|Def Amount of true predicted attacks: [22 78]|
04/22/2025 14:59:54 - INFO - End of Episode.
|Episode 054/100| time: 2.33|
|Def Loss 0.1583 | Def Reward in ep 096|
|Att Loss 0.0706 | Att Reward in ep 004|
|Def Estimated: [23 77]| Att Labels: [21 79]|
|Def Amount of true predicted attacks: [20 76]|
04/22/2025 14:59:57 - INFO - End of Episode.
|Episode 055/100| time: 2.30|
|Def Loss 0.1263 | Def Reward in ep 098|
|Att Loss 0.0371 | Att Reward in ep 002|
|Def Estimated: [23 77]| Att Labels: [25 75]|
|Def Amount of true predicted attacks: [23 75]|
04/22/2025 14:59:59 - INFO - End of Episode.
|Episode 056/100| time: 2.20|
|Def Loss 0.1401 | Def Reward in ep 097|
|Att Loss 0.0565 | Att Reward in ep 003|
|Def Estimated: [22 78]| Att Labels: [23 77]|
|Def Amount of true predicted attacks: [21 76]|
04/22/2025 15:00:02 - INFO - End of Episode.
|Episode 057/100| time: 2.32|
|Def Loss 0.1011 | Def Reward in ep 100|
|Att Loss 0.0649 | Att Reward in ep 000|
|Def Estimated: [29 71]| Att Labels: [29 71]|
|Def Amount of true predicted attacks: [29 71]|
04/22/2025 15:00:05 - INFO - End of Episode.
|Episode 058/100| time: 2.32|
|Def Loss 0.1035 | Def Reward in ep 099|
|Att Loss 0.0692 | Att Reward in ep 001|
|Def Estimated: [26 74]| Att Labels: [27 73]|
|Def Amount of true predicted attacks: [26 73]|
04/22/2025 15:00:08 - INFO - End of Episode.
|Episode 059/100| time: 2.36|
|Def Loss 0.0994 | Def Reward in ep 099|
|Att Loss 0.0718 | Att Reward in ep 001|
|Def Estimated: [27 73]| Att Labels: [26 74]|
|Def Amount of true predicted attacks: [26 73]|
04/22/2025 15:00:11 - INFO - End of Episode.
|Episode 060/100| time: 2.23|
|Def Loss 0.0890 | Def Reward in ep 096|
|Att Loss 0.0760 | Att Reward in ep 004|
|Def Estimated: [34 66]| Att Labels: [32 68]|
|Def Amount of true predicted attacks: [31 65]|
04/22/2025 15:00:14 - INFO - End of Episode.
|Episode 061/100| time: 2.35|
|Def Loss 0.0881 | Def Reward in ep 099|
|Att Loss 0.0729 | Att Reward in ep 001|
|Def Estimated: [25 75]| Att Labels: [26 74]|
|Def Amount of true predicted attacks: [25 74]|
04/22/2025 15:00:16 - INFO - End of Episode.
|Episode 062/100| time: 2.32|
|Def Loss 0.1156 | Def Reward in ep 097|
|Att Loss 0.0927 | Att Reward in ep 003|
|Def Estimated: [27 73]| Att Labels: [28 72]|
|Def Amount of true predicted attacks: [26 71]|
04/22/2025 15:00:19 - INFO - End of Episode.
|Episode 063/100| time: 2.32|
|Def Loss 0.1722 | Def Reward in ep 098|
|Att Loss 0.0773 | Att Reward in ep 002|
|Def Estimated: [18 82]| Att Labels: [16 84]|
|Def Amount of true predicted attacks: [16 82]|
04/22/2025 15:00:22 - INFO - End of Episode.
|Episode 064/100| time: 2.22|
|Def Loss 0.1332 | Def Reward in ep 098|
|Att Loss 0.1107 | Att Reward in ep 002|
|Def Estimated: [24 76]| Att Labels: [24 76]|
|Def Amount of true predicted attacks: [23 75]|
04/22/2025 15:00:25 - INFO - End of Episode.
|Episode 065/100| time: 2.34|
|Def Loss 0.1698 | Def Reward in ep 096|
|Att Loss 0.0957 | Att Reward in ep 004|
|Def Estimated: [23 77]| Att Labels: [23 77]|
|Def Amount of true predicted attacks: [21 75]|
04/22/2025 15:00:28 - INFO - End of Episode.
|Episode 066/100| time: 2.32|
|Def Loss 0.1924 | Def Reward in ep 098|
|Att Loss 0.0888 | Att Reward in ep 002|
|Def Estimated: [22 78]| Att Labels: [22 78]|
|Def Amount of true predicted attacks: [21 77]|
04/22/2025 15:00:30 - INFO - End of Episode.
|Episode 067/100| time: 2.28|
|Def Loss 0.1620 | Def Reward in ep 097|
|Att Loss 0.0876 | Att Reward in ep 003|
|Def Estimated: [25 75]| Att Labels: [22 78]|
|Def Amount of true predicted attacks: [22 75]|
04/22/2025 15:00:33 - INFO - End of Episode.
|Episode 068/100| time: 2.25|
|Def Loss 0.2319 | Def Reward in ep 095|
|Att Loss 0.0992 | Att Reward in ep 005|
|Def Estimated: [23 77]| Att Labels: [22 78]|
|Def Amount of true predicted attacks: [20 75]|
04/22/2025 15:00:36 - INFO - End of Episode.
|Episode 069/100| time: 2.28|
|Def Loss 0.2399 | Def Reward in ep 098|
|Att Loss 0.0966 | Att Reward in ep 002|
|Def Estimated: [19 81]| Att Labels: [21 79]|
|Def Amount of true predicted attacks: [19 79]|
04/22/2025 15:00:39 - INFO - End of Episode.
|Episode 070/100| time: 2.31|
|Def Loss 0.2426 | Def Reward in ep 097|
|Att Loss 0.0964 | Att Reward in ep 003|
|Def Estimated: [16 84]| Att Labels: [17 83]|
|Def Amount of true predicted attacks: [15 82]|
04/22/2025 15:00:42 - INFO - End of Episode.
|Episode 071/100| time: 2.25|
|Def Loss 0.1974 | Def Reward in ep 098|
|Att Loss 0.0784 | Att Reward in ep 002|
|Def Estimated: [19 81]| Att Labels: [19 81]|
|Def Amount of true predicted attacks: [18 80]|
04/22/2025 15:00:44 - INFO - End of Episode.
|Episode 072/100| time: 2.27|
|Def Loss 0.2012 | Def Reward in ep 096|
|Att Loss 0.1109 | Att Reward in ep 004|
|Def Estimated: [17 83]| Att Labels: [17 83]|
|Def Amount of true predicted attacks: [15 81]|
04/22/2025 15:00:47 - INFO - End of Episode.
|Episode 073/100| time: 2.32|
|Def Loss 0.2529 | Def Reward in ep 098|
|Att Loss 0.1143 | Att Reward in ep 002|
|Def Estimated: [20 80]| Att Labels: [22 78]|
|Def Amount of true predicted attacks: [20 78]|
04/22/2025 15:00:50 - INFO - End of Episode.
|Episode 074/100| time: 2.26|
|Def Loss 0.2684 | Def Reward in ep 097|
|Att Loss 0.1018 | Att Reward in ep 003|
|Def Estimated: [17 83]| Att Labels: [18 82]|
|Def Amount of true predicted attacks: [16 81]|
04/22/2025 15:00:53 - INFO - End of Episode.
|Episode 075/100| time: 2.26|
|Def Loss 0.2353 | Def Reward in ep 100|
|Att Loss 0.0934 | Att Reward in ep 000|
|Def Estimated: [21 79]| Att Labels: [21 79]|
|Def Amount of true predicted attacks: [21 79]|
04/22/2025 15:00:56 - INFO - End of Episode.
|Episode 076/100| time: 2.30|
|Def Loss 0.2148 | Def Reward in ep 097|
|Att Loss 0.0979 | Att Reward in ep 003|
|Def Estimated: [29 71]| Att Labels: [28 72]|
|Def Amount of true predicted attacks: [27 70]|
04/22/2025 15:00:59 - INFO - End of Episode.
|Episode 077/100| time: 2.40|
|Def Loss 0.2202 | Def Reward in ep 098|
|Att Loss 0.0987 | Att Reward in ep 002|
|Def Estimated: [28 72]| Att Labels: [28 72]|
|Def Amount of true predicted attacks: [27 71]|
04/22/2025 15:01:02 - INFO - End of Episode.
|Episode 078/100| time: 2.33|
|Def Loss 0.1943 | Def Reward in ep 100|
|Att Loss 0.0976 | Att Reward in ep 000|
|Def Estimated: [33 67]| Att Labels: [33 67]|
|Def Amount of true predicted attacks: [33 67]|
04/22/2025 15:01:04 - INFO - End of Episode.
|Episode 079/100| time: 2.26|
|Def Loss 0.1817 | Def Reward in ep 097|
|Att Loss 0.0858 | Att Reward in ep 003|
|Def Estimated: [26 74]| Att Labels: [29 71]|
|Def Amount of true predicted attacks: [26 71]|
04/22/2025 15:01:07 - INFO - End of Episode.
|Episode 080/100| time: 2.31|
|Def Loss 0.2217 | Def Reward in ep 097|
|Att Loss 0.0773 | Att Reward in ep 003|
|Def Estimated: [27 73]| Att Labels: [28 72]|
|Def Amount of true predicted attacks: [26 71]|
04/22/2025 15:01:10 - INFO - End of Episode.
|Episode 081/100| time: 2.36|
|Def Loss 0.1907 | Def Reward in ep 099|
|Att Loss 0.0592 | Att Reward in ep 001|
|Def Estimated: [28 72]| Att Labels: [29 71]|
|Def Amount of true predicted attacks: [28 71]|
04/22/2025 15:01:13 - INFO - End of Episode.
|Episode 082/100| time: 2.31|
|Def Loss 0.1813 | Def Reward in ep 098|
|Att Loss 0.0630 | Att Reward in ep 002|
|Def Estimated: [24 76]| Att Labels: [26 74]|
|Def Amount of true predicted attacks: [24 74]|
04/22/2025 15:01:16 - INFO - End of Episode.
|Episode 083/100| time: 2.23|
|Def Loss 0.2821 | Def Reward in ep 096|
|Att Loss 0.0702 | Att Reward in ep 004|
|Def Estimated: [27 73]| Att Labels: [27 73]|
|Def Amount of true predicted attacks: [25 71]|
04/22/2025 15:01:19 - INFO - End of Episode.
|Episode 084/100| time: 2.48|
|Def Loss 0.2428 | Def Reward in ep 098|
|Att Loss 0.0639 | Att Reward in ep 002|
|Def Estimated: [22 78]| Att Labels: [24 76]|
|Def Amount of true predicted attacks: [22 76]|
04/22/2025 15:01:22 - INFO - End of Episode.
|Episode 085/100| time: 2.48|
|Def Loss 0.2443 | Def Reward in ep 098|
|Att Loss 0.0501 | Att Reward in ep 002|
|Def Estimated: [20 80]| Att Labels: [22 78]|
|Def Amount of true predicted attacks: [20 78]|
04/22/2025 15:01:25 - INFO - End of Episode.
|Episode 086/100| time: 2.48|
|Def Loss 0.2619 | Def Reward in ep 100|
|Att Loss 0.0310 | Att Reward in ep 000|
|Def Estimated: [30 70]| Att Labels: [30 70]|
|Def Amount of true predicted attacks: [30 70]|
04/22/2025 15:01:28 - INFO - End of Episode.
|Episode 087/100| time: 2.46|
|Def Loss 0.2581 | Def Reward in ep 097|
|Att Loss 0.0538 | Att Reward in ep 003|
|Def Estimated: [36 64]| Att Labels: [33 67]|
|Def Amount of true predicted attacks: [33 64]|
04/22/2025 15:01:32 - INFO - End of Episode.
|Episode 088/100| time: 2.55|
|Def Loss 0.2525 | Def Reward in ep 100|
|Att Loss 0.0611 | Att Reward in ep 000|
|Def Estimated: [20 80]| Att Labels: [20 80]|
|Def Amount of true predicted attacks: [20 80]|
04/22/2025 15:01:35 - INFO - End of Episode.
|Episode 089/100| time: 2.52|
|Def Loss 0.2552 | Def Reward in ep 098|
|Att Loss 0.0409 | Att Reward in ep 002|
|Def Estimated: [23 77]| Att Labels: [23 77]|
|Def Amount of true predicted attacks: [22 76]|
04/22/2025 15:01:38 - INFO - End of Episode.
|Episode 090/100| time: 2.51|
|Def Loss 0.2205 | Def Reward in ep 096|
|Att Loss 0.0567 | Att Reward in ep 004|
|Def Estimated: [24 76]| Att Labels: [26 74]|
|Def Amount of true predicted attacks: [23 73]|
04/22/2025 15:01:41 - INFO - End of Episode.
|Episode 091/100| time: 2.34|
|Def Loss 0.2414 | Def Reward in ep 094|
|Att Loss 0.0685 | Att Reward in ep 006|
|Def Estimated: [26 74]| Att Labels: [22 78]|
|Def Amount of true predicted attacks: [21 73]|
04/22/2025 15:01:44 - INFO - End of Episode.
|Episode 092/100| time: 2.63|
|Def Loss 0.3014 | Def Reward in ep 098|
|Att Loss 0.1017 | Att Reward in ep 002|
|Def Estimated: [27 73]| Att Labels: [27 73]|
|Def Amount of true predicted attacks: [26 72]|
04/22/2025 15:01:47 - INFO - End of Episode.
|Episode 093/100| time: 2.51|
|Def Loss 0.2848 | Def Reward in ep 097|
|Att Loss 0.0888 | Att Reward in ep 003|
|Def Estimated: [24 76]| Att Labels: [23 77]|
|Def Amount of true predicted attacks: [22 75]|
04/22/2025 15:01:51 - INFO - End of Episode.
|Episode 094/100| time: 2.47|
|Def Loss 0.2085 | Def Reward in ep 100|
|Att Loss 0.0901 | Att Reward in ep 000|
|Def Estimated: [22 78]| Att Labels: [22 78]|
|Def Amount of true predicted attacks: [22 78]|
04/22/2025 15:01:54 - INFO - End of Episode.
|Episode 095/100| time: 2.42|
|Def Loss 0.1849 | Def Reward in ep 097|
|Att Loss 0.0860 | Att Reward in ep 003|
|Def Estimated: [27 73]| Att Labels: [24 76]|
|Def Amount of true predicted attacks: [24 73]|
04/22/2025 15:01:57 - INFO - End of Episode.
|Episode 096/100| time: 2.47|
|Def Loss 0.1737 | Def Reward in ep 098|
|Att Loss 0.0666 | Att Reward in ep 002|
|Def Estimated: [24 76]| Att Labels: [22 78]|
|Def Amount of true predicted attacks: [22 76]|
04/22/2025 15:02:00 - INFO - End of Episode.
|Episode 097/100| time: 2.50|
|Def Loss 0.1761 | Def Reward in ep 095|
|Att Loss 0.0551 | Att Reward in ep 005|
|Def Estimated: [28 72]| Att Labels: [23 77]|
|Def Amount of true predicted attacks: [23 72]|
04/22/2025 15:02:03 - INFO - End of Episode.
|Episode 098/100| time: 2.52|
|Def Loss 0.2290 | Def Reward in ep 099|
|Att Loss 0.0546 | Att Reward in ep 001|
|Def Estimated: [29 71]| Att Labels: [30 70]|
|Def Amount of true predicted attacks: [29 70]|
04/22/2025 15:02:07 - INFO - End of Episode.
|Episode 099/100| time: 2.63|
|Def Loss 0.2298 | Def Reward in ep 094|
|Att Loss 0.0646 | Att Reward in ep 006|
|Def Estimated: [39 61]| Att Labels: [35 65]|
|Def Amount of true predicted attacks: [34 60]|
04/22/2025 15:02:07 - INFO - Model 'attacker_model_cic_2017' saved in: /workspace/models/trained-models/2025-04-22-14-56-Linux-CIC-2017-18-DDOS-1st-Run/attacker_model_cic.keras
04/22/2025 15:02:07 - INFO - Model summary:
Model: "attacker_model_cic_2017"
_________________________________________________________________
 Layer (type)                Output Shape              Param #   
=================================================================
 dense (Dense)               (None, 100)               6800      
                                                                 
 dense_1 (Dense)             (None, 100)               10100     
                                                                 
 dense_2 (Dense)             (None, 100)               10100     
                                                                 
 dense_3 (Dense)             (None, 100)               10100     
                                                                 
 dense_4 (Dense)             (None, 100)               10100     
                                                                 
 dense_5 (Dense)             (None, 6)                 606       
                                                                 
=================================================================
Total params: 47806 (186.74 KB)
Trainable params: 47806 (186.74 KB)
Non-trainable params: 0 (0.00 Byte)
_________________________________________________________________

04/22/2025 15:02:07 - INFO - Model 'defender_model' saved in: /workspace/models/trained-models/2025-04-22-14-56-Linux-CIC-2017-18-DDOS-1st-Run/defender_model.keras
04/22/2025 15:02:07 - INFO - Model summary:
Model: "defender_model"
_________________________________________________________________
 Layer (type)                Output Shape              Param #   
=================================================================
 dense_12 (Dense)            (None, 100)               6800      
                                                                 
 dense_13 (Dense)            (None, 100)               10100     
                                                                 
 dense_14 (Dense)            (None, 100)               10100     
                                                                 
 dense_15 (Dense)            (None, 2)                 202       
                                                                 
=================================================================
Total params: 27202 (106.26 KB)
Trainable params: 27202 (106.26 KB)
Non-trainable params: 0 (0.00 Byte)
_________________________________________________________________

04/22/2025 15:02:07 - INFO - Saved trained models.
04/22/2025 15:02:07 - INFO - Total runtime: 00:05:34
04/22/2025 15:02:07 - INFO - End of the script at: 2025-04-22 15:02:07.761081
04/22/2025 15:02:10 - INFO - Debug information saved to /workspace/models/trained-models/2025-04-22-14-56-Linux-CIC-2017-18-DDOS-1st-Run/logs/debug_info.json
04/22/2025 15:02:10 - INFO - Trying to save summary plots under: /workspace/models/trained-models/2025-04-22-14-56-Linux-CIC-2017-18-DDOS-1st-Run/plots/
04/22/2025 15:02:12 - INFO - Plotted attack distributions during training in: /workspace/models/trained-models/2025-04-22-14-56-Linux-CIC-2017-18-DDOS-1st-Run/plots/
04/22/2025 15:02:23 - INFO - Normalized confusion matrix
04/22/2025 15:02:23 - INFO - 
Confusion Matrix:
[[0.97466429 0.02533571]
 [0.03259819 0.96740181]]
04/22/2025 15:02:23 - INFO - Plotted confusion matrix in: /workspace/models/trained-models/2025-04-22-14-56-Linux-CIC-2017-18-DDOS-1st-Run/plots/intraset/
04/22/2025 15:02:23 - INFO - Model summary:
Model: "defender_model"
_________________________________________________________________
 Layer (type)                Output Shape              Param #   
=================================================================
 dense_12 (Dense)            (None, 100)               6800      
                                                                 
 dense_13 (Dense)            (None, 100)               10100     
                                                                 
 dense_14 (Dense)            (None, 100)               10100     
                                                                 
 dense_15 (Dense)            (None, 2)                 202       
                                                                 
=================================================================
Total params: 27202 (106.26 KB)
Trainable params: 27202 (106.26 KB)
Non-trainable params: 0 (0.00 Byte)
_________________________________________________________________

loaded from: /workspace/models/trained-models/2025-04-22-14-56-Linux-CIC-2017-18-DDOS-1st-Run/defender_model.keras
04/22/2025 15:02:23 - INFO - One vs All metric calculation: 
True positive: 212217 | False positive: 3547 | 
True negative: 136453 | False negative: 7151
Accuracy: 0.9702 | Recall: 0.9674 | Specificity: 0.9747 | Precision: 0.9836 | F1-Score: 0.9754 | False Positive Rate: 0.0253
04/22/2025 15:02:23 - INFO - Overall overview
Total reward: 348670 | Number of samples: 359368 | Accuracy = 97.02%
Overall overview per attack type
              Estimated Correct   Total Mismatch   F1_score
Benign           143604  136453  140000     3604  96.227839
(D)DOS           215764  212217  219368     3604  97.541436
Weigthed Avg.                                     97.029694
04/22/2025 15:02:24 - INFO - 
 Class  Support  Accuracy  Precision  Recall  F1-Score
Benign   140000    0.9747     0.9502  0.9747    0.9623
(D)DOS   219368    0.9674     0.9836  0.9674    0.9754
04/22/2025 15:02:24 - INFO - Overall weighted F1-score: 0.9703
04/22/2025 15:02:35 - INFO - 
One vs All metrics: 
     name  accuracy        f1  precision    recall
0  (D)DOS  0.970231  0.975414   0.983561  0.967402
1  Benign  0.970231  0.962278   0.950203  0.974664
04/22/2025 15:02:35 - INFO - Classification report:
              precision    recall  f1-score   support

      Benign       0.95      0.97      0.96    140000
      (D)DOS       0.98      0.97      0.98    219368

    accuracy                           0.97    359368
   macro avg       0.97      0.97      0.97    359368
weighted avg       0.97      0.97      0.97    359368

04/22/2025 15:02:40 - INFO - Model metrics: 
loss=0.015493569895625114, mse=0.46558740735054016, mae=0.08218448609113693
04/22/2025 15:02:40 - INFO - Optimizer config: {'name': 'Adam', 'weight_decay': None, 'clipnorm': None, 'global_clipnorm': None, 'clipvalue': None, 'use_ema': False, 'ema_momentum': 0.99, 'ema_overwrite_frequency': None, 'jit_compile': False, 'is_legacy_optimizer': False, 'learning_rate': 0.001, 'beta_1': 0.9, 'beta_2': 0.999, 'epsilon': 1e-07, 'amsgrad': False}
04/22/2025 15:02:40 - INFO - Time needed for testing: 24.37667417526245
04/22/2025 15:02:41 - INFO - Metrics exported to: /workspace/models/trained-models/2025-04-22-14-56-Linux-CIC-2017-18-DDOS-1st-Run/logs/evaluation_metrics_defender_model.json
04/22/2025 15:03:05 - INFO - [Intra-Set] Accuracy: 0.7637, Recall: 0.7531, Precision: 0.8707, F1: 0.8076
04/22/2025 15:03:05 - INFO - Normalized confusion matrix
04/22/2025 15:03:05 - INFO - 
Confusion Matrix:
[[0.78419529 0.21580471]
 [0.24687705 0.75312295]]
04/22/2025 15:03:05 - INFO - Plotted confusion matrix in: /workspace/models/trained-models/2025-04-22-14-56-Linux-CIC-2017-18-DDOS-1st-Run/plots/interset/
04/22/2025 15:03:05 - INFO - [Intra-Set] Confusion matrix saved to /workspace/models/trained-models/2025-04-22-14-56-Linux-CIC-2017-18-DDOS-1st-Run/plots/
04/22/2025 15:03:24 - INFO - [Cross-Set] Model metrics: loss=0.18477565050125122, mse=12.349782943725586, mae=0.4429212212562561
04/22/2025 15:03:24 - INFO - [Intra-Set] Evaluation completed. Metrics exported to: /workspace/models/trained-models/2025-04-22-14-56-Linux-CIC-2017-18-DDOS-1st-Run/logs/evaluation_metrics_cross_defender_model.json
04/22/2025 15:03:24 - INFO - [Intra-Set] Time needed: 43.64 seconds
