04/24/2025 08:51:15 - INFO - Started script at: 2025-04-24-08-51
Current working dir: /workspace
Used training data files: 
/workspace/data/datasets/cic_ids/cse-cic-ids-2018/clean/all_benign.feather,
/workspace/data/datasets/cic_ids/cse-cic-ids-2018/clean/all_malicious.feather
Used inter set for validation:
/workspace/data/datasets/cic_ids/cic-ids-2017/clean/all_benign.feather,
/workspace/data/datasets/cic_ids/cic-ids-2017/clean/all_malicious.feather
04/24/2025 08:51:15 - INFO - Setting up Attacker and Defender Agents...
04/24/2025 08:51:15 - INFO - Loading benign data from:
/workspace/data/datasets/cic_ids/cse-cic-ids-2018/clean/all_benign.feather
Loading malicious data from:
/workspace/data/datasets/cic_ids/cse-cic-ids-2018/clean/all_malicious.feather
04/24/2025 08:51:45 - WARNING - No samples found for attack type 'Probe'.
04/24/2025 08:51:46 - WARNING - No samples found for attack type 'Heartbleed'.
04/24/2025 08:51:49 - INFO - Multi-Class Split ready.
04/24/2025 08:51:49 - INFO - Train: (59160, 67), Validation: (274662, 67), Test: (1556424, 67)
04/24/2025 08:51:49 - INFO - [Init full dataset] Loaded 59160 train, 1556424 test samples.
04/24/2025 08:51:49 - INFO - Loading benign data from:
/workspace/data/datasets/cic_ids/cic-ids-2017/clean/all_benign.feather
Loading malicious data from:
/workspace/data/datasets/cic_ids/cic-ids-2017/clean/all_malicious.feather
04/24/2025 08:51:51 - INFO - Multi-Class Split ready.
04/24/2025 08:51:51 - INFO - Train: (62267, 67), Validation: (184037, 67), Test: (429420, 67)
04/24/2025 08:51:51 - INFO - Initializing Attacker:CIC-2017-all's ReplayMemory with observation_size=67 and max_size=1000
04/24/2025 08:51:52 - WARNING - Skipping variable loading for optimizer 'Adam', because it has 25 variables whereas the saved optimizer has 1 variables. 
04/24/2025 08:51:52 - INFO - Initializing Defender's ReplayMemory with observation_size=67 and max_size=1000
04/24/2025 08:51:53 - WARNING - Skipping variable loading for optimizer 'Adam', because it has 17 variables whereas the saved optimizer has 1 variables. 
04/24/2025 08:51:53 - INFO - Creating environment...
04/24/2025 08:51:53 - INFO - Start Training with the following parameters:
-----------------------------------------------------------------------------------------------------------------------
Total episodes: 100 | Iterations in episode: 100 | <Attacker> Minibatch from mem size: 100 | Total Samples: 10000 | <Defender> Minibatch from mem size: 100 | Data shape: (59160, 67)
-----------------------------------------------------------------------------------------------------------------------
Attacker<Attack-Type>: Num_actions=14 | gamma=0.001 | epsilon=1 | ANN hidden size=100 | ANN hidden layers=5 | Learning rate=0.001
-----------------------------------------------------------------------------------------------------------------------
Defender: Num_actions=6 | gamma=0.001 | epsilon=1 | ANN hidden size=100 | ANN hidden layers=3 | Learning rate=0.001
-----------------------------------------------------------------------------------------------------------------------
Used Attack types: '['Benign', '(D)DOS', 'Brute Force', 'Web Attack', 'Botnet', 'Infiltration']' | Attack name(s): ['Benign', 'Bot', 'Brute Force Web', 'Brute Force XSS', 'DDOS attack HOIC', 'DDOS attack LOIC UDP', 'DDoS attacks LOIC HTTP', 'DoS attacks GoldenEye', 'DoS attacks Hulk', 'DoS attacks SlowHTTPTest', 'DoS attacks Slowloris', 'Infilteration', 'SQL Injection', 'SSH Bruteforce']
-----------------------------------------------------------------------------------------------------------------------

04/24/2025 08:51:53 - INFO - End of Episode.
|Episode 000/100| time: 0.30|
|Def Loss 0.0000 | Def Reward in ep 014|
|Att Loss 0.0000 | Att Reward in ep 086|
|Def Estimated: [21 16 15 19 15 14]| Att Labels: [ 2 55  8 20  8  7]|
|Def Amount of true predicted attacks: [0 9 0 3 2 0]|
04/24/2025 08:51:57 - WARNING - 5 out of the last 5 calls to <function QNetwork.predict at 0x72497aaffa60> triggered tf.function retracing. Tracing is expensive and the excessive number of tracings could be due to (1) creating @tf.function repeatedly in a loop, (2) passing tensors with different shapes, (3) passing Python objects instead of tensors. For (1), please define your @tf.function outside of the loop. For (2), @tf.function has reduce_retracing=True option that can avoid unnecessary retracing. For (3), please refer to https://www.tensorflow.org/guide/function#controlling_retracing and https://www.tensorflow.org/api_docs/python/tf/function for  more details.
04/24/2025 08:51:59 - WARNING - 6 out of the last 11 calls to <function QNetwork.predict at 0x72497aaffa60> triggered tf.function retracing. Tracing is expensive and the excessive number of tracings could be due to (1) creating @tf.function repeatedly in a loop, (2) passing tensors with different shapes, (3) passing Python objects instead of tensors. For (1), please define your @tf.function outside of the loop. For (2), @tf.function has reduce_retracing=True option that can avoid unnecessary retracing. For (3), please refer to https://www.tensorflow.org/guide/function#controlling_retracing and https://www.tensorflow.org/api_docs/python/tf/function for  more details.
04/24/2025 08:52:01 - INFO - End of Episode.
|Episode 001/100| time: 6.95|
|Def Loss 0.4127 | Def Reward in ep 051|
|Att Loss 0.8486 | Att Reward in ep 049|
|Def Estimated: [ 4 53  4 21 11  7]| Att Labels: [10 46  8 24  6  6]|
|Def Amount of true predicted attacks: [ 1 35  0 11  3  1]|
04/24/2025 08:52:04 - INFO - End of Episode.
|Episode 002/100| time: 2.49|
|Def Loss 0.2311 | Def Reward in ep 074|
|Att Loss 0.6540 | Att Reward in ep 026|
|Def Estimated: [ 4 48 13 23  8  4]| Att Labels: [ 6 48  7 21  6 12]|
|Def Amount of true predicted attacks: [ 1 42  7 18  6  0]|
04/24/2025 08:52:07 - INFO - End of Episode.
|Episode 003/100| time: 2.50|
|Def Loss 0.1926 | Def Reward in ep 078|
|Att Loss 0.6510 | Att Reward in ep 022|
|Def Estimated: [13 49  4 24  6  4]| Att Labels: [10 45  5 21  5 14]|
|Def Amount of true predicted attacks: [ 4 43  4 21  5  1]|
04/24/2025 08:52:09 - INFO - End of Episode.
|Episode 004/100| time: 2.55|
|Def Loss 0.2652 | Def Reward in ep 071|
|Att Loss 0.6106 | Att Reward in ep 029|
|Def Estimated: [14 47  4 26  9  0]| Att Labels: [13 39  3 19  8 18]|
|Def Amount of true predicted attacks: [ 5 38  3 17  8  0]|
04/24/2025 08:52:12 - INFO - End of Episode.
|Episode 005/100| time: 2.54|
|Def Loss 0.2943 | Def Reward in ep 077|
|Att Loss 0.5372 | Att Reward in ep 023|
|Def Estimated: [17 51  6 17  7  2]| Att Labels: [15 49  3 10  7 16]|
|Def Amount of true predicted attacks: [ 8 49  3  9  7  1]|
04/24/2025 08:52:15 - INFO - End of Episode.
|Episode 006/100| time: 2.52|
|Def Loss 0.3052 | Def Reward in ep 077|
|Att Loss 0.4872 | Att Reward in ep 023|
|Def Estimated: [14 42  7 20 14  3]| Att Labels: [14 39  7 16 11 13]|
|Def Amount of true predicted attacks: [ 6 39  6 15 11  0]|
04/24/2025 08:52:18 - INFO - End of Episode.
|Episode 007/100| time: 2.57|
|Def Loss 0.3223 | Def Reward in ep 083|
|Att Loss 0.4731 | Att Reward in ep 017|
|Def Estimated: [18 48  7 16  8  3]| Att Labels: [14 45  7 12  8 14]|
|Def Amount of true predicted attacks: [10 45  7 11  8  2]|
04/24/2025 08:52:20 - INFO - End of Episode.
|Episode 008/100| time: 2.51|
|Def Loss 0.3287 | Def Reward in ep 083|
|Att Loss 0.4603 | Att Reward in ep 017|
|Def Estimated: [21 40  6 22  4  7]| Att Labels: [15 40  6 17  4 18]|
|Def Amount of true predicted attacks: [11 40  6 17  4  5]|
04/24/2025 08:52:23 - INFO - End of Episode.
|Episode 009/100| time: 2.60|
|Def Loss 0.3365 | Def Reward in ep 080|
|Att Loss 0.4497 | Att Reward in ep 020|
|Def Estimated: [17 34  7 27  8  7]| Att Labels: [16 34  7 19  4 20]|
|Def Amount of true predicted attacks: [10 33  7 19  4  7]|
04/24/2025 08:52:26 - INFO - End of Episode.
|Episode 010/100| time: 2.55|
|Def Loss 0.3300 | Def Reward in ep 077|
|Att Loss 0.3430 | Att Reward in ep 023|
|Def Estimated: [18 35  9 24  4 10]| Att Labels: [17 33  9 18  4 19]|
|Def Amount of true predicted attacks: [ 9 33  9 16  4  6]|
04/24/2025 08:52:29 - INFO - End of Episode.
|Episode 011/100| time: 2.65|
|Def Loss 0.3444 | Def Reward in ep 087|
|Att Loss 0.1865 | Att Reward in ep 013|
|Def Estimated: [19 53  5 14  6  3]| Att Labels: [10 50  5 14  7 14]|
|Def Amount of true predicted attacks: [ 9 50  5 14  6  3]|
04/24/2025 08:52:32 - INFO - End of Episode.
|Episode 012/100| time: 2.53|
|Def Loss 0.3627 | Def Reward in ep 088|
|Att Loss 0.1224 | Att Reward in ep 012|
|Def Estimated: [16 46  6 15  6 11]| Att Labels: [11 45  6 15  6 17]|
|Def Amount of true predicted attacks: [ 8 45  6 15  6  8]|
04/24/2025 08:52:35 - INFO - End of Episode.
|Episode 013/100| time: 2.56|
|Def Loss 0.3712 | Def Reward in ep 079|
|Att Loss 0.1121 | Att Reward in ep 021|
|Def Estimated: [21 45  7 11  5 11]| Att Labels: [12 44  6 13  4 21]|
|Def Amount of true predicted attacks: [ 8 44  6 10  4  7]|
04/24/2025 08:52:38 - INFO - End of Episode.
|Episode 014/100| time: 2.58|
|Def Loss 0.3461 | Def Reward in ep 080|
|Att Loss 0.0903 | Att Reward in ep 020|
|Def Estimated: [22 35  6 22  9  6]| Att Labels: [22 31  5 18  9 15]|
|Def Amount of true predicted attacks: [14 31  5 18  9  3]|
04/24/2025 08:52:40 - INFO - End of Episode.
|Episode 015/100| time: 2.54|
|Def Loss 0.3660 | Def Reward in ep 088|
|Att Loss 0.0857 | Att Reward in ep 012|
|Def Estimated: [18 44 11 16  6  5]| Att Labels: [11 43 11 17  6 12]|
|Def Amount of true predicted attacks: [ 9 42 11 16  6  4]|
04/24/2025 08:52:43 - INFO - End of Episode.
|Episode 016/100| time: 2.62|
|Def Loss 0.3605 | Def Reward in ep 084|
|Att Loss 0.0774 | Att Reward in ep 016|
|Def Estimated: [16 45  8 12  7 12]| Att Labels: [17 45  6 11  6 15]|
|Def Amount of true predicted attacks: [11 42  6 10  6  9]|
04/24/2025 08:52:46 - INFO - End of Episode.
|Episode 017/100| time: 2.53|
|Def Loss 0.3530 | Def Reward in ep 080|
|Att Loss 0.0685 | Att Reward in ep 020|
|Def Estimated: [21 46 10 10  6  7]| Att Labels: [15 42  9 10  4 20]|
|Def Amount of true predicted attacks: [11 40  9 10  4  6]|
04/24/2025 08:52:49 - INFO - End of Episode.
|Episode 018/100| time: 2.57|
|Def Loss 0.3604 | Def Reward in ep 086|
|Att Loss 0.0577 | Att Reward in ep 014|
|Def Estimated: [19 43  3 25  5  5]| Att Labels: [12 42  4 24  6 12]|
|Def Amount of true predicted attacks: [10 42  2 23  5  4]|
04/24/2025 08:52:52 - INFO - End of Episode.
|Episode 019/100| time: 2.51|
|Def Loss 0.3738 | Def Reward in ep 087|
|Att Loss 0.0590 | Att Reward in ep 013|
|Def Estimated: [17 42  6 20  7  8]| Att Labels: [10 42  6 20  7 15]|
|Def Amount of true predicted attacks: [ 9 41  5 20  7  5]|
04/24/2025 08:52:55 - INFO - End of Episode.
|Episode 020/100| time: 2.59|
|Def Loss 0.3713 | Def Reward in ep 086|
|Att Loss 0.0663 | Att Reward in ep 014|
|Def Estimated: [12 51  4 10  5 18]| Att Labels: [16 50  3 13  6 12]|
|Def Amount of true predicted attacks: [ 9 50  3 10  5  9]|
04/24/2025 08:52:58 - INFO - End of Episode.
|Episode 021/100| time: 2.56|
|Def Loss 0.3676 | Def Reward in ep 084|
|Att Loss 0.0604 | Att Reward in ep 016|
|Def Estimated: [21 33 10 20  5 11]| Att Labels: [15 33 10 20  6 16]|
|Def Amount of true predicted attacks: [11 32 10 19  5  7]|
04/24/2025 08:53:00 - INFO - End of Episode.
|Episode 022/100| time: 2.58|
|Def Loss 0.3705 | Def Reward in ep 078|
|Att Loss 0.0721 | Att Reward in ep 022|
|Def Estimated: [18 39  9 16  6 12]| Att Labels: [20 38  8 13  6 15]|
|Def Amount of true predicted attacks: [ 9 37  8 12  6  6]|
04/24/2025 08:53:03 - INFO - End of Episode.
|Episode 023/100| time: 2.56|
|Def Loss 0.3779 | Def Reward in ep 086|
|Att Loss 0.0878 | Att Reward in ep 014|
|Def Estimated: [10 37  7 26  5 15]| Att Labels: [13 37  6 27  3 14]|
|Def Amount of true predicted attacks: [ 6 37  6 25  3  9]|
04/24/2025 08:53:06 - INFO - End of Episode.
|Episode 024/100| time: 2.54|
|Def Loss 0.3841 | Def Reward in ep 081|
|Att Loss 0.1111 | Att Reward in ep 019|
|Def Estimated: [ 8 41  7 19  5 20]| Att Labels: [11 39  6 20  3 21]|
|Def Amount of true predicted attacks: [ 3 39  5 18  3 13]|
04/24/2025 08:53:09 - INFO - End of Episode.
|Episode 025/100| time: 2.61|
|Def Loss 0.3359 | Def Reward in ep 092|
|Att Loss 0.1189 | Att Reward in ep 008|
|Def Estimated: [13 52  4 16  5 10]| Att Labels: [15 50  4 15  6 10]|
|Def Amount of true predicted attacks: [11 50  4 15  5  7]|
04/24/2025 08:53:12 - INFO - End of Episode.
|Episode 026/100| time: 2.55|
|Def Loss 0.3228 | Def Reward in ep 086|
|Att Loss 0.1134 | Att Reward in ep 014|
|Def Estimated: [14 38 11 19 12  6]| Att Labels: [15 37  8 18 12 10]|
|Def Amount of true predicted attacks: [ 9 37  8 18 11  3]|
04/24/2025 08:53:15 - INFO - End of Episode.
|Episode 027/100| time: 2.52|
|Def Loss 0.3086 | Def Reward in ep 088|
|Att Loss 0.1120 | Att Reward in ep 012|
|Def Estimated: [ 2 47  5 23  8 15]| Att Labels: [10 48  3 24  7  8]|
|Def Amount of true predicted attacks: [ 1 47  3 23  7  7]|
04/24/2025 08:53:18 - INFO - End of Episode.
|Episode 028/100| time: 2.58|
|Def Loss 0.3153 | Def Reward in ep 090|
|Att Loss 0.1146 | Att Reward in ep 010|
|Def Estimated: [17 36  7 16  5 19]| Att Labels: [20 34  7 17  5 17]|
|Def Amount of true predicted attacks: [14 34  7 16  5 14]|
04/24/2025 08:53:21 - INFO - End of Episode.
|Episode 029/100| time: 2.55|
|Def Loss 0.3212 | Def Reward in ep 088|
|Att Loss 0.0958 | Att Reward in ep 012|
|Def Estimated: [ 9 53  6 17  6  9]| Att Labels: [ 9 53  5 16  5 12]|
|Def Amount of true predicted attacks: [ 5 53  5 15  5  5]|
04/24/2025 08:53:24 - INFO - End of Episode.
|Episode 030/100| time: 2.57|
|Def Loss 0.2923 | Def Reward in ep 091|
|Att Loss 0.0774 | Att Reward in ep 009|
|Def Estimated: [10 54  6 19  4  7]| Att Labels: [13 51  6 18  3  9]|
|Def Amount of true predicted attacks: [ 9 50  6 18  3  5]|
04/24/2025 08:53:27 - INFO - End of Episode.
|Episode 031/100| time: 2.56|
|Def Loss 0.2902 | Def Reward in ep 088|
|Att Loss 0.0869 | Att Reward in ep 012|
|Def Estimated: [10 49  5 14  4 18]| Att Labels: [13 47  5 15  4 16]|
|Def Amount of true predicted attacks: [ 6 47  5 14  4 12]|
04/24/2025 08:53:29 - INFO - End of Episode.
|Episode 032/100| time: 2.58|
|Def Loss 0.2794 | Def Reward in ep 089|
|Att Loss 0.0586 | Att Reward in ep 011|
|Def Estimated: [12 42  8 17  2 19]| Att Labels: [19 41  8 17  3 12]|
|Def Amount of true predicted attacks: [11 41  8 16  2 11]|
04/24/2025 08:53:32 - INFO - End of Episode.
|Episode 033/100| time: 2.61|
|Def Loss 0.2695 | Def Reward in ep 080|
|Att Loss 0.0487 | Att Reward in ep 020|
|Def Estimated: [14 41  6 16  7 16]| Att Labels: [24 38  5 15  7 11]|
|Def Amount of true predicted attacks: [11 37  5 14  6  7]|
04/24/2025 08:53:35 - INFO - End of Episode.
|Episode 034/100| time: 2.64|
|Def Loss 0.2681 | Def Reward in ep 085|
|Att Loss 0.0451 | Att Reward in ep 015|
|Def Estimated: [17 39  5 20  6 13]| Att Labels: [18 38  4 19  7 14]|
|Def Amount of true predicted attacks: [11 38  4 19  6  7]|
04/24/2025 08:53:38 - INFO - End of Episode.
|Episode 035/100| time: 2.56|
|Def Loss 0.2793 | Def Reward in ep 084|
|Att Loss 0.0406 | Att Reward in ep 016|
|Def Estimated: [ 6 49  3 16 10 16]| Att Labels: [14 47  3 13  9 14]|
|Def Amount of true predicted attacks: [ 4 46  3 12  9 10]|
04/24/2025 08:53:41 - INFO - End of Episode.
|Episode 036/100| time: 2.56|
|Def Loss 0.2811 | Def Reward in ep 085|
|Att Loss 0.0477 | Att Reward in ep 015|
|Def Estimated: [12 37  7 22 12 10]| Att Labels: [13 38  7 19 11 12]|
|Def Amount of true predicted attacks: [ 8 35  7 18 11  6]|
04/24/2025 08:53:44 - INFO - End of Episode.
|Episode 037/100| time: 2.61|
|Def Loss 0.2983 | Def Reward in ep 091|
|Att Loss 0.0586 | Att Reward in ep 009|
|Def Estimated: [15 40  0 25  5 15]| Att Labels: [18 39  0 23  5 15]|
|Def Amount of true predicted attacks: [13 38  0 23  5 12]|
04/24/2025 08:53:47 - INFO - End of Episode.
|Episode 038/100| time: 2.59|
|Def Loss 0.3041 | Def Reward in ep 082|
|Att Loss 0.0423 | Att Reward in ep 018|
|Def Estimated: [15 46  3 15  5 16]| Att Labels: [19 45  2 11  6 17]|
|Def Amount of true predicted attacks: [10 45  2 11  5  9]|
04/24/2025 08:53:50 - INFO - End of Episode.
|Episode 039/100| time: 2.59|
|Def Loss 0.3574 | Def Reward in ep 090|
|Att Loss 0.0519 | Att Reward in ep 010|
|Def Estimated: [14 33  5 21 11 16]| Att Labels: [19 32  5 19 11 14]|
|Def Amount of true predicted attacks: [13 32  5 19 10 11]|
04/24/2025 08:53:53 - INFO - End of Episode.
|Episode 040/100| time: 2.56|
|Def Loss 0.3572 | Def Reward in ep 085|
|Att Loss 0.0475 | Att Reward in ep 015|
|Def Estimated: [12 38  5 16 10 19]| Att Labels: [13 36  5 14 10 22]|
|Def Amount of true predicted attacks: [ 6 36  5 14 10 14]|
04/24/2025 08:53:56 - INFO - End of Episode.
|Episode 041/100| time: 2.59|
|Def Loss 0.4092 | Def Reward in ep 090|
|Att Loss 0.0452 | Att Reward in ep 010|
|Def Estimated: [ 9 42  1 23 10 15]| Att Labels: [13 39  1 23 11 13]|
|Def Amount of true predicted attacks: [ 8 39  1 23 10  9]|
04/24/2025 08:53:59 - INFO - End of Episode.
|Episode 042/100| time: 2.58|
|Def Loss 0.3852 | Def Reward in ep 084|
|Att Loss 0.0481 | Att Reward in ep 016|
|Def Estimated: [11 41  5 23  8 12]| Att Labels: [14 39  5 23  8 11]|
|Def Amount of true predicted attacks: [ 5 39  5 20  8  7]|
04/24/2025 08:54:02 - INFO - End of Episode.
|Episode 043/100| time: 2.56|
|Def Loss 0.3670 | Def Reward in ep 090|
|Att Loss 0.0605 | Att Reward in ep 010|
|Def Estimated: [ 9 41  6 18 11 15]| Att Labels: [11 41  6 16 10 16]|
|Def Amount of true predicted attacks: [ 6 41  6 16 10 11]|
04/24/2025 08:54:05 - INFO - End of Episode.
|Episode 044/100| time: 2.60|
|Def Loss 0.3942 | Def Reward in ep 084|
|Att Loss 0.0565 | Att Reward in ep 016|
|Def Estimated: [ 9 38  9 15  6 23]| Att Labels: [22 39  8 14  5 12]|
|Def Amount of true predicted attacks: [ 8 38  8 14  5 11]|
04/24/2025 08:54:08 - INFO - End of Episode.
|Episode 045/100| time: 2.54|
|Def Loss 0.3532 | Def Reward in ep 092|
|Att Loss 0.0575 | Att Reward in ep 008|
|Def Estimated: [13 40 10 21  5 11]| Att Labels: [11 40  9 21  6 13]|
|Def Amount of true predicted attacks: [10 39  9 20  5  9]|
04/24/2025 08:54:11 - INFO - End of Episode.
|Episode 046/100| time: 2.58|
|Def Loss 0.3668 | Def Reward in ep 090|
|Att Loss 0.0634 | Att Reward in ep 010|
|Def Estimated: [14 42  3 26  4 11]| Att Labels: [17 39  3 26  4 11]|
|Def Amount of true predicted attacks: [11 39  3 26  4  7]|
04/24/2025 08:54:14 - INFO - End of Episode.
|Episode 047/100| time: 2.61|
|Def Loss 0.3371 | Def Reward in ep 082|
|Att Loss 0.0613 | Att Reward in ep 018|
|Def Estimated: [10 38 13 10  6 23]| Att Labels: [20 39 10 10  6 15]|
|Def Amount of true predicted attacks: [ 7 37 10 10  6 12]|
04/24/2025 08:54:17 - INFO - End of Episode.
|Episode 048/100| time: 2.58|
|Def Loss 0.3334 | Def Reward in ep 089|
|Att Loss 0.0706 | Att Reward in ep 011|
|Def Estimated: [ 9 49  4 18  6 14]| Att Labels: [10 48  4 17  6 15]|
|Def Amount of true predicted attacks: [ 5 48  4 17  6  9]|
04/24/2025 08:54:20 - INFO - End of Episode.
|Episode 049/100| time: 2.60|
|Def Loss 0.3249 | Def Reward in ep 086|
|Att Loss 0.0689 | Att Reward in ep 014|
|Def Estimated: [ 8 38  8 20 11 15]| Att Labels: [17 37  8 20  9  9]|
|Def Amount of true predicted attacks: [ 6 37  8 20  9  6]|
04/24/2025 08:54:23 - INFO - End of Episode.
|Episode 050/100| time: 2.59|
|Def Loss 0.3182 | Def Reward in ep 082|
|Att Loss 0.0640 | Att Reward in ep 018|
|Def Estimated: [ 8 37  5 19 12 19]| Att Labels: [20 37  5 18  9 11]|
|Def Amount of true predicted attacks: [ 6 37  5 18  9  7]|
04/24/2025 08:54:26 - INFO - End of Episode.
|Episode 051/100| time: 2.57|
|Def Loss 0.3301 | Def Reward in ep 086|
|Att Loss 0.0537 | Att Reward in ep 014|
|Def Estimated: [13 43  4 13  4 23]| Att Labels: [15 41  3 13  4 24]|
|Def Amount of true predicted attacks: [ 7 41  3 13  4 18]|
04/24/2025 08:54:29 - INFO - End of Episode.
|Episode 052/100| time: 2.58|
|Def Loss 0.3314 | Def Reward in ep 085|
|Att Loss 0.0552 | Att Reward in ep 015|
|Def Estimated: [12 35  6 23  2 22]| Att Labels: [21 35  6 23  2 13]|
|Def Amount of true predicted attacks: [ 9 34  6 23  2 11]|
04/24/2025 08:54:32 - INFO - End of Episode.
|Episode 053/100| time: 2.58|
|Def Loss 0.3746 | Def Reward in ep 086|
|Att Loss 0.0482 | Att Reward in ep 014|
|Def Estimated: [14 37  6 19  8 16]| Att Labels: [16 38  6 17  8 15]|
|Def Amount of true predicted attacks: [10 37  6 17  6 10]|
04/24/2025 08:54:35 - INFO - End of Episode.
|Episode 054/100| time: 2.57|
|Def Loss 0.4030 | Def Reward in ep 085|
|Att Loss 0.0467 | Att Reward in ep 015|
|Def Estimated: [ 9 42  6 21  3 19]| Att Labels: [13 44  5 21  3 14]|
|Def Amount of true predicted attacks: [ 6 42  5 20  2 10]|
04/24/2025 08:54:38 - INFO - End of Episode.
|Episode 055/100| time: 2.55|
|Def Loss 0.4059 | Def Reward in ep 089|
|Att Loss 0.0392 | Att Reward in ep 011|
|Def Estimated: [10 37  7 21  6 19]| Att Labels: [14 38  6 20  4 18]|
|Def Amount of true predicted attacks: [ 8 37  6 20  4 14]|
04/24/2025 08:54:41 - INFO - End of Episode.
|Episode 056/100| time: 2.58|
|Def Loss 0.3850 | Def Reward in ep 087|
|Att Loss 0.0556 | Att Reward in ep 013|
|Def Estimated: [ 8 41  6 25  8 12]| Att Labels: [10 41  6 23  7 13]|
|Def Amount of true predicted attacks: [ 4 40  6 22  7  8]|
04/24/2025 08:54:44 - INFO - End of Episode.
|Episode 057/100| time: 2.57|
|Def Loss 0.3696 | Def Reward in ep 090|
|Att Loss 0.0368 | Att Reward in ep 010|
|Def Estimated: [ 7 37 11 21 10 14]| Att Labels: [15 35 11 20  8 11]|
|Def Amount of true predicted attacks: [ 7 35 11 20  8  9]|
04/24/2025 08:54:47 - INFO - End of Episode.
|Episode 058/100| time: 2.55|
|Def Loss 0.3325 | Def Reward in ep 083|
|Att Loss 0.0269 | Att Reward in ep 017|
|Def Estimated: [ 8 38  5 23  7 19]| Att Labels: [16 37  5 21  6 15]|
|Def Amount of true predicted attacks: [ 5 35  5 21  6 11]|
04/24/2025 08:54:51 - INFO - End of Episode.
|Episode 059/100| time: 2.61|
|Def Loss 0.3457 | Def Reward in ep 087|
|Att Loss 0.0285 | Att Reward in ep 013|
|Def Estimated: [ 6 40  4 26  5 19]| Att Labels: [12 41  4 24  4 15]|
|Def Amount of true predicted attacks: [ 4 40  4 24  4 11]|
04/24/2025 08:54:54 - INFO - End of Episode.
|Episode 060/100| time: 2.54|
|Def Loss 0.3228 | Def Reward in ep 090|
|Att Loss 0.0379 | Att Reward in ep 010|
|Def Estimated: [10 39  6 25  7 13]| Att Labels: [ 9 40  5 22  9 15]|
|Def Amount of true predicted attacks: [ 7 39  5 22  7 10]|
04/24/2025 08:54:57 - INFO - End of Episode.
|Episode 061/100| time: 2.60|
|Def Loss 0.3297 | Def Reward in ep 085|
|Att Loss 0.0339 | Att Reward in ep 015|
|Def Estimated: [ 9 43  6 19  6 17]| Att Labels: [13 43  5 16  6 17]|
|Def Amount of true predicted attacks: [ 4 43  5 16  6 11]|
04/24/2025 08:55:00 - INFO - End of Episode.
|Episode 062/100| time: 2.74|
|Def Loss 0.2950 | Def Reward in ep 086|
|Att Loss 0.0374 | Att Reward in ep 014|
|Def Estimated: [12 46  5 16  5 16]| Att Labels: [16 45  4 14  4 17]|
|Def Amount of true predicted attacks: [ 8 45  4 14  4 11]|
04/24/2025 08:55:03 - INFO - End of Episode.
|Episode 063/100| time: 2.59|
|Def Loss 0.2743 | Def Reward in ep 091|
|Att Loss 0.0538 | Att Reward in ep 009|
|Def Estimated: [ 7 43  9 21  3 17]| Att Labels: [ 9 44  8 22  2 15]|
|Def Amount of true predicted attacks: [ 5 43  8 21  2 12]|
04/24/2025 08:55:06 - INFO - End of Episode.
|Episode 064/100| time: 2.62|
|Def Loss 0.2576 | Def Reward in ep 093|
|Att Loss 0.0531 | Att Reward in ep 007|
|Def Estimated: [10 51  4 18  5 12]| Att Labels: [12 51  3 18  4 12]|
|Def Amount of true predicted attacks: [ 8 51  3 18  4  9]|
04/24/2025 08:55:09 - INFO - End of Episode.
|Episode 065/100| time: 2.61|
|Def Loss 0.2801 | Def Reward in ep 088|
|Att Loss 0.0691 | Att Reward in ep 012|
|Def Estimated: [18 39  5 15 11 12]| Att Labels: [13 40  5 14 11 17]|
|Def Amount of true predicted attacks: [11 39  5 13 10 10]|
04/24/2025 08:55:12 - INFO - End of Episode.
|Episode 066/100| time: 2.61|
|Def Loss 0.2908 | Def Reward in ep 091|
|Att Loss 0.0713 | Att Reward in ep 009|
|Def Estimated: [11 40  7 23  5 14]| Att Labels: [14 41  7 20  5 13]|
|Def Amount of true predicted attacks: [ 9 40  7 20  5 10]|
04/24/2025 08:55:15 - INFO - End of Episode.
|Episode 067/100| time: 2.59|
|Def Loss 0.2889 | Def Reward in ep 092|
|Att Loss 0.0655 | Att Reward in ep 008|
|Def Estimated: [ 8 49  4 18 10 11]| Att Labels: [10 47  4 19  9 11]|
|Def Amount of true predicted attacks: [ 6 47  4 18  8  9]|
04/24/2025 08:55:18 - INFO - End of Episode.
|Episode 068/100| time: 2.56|
|Def Loss 0.2807 | Def Reward in ep 088|
|Att Loss 0.0615 | Att Reward in ep 012|
|Def Estimated: [11 41  6 19  8 15]| Att Labels: [ 8 42  7 15  9 19]|
|Def Amount of true predicted attacks: [ 5 41  6 15  8 13]|
04/24/2025 08:55:22 - INFO - End of Episode.
|Episode 069/100| time: 2.63|
|Def Loss 0.2944 | Def Reward in ep 092|
|Att Loss 0.0558 | Att Reward in ep 008|
|Def Estimated: [ 7 50  8 13  7 15]| Att Labels: [ 9 50  7 14  7 13]|
|Def Amount of true predicted attacks: [ 5 49  7 13  7 11]|
04/24/2025 08:55:25 - INFO - End of Episode.
|Episode 070/100| time: 2.61|
|Def Loss 0.3110 | Def Reward in ep 086|
|Att Loss 0.0617 | Att Reward in ep 014|
|Def Estimated: [12 38  5 25  3 17]| Att Labels: [18 36  5 25  1 15]|
|Def Amount of true predicted attacks: [ 9 36  5 25  1 10]|
04/24/2025 08:55:28 - INFO - End of Episode.
|Episode 071/100| time: 2.60|
|Def Loss 0.3160 | Def Reward in ep 088|
|Att Loss 0.0546 | Att Reward in ep 012|
|Def Estimated: [ 9 41  4 20  9 17]| Att Labels: [12 41  4 19  9 15]|
|Def Amount of true predicted attacks: [ 6 40  4 18  9 11]|
04/24/2025 08:55:31 - INFO - End of Episode.
|Episode 072/100| time: 2.60|
|Def Loss 0.2917 | Def Reward in ep 086|
|Att Loss 0.0477 | Att Reward in ep 014|
|Def Estimated: [11 50  5 13 11 10]| Att Labels: [14 49  6 12 10  9]|
|Def Amount of true predicted attacks: [ 7 48  5 12 10  4]|
04/24/2025 08:55:34 - INFO - End of Episode.
|Episode 073/100| time: 2.65|
|Def Loss 0.2863 | Def Reward in ep 085|
|Att Loss 0.0566 | Att Reward in ep 015|
|Def Estimated: [14 42  6 21  3 14]| Att Labels: [17 42  6 18  4 13]|
|Def Amount of true predicted attacks: [ 9 42  6 18  3  7]|
04/24/2025 08:55:37 - INFO - End of Episode.
|Episode 074/100| time: 2.63|
|Def Loss 0.3193 | Def Reward in ep 082|
|Att Loss 0.0551 | Att Reward in ep 018|
|Def Estimated: [ 8 44  2 25  8 13]| Att Labels: [15 44  2 21  7 11]|
|Def Amount of true predicted attacks: [ 5 43  1 21  7  5]|
04/24/2025 08:55:41 - INFO - End of Episode.
|Episode 075/100| time: 2.63|
|Def Loss 0.3056 | Def Reward in ep 086|
|Att Loss 0.0571 | Att Reward in ep 014|
|Def Estimated: [11 42  5 19  6 17]| Att Labels: [15 42  4 18  5 16]|
|Def Amount of true predicted attacks: [ 7 42  4 17  5 11]|
04/24/2025 08:55:44 - INFO - End of Episode.
|Episode 076/100| time: 2.62|
|Def Loss 0.2951 | Def Reward in ep 087|
|Att Loss 0.0483 | Att Reward in ep 013|
|Def Estimated: [15 34  6 25  3 17]| Att Labels: [17 33  6 24  3 17]|
|Def Amount of true predicted attacks: [10 33  6 24  3 11]|
04/24/2025 08:55:47 - INFO - End of Episode.
|Episode 077/100| time: 2.64|
|Def Loss 0.3121 | Def Reward in ep 082|
|Att Loss 0.0487 | Att Reward in ep 018|
|Def Estimated: [14 37  4 21  8 16]| Att Labels: [16 37  4 19  7 17]|
|Def Amount of true predicted attacks: [ 7 37  4 19  7  8]|
04/24/2025 08:55:50 - INFO - End of Episode.
|Episode 078/100| time: 2.61|
|Def Loss 0.3320 | Def Reward in ep 084|
|Att Loss 0.0518 | Att Reward in ep 016|
|Def Estimated: [12 42  8 15  5 18]| Att Labels: [18 41  7 13  5 16]|
|Def Amount of true predicted attacks: [10 41  7 11  5 10]|
04/24/2025 08:55:53 - INFO - End of Episode.
|Episode 079/100| time: 2.60|
|Def Loss 0.3532 | Def Reward in ep 086|
|Att Loss 0.0542 | Att Reward in ep 014|
|Def Estimated: [ 8 51  4 15  5 17]| Att Labels: [14 48  4 15  4 15]|
|Def Amount of true predicted attacks: [ 6 48  3 14  4 11]|
04/24/2025 08:55:56 - INFO - End of Episode.
|Episode 080/100| time: 2.68|
|Def Loss 0.3359 | Def Reward in ep 085|
|Att Loss 0.0441 | Att Reward in ep 015|
|Def Estimated: [ 7 46  6 11  5 25]| Att Labels: [20 44  5 11  5 15]|
|Def Amount of true predicted attacks: [ 7 43  5 11  5 14]|
04/24/2025 08:56:00 - INFO - End of Episode.
|Episode 081/100| time: 2.57|
|Def Loss 0.3494 | Def Reward in ep 087|
|Att Loss 0.0570 | Att Reward in ep 013|
|Def Estimated: [10 36 10 18  9 17]| Att Labels: [14 37 10 16  8 15]|
|Def Amount of true predicted attacks: [ 7 35 10 16  7 12]|
04/24/2025 08:56:03 - INFO - End of Episode.
|Episode 082/100| time: 2.60|
|Def Loss 0.3254 | Def Reward in ep 093|
|Att Loss 0.0539 | Att Reward in ep 007|
|Def Estimated: [12 45  8 17  7 11]| Att Labels: [ 8 45  8 17  6 16]|
|Def Amount of true predicted attacks: [ 7 45  8 17  6 10]|
04/24/2025 08:56:06 - INFO - End of Episode.
|Episode 083/100| time: 2.61|
|Def Loss 0.3260 | Def Reward in ep 090|
|Att Loss 0.0469 | Att Reward in ep 010|
|Def Estimated: [11 38  6 25  7 13]| Att Labels: [13 38  6 22  8 13]|
|Def Amount of true predicted attacks: [ 8 38  6 22  7  9]|
04/24/2025 08:56:09 - INFO - End of Episode.
|Episode 084/100| time: 2.61|
|Def Loss 0.3464 | Def Reward in ep 083|
|Att Loss 0.0393 | Att Reward in ep 017|
|Def Estimated: [16 34 12 17  6 15]| Att Labels: [22 33 12 13  7 13]|
|Def Amount of true predicted attacks: [12 33 12 13  6  7]|
04/24/2025 08:56:12 - INFO - End of Episode.
|Episode 085/100| time: 2.65|
|Def Loss 0.3813 | Def Reward in ep 087|
|Att Loss 0.0406 | Att Reward in ep 013|
|Def Estimated: [12 37  6 22  6 17]| Att Labels: [16 37  6 23  5 13]|
|Def Amount of true predicted attacks: [ 8 37  6 22  5  9]|
04/24/2025 08:56:16 - INFO - End of Episode.
|Episode 086/100| time: 2.60|
|Def Loss 0.3496 | Def Reward in ep 090|
|Att Loss 0.0419 | Att Reward in ep 010|
|Def Estimated: [12 38  6 22 10 12]| Att Labels: [13 38  5 19 10 15]|
|Def Amount of true predicted attacks: [ 9 38  5 19 10  9]|
04/24/2025 08:56:19 - INFO - End of Episode.
|Episode 087/100| time: 2.63|
|Def Loss 0.3300 | Def Reward in ep 088|
|Att Loss 0.0365 | Att Reward in ep 012|
|Def Estimated: [10 39  8 21  6 16]| Att Labels: [20 38  7 20  6  9]|
|Def Amount of true predicted attacks: [10 37  7 20  6  8]|
04/24/2025 08:56:22 - INFO - End of Episode.
|Episode 088/100| time: 2.63|
|Def Loss 0.3014 | Def Reward in ep 087|
|Att Loss 0.0437 | Att Reward in ep 013|
|Def Estimated: [10 53  4 17  8  8]| Att Labels: [14 54  3 14  7  8]|
|Def Amount of true predicted attacks: [ 8 53  3 13  7  3]|
04/24/2025 08:56:25 - INFO - End of Episode.
|Episode 089/100| time: 2.57|
|Def Loss 0.3187 | Def Reward in ep 087|
|Att Loss 0.0483 | Att Reward in ep 013|
|Def Estimated: [10 44  6 21  4 15]| Att Labels: [11 42  5 21  3 18]|
|Def Amount of true predicted attacks: [ 7 41  5 20  3 11]|
04/24/2025 08:56:28 - INFO - End of Episode.
|Episode 090/100| time: 2.59|
|Def Loss 0.3185 | Def Reward in ep 093|
|Att Loss 0.0521 | Att Reward in ep 007|
|Def Estimated: [12 45  6 12 13 12]| Att Labels: [11 43  6 12 13 15]|
|Def Amount of true predicted attacks: [ 9 43  6 12 13 10]|
04/24/2025 08:56:32 - INFO - End of Episode.
|Episode 091/100| time: 2.61|
|Def Loss 0.3086 | Def Reward in ep 092|
|Att Loss 0.0389 | Att Reward in ep 008|
|Def Estimated: [10 42  5 19  8 16]| Att Labels: [11 42  4 18  8 17]|
|Def Amount of true predicted attacks: [ 8 41  4 18  8 13]|
04/24/2025 08:56:35 - INFO - End of Episode.
|Episode 092/100| time: 2.58|
|Def Loss 0.3016 | Def Reward in ep 086|
|Att Loss 0.0437 | Att Reward in ep 014|
|Def Estimated: [ 9 45  5 21  4 16]| Att Labels: [11 45  5 18  4 17]|
|Def Amount of true predicted attacks: [ 4 45  5 18  4 10]|
04/24/2025 08:56:38 - INFO - End of Episode.
|Episode 093/100| time: 2.60|
|Def Loss 0.2750 | Def Reward in ep 088|
|Att Loss 0.0537 | Att Reward in ep 012|
|Def Estimated: [11 46  9 19  6  9]| Att Labels: [ 7 46  8 19  7 13]|
|Def Amount of true predicted attacks: [ 4 45  8 19  6  6]|
04/24/2025 08:56:41 - INFO - End of Episode.
|Episode 094/100| time: 2.59|
|Def Loss 0.2586 | Def Reward in ep 092|
|Att Loss 0.0447 | Att Reward in ep 008|
|Def Estimated: [ 9 41  8 21  9 12]| Att Labels: [ 7 41  8 20  9 15]|
|Def Amount of true predicted attacks: [ 4 41  8 20  9 10]|
04/24/2025 08:56:45 - INFO - End of Episode.
|Episode 095/100| time: 2.57|
|Def Loss 0.2349 | Def Reward in ep 082|
|Att Loss 0.0479 | Att Reward in ep 018|
|Def Estimated: [18 33  8 21  9 11]| Att Labels: [16 32  8 21  8 15]|
|Def Amount of true predicted attacks: [ 9 32  8 20  7  6]|
04/24/2025 08:56:48 - INFO - End of Episode.
|Episode 096/100| time: 2.63|
|Def Loss 0.2281 | Def Reward in ep 091|
|Att Loss 0.0593 | Att Reward in ep 009|
|Def Estimated: [ 9 46  4 15  8 18]| Att Labels: [12 44  4 15 10 15]|
|Def Amount of true predicted attacks: [ 8 44  4 15  7 13]|
04/24/2025 08:56:51 - INFO - End of Episode.
|Episode 097/100| time: 2.56|
|Def Loss 0.2450 | Def Reward in ep 090|
|Att Loss 0.0540 | Att Reward in ep 010|
|Def Estimated: [ 5 42 14 20 10  9]| Att Labels: [ 8 43 12 17  9 11]|
|Def Amount of true predicted attacks: [ 3 41 12 17  9  8]|
04/24/2025 08:56:54 - INFO - End of Episode.
|Episode 098/100| time: 2.61|
|Def Loss 0.2115 | Def Reward in ep 086|
|Att Loss 0.0598 | Att Reward in ep 014|
|Def Estimated: [11 37  5 16  6 25]| Att Labels: [18 37  4 14  6 21]|
|Def Amount of true predicted attacks: [ 9 37  4 14  5 17]|
04/24/2025 08:56:58 - INFO - End of Episode.
|Episode 099/100| time: 2.65|
|Def Loss 0.2364 | Def Reward in ep 093|
|Att Loss 0.0664 | Att Reward in ep 007|
|Def Estimated: [ 9 38  8 18  7 20]| Att Labels: [10 40  8 17  6 19]|
|Def Amount of true predicted attacks: [ 7 38  8 17  6 17]|
04/24/2025 08:56:58 - INFO - Model 'attacker_model_cic_2017' saved in: /workspace/models/trained-models/2025-04-24-08-51-mac-cic-2018-17-multi-class-1st-run/attacker_model_cic.keras
04/24/2025 08:56:58 - INFO - Model summary:
Model: "attacker_model_cic_2017"
_________________________________________________________________
 Layer (type)                Output Shape              Param #   
=================================================================
 dense (Dense)               (None, 100)               6800      
                                                                 
 dense_1 (Dense)             (None, 100)               10100     
                                                                 
 dense_2 (Dense)             (None, 100)               10100     
                                                                 
 dense_3 (Dense)             (None, 100)               10100     
                                                                 
 dense_4 (Dense)             (None, 100)               10100     
                                                                 
 dense_5 (Dense)             (None, 14)                1414      
                                                                 
=================================================================
Total params: 48614 (189.90 KB)
Trainable params: 48614 (189.90 KB)
Non-trainable params: 0 (0.00 Byte)
_________________________________________________________________

04/24/2025 08:56:58 - INFO - Model 'defender_model' saved in: /workspace/models/trained-models/2025-04-24-08-51-mac-cic-2018-17-multi-class-1st-run/defender_model.keras
04/24/2025 08:56:58 - INFO - Model summary:
Model: "defender_model"
_________________________________________________________________
 Layer (type)                Output Shape              Param #   
=================================================================
 dense_12 (Dense)            (None, 100)               6800      
                                                                 
 dense_13 (Dense)            (None, 100)               10100     
                                                                 
 dense_14 (Dense)            (None, 100)               10100     
                                                                 
 dense_15 (Dense)            (None, 6)                 606       
                                                                 
=================================================================
Total params: 27606 (107.84 KB)
Trainable params: 27606 (107.84 KB)
Non-trainable params: 0 (0.00 Byte)
_________________________________________________________________

04/24/2025 08:56:58 - INFO - Saved trained models.
04/24/2025 08:56:58 - INFO - Total runtime: 00:05:43
04/24/2025 08:56:58 - INFO - End of the script at: 2025-04-24 08:56:58.748901
04/24/2025 08:57:01 - INFO - Debug information saved to /workspace/models/trained-models/2025-04-24-08-51-mac-cic-2018-17-multi-class-1st-run/logs/debug_info.json
04/24/2025 08:57:01 - INFO - Trying to save summary plots under: /workspace/models/trained-models/2025-04-24-08-51-mac-cic-2018-17-multi-class-1st-run/plots/
04/24/2025 08:57:03 - INFO - Plotted attack distributions during training in: /workspace/models/trained-models/2025-04-24-08-51-mac-cic-2018-17-multi-class-1st-run/plots/
04/24/2025 08:57:47 - INFO - Normalized confusion matrix
04/24/2025 08:57:47 - INFO - 
Confusion Matrix:
[[5.41065882e-01 1.61458824e-02 9.83058824e-03 2.21764706e-02
  1.46964706e-02 3.96084706e-01]
 [1.14256202e-03 9.96008341e-01 1.21808318e-06 2.70414465e-03
  0.00000000e+00 1.43733815e-04]
 [1.68984955e-03 4.41378615e-04 9.97276063e-01 6.30540878e-05
  1.26108176e-05 5.17043520e-04]
 [1.05421687e-02 0.00000000e+00 3.01204819e-03 9.86445783e-01
  0.00000000e+00 0.00000000e+00]
 [3.32189453e-02 2.49797296e-03 0.00000000e+00 5.14336727e-03
  9.55052867e-01 4.08684756e-03]
 [1.84802863e-01 1.73797531e-02 1.61805133e-02 3.39015885e-02
  2.10973967e-02 7.26637885e-01]]
04/24/2025 08:57:47 - INFO - Plotted confusion matrix in: /workspace/models/trained-models/2025-04-24-08-51-mac-cic-2018-17-multi-class-1st-run/plots/intraset/
04/24/2025 08:57:47 - INFO - Model summary:
Model: "defender_model"
_________________________________________________________________
 Layer (type)                Output Shape              Param #   
=================================================================
 dense_12 (Dense)            (None, 100)               6800      
                                                                 
 dense_13 (Dense)            (None, 100)               10100     
                                                                 
 dense_14 (Dense)            (None, 100)               10100     
                                                                 
 dense_15 (Dense)            (None, 6)                 606       
                                                                 
=================================================================
Total params: 27606 (107.84 KB)
Trainable params: 27606 (107.84 KB)
Non-trainable params: 0 (0.00 Byte)
_________________________________________________________________

loaded from: /workspace/models/trained-models/2025-04-24-08-51-mac-cic-2018-17-multi-class-1st-run/defender_model.keras
04/24/2025 08:57:51 - INFO - Overall overview
Total reward: 1322754 | Number of samples: 1556424 | Accuracy = 84.99%
Overall overview per attack type
              Estimated Correct   Total Mismatch   F1_score
Benign           255121  229953  425000   169879  67.621203
(D)DOS           826771  817685  820962     5809  99.249696
Brute Force       85016   79081   79297     5719  96.256535
Web Attack        16608     655     664    15944    7.58453
Botnet           125145  116611  122099     3046  94.328679
Infiltration     247763   78769  108402   139361  44.231747
Weigthed Avg.                                     86.203617
04/24/2025 08:57:54 - INFO - 
       Class  Support  Accuracy  Precision  Recall  F1-Score
      Benign   425000    0.5411     0.9013  0.5411    0.6762
      (D)DOS   820962    0.9960     0.9890  0.9960    0.9925
 Brute Force    79297    0.9973     0.9302  0.9973    0.9626
  Web Attack      664    0.9864     0.0394  0.9864    0.0758
      Botnet   122099    0.9551     0.9318  0.9551    0.9433
Infiltration   108402    0.7266     0.3179  0.7266    0.4423
04/24/2025 08:57:54 - INFO - Overall weighted F1-score: 0.8620
04/24/2025 08:57:55 - INFO - Classification report:
              precision    recall  f1-score   support

      Benign       0.90      0.54      0.68    425000
      (D)DOS       0.99      1.00      0.99    820962
 Brute Force       0.93      1.00      0.96     79297
  Web Attack       0.04      0.99      0.08       664
      Botnet       0.93      0.96      0.94    122099
Infiltration       0.32      0.73      0.44    108402

    accuracy                           0.85   1556424
   macro avg       0.68      0.87      0.68   1556424
weighted avg       0.91      0.85      0.86   1556424

04/24/2025 08:58:46 - INFO - Model metrics: 
loss=0.08824396878480911, mse=675.91015625, mae=0.26939594745635986
04/24/2025 08:58:46 - INFO - Optimizer config: {'name': 'Adam', 'weight_decay': None, 'clipnorm': None, 'global_clipnorm': None, 'clipvalue': None, 'use_ema': False, 'ema_momentum': 0.99, 'ema_overwrite_frequency': None, 'jit_compile': True, 'is_legacy_optimizer': False, 'learning_rate': 0.001, 'beta_1': 0.9, 'beta_2': 0.999, 'epsilon': 1e-07, 'amsgrad': False}
04/24/2025 08:58:46 - INFO - Time needed for testing: 102.75783276557922
04/24/2025 08:58:47 - INFO - [Intra Set] Metrics exported to: /workspace/models/trained-models/2025-04-24-08-51-mac-cic-2018-17-multi-class-1st-run/logs/evaluation_metrics_defender_model.json
04/24/2025 08:58:59 - WARNING - [Inter-Set] The following labels were not mapped and excluded: ['Probe' 'Heartbleed']
04/24/2025 08:58:59 - INFO - Normalized confusion matrix
04/24/2025 08:58:59 - INFO - 
Confusion Matrix:
[[2.76121429e-01 7.43785714e-02 8.07142857e-04 2.24007143e-01
  4.14285714e-04 4.24271429e-01]
 [4.42286293e-01 5.46978182e-01 2.41708928e-04 9.61819111e-03
  4.10449123e-05 8.34579883e-04]
 [2.38929595e-03 1.59286397e-04 0.00000000e+00 7.81936923e-01
  0.00000000e+00 2.15514495e-01]
 [4.55119215e-01 0.00000000e+00 0.00000000e+00 5.44880785e-01
  0.00000000e+00 0.00000000e+00]
 [1.77743431e-02 0.00000000e+00 0.00000000e+00 9.82225657e-01
  0.00000000e+00 0.00000000e+00]
 [5.26315789e-02 3.15789474e-01 2.63157895e-01 2.10526316e-01
  0.00000000e+00 1.57894737e-01]]
04/24/2025 08:58:59 - INFO - Plotted confusion matrix in: /workspace/models/trained-models/2025-04-24-08-51-mac-cic-2018-17-multi-class-1st-run/plots/interset/
04/24/2025 08:58:59 - INFO - [Inter-Set] Confusion matrix saved to /workspace/models/trained-models/2025-04-24-08-51-mac-cic-2018-17-multi-class-1st-run/plots/
04/24/2025 08:59:12 - INFO - [Cross-Set] Model metrics: loss=0.10188626497983932, mse=0.21206793189048767, mae=0.32774096727371216
04/24/2025 08:59:12 - INFO - [Inter-Set] Evaluation completed. Metrics exported to: /workspace/models/trained-models/2025-04-24-08-51-mac-cic-2018-17-multi-class-1st-run/logs/evaluation_metrics_cross_defender_model.json
04/24/2025 08:59:12 - INFO - [Inter-Set] Time needed: 24.91 seconds
04/24/2025 08:59:12 - INFO - Finished script at: 2025-04-24-08-59
Total runtime: 0:07:57.262587
