04/23/2025 08:32:16 - INFO - Started script at: 2025-04-23-08-32
Current working dir: /workspace
Used data files: 
/workspace/data/datasets/cic_ids/cic-ids-2017/clean/all_benign.feather,
/workspace/data/datasets/cic_ids/cic-ids-2017/clean/all_malicious.feather
04/23/2025 08:32:16 - INFO - Setting up Attacker and Defender Agents...
04/23/2025 08:32:18 - INFO - One-vs-All Split ready (target: Infiltration):
04/23/2025 08:32:18 - INFO - Train: (50006, 67), Validation: (60009, 67), Test: (140021, 67)
04/23/2025 08:32:18 - INFO - [Init from split] Loaded 50006 train, 140021 test samples.
04/23/2025 08:32:42 - INFO - One-vs-All Split ready (target: Infiltration):
04/23/2025 08:32:42 - INFO - Train: (50880, 67), Validation: (94105, 67), Test: (533264, 67)
04/23/2025 08:32:42 - INFO - Initializing Attacker:CIC-2017-Infiltration's ReplayMemory with observation_size=67 and max_size=1000
04/23/2025 08:32:43 - WARNING - Skipping variable loading for optimizer 'Adam', because it has 25 variables whereas the saved optimizer has 1 variables. 
04/23/2025 08:32:43 - INFO - Initializing Defender's ReplayMemory with observation_size=67 and max_size=1000
04/23/2025 08:32:43 - WARNING - Skipping variable loading for optimizer 'Adam', because it has 17 variables whereas the saved optimizer has 1 variables. 
04/23/2025 08:32:43 - INFO - Creating environment...
04/23/2025 08:32:43 - INFO - Start Training with the following parameters:
-----------------------------------------------------------------------------------------------------------------------
Total episodes: 100 | Iterations in episode: 100 | Minibatch from mem size: 100 | Total Samples: 10000 | Data shape: (50006, 67)
-----------------------------------------------------------------------------------------------------------------------
Attacker<Attack-Type>: Num_actions=2 | gamma=0.001 | epsilon=1 | ANN hidden size=100 | ANN hidden layers=5 | Learning rate=0.001
-----------------------------------------------------------------------------------------------------------------------
Defender: Num_actions=2 | gamma=0.001 | epsilon=1 | ANN hidden size=100 | ANN hidden layers=3 | Learning rate=0.001
-----------------------------------------------------------------------------------------------------------------------
Used Attack types: '['Benign', 'Infiltration']' | Attack name(s): ['Benign', 'Infiltration']
-----------------------------------------------------------------------------------------------------------------------

04/23/2025 08:32:44 - INFO - End of Episode.
|Episode 000/100| time: 0.59|
|Def Loss 0.0000 | Def Reward in ep 052|
|Att Loss 0.0000 | Att Reward in ep 048|
|Def Estimated: [52 48]| Att Labels: [48 52]|
|Def Amount of true predicted attacks: [26 26]|
04/23/2025 08:32:47 - WARNING - 5 out of the last 5 calls to <function QNetwork.predict at 0x7ec287c93380> triggered tf.function retracing. Tracing is expensive and the excessive number of tracings could be due to (1) creating @tf.function repeatedly in a loop, (2) passing tensors with different shapes, (3) passing Python objects instead of tensors. For (1), please define your @tf.function outside of the loop. For (2), @tf.function has reduce_retracing=True option that can avoid unnecessary retracing. For (3), please refer to https://www.tensorflow.org/guide/function#controlling_retracing and https://www.tensorflow.org/api_docs/python/tf/function for  more details.
04/23/2025 08:32:49 - INFO - End of Episode.
|Episode 001/100| time: 4.11|
|Def Loss 1.8761 | Def Reward in ep 049|
|Att Loss 5.7298 | Att Reward in ep 051|
|Def Estimated: [45 55]| Att Labels: [60 40]|
|Def Amount of true predicted attacks: [27 22]|
04/23/2025 08:32:51 - INFO - End of Episode.
|Episode 002/100| time: 2.13|
|Def Loss 0.5749 | Def Reward in ep 073|
|Att Loss 5.6347 | Att Reward in ep 027|
|Def Estimated: [52 48]| Att Labels: [57 43]|
|Def Amount of true predicted attacks: [41 32]|
04/23/2025 08:32:54 - INFO - End of Episode.
|Episode 003/100| time: 2.16|
|Def Loss 0.3634 | Def Reward in ep 083|
|Att Loss 5.2049 | Att Reward in ep 017|
|Def Estimated: [60 40]| Att Labels: [63 37]|
|Def Amount of true predicted attacks: [53 30]|
04/23/2025 08:32:56 - INFO - End of Episode.
|Episode 004/100| time: 2.13|
|Def Loss 0.1701 | Def Reward in ep 095|
|Att Loss 4.7681 | Att Reward in ep 005|
|Def Estimated: [57 43]| Att Labels: [56 44]|
|Def Amount of true predicted attacks: [54 41]|
04/23/2025 08:32:58 - INFO - End of Episode.
|Episode 005/100| time: 2.21|
|Def Loss 0.0541 | Def Reward in ep 099|
|Att Loss 4.2971 | Att Reward in ep 001|
|Def Estimated: [54 46]| Att Labels: [55 45]|
|Def Amount of true predicted attacks: [54 45]|
04/23/2025 08:33:01 - INFO - End of Episode.
|Episode 006/100| time: 2.20|
|Def Loss 0.0199 | Def Reward in ep 099|
|Att Loss 3.8585 | Att Reward in ep 001|
|Def Estimated: [54 46]| Att Labels: [55 45]|
|Def Amount of true predicted attacks: [54 45]|
04/23/2025 08:33:03 - INFO - End of Episode.
|Episode 007/100| time: 2.15|
|Def Loss 0.0101 | Def Reward in ep 098|
|Att Loss 3.5437 | Att Reward in ep 002|
|Def Estimated: [54 46]| Att Labels: [54 46]|
|Def Amount of true predicted attacks: [53 45]|
04/23/2025 08:33:06 - INFO - End of Episode.
|Episode 008/100| time: 2.19|
|Def Loss 0.0038 | Def Reward in ep 100|
|Att Loss 3.1903 | Att Reward in ep 000|
|Def Estimated: [61 39]| Att Labels: [61 39]|
|Def Amount of true predicted attacks: [61 39]|
04/23/2025 08:33:08 - INFO - End of Episode.
|Episode 009/100| time: 2.13|
|Def Loss 0.0039 | Def Reward in ep 100|
|Att Loss 2.9608 | Att Reward in ep 000|
|Def Estimated: [47 53]| Att Labels: [47 53]|
|Def Amount of true predicted attacks: [47 53]|
04/23/2025 08:33:10 - INFO - End of Episode.
|Episode 010/100| time: 2.14|
|Def Loss 0.0013 | Def Reward in ep 100|
|Att Loss 2.5162 | Att Reward in ep 000|
|Def Estimated: [49 51]| Att Labels: [49 51]|
|Def Amount of true predicted attacks: [49 51]|
04/23/2025 08:33:13 - INFO - End of Episode.
|Episode 011/100| time: 2.15|
|Def Loss 0.0015 | Def Reward in ep 099|
|Att Loss 1.6466 | Att Reward in ep 001|
|Def Estimated: [51 49]| Att Labels: [50 50]|
|Def Amount of true predicted attacks: [50 49]|
04/23/2025 08:33:15 - INFO - End of Episode.
|Episode 012/100| time: 2.22|
|Def Loss 0.0020 | Def Reward in ep 099|
|Att Loss 0.8304 | Att Reward in ep 001|
|Def Estimated: [44 56]| Att Labels: [45 55]|
|Def Amount of true predicted attacks: [44 55]|
04/23/2025 08:33:17 - INFO - End of Episode.
|Episode 013/100| time: 2.11|
|Def Loss 0.0018 | Def Reward in ep 100|
|Att Loss 0.3871 | Att Reward in ep 000|
|Def Estimated: [41 59]| Att Labels: [41 59]|
|Def Amount of true predicted attacks: [41 59]|
04/23/2025 08:33:20 - INFO - End of Episode.
|Episode 014/100| time: 2.17|
|Def Loss 0.0003 | Def Reward in ep 100|
|Att Loss 0.1288 | Att Reward in ep 000|
|Def Estimated: [52 48]| Att Labels: [52 48]|
|Def Amount of true predicted attacks: [52 48]|
04/23/2025 08:33:22 - INFO - End of Episode.
|Episode 015/100| time: 2.20|
|Def Loss 0.0005 | Def Reward in ep 100|
|Att Loss 0.0891 | Att Reward in ep 000|
|Def Estimated: [59 41]| Att Labels: [59 41]|
|Def Amount of true predicted attacks: [59 41]|
04/23/2025 08:33:25 - INFO - End of Episode.
|Episode 016/100| time: 2.15|
|Def Loss 0.0005 | Def Reward in ep 100|
|Att Loss 0.0767 | Att Reward in ep 000|
|Def Estimated: [59 41]| Att Labels: [59 41]|
|Def Amount of true predicted attacks: [59 41]|
04/23/2025 08:33:27 - INFO - End of Episode.
|Episode 017/100| time: 2.15|
|Def Loss 0.0004 | Def Reward in ep 100|
|Att Loss 0.0596 | Att Reward in ep 000|
|Def Estimated: [46 54]| Att Labels: [46 54]|
|Def Amount of true predicted attacks: [46 54]|
04/23/2025 08:33:29 - INFO - End of Episode.
|Episode 018/100| time: 2.20|
|Def Loss 0.0086 | Def Reward in ep 099|
|Att Loss 0.0588 | Att Reward in ep 001|
|Def Estimated: [46 54]| Att Labels: [47 53]|
|Def Amount of true predicted attacks: [46 53]|
04/23/2025 08:33:32 - INFO - End of Episode.
|Episode 019/100| time: 2.14|
|Def Loss 0.0006 | Def Reward in ep 099|
|Att Loss 0.0350 | Att Reward in ep 001|
|Def Estimated: [51 49]| Att Labels: [52 48]|
|Def Amount of true predicted attacks: [51 48]|
04/23/2025 08:33:34 - INFO - End of Episode.
|Episode 020/100| time: 2.24|
|Def Loss 0.0005 | Def Reward in ep 099|
|Att Loss 0.1012 | Att Reward in ep 001|
|Def Estimated: [60 40]| Att Labels: [61 39]|
|Def Amount of true predicted attacks: [60 39]|
04/23/2025 08:33:37 - INFO - End of Episode.
|Episode 021/100| time: 2.17|
|Def Loss 0.0003 | Def Reward in ep 100|
|Att Loss 0.0845 | Att Reward in ep 000|
|Def Estimated: [59 41]| Att Labels: [59 41]|
|Def Amount of true predicted attacks: [59 41]|
04/23/2025 08:33:39 - INFO - End of Episode.
|Episode 022/100| time: 2.20|
|Def Loss 0.0014 | Def Reward in ep 100|
|Att Loss 0.0569 | Att Reward in ep 000|
|Def Estimated: [58 42]| Att Labels: [58 42]|
|Def Amount of true predicted attacks: [58 42]|
04/23/2025 08:33:42 - INFO - End of Episode.
|Episode 023/100| time: 2.23|
|Def Loss 0.0036 | Def Reward in ep 098|
|Att Loss 0.0937 | Att Reward in ep 002|
|Def Estimated: [46 54]| Att Labels: [46 54]|
|Def Amount of true predicted attacks: [45 53]|
04/23/2025 08:33:44 - INFO - End of Episode.
|Episode 024/100| time: 2.13|
|Def Loss 0.0066 | Def Reward in ep 099|
|Att Loss 0.1160 | Att Reward in ep 001|
|Def Estimated: [51 49]| Att Labels: [52 48]|
|Def Amount of true predicted attacks: [51 48]|
04/23/2025 08:33:47 - INFO - End of Episode.
|Episode 025/100| time: 2.18|
|Def Loss 0.0020 | Def Reward in ep 100|
|Att Loss 0.1150 | Att Reward in ep 000|
|Def Estimated: [48 52]| Att Labels: [48 52]|
|Def Amount of true predicted attacks: [48 52]|
04/23/2025 08:33:49 - INFO - End of Episode.
|Episode 026/100| time: 2.15|
|Def Loss 0.0007 | Def Reward in ep 100|
|Att Loss 0.0810 | Att Reward in ep 000|
|Def Estimated: [47 53]| Att Labels: [47 53]|
|Def Amount of true predicted attacks: [47 53]|
04/23/2025 08:33:51 - INFO - End of Episode.
|Episode 027/100| time: 2.18|
|Def Loss 0.0004 | Def Reward in ep 099|
|Att Loss 0.1248 | Att Reward in ep 001|
|Def Estimated: [56 44]| Att Labels: [55 45]|
|Def Amount of true predicted attacks: [55 44]|
04/23/2025 08:33:54 - INFO - End of Episode.
|Episode 028/100| time: 2.12|
|Def Loss 0.0006 | Def Reward in ep 100|
|Att Loss 0.1029 | Att Reward in ep 000|
|Def Estimated: [52 48]| Att Labels: [52 48]|
|Def Amount of true predicted attacks: [52 48]|
04/23/2025 08:33:56 - INFO - End of Episode.
|Episode 029/100| time: 2.20|
|Def Loss 0.0002 | Def Reward in ep 100|
|Att Loss 0.1151 | Att Reward in ep 000|
|Def Estimated: [48 52]| Att Labels: [48 52]|
|Def Amount of true predicted attacks: [48 52]|
04/23/2025 08:33:59 - INFO - End of Episode.
|Episode 030/100| time: 2.20|
|Def Loss 0.0003 | Def Reward in ep 100|
|Att Loss 0.1118 | Att Reward in ep 000|
|Def Estimated: [54 46]| Att Labels: [54 46]|
|Def Amount of true predicted attacks: [54 46]|
04/23/2025 08:34:01 - INFO - End of Episode.
|Episode 031/100| time: 2.16|
|Def Loss 0.0002 | Def Reward in ep 099|
|Att Loss 0.0825 | Att Reward in ep 001|
|Def Estimated: [47 53]| Att Labels: [46 54]|
|Def Amount of true predicted attacks: [46 53]|
04/23/2025 08:34:04 - INFO - End of Episode.
|Episode 032/100| time: 2.15|
|Def Loss 0.0005 | Def Reward in ep 100|
|Att Loss 0.0905 | Att Reward in ep 000|
|Def Estimated: [49 51]| Att Labels: [49 51]|
|Def Amount of true predicted attacks: [49 51]|
04/23/2025 08:34:06 - INFO - End of Episode.
|Episode 033/100| time: 2.15|
|Def Loss 0.0007 | Def Reward in ep 100|
|Att Loss 0.1118 | Att Reward in ep 000|
|Def Estimated: [49 51]| Att Labels: [49 51]|
|Def Amount of true predicted attacks: [49 51]|
04/23/2025 08:34:09 - INFO - End of Episode.
|Episode 034/100| time: 2.27|
|Def Loss 0.0004 | Def Reward in ep 100|
|Att Loss 0.0818 | Att Reward in ep 000|
|Def Estimated: [47 53]| Att Labels: [47 53]|
|Def Amount of true predicted attacks: [47 53]|
04/23/2025 08:34:11 - INFO - End of Episode.
|Episode 035/100| time: 2.23|
|Def Loss 0.0009 | Def Reward in ep 100|
|Att Loss 0.0470 | Att Reward in ep 000|
|Def Estimated: [52 48]| Att Labels: [52 48]|
|Def Amount of true predicted attacks: [52 48]|
04/23/2025 08:34:14 - INFO - End of Episode.
|Episode 036/100| time: 2.12|
|Def Loss 0.0028 | Def Reward in ep 100|
|Att Loss 0.0447 | Att Reward in ep 000|
|Def Estimated: [51 49]| Att Labels: [51 49]|
|Def Amount of true predicted attacks: [51 49]|
04/23/2025 08:34:16 - INFO - End of Episode.
|Episode 037/100| time: 2.17|
|Def Loss 0.0009 | Def Reward in ep 098|
|Att Loss 0.0867 | Att Reward in ep 002|
|Def Estimated: [49 51]| Att Labels: [47 53]|
|Def Amount of true predicted attacks: [47 51]|
04/23/2025 08:34:19 - INFO - End of Episode.
|Episode 038/100| time: 2.21|
|Def Loss 0.0004 | Def Reward in ep 099|
|Att Loss 0.0723 | Att Reward in ep 001|
|Def Estimated: [52 48]| Att Labels: [51 49]|
|Def Amount of true predicted attacks: [51 48]|
04/23/2025 08:34:21 - INFO - End of Episode.
|Episode 039/100| time: 2.17|
|Def Loss 0.0002 | Def Reward in ep 100|
|Att Loss 0.0918 | Att Reward in ep 000|
|Def Estimated: [52 48]| Att Labels: [52 48]|
|Def Amount of true predicted attacks: [52 48]|
04/23/2025 08:34:24 - INFO - End of Episode.
|Episode 040/100| time: 2.12|
|Def Loss 0.0006 | Def Reward in ep 100|
|Att Loss 0.0919 | Att Reward in ep 000|
|Def Estimated: [42 58]| Att Labels: [42 58]|
|Def Amount of true predicted attacks: [42 58]|
04/23/2025 08:34:26 - INFO - End of Episode.
|Episode 041/100| time: 2.15|
|Def Loss 0.0008 | Def Reward in ep 099|
|Att Loss 0.0797 | Att Reward in ep 001|
|Def Estimated: [41 59]| Att Labels: [42 58]|
|Def Amount of true predicted attacks: [41 58]|
04/23/2025 08:34:29 - INFO - End of Episode.
|Episode 042/100| time: 2.15|
|Def Loss 0.0029 | Def Reward in ep 100|
|Att Loss 0.1059 | Att Reward in ep 000|
|Def Estimated: [50 50]| Att Labels: [50 50]|
|Def Amount of true predicted attacks: [50 50]|
04/23/2025 08:34:31 - INFO - End of Episode.
|Episode 043/100| time: 2.23|
|Def Loss 0.0027 | Def Reward in ep 100|
|Att Loss 0.0820 | Att Reward in ep 000|
|Def Estimated: [49 51]| Att Labels: [49 51]|
|Def Amount of true predicted attacks: [49 51]|
04/23/2025 08:34:34 - INFO - End of Episode.
|Episode 044/100| time: 2.18|
|Def Loss 0.0020 | Def Reward in ep 099|
|Att Loss 0.1083 | Att Reward in ep 001|
|Def Estimated: [54 46]| Att Labels: [55 45]|
|Def Amount of true predicted attacks: [54 45]|
04/23/2025 08:34:36 - INFO - End of Episode.
|Episode 045/100| time: 2.19|
|Def Loss 0.0206 | Def Reward in ep 099|
|Att Loss 0.1306 | Att Reward in ep 001|
|Def Estimated: [58 42]| Att Labels: [57 43]|
|Def Amount of true predicted attacks: [57 42]|
04/23/2025 08:34:39 - INFO - End of Episode.
|Episode 046/100| time: 2.26|
|Def Loss 0.0053 | Def Reward in ep 099|
|Att Loss 0.1117 | Att Reward in ep 001|
|Def Estimated: [55 45]| Att Labels: [54 46]|
|Def Amount of true predicted attacks: [54 45]|
04/23/2025 08:34:42 - INFO - End of Episode.
|Episode 047/100| time: 2.13|
|Def Loss 0.0002 | Def Reward in ep 100|
|Att Loss 0.1204 | Att Reward in ep 000|
|Def Estimated: [48 52]| Att Labels: [48 52]|
|Def Amount of true predicted attacks: [48 52]|
04/23/2025 08:34:44 - INFO - End of Episode.
|Episode 048/100| time: 2.18|
|Def Loss 0.0005 | Def Reward in ep 098|
|Att Loss 0.1284 | Att Reward in ep 002|
|Def Estimated: [48 52]| Att Labels: [48 52]|
|Def Amount of true predicted attacks: [47 51]|
04/23/2025 08:34:47 - INFO - End of Episode.
|Episode 049/100| time: 2.20|
|Def Loss 0.0001 | Def Reward in ep 100|
|Att Loss 0.1268 | Att Reward in ep 000|
|Def Estimated: [54 46]| Att Labels: [54 46]|
|Def Amount of true predicted attacks: [54 46]|
04/23/2025 08:34:49 - INFO - End of Episode.
|Episode 050/100| time: 2.16|
|Def Loss 0.0001 | Def Reward in ep 100|
|Att Loss 0.1370 | Att Reward in ep 000|
|Def Estimated: [53 47]| Att Labels: [53 47]|
|Def Amount of true predicted attacks: [53 47]|
04/23/2025 08:34:52 - INFO - End of Episode.
|Episode 051/100| time: 2.16|
|Def Loss 0.0001 | Def Reward in ep 100|
|Att Loss 0.0993 | Att Reward in ep 000|
|Def Estimated: [41 59]| Att Labels: [41 59]|
|Def Amount of true predicted attacks: [41 59]|
04/23/2025 08:34:54 - INFO - End of Episode.
|Episode 052/100| time: 2.10|
|Def Loss 0.0002 | Def Reward in ep 100|
|Att Loss 0.0869 | Att Reward in ep 000|
|Def Estimated: [37 63]| Att Labels: [37 63]|
|Def Amount of true predicted attacks: [37 63]|
04/23/2025 08:34:57 - INFO - End of Episode.
|Episode 053/100| time: 2.21|
|Def Loss 0.0001 | Def Reward in ep 099|
|Att Loss 0.0834 | Att Reward in ep 001|
|Def Estimated: [56 44]| Att Labels: [57 43]|
|Def Amount of true predicted attacks: [56 43]|
04/23/2025 08:35:00 - INFO - End of Episode.
|Episode 054/100| time: 2.18|
|Def Loss 0.0002 | Def Reward in ep 098|
|Att Loss 0.1561 | Att Reward in ep 002|
|Def Estimated: [56 44]| Att Labels: [56 44]|
|Def Amount of true predicted attacks: [55 43]|
04/23/2025 08:35:02 - INFO - End of Episode.
|Episode 055/100| time: 2.16|
|Def Loss 0.0004 | Def Reward in ep 099|
|Att Loss 0.1322 | Att Reward in ep 001|
|Def Estimated: [52 48]| Att Labels: [53 47]|
|Def Amount of true predicted attacks: [52 47]|
04/23/2025 08:35:05 - INFO - End of Episode.
|Episode 056/100| time: 2.14|
|Def Loss 0.0003 | Def Reward in ep 098|
|Att Loss 0.1230 | Att Reward in ep 002|
|Def Estimated: [48 52]| Att Labels: [48 52]|
|Def Amount of true predicted attacks: [47 51]|
04/23/2025 08:35:07 - INFO - End of Episode.
|Episode 057/100| time: 2.29|
|Def Loss 0.0002 | Def Reward in ep 099|
|Att Loss 0.1762 | Att Reward in ep 001|
|Def Estimated: [59 41]| Att Labels: [60 40]|
|Def Amount of true predicted attacks: [59 40]|
04/23/2025 08:35:10 - INFO - End of Episode.
|Episode 058/100| time: 2.02|
|Def Loss 0.0001 | Def Reward in ep 100|
|Att Loss 0.1581 | Att Reward in ep 000|
|Def Estimated: [44 56]| Att Labels: [44 56]|
|Def Amount of true predicted attacks: [44 56]|
04/23/2025 08:35:12 - INFO - End of Episode.
|Episode 059/100| time: 2.07|
|Def Loss 0.0003 | Def Reward in ep 099|
|Att Loss 0.1834 | Att Reward in ep 001|
|Def Estimated: [51 49]| Att Labels: [50 50]|
|Def Amount of true predicted attacks: [50 49]|
04/23/2025 08:35:15 - INFO - End of Episode.
|Episode 060/100| time: 2.03|
|Def Loss 0.0007 | Def Reward in ep 099|
|Att Loss 0.1550 | Att Reward in ep 001|
|Def Estimated: [48 52]| Att Labels: [47 53]|
|Def Amount of true predicted attacks: [47 52]|
04/23/2025 08:35:17 - INFO - End of Episode.
|Episode 061/100| time: 2.03|
|Def Loss 0.0413 | Def Reward in ep 098|
|Att Loss 0.2133 | Att Reward in ep 002|
|Def Estimated: [44 56]| Att Labels: [46 54]|
|Def Amount of true predicted attacks: [44 54]|
04/23/2025 08:35:20 - INFO - End of Episode.
|Episode 062/100| time: 2.08|
|Def Loss 0.0156 | Def Reward in ep 100|
|Att Loss 0.2286 | Att Reward in ep 000|
|Def Estimated: [56 44]| Att Labels: [56 44]|
|Def Amount of true predicted attacks: [56 44]|
04/23/2025 08:35:22 - INFO - End of Episode.
|Episode 063/100| time: 2.09|
|Def Loss 0.0020 | Def Reward in ep 100|
|Att Loss 0.1234 | Att Reward in ep 000|
|Def Estimated: [55 45]| Att Labels: [55 45]|
|Def Amount of true predicted attacks: [55 45]|
04/23/2025 08:35:25 - INFO - End of Episode.
|Episode 064/100| time: 2.02|
|Def Loss 0.0002 | Def Reward in ep 100|
|Att Loss 0.2062 | Att Reward in ep 000|
|Def Estimated: [45 55]| Att Labels: [45 55]|
|Def Amount of true predicted attacks: [45 55]|
04/23/2025 08:35:27 - INFO - End of Episode.
|Episode 065/100| time: 2.06|
|Def Loss 0.0003 | Def Reward in ep 098|
|Att Loss 0.1822 | Att Reward in ep 002|
|Def Estimated: [47 53]| Att Labels: [49 51]|
|Def Amount of true predicted attacks: [47 51]|
04/23/2025 08:35:30 - INFO - End of Episode.
|Episode 066/100| time: 2.04|
|Def Loss 0.0002 | Def Reward in ep 098|
|Att Loss 0.1983 | Att Reward in ep 002|
|Def Estimated: [48 52]| Att Labels: [48 52]|
|Def Amount of true predicted attacks: [47 51]|
04/23/2025 08:35:32 - INFO - End of Episode.
|Episode 067/100| time: 2.10|
|Def Loss 0.0001 | Def Reward in ep 099|
|Att Loss 0.1673 | Att Reward in ep 001|
|Def Estimated: [57 43]| Att Labels: [56 44]|
|Def Amount of true predicted attacks: [56 43]|
04/23/2025 08:35:35 - INFO - End of Episode.
|Episode 068/100| time: 2.09|
|Def Loss 0.0001 | Def Reward in ep 100|
|Att Loss 0.1611 | Att Reward in ep 000|
|Def Estimated: [58 42]| Att Labels: [58 42]|
|Def Amount of true predicted attacks: [58 42]|
04/23/2025 08:35:37 - INFO - End of Episode.
|Episode 069/100| time: 2.13|
|Def Loss 0.0001 | Def Reward in ep 100|
|Att Loss 0.1460 | Att Reward in ep 000|
|Def Estimated: [60 40]| Att Labels: [60 40]|
|Def Amount of true predicted attacks: [60 40]|
04/23/2025 08:35:40 - INFO - End of Episode.
|Episode 070/100| time: 2.07|
|Def Loss 0.0001 | Def Reward in ep 100|
|Att Loss 0.1632 | Att Reward in ep 000|
|Def Estimated: [53 47]| Att Labels: [53 47]|
|Def Amount of true predicted attacks: [53 47]|
04/23/2025 08:35:42 - INFO - End of Episode.
|Episode 071/100| time: 2.06|
|Def Loss 0.0139 | Def Reward in ep 097|
|Att Loss 0.1285 | Att Reward in ep 003|
|Def Estimated: [45 55]| Att Labels: [46 54]|
|Def Amount of true predicted attacks: [44 53]|
04/23/2025 08:35:45 - INFO - End of Episode.
|Episode 072/100| time: 2.07|
|Def Loss 0.0011 | Def Reward in ep 098|
|Att Loss 0.2244 | Att Reward in ep 002|
|Def Estimated: [48 52]| Att Labels: [48 52]|
|Def Amount of true predicted attacks: [47 51]|
04/23/2025 08:35:47 - INFO - End of Episode.
|Episode 073/100| time: 2.07|
|Def Loss 0.0007 | Def Reward in ep 098|
|Att Loss 0.2335 | Att Reward in ep 002|
|Def Estimated: [50 50]| Att Labels: [52 48]|
|Def Amount of true predicted attacks: [50 48]|
04/23/2025 08:35:50 - INFO - End of Episode.
|Episode 074/100| time: 2.06|
|Def Loss 0.0002 | Def Reward in ep 099|
|Att Loss 0.2786 | Att Reward in ep 001|
|Def Estimated: [52 48]| Att Labels: [53 47]|
|Def Amount of true predicted attacks: [52 47]|
04/23/2025 08:35:53 - INFO - End of Episode.
|Episode 075/100| time: 2.09|
|Def Loss 0.0003 | Def Reward in ep 100|
|Att Loss 0.2389 | Att Reward in ep 000|
|Def Estimated: [59 41]| Att Labels: [59 41]|
|Def Amount of true predicted attacks: [59 41]|
04/23/2025 08:35:55 - INFO - End of Episode.
|Episode 076/100| time: 2.06|
|Def Loss 0.0005 | Def Reward in ep 099|
|Att Loss 0.1959 | Att Reward in ep 001|
|Def Estimated: [60 40]| Att Labels: [59 41]|
|Def Amount of true predicted attacks: [59 40]|
04/23/2025 08:35:58 - INFO - End of Episode.
|Episode 077/100| time: 2.09|
|Def Loss 0.0001 | Def Reward in ep 100|
|Att Loss 0.2134 | Att Reward in ep 000|
|Def Estimated: [54 46]| Att Labels: [54 46]|
|Def Amount of true predicted attacks: [54 46]|
04/23/2025 08:36:00 - INFO - End of Episode.
|Episode 078/100| time: 2.05|
|Def Loss 0.0001 | Def Reward in ep 100|
|Att Loss 0.1779 | Att Reward in ep 000|
|Def Estimated: [55 45]| Att Labels: [55 45]|
|Def Amount of true predicted attacks: [55 45]|
04/23/2025 08:36:03 - INFO - End of Episode.
|Episode 079/100| time: 2.09|
|Def Loss 0.0111 | Def Reward in ep 100|
|Att Loss 0.1751 | Att Reward in ep 000|
|Def Estimated: [56 44]| Att Labels: [56 44]|
|Def Amount of true predicted attacks: [56 44]|
04/23/2025 08:36:05 - INFO - End of Episode.
|Episode 080/100| time: 2.07|
|Def Loss 0.0025 | Def Reward in ep 100|
|Att Loss 0.1726 | Att Reward in ep 000|
|Def Estimated: [50 50]| Att Labels: [50 50]|
|Def Amount of true predicted attacks: [50 50]|
04/23/2025 08:36:08 - INFO - End of Episode.
|Episode 081/100| time: 2.07|
|Def Loss 0.0001 | Def Reward in ep 100|
|Att Loss 0.1787 | Att Reward in ep 000|
|Def Estimated: [52 48]| Att Labels: [52 48]|
|Def Amount of true predicted attacks: [52 48]|
04/23/2025 08:36:11 - INFO - End of Episode.
|Episode 082/100| time: 2.05|
|Def Loss 0.0001 | Def Reward in ep 100|
|Att Loss 0.0989 | Att Reward in ep 000|
|Def Estimated: [48 52]| Att Labels: [48 52]|
|Def Amount of true predicted attacks: [48 52]|
04/23/2025 08:36:13 - INFO - End of Episode.
|Episode 083/100| time: 2.07|
|Def Loss 0.0000 | Def Reward in ep 098|
|Att Loss 0.0942 | Att Reward in ep 002|
|Def Estimated: [52 48]| Att Labels: [52 48]|
|Def Amount of true predicted attacks: [51 47]|
04/23/2025 08:36:16 - INFO - End of Episode.
|Episode 084/100| time: 2.03|
|Def Loss 0.0002 | Def Reward in ep 099|
|Att Loss 0.1145 | Att Reward in ep 001|
|Def Estimated: [47 53]| Att Labels: [48 52]|
|Def Amount of true predicted attacks: [47 52]|
04/23/2025 08:36:18 - INFO - End of Episode.
|Episode 085/100| time: 2.13|
|Def Loss 0.0001 | Def Reward in ep 100|
|Att Loss 0.0820 | Att Reward in ep 000|
|Def Estimated: [53 47]| Att Labels: [53 47]|
|Def Amount of true predicted attacks: [53 47]|
04/23/2025 08:36:21 - INFO - End of Episode.
|Episode 086/100| time: 2.07|
|Def Loss 0.0000 | Def Reward in ep 100|
|Att Loss 0.1066 | Att Reward in ep 000|
|Def Estimated: [59 41]| Att Labels: [59 41]|
|Def Amount of true predicted attacks: [59 41]|
04/23/2025 08:36:24 - INFO - End of Episode.
|Episode 087/100| time: 2.10|
|Def Loss 0.0000 | Def Reward in ep 097|
|Att Loss 0.1258 | Att Reward in ep 003|
|Def Estimated: [55 45]| Att Labels: [54 46]|
|Def Amount of true predicted attacks: [53 44]|
04/23/2025 08:36:26 - INFO - End of Episode.
|Episode 088/100| time: 2.05|
|Def Loss 0.0000 | Def Reward in ep 100|
|Att Loss 0.1774 | Att Reward in ep 000|
|Def Estimated: [49 51]| Att Labels: [49 51]|
|Def Amount of true predicted attacks: [49 51]|
04/23/2025 08:36:29 - INFO - End of Episode.
|Episode 089/100| time: 2.11|
|Def Loss 0.0005 | Def Reward in ep 100|
|Att Loss 0.1461 | Att Reward in ep 000|
|Def Estimated: [59 41]| Att Labels: [59 41]|
|Def Amount of true predicted attacks: [59 41]|
04/23/2025 08:36:31 - INFO - End of Episode.
|Episode 090/100| time: 2.05|
|Def Loss 0.0003 | Def Reward in ep 100|
|Att Loss 0.1826 | Att Reward in ep 000|
|Def Estimated: [49 51]| Att Labels: [49 51]|
|Def Amount of true predicted attacks: [49 51]|
04/23/2025 08:36:34 - INFO - End of Episode.
|Episode 091/100| time: 2.06|
|Def Loss 0.0010 | Def Reward in ep 098|
|Att Loss 0.1652 | Att Reward in ep 002|
|Def Estimated: [49 51]| Att Labels: [47 53]|
|Def Amount of true predicted attacks: [47 51]|
04/23/2025 08:36:37 - INFO - End of Episode.
|Episode 092/100| time: 2.06|
|Def Loss 0.0004 | Def Reward in ep 099|
|Att Loss 0.1962 | Att Reward in ep 001|
|Def Estimated: [51 49]| Att Labels: [52 48]|
|Def Amount of true predicted attacks: [51 48]|
04/23/2025 08:36:39 - INFO - End of Episode.
|Episode 093/100| time: 2.07|
|Def Loss 0.0001 | Def Reward in ep 099|
|Att Loss 0.2055 | Att Reward in ep 001|
|Def Estimated: [49 51]| Att Labels: [50 50]|
|Def Amount of true predicted attacks: [49 50]|
04/23/2025 08:36:42 - INFO - End of Episode.
|Episode 094/100| time: 2.04|
|Def Loss 0.0001 | Def Reward in ep 100|
|Att Loss 0.1510 | Att Reward in ep 000|
|Def Estimated: [51 49]| Att Labels: [51 49]|
|Def Amount of true predicted attacks: [51 49]|
04/23/2025 08:36:45 - INFO - End of Episode.
|Episode 095/100| time: 2.06|
|Def Loss 0.0002 | Def Reward in ep 099|
|Att Loss 0.1619 | Att Reward in ep 001|
|Def Estimated: [50 50]| Att Labels: [51 49]|
|Def Amount of true predicted attacks: [50 49]|
04/23/2025 08:36:47 - INFO - End of Episode.
|Episode 096/100| time: 2.05|
|Def Loss 0.0002 | Def Reward in ep 100|
|Att Loss 0.1900 | Att Reward in ep 000|
|Def Estimated: [47 53]| Att Labels: [47 53]|
|Def Amount of true predicted attacks: [47 53]|
04/23/2025 08:36:50 - INFO - End of Episode.
|Episode 097/100| time: 2.08|
|Def Loss 0.0021 | Def Reward in ep 100|
|Att Loss 0.1426 | Att Reward in ep 000|
|Def Estimated: [59 41]| Att Labels: [59 41]|
|Def Amount of true predicted attacks: [59 41]|
04/23/2025 08:36:53 - INFO - End of Episode.
|Episode 098/100| time: 2.09|
|Def Loss 0.0008 | Def Reward in ep 100|
|Att Loss 0.1017 | Att Reward in ep 000|
|Def Estimated: [58 42]| Att Labels: [58 42]|
|Def Amount of true predicted attacks: [58 42]|
04/23/2025 08:36:55 - INFO - End of Episode.
|Episode 099/100| time: 2.10|
|Def Loss 0.0002 | Def Reward in ep 100|
|Att Loss 0.1202 | Att Reward in ep 000|
|Def Estimated: [61 39]| Att Labels: [61 39]|
|Def Amount of true predicted attacks: [61 39]|
04/23/2025 08:36:56 - INFO - Model 'attacker_model_cic_2017' saved in: /workspace/models/trained-models/2025-04-23-08-32-Linux-CIC-2017-18-Infiltration-3rd-Run/attacker_model_cic.keras
04/23/2025 08:36:56 - INFO - Model summary:
Model: "attacker_model_cic_2017"
_________________________________________________________________
 Layer (type)                Output Shape              Param #   
=================================================================
 dense (Dense)               (None, 100)               6800      
                                                                 
 dense_1 (Dense)             (None, 100)               10100     
                                                                 
 dense_2 (Dense)             (None, 100)               10100     
                                                                 
 dense_3 (Dense)             (None, 100)               10100     
                                                                 
 dense_4 (Dense)             (None, 100)               10100     
                                                                 
 dense_5 (Dense)             (None, 2)                 202       
                                                                 
=================================================================
Total params: 47402 (185.16 KB)
Trainable params: 47402 (185.16 KB)
Non-trainable params: 0 (0.00 Byte)
_________________________________________________________________

04/23/2025 08:36:56 - INFO - Model 'defender_model' saved in: /workspace/models/trained-models/2025-04-23-08-32-Linux-CIC-2017-18-Infiltration-3rd-Run/defender_model.keras
04/23/2025 08:36:56 - INFO - Model summary:
Model: "defender_model"
_________________________________________________________________
 Layer (type)                Output Shape              Param #   
=================================================================
 dense_12 (Dense)            (None, 100)               6800      
                                                                 
 dense_13 (Dense)            (None, 100)               10100     
                                                                 
 dense_14 (Dense)            (None, 100)               10100     
                                                                 
 dense_15 (Dense)            (None, 2)                 202       
                                                                 
=================================================================
Total params: 27202 (106.26 KB)
Trainable params: 27202 (106.26 KB)
Non-trainable params: 0 (0.00 Byte)
_________________________________________________________________

04/23/2025 08:36:56 - INFO - Saved trained models.
04/23/2025 08:36:56 - INFO - Total runtime: 00:04:39
04/23/2025 08:36:56 - INFO - End of the script at: 2025-04-23 08:36:56.421343
04/23/2025 08:36:59 - INFO - Debug information saved to /workspace/models/trained-models/2025-04-23-08-32-Linux-CIC-2017-18-Infiltration-3rd-Run/logs/debug_info.json
04/23/2025 08:36:59 - INFO - Trying to save summary plots under: /workspace/models/trained-models/2025-04-23-08-32-Linux-CIC-2017-18-Infiltration-3rd-Run/plots/
04/23/2025 08:37:00 - INFO - Plotted attack distributions during training in: /workspace/models/trained-models/2025-04-23-08-32-Linux-CIC-2017-18-Infiltration-3rd-Run/plots/
04/23/2025 08:37:04 - INFO - Normalized confusion matrix
04/23/2025 08:37:04 - INFO - 
Confusion Matrix:
[[9.99514286e-01 4.85714286e-04]
 [4.76190476e-01 5.23809524e-01]]
04/23/2025 08:37:04 - INFO - Plotted confusion matrix in: /workspace/models/trained-models/2025-04-23-08-32-Linux-CIC-2017-18-Infiltration-3rd-Run/plots/intraset/
04/23/2025 08:37:04 - INFO - Model summary:
Model: "defender_model"
_________________________________________________________________
 Layer (type)                Output Shape              Param #   
=================================================================
 dense_12 (Dense)            (None, 100)               6800      
                                                                 
 dense_13 (Dense)            (None, 100)               10100     
                                                                 
 dense_14 (Dense)            (None, 100)               10100     
                                                                 
 dense_15 (Dense)            (None, 2)                 202       
                                                                 
=================================================================
Total params: 27202 (106.26 KB)
Trainable params: 27202 (106.26 KB)
Non-trainable params: 0 (0.00 Byte)
_________________________________________________________________

loaded from: /workspace/models/trained-models/2025-04-23-08-32-Linux-CIC-2017-18-Infiltration-3rd-Run/defender_model.keras
04/23/2025 08:37:04 - INFO - One vs All metric calculation: 
True positive: 11 | False positive: 68 | 
True negative: 139932 | False negative: 10
Accuracy: 0.9994 | Recall: 0.5238 | Specificity: 0.9995 | Precision: 0.1392 | F1-Score: 0.2200 | False Positive Rate: 0.0005
04/23/2025 08:37:04 - INFO - Overall overview
Total reward: 139943 | Number of samples: 140021 | Accuracy = 99.94%
Overall overview per attack type
              Estimated Correct   Total Mismatch   F1_score
Benign           139942  139932  140000       58  99.972137
Infiltration         79      11      21       58       22.0
Weigthed Avg.                                     99.960443
04/23/2025 08:37:05 - INFO - 
       Class  Support  Accuracy  Precision  Recall  F1-Score
      Benign   140000    0.9995     0.9999  0.9995    0.9997
Infiltration       21    0.5238     0.1392  0.5238    0.2200
04/23/2025 08:37:05 - INFO - Overall weighted F1-score: 0.9996
04/23/2025 08:37:08 - INFO - 
One vs All metrics: 
           name  accuracy        f1  precision    recall
0        Benign  0.999443  0.999721   0.999929  0.999514
1  Infiltration  0.999443  0.220000   0.139241  0.523810
04/23/2025 08:37:08 - INFO - Classification report:
              precision    recall  f1-score   support

      Benign       1.00      1.00      1.00    140000
Infiltration       0.14      0.52      0.22        21

    accuracy                           1.00    140021
   macro avg       0.57      0.76      0.61    140021
weighted avg       1.00      1.00      1.00    140021

04/23/2025 08:37:10 - INFO - Model metrics: 
loss=0.007276536896824837, mse=0.015778960660099983, mae=0.038913849741220474
04/23/2025 08:37:10 - INFO - Optimizer config: {'name': 'Adam', 'weight_decay': None, 'clipnorm': None, 'global_clipnorm': None, 'clipvalue': None, 'use_ema': False, 'ema_momentum': 0.99, 'ema_overwrite_frequency': None, 'jit_compile': False, 'is_legacy_optimizer': False, 'learning_rate': 0.001, 'beta_1': 0.9, 'beta_2': 0.999, 'epsilon': 1e-07, 'amsgrad': False}
04/23/2025 08:37:10 - INFO - Time needed for testing: 9.008813858032227
04/23/2025 08:37:10 - INFO - Metrics exported to: /workspace/models/trained-models/2025-04-23-08-32-Linux-CIC-2017-18-Infiltration-3rd-Run/logs/evaluation_metrics_defender_model.json
04/23/2025 08:37:20 - INFO - [Intra-Set] Accuracy: 0.7960, Recall: 0.0036, Precision: 0.2941, F1: 0.0071
04/23/2025 08:37:20 - INFO - Normalized confusion matrix
04/23/2025 08:37:20 - INFO - 
Confusion Matrix:
[[0.99781412 0.00218588]
 [0.9964254  0.0035746 ]]
04/23/2025 08:37:21 - INFO - Plotted confusion matrix in: /workspace/models/trained-models/2025-04-23-08-32-Linux-CIC-2017-18-Infiltration-3rd-Run/plots/interset/
04/23/2025 08:37:21 - INFO - [Intra-Set] Confusion matrix saved to /workspace/models/trained-models/2025-04-23-08-32-Linux-CIC-2017-18-Infiltration-3rd-Run/plots/
04/23/2025 08:37:28 - INFO - [Cross-Set] Model metrics: loss=0.1073027104139328, mse=2.3645575046539307, mae=0.34406211972236633
04/23/2025 08:37:28 - INFO - [Intra-Set] Evaluation completed. Metrics exported to: /workspace/models/trained-models/2025-04-23-08-32-Linux-CIC-2017-18-Infiltration-3rd-Run/logs/evaluation_metrics_cross_defender_model.json
04/23/2025 08:37:28 - INFO - [Intra-Set] Time needed: 17.41 seconds
04/23/2025 08:37:28 - INFO - Finished script at: 2025-04-23-08-37
Total runtime: 0:05:11.829759
