04/23/2025 09:47:55 - INFO - Started script at: 2025-04-23-09-47
Current working dir: /workspace
Used data files: 
/workspace/data/datasets/cic_ids/cic-ids-2017/clean/all_benign.feather,
/workspace/data/datasets/cic_ids/cic-ids-2017/clean/all_malicious.feather
04/23/2025 09:47:55 - INFO - Setting up Attacker and Defender Agents...
04/23/2025 09:48:20 - INFO - One-vs-All Split ready (target: Brute Force):
04/23/2025 09:48:20 - INFO - Train: (50672, 67), Validation: (44011, 67), Test: (249399, 67)
04/23/2025 09:48:20 - INFO - [Init from split] Loaded 50672 train, 249399 test samples.
04/23/2025 09:48:22 - INFO - One-vs-All Split ready (target: Brute Force):
04/23/2025 09:48:22 - INFO - Train: (50305, 67), Validation: (62653, 67), Test: (146192, 67)
04/23/2025 09:48:22 - INFO - Initializing Attacker:CIC-2017-Brute Force's ReplayMemory with observation_size=67 and max_size=1000
04/23/2025 09:48:23 - WARNING - Skipping variable loading for optimizer 'Adam', because it has 25 variables whereas the saved optimizer has 1 variables. 
04/23/2025 09:48:23 - INFO - Initializing Defender's ReplayMemory with observation_size=67 and max_size=1000
04/23/2025 09:48:23 - WARNING - Skipping variable loading for optimizer 'Adam', because it has 17 variables whereas the saved optimizer has 1 variables. 
04/23/2025 09:48:23 - INFO - Creating environment...
04/23/2025 09:48:23 - INFO - Start Training with the following parameters:
-----------------------------------------------------------------------------------------------------------------------
Total episodes: 100 | Iterations in episode: 100 | Minibatch from mem size: 100 | Total Samples: 10000 | Data shape: (50672, 67)
-----------------------------------------------------------------------------------------------------------------------
Attacker<Attack-Type>: Num_actions=2 | gamma=0.001 | epsilon=1 | ANN hidden size=100 | ANN hidden layers=5 | Learning rate=0.001
-----------------------------------------------------------------------------------------------------------------------
Defender: Num_actions=2 | gamma=0.001 | epsilon=1 | ANN hidden size=100 | ANN hidden layers=3 | Learning rate=0.001
-----------------------------------------------------------------------------------------------------------------------
Used Attack types: '['Benign', 'Brute Force']' | Attack name(s): ['Benign', 'SSH Bruteforce']
-----------------------------------------------------------------------------------------------------------------------

04/23/2025 09:48:24 - INFO - End of Episode.
|Episode 000/100| time: 0.40|
|Def Loss 0.0000 | Def Reward in ep 052|
|Att Loss 0.0000 | Att Reward in ep 048|
|Def Estimated: [52 48]| Att Labels: [48 52]|
|Def Amount of true predicted attacks: [26 26]|
04/23/2025 09:48:27 - WARNING - 5 out of the last 5 calls to <function QNetwork.predict at 0x7999a6037740> triggered tf.function retracing. Tracing is expensive and the excessive number of tracings could be due to (1) creating @tf.function repeatedly in a loop, (2) passing tensors with different shapes, (3) passing Python objects instead of tensors. For (1), please define your @tf.function outside of the loop. For (2), @tf.function has reduce_retracing=True option that can avoid unnecessary retracing. For (3), please refer to https://www.tensorflow.org/guide/function#controlling_retracing and https://www.tensorflow.org/api_docs/python/tf/function for  more details.
04/23/2025 09:48:29 - INFO - End of Episode.
|Episode 001/100| time: 3.80|
|Def Loss 1.0394 | Def Reward in ep 051|
|Att Loss 6.0889 | Att Reward in ep 049|
|Def Estimated: [47 53]| Att Labels: [56 44]|
|Def Amount of true predicted attacks: [27 24]|
04/23/2025 09:48:31 - INFO - End of Episode.
|Episode 002/100| time: 2.05|
|Def Loss 0.0159 | Def Reward in ep 074|
|Att Loss 5.4814 | Att Reward in ep 026|
|Def Estimated: [54 46]| Att Labels: [58 42]|
|Def Amount of true predicted attacks: [43 31]|
04/23/2025 09:48:33 - INFO - End of Episode.
|Episode 003/100| time: 2.04|
|Def Loss 0.0082 | Def Reward in ep 090|
|Att Loss 5.1744 | Att Reward in ep 010|
|Def Estimated: [62 38]| Att Labels: [60 40]|
|Def Amount of true predicted attacks: [56 34]|
04/23/2025 09:48:36 - INFO - End of Episode.
|Episode 004/100| time: 2.09|
|Def Loss 0.0085 | Def Reward in ep 097|
|Att Loss 4.7994 | Att Reward in ep 003|
|Def Estimated: [60 40]| Att Labels: [59 41]|
|Def Amount of true predicted attacks: [58 39]|
04/23/2025 09:48:38 - INFO - End of Episode.
|Episode 005/100| time: 2.09|
|Def Loss 0.0173 | Def Reward in ep 100|
|Att Loss 4.2104 | Att Reward in ep 000|
|Def Estimated: [58 42]| Att Labels: [58 42]|
|Def Amount of true predicted attacks: [58 42]|
04/23/2025 09:48:40 - INFO - End of Episode.
|Episode 006/100| time: 2.08|
|Def Loss 0.0063 | Def Reward in ep 100|
|Att Loss 3.7027 | Att Reward in ep 000|
|Def Estimated: [54 46]| Att Labels: [54 46]|
|Def Amount of true predicted attacks: [54 46]|
04/23/2025 09:48:42 - INFO - End of Episode.
|Episode 007/100| time: 2.03|
|Def Loss 0.0013 | Def Reward in ep 098|
|Att Loss 3.3201 | Att Reward in ep 002|
|Def Estimated: [43 57]| Att Labels: [43 57]|
|Def Amount of true predicted attacks: [42 56]|
04/23/2025 09:48:44 - INFO - End of Episode.
|Episode 008/100| time: 2.03|
|Def Loss 0.0008 | Def Reward in ep 100|
|Att Loss 2.9136 | Att Reward in ep 000|
|Def Estimated: [50 50]| Att Labels: [50 50]|
|Def Amount of true predicted attacks: [50 50]|
04/23/2025 09:48:47 - INFO - End of Episode.
|Episode 009/100| time: 2.03|
|Def Loss 0.0005 | Def Reward in ep 100|
|Att Loss 2.7269 | Att Reward in ep 000|
|Def Estimated: [38 62]| Att Labels: [38 62]|
|Def Amount of true predicted attacks: [38 62]|
04/23/2025 09:48:49 - INFO - End of Episode.
|Episode 010/100| time: 2.00|
|Def Loss 0.0178 | Def Reward in ep 099|
|Att Loss 2.2758 | Att Reward in ep 001|
|Def Estimated: [44 56]| Att Labels: [43 57]|
|Def Amount of true predicted attacks: [43 56]|
04/23/2025 09:48:51 - INFO - End of Episode.
|Episode 011/100| time: 2.08|
|Def Loss 0.0147 | Def Reward in ep 099|
|Att Loss 1.3166 | Att Reward in ep 001|
|Def Estimated: [49 51]| Att Labels: [48 52]|
|Def Amount of true predicted attacks: [48 51]|
04/23/2025 09:48:53 - INFO - End of Episode.
|Episode 012/100| time: 1.98|
|Def Loss 0.0249 | Def Reward in ep 098|
|Att Loss 0.5945 | Att Reward in ep 002|
|Def Estimated: [36 64]| Att Labels: [36 64]|
|Def Amount of true predicted attacks: [35 63]|
04/23/2025 09:48:56 - INFO - End of Episode.
|Episode 013/100| time: 1.99|
|Def Loss 0.0156 | Def Reward in ep 099|
|Att Loss 0.2641 | Att Reward in ep 001|
|Def Estimated: [32 68]| Att Labels: [31 69]|
|Def Amount of true predicted attacks: [31 68]|
04/23/2025 09:48:58 - INFO - End of Episode.
|Episode 014/100| time: 2.03|
|Def Loss 0.0047 | Def Reward in ep 100|
|Att Loss 0.1561 | Att Reward in ep 000|
|Def Estimated: [41 59]| Att Labels: [41 59]|
|Def Amount of true predicted attacks: [41 59]|
04/23/2025 09:49:00 - INFO - End of Episode.
|Episode 015/100| time: 2.01|
|Def Loss 0.0013 | Def Reward in ep 100|
|Att Loss 0.1315 | Att Reward in ep 000|
|Def Estimated: [43 57]| Att Labels: [43 57]|
|Def Amount of true predicted attacks: [43 57]|
04/23/2025 09:49:02 - INFO - End of Episode.
|Episode 016/100| time: 2.04|
|Def Loss 0.0006 | Def Reward in ep 100|
|Att Loss 0.1086 | Att Reward in ep 000|
|Def Estimated: [42 58]| Att Labels: [42 58]|
|Def Amount of true predicted attacks: [42 58]|
04/23/2025 09:49:04 - INFO - End of Episode.
|Episode 017/100| time: 1.98|
|Def Loss 0.0004 | Def Reward in ep 100|
|Att Loss 0.0927 | Att Reward in ep 000|
|Def Estimated: [33 67]| Att Labels: [33 67]|
|Def Amount of true predicted attacks: [33 67]|
04/23/2025 09:49:07 - INFO - End of Episode.
|Episode 018/100| time: 2.02|
|Def Loss 0.0029 | Def Reward in ep 100|
|Att Loss 0.0747 | Att Reward in ep 000|
|Def Estimated: [35 65]| Att Labels: [35 65]|
|Def Amount of true predicted attacks: [35 65]|
04/23/2025 09:49:09 - INFO - End of Episode.
|Episode 019/100| time: 2.02|
|Def Loss 0.0017 | Def Reward in ep 099|
|Att Loss 0.0674 | Att Reward in ep 001|
|Def Estimated: [38 62]| Att Labels: [39 61]|
|Def Amount of true predicted attacks: [38 61]|
04/23/2025 09:49:11 - INFO - End of Episode.
|Episode 020/100| time: 2.09|
|Def Loss 0.0022 | Def Reward in ep 098|
|Att Loss 0.1505 | Att Reward in ep 002|
|Def Estimated: [49 51]| Att Labels: [49 51]|
|Def Amount of true predicted attacks: [48 50]|
04/23/2025 09:49:14 - INFO - End of Episode.
|Episode 021/100| time: 2.04|
|Def Loss 0.0062 | Def Reward in ep 100|
|Att Loss 0.1008 | Att Reward in ep 000|
|Def Estimated: [44 56]| Att Labels: [44 56]|
|Def Amount of true predicted attacks: [44 56]|
04/23/2025 09:49:16 - INFO - End of Episode.
|Episode 022/100| time: 2.07|
|Def Loss 0.0007 | Def Reward in ep 100|
|Att Loss 0.0820 | Att Reward in ep 000|
|Def Estimated: [44 56]| Att Labels: [44 56]|
|Def Amount of true predicted attacks: [44 56]|
04/23/2025 09:49:18 - INFO - End of Episode.
|Episode 023/100| time: 1.97|
|Def Loss 0.0004 | Def Reward in ep 098|
|Att Loss 0.1068 | Att Reward in ep 002|
|Def Estimated: [33 67]| Att Labels: [33 67]|
|Def Amount of true predicted attacks: [32 66]|
04/23/2025 09:49:20 - INFO - End of Episode.
|Episode 024/100| time: 2.01|
|Def Loss 0.0010 | Def Reward in ep 099|
|Att Loss 0.1163 | Att Reward in ep 001|
|Def Estimated: [38 62]| Att Labels: [39 61]|
|Def Amount of true predicted attacks: [38 61]|
04/23/2025 09:49:23 - INFO - End of Episode.
|Episode 025/100| time: 2.05|
|Def Loss 0.0014 | Def Reward in ep 100|
|Att Loss 0.1263 | Att Reward in ep 000|
|Def Estimated: [43 57]| Att Labels: [43 57]|
|Def Amount of true predicted attacks: [43 57]|
04/23/2025 09:49:25 - INFO - End of Episode.
|Episode 026/100| time: 2.04|
|Def Loss 0.0006 | Def Reward in ep 100|
|Att Loss 0.1167 | Att Reward in ep 000|
|Def Estimated: [42 58]| Att Labels: [42 58]|
|Def Amount of true predicted attacks: [42 58]|
04/23/2025 09:49:27 - INFO - End of Episode.
|Episode 027/100| time: 2.12|
|Def Loss 0.0008 | Def Reward in ep 099|
|Att Loss 0.1567 | Att Reward in ep 001|
|Def Estimated: [48 52]| Att Labels: [47 53]|
|Def Amount of true predicted attacks: [47 52]|
04/23/2025 09:49:30 - INFO - End of Episode.
|Episode 028/100| time: 2.04|
|Def Loss 0.0220 | Def Reward in ep 099|
|Att Loss 0.1829 | Att Reward in ep 001|
|Def Estimated: [50 50]| Att Labels: [51 49]|
|Def Amount of true predicted attacks: [50 49]|
04/23/2025 09:49:32 - INFO - End of Episode.
|Episode 029/100| time: 2.06|
|Def Loss 0.0141 | Def Reward in ep 100|
|Att Loss 0.1839 | Att Reward in ep 000|
|Def Estimated: [48 52]| Att Labels: [48 52]|
|Def Amount of true predicted attacks: [48 52]|
04/23/2025 09:49:34 - INFO - End of Episode.
|Episode 030/100| time: 2.05|
|Def Loss 0.0253 | Def Reward in ep 099|
|Att Loss 0.1694 | Att Reward in ep 001|
|Def Estimated: [52 48]| Att Labels: [53 47]|
|Def Amount of true predicted attacks: [52 47]|
04/23/2025 09:49:37 - INFO - End of Episode.
|Episode 031/100| time: 2.08|
|Def Loss 0.0436 | Def Reward in ep 099|
|Att Loss 0.1570 | Att Reward in ep 001|
|Def Estimated: [47 53]| Att Labels: [46 54]|
|Def Amount of true predicted attacks: [46 53]|
04/23/2025 09:49:39 - INFO - End of Episode.
|Episode 032/100| time: 2.06|
|Def Loss 0.0305 | Def Reward in ep 100|
|Att Loss 0.1353 | Att Reward in ep 000|
|Def Estimated: [51 49]| Att Labels: [51 49]|
|Def Amount of true predicted attacks: [51 49]|
04/23/2025 09:49:41 - INFO - End of Episode.
|Episode 033/100| time: 2.06|
|Def Loss 0.0173 | Def Reward in ep 100|
|Att Loss 0.1237 | Att Reward in ep 000|
|Def Estimated: [47 53]| Att Labels: [47 53]|
|Def Amount of true predicted attacks: [47 53]|
04/23/2025 09:49:44 - INFO - End of Episode.
|Episode 034/100| time: 2.05|
|Def Loss 0.0291 | Def Reward in ep 100|
|Att Loss 0.0831 | Att Reward in ep 000|
|Def Estimated: [45 55]| Att Labels: [45 55]|
|Def Amount of true predicted attacks: [45 55]|
04/23/2025 09:49:46 - INFO - End of Episode.
|Episode 035/100| time: 2.11|
|Def Loss 0.0297 | Def Reward in ep 100|
|Att Loss 0.0475 | Att Reward in ep 000|
|Def Estimated: [53 47]| Att Labels: [53 47]|
|Def Amount of true predicted attacks: [53 47]|
04/23/2025 09:49:49 - INFO - End of Episode.
|Episode 036/100| time: 2.05|
|Def Loss 0.0288 | Def Reward in ep 100|
|Att Loss 0.0450 | Att Reward in ep 000|
|Def Estimated: [52 48]| Att Labels: [52 48]|
|Def Amount of true predicted attacks: [52 48]|
04/23/2025 09:49:51 - INFO - End of Episode.
|Episode 037/100| time: 2.03|
|Def Loss 0.0302 | Def Reward in ep 098|
|Att Loss 0.0872 | Att Reward in ep 002|
|Def Estimated: [44 56]| Att Labels: [42 58]|
|Def Amount of true predicted attacks: [42 56]|
04/23/2025 09:49:53 - INFO - End of Episode.
|Episode 038/100| time: 2.05|
|Def Loss 0.0157 | Def Reward in ep 099|
|Att Loss 0.0723 | Att Reward in ep 001|
|Def Estimated: [48 52]| Att Labels: [47 53]|
|Def Amount of true predicted attacks: [47 52]|
04/23/2025 09:49:56 - INFO - End of Episode.
|Episode 039/100| time: 2.02|
|Def Loss 0.0216 | Def Reward in ep 100|
|Att Loss 0.0920 | Att Reward in ep 000|
|Def Estimated: [46 54]| Att Labels: [46 54]|
|Def Amount of true predicted attacks: [46 54]|
04/23/2025 09:49:58 - INFO - End of Episode.
|Episode 040/100| time: 2.03|
|Def Loss 0.0077 | Def Reward in ep 100|
|Att Loss 0.0923 | Att Reward in ep 000|
|Def Estimated: [37 63]| Att Labels: [37 63]|
|Def Amount of true predicted attacks: [37 63]|
04/23/2025 09:50:00 - INFO - End of Episode.
|Episode 041/100| time: 2.02|
|Def Loss 0.0006 | Def Reward in ep 099|
|Att Loss 0.0798 | Att Reward in ep 001|
|Def Estimated: [44 56]| Att Labels: [45 55]|
|Def Amount of true predicted attacks: [44 55]|
04/23/2025 09:50:03 - INFO - End of Episode.
|Episode 042/100| time: 2.08|
|Def Loss 0.0003 | Def Reward in ep 100|
|Att Loss 0.1063 | Att Reward in ep 000|
|Def Estimated: [50 50]| Att Labels: [50 50]|
|Def Amount of true predicted attacks: [50 50]|
04/23/2025 09:50:05 - INFO - End of Episode.
|Episode 043/100| time: 2.06|
|Def Loss 0.0002 | Def Reward in ep 100|
|Att Loss 0.0822 | Att Reward in ep 000|
|Def Estimated: [53 47]| Att Labels: [53 47]|
|Def Amount of true predicted attacks: [53 47]|
04/23/2025 09:50:08 - INFO - End of Episode.
|Episode 044/100| time: 2.11|
|Def Loss 0.0002 | Def Reward in ep 100|
|Att Loss 0.1043 | Att Reward in ep 000|
|Def Estimated: [55 45]| Att Labels: [55 45]|
|Def Amount of true predicted attacks: [55 45]|
04/23/2025 09:50:10 - INFO - End of Episode.
|Episode 045/100| time: 2.07|
|Def Loss 0.0002 | Def Reward in ep 099|
|Att Loss 0.1263 | Att Reward in ep 001|
|Def Estimated: [56 44]| Att Labels: [55 45]|
|Def Amount of true predicted attacks: [55 44]|
04/23/2025 09:50:13 - INFO - End of Episode.
|Episode 046/100| time: 2.11|
|Def Loss 0.0002 | Def Reward in ep 100|
|Att Loss 0.0970 | Att Reward in ep 000|
|Def Estimated: [57 43]| Att Labels: [57 43]|
|Def Amount of true predicted attacks: [57 43]|
04/23/2025 09:50:15 - INFO - End of Episode.
|Episode 047/100| time: 2.07|
|Def Loss 0.0001 | Def Reward in ep 100|
|Att Loss 0.1069 | Att Reward in ep 000|
|Def Estimated: [54 46]| Att Labels: [54 46]|
|Def Amount of true predicted attacks: [54 46]|
04/23/2025 09:50:17 - INFO - End of Episode.
|Episode 048/100| time: 2.07|
|Def Loss 0.0006 | Def Reward in ep 098|
|Att Loss 0.0825 | Att Reward in ep 002|
|Def Estimated: [50 50]| Att Labels: [50 50]|
|Def Amount of true predicted attacks: [49 49]|
04/23/2025 09:50:20 - INFO - End of Episode.
|Episode 049/100| time: 2.05|
|Def Loss 0.0003 | Def Reward in ep 100|
|Att Loss 0.1124 | Att Reward in ep 000|
|Def Estimated: [54 46]| Att Labels: [54 46]|
|Def Amount of true predicted attacks: [54 46]|
04/23/2025 09:50:22 - INFO - End of Episode.
|Episode 050/100| time: 2.11|
|Def Loss 0.0002 | Def Reward in ep 100|
|Att Loss 0.1118 | Att Reward in ep 000|
|Def Estimated: [53 47]| Att Labels: [53 47]|
|Def Amount of true predicted attacks: [53 47]|
04/23/2025 09:50:25 - INFO - End of Episode.
|Episode 051/100| time: 2.03|
|Def Loss 0.0001 | Def Reward in ep 100|
|Att Loss 0.0769 | Att Reward in ep 000|
|Def Estimated: [45 55]| Att Labels: [45 55]|
|Def Amount of true predicted attacks: [45 55]|
04/23/2025 09:50:27 - INFO - End of Episode.
|Episode 052/100| time: 2.07|
|Def Loss 0.0001 | Def Reward in ep 100|
|Att Loss 0.0661 | Att Reward in ep 000|
|Def Estimated: [44 56]| Att Labels: [44 56]|
|Def Amount of true predicted attacks: [44 56]|
04/23/2025 09:50:30 - INFO - End of Episode.
|Episode 053/100| time: 2.09|
|Def Loss 0.0003 | Def Reward in ep 099|
|Att Loss 0.0940 | Att Reward in ep 001|
|Def Estimated: [56 44]| Att Labels: [57 43]|
|Def Amount of true predicted attacks: [56 43]|
04/23/2025 09:50:32 - INFO - End of Episode.
|Episode 054/100| time: 2.10|
|Def Loss 0.0005 | Def Reward in ep 098|
|Att Loss 0.1339 | Att Reward in ep 002|
|Def Estimated: [59 41]| Att Labels: [59 41]|
|Def Amount of true predicted attacks: [58 40]|
04/23/2025 09:50:35 - INFO - End of Episode.
|Episode 055/100| time: 2.07|
|Def Loss 0.0005 | Def Reward in ep 100|
|Att Loss 0.1175 | Att Reward in ep 000|
|Def Estimated: [54 46]| Att Labels: [54 46]|
|Def Amount of true predicted attacks: [54 46]|
04/23/2025 09:50:37 - INFO - End of Episode.
|Episode 056/100| time: 2.09|
|Def Loss 0.0003 | Def Reward in ep 098|
|Att Loss 0.1159 | Att Reward in ep 002|
|Def Estimated: [48 52]| Att Labels: [48 52]|
|Def Amount of true predicted attacks: [47 51]|
04/23/2025 09:50:40 - INFO - End of Episode.
|Episode 057/100| time: 2.10|
|Def Loss 0.0005 | Def Reward in ep 099|
|Att Loss 0.1556 | Att Reward in ep 001|
|Def Estimated: [59 41]| Att Labels: [60 40]|
|Def Amount of true predicted attacks: [59 40]|
04/23/2025 09:50:42 - INFO - End of Episode.
|Episode 058/100| time: 2.06|
|Def Loss 0.0017 | Def Reward in ep 100|
|Att Loss 0.1715 | Att Reward in ep 000|
|Def Estimated: [48 52]| Att Labels: [48 52]|
|Def Amount of true predicted attacks: [48 52]|
04/23/2025 09:50:45 - INFO - End of Episode.
|Episode 059/100| time: 2.05|
|Def Loss 0.0003 | Def Reward in ep 099|
|Att Loss 0.2099 | Att Reward in ep 001|
|Def Estimated: [54 46]| Att Labels: [53 47]|
|Def Amount of true predicted attacks: [53 46]|
04/23/2025 09:50:47 - INFO - End of Episode.
|Episode 060/100| time: 2.11|
|Def Loss 0.0015 | Def Reward in ep 099|
|Att Loss 0.1801 | Att Reward in ep 001|
|Def Estimated: [53 47]| Att Labels: [52 48]|
|Def Amount of true predicted attacks: [52 47]|
04/23/2025 09:50:50 - INFO - End of Episode.
|Episode 061/100| time: 2.04|
|Def Loss 0.0011 | Def Reward in ep 099|
|Att Loss 0.1786 | Att Reward in ep 001|
|Def Estimated: [47 53]| Att Labels: [48 52]|
|Def Amount of true predicted attacks: [47 52]|
04/23/2025 09:50:52 - INFO - End of Episode.
|Episode 062/100| time: 2.11|
|Def Loss 0.0002 | Def Reward in ep 100|
|Att Loss 0.2304 | Att Reward in ep 000|
|Def Estimated: [58 42]| Att Labels: [58 42]|
|Def Amount of true predicted attacks: [58 42]|
04/23/2025 09:50:55 - INFO - End of Episode.
|Episode 063/100| time: 2.06|
|Def Loss 0.0003 | Def Reward in ep 100|
|Att Loss 0.1486 | Att Reward in ep 000|
|Def Estimated: [54 46]| Att Labels: [54 46]|
|Def Amount of true predicted attacks: [54 46]|
04/23/2025 09:50:57 - INFO - End of Episode.
|Episode 064/100| time: 2.06|
|Def Loss 0.0003 | Def Reward in ep 100|
|Att Loss 0.2122 | Att Reward in ep 000|
|Def Estimated: [47 53]| Att Labels: [47 53]|
|Def Amount of true predicted attacks: [47 53]|
04/23/2025 09:51:00 - INFO - End of Episode.
|Episode 065/100| time: 2.04|
|Def Loss 0.0022 | Def Reward in ep 098|
|Att Loss 0.1852 | Att Reward in ep 002|
|Def Estimated: [50 50]| Att Labels: [52 48]|
|Def Amount of true predicted attacks: [50 48]|
04/23/2025 09:51:02 - INFO - End of Episode.
|Episode 066/100| time: 2.09|
|Def Loss 0.0050 | Def Reward in ep 098|
|Att Loss 0.2204 | Att Reward in ep 002|
|Def Estimated: [50 50]| Att Labels: [50 50]|
|Def Amount of true predicted attacks: [49 49]|
04/23/2025 09:51:05 - INFO - End of Episode.
|Episode 067/100| time: 2.08|
|Def Loss 0.0010 | Def Reward in ep 099|
|Att Loss 0.1669 | Att Reward in ep 001|
|Def Estimated: [57 43]| Att Labels: [56 44]|
|Def Amount of true predicted attacks: [56 43]|
04/23/2025 09:51:07 - INFO - End of Episode.
|Episode 068/100| time: 2.10|
|Def Loss 0.0002 | Def Reward in ep 100|
|Att Loss 0.1554 | Att Reward in ep 000|
|Def Estimated: [58 42]| Att Labels: [58 42]|
|Def Amount of true predicted attacks: [58 42]|
04/23/2025 09:51:10 - INFO - End of Episode.
|Episode 069/100| time: 2.08|
|Def Loss 0.0010 | Def Reward in ep 100|
|Att Loss 0.1389 | Att Reward in ep 000|
|Def Estimated: [57 43]| Att Labels: [57 43]|
|Def Amount of true predicted attacks: [57 43]|
04/23/2025 09:51:12 - INFO - End of Episode.
|Episode 070/100| time: 2.09|
|Def Loss 0.0002 | Def Reward in ep 100|
|Att Loss 0.1598 | Att Reward in ep 000|
|Def Estimated: [50 50]| Att Labels: [50 50]|
|Def Amount of true predicted attacks: [50 50]|
04/23/2025 09:51:15 - INFO - End of Episode.
|Episode 071/100| time: 2.04|
|Def Loss 0.0001 | Def Reward in ep 099|
|Att Loss 0.1185 | Att Reward in ep 001|
|Def Estimated: [47 53]| Att Labels: [48 52]|
|Def Amount of true predicted attacks: [47 52]|
04/23/2025 09:51:17 - INFO - End of Episode.
|Episode 072/100| time: 2.08|
|Def Loss 0.0002 | Def Reward in ep 098|
|Att Loss 0.1881 | Att Reward in ep 002|
|Def Estimated: [49 51]| Att Labels: [49 51]|
|Def Amount of true predicted attacks: [48 50]|
04/23/2025 09:51:20 - INFO - End of Episode.
|Episode 073/100| time: 2.05|
|Def Loss 0.0004 | Def Reward in ep 098|
|Att Loss 0.1909 | Att Reward in ep 002|
|Def Estimated: [48 52]| Att Labels: [50 50]|
|Def Amount of true predicted attacks: [48 50]|
04/23/2025 09:51:22 - INFO - End of Episode.
|Episode 074/100| time: 2.09|
|Def Loss 0.0003 | Def Reward in ep 099|
|Att Loss 0.2095 | Att Reward in ep 001|
|Def Estimated: [48 52]| Att Labels: [49 51]|
|Def Amount of true predicted attacks: [48 51]|
04/23/2025 09:51:25 - INFO - End of Episode.
|Episode 075/100| time: 2.10|
|Def Loss 0.0004 | Def Reward in ep 100|
|Att Loss 0.1927 | Att Reward in ep 000|
|Def Estimated: [58 42]| Att Labels: [58 42]|
|Def Amount of true predicted attacks: [58 42]|
04/23/2025 09:51:28 - INFO - End of Episode.
|Episode 076/100| time: 2.19|
|Def Loss 0.0001 | Def Reward in ep 099|
|Att Loss 0.1533 | Att Reward in ep 001|
|Def Estimated: [67 33]| Att Labels: [68 32]|
|Def Amount of true predicted attacks: [67 32]|
04/23/2025 09:51:30 - INFO - End of Episode.
|Episode 077/100| time: 2.09|
|Def Loss 0.0002 | Def Reward in ep 100|
|Att Loss 0.1675 | Att Reward in ep 000|
|Def Estimated: [57 43]| Att Labels: [57 43]|
|Def Amount of true predicted attacks: [57 43]|
04/23/2025 09:51:33 - INFO - End of Episode.
|Episode 078/100| time: 2.11|
|Def Loss 0.0001 | Def Reward in ep 100|
|Att Loss 0.1527 | Att Reward in ep 000|
|Def Estimated: [58 42]| Att Labels: [58 42]|
|Def Amount of true predicted attacks: [58 42]|
04/23/2025 09:51:35 - INFO - End of Episode.
|Episode 079/100| time: 2.09|
|Def Loss 0.0196 | Def Reward in ep 099|
|Att Loss 0.1657 | Att Reward in ep 001|
|Def Estimated: [62 38]| Att Labels: [63 37]|
|Def Amount of true predicted attacks: [62 37]|
04/23/2025 09:51:38 - INFO - End of Episode.
|Episode 080/100| time: 2.15|
|Def Loss 0.0125 | Def Reward in ep 100|
|Att Loss 0.1242 | Att Reward in ep 000|
|Def Estimated: [62 38]| Att Labels: [62 38]|
|Def Amount of true predicted attacks: [62 38]|
04/23/2025 09:51:41 - INFO - End of Episode.
|Episode 081/100| time: 2.09|
|Def Loss 0.0030 | Def Reward in ep 100|
|Att Loss 0.1658 | Att Reward in ep 000|
|Def Estimated: [60 40]| Att Labels: [60 40]|
|Def Amount of true predicted attacks: [60 40]|
04/23/2025 09:51:43 - INFO - End of Episode.
|Episode 082/100| time: 2.10|
|Def Loss 0.0003 | Def Reward in ep 100|
|Att Loss 0.1376 | Att Reward in ep 000|
|Def Estimated: [55 45]| Att Labels: [55 45]|
|Def Amount of true predicted attacks: [55 45]|
04/23/2025 09:51:46 - INFO - End of Episode.
|Episode 083/100| time: 2.05|
|Def Loss 0.0134 | Def Reward in ep 098|
|Att Loss 0.1200 | Att Reward in ep 002|
|Def Estimated: [54 46]| Att Labels: [54 46]|
|Def Amount of true predicted attacks: [53 45]|
04/23/2025 09:51:49 - INFO - End of Episode.
|Episode 084/100| time: 2.08|
|Def Loss 0.0081 | Def Reward in ep 099|
|Att Loss 0.1142 | Att Reward in ep 001|
|Def Estimated: [50 50]| Att Labels: [51 49]|
|Def Amount of true predicted attacks: [50 49]|
04/23/2025 09:51:51 - INFO - End of Episode.
|Episode 085/100| time: 2.06|
|Def Loss 0.0140 | Def Reward in ep 100|
|Att Loss 0.0649 | Att Reward in ep 000|
|Def Estimated: [54 46]| Att Labels: [54 46]|
|Def Amount of true predicted attacks: [54 46]|
04/23/2025 09:51:54 - INFO - End of Episode.
|Episode 086/100| time: 2.12|
|Def Loss 0.0112 | Def Reward in ep 100|
|Att Loss 0.0566 | Att Reward in ep 000|
|Def Estimated: [58 42]| Att Labels: [58 42]|
|Def Amount of true predicted attacks: [58 42]|
04/23/2025 09:51:56 - INFO - End of Episode.
|Episode 087/100| time: 2.05|
|Def Loss 0.0074 | Def Reward in ep 097|
|Att Loss 0.0835 | Att Reward in ep 003|
|Def Estimated: [51 49]| Att Labels: [50 50]|
|Def Amount of true predicted attacks: [49 48]|
04/23/2025 09:51:59 - INFO - End of Episode.
|Episode 088/100| time: 2.05|
|Def Loss 0.0081 | Def Reward in ep 100|
|Att Loss 0.1369 | Att Reward in ep 000|
|Def Estimated: [45 55]| Att Labels: [45 55]|
|Def Amount of true predicted attacks: [45 55]|
04/23/2025 09:52:02 - INFO - End of Episode.
|Episode 089/100| time: 2.06|
|Def Loss 0.0029 | Def Reward in ep 100|
|Att Loss 0.1003 | Att Reward in ep 000|
|Def Estimated: [52 48]| Att Labels: [52 48]|
|Def Amount of true predicted attacks: [52 48]|
04/23/2025 09:52:04 - INFO - End of Episode.
|Episode 090/100| time: 2.07|
|Def Loss 0.0052 | Def Reward in ep 100|
|Att Loss 0.1390 | Att Reward in ep 000|
|Def Estimated: [43 57]| Att Labels: [43 57]|
|Def Amount of true predicted attacks: [43 57]|
04/23/2025 09:52:07 - INFO - End of Episode.
|Episode 091/100| time: 2.03|
|Def Loss 0.0008 | Def Reward in ep 098|
|Att Loss 0.1442 | Att Reward in ep 002|
|Def Estimated: [46 54]| Att Labels: [44 56]|
|Def Amount of true predicted attacks: [44 54]|
04/23/2025 09:52:09 - INFO - End of Episode.
|Episode 092/100| time: 2.06|
|Def Loss 0.0001 | Def Reward in ep 099|
|Att Loss 0.1699 | Att Reward in ep 001|
|Def Estimated: [45 55]| Att Labels: [46 54]|
|Def Amount of true predicted attacks: [45 54]|
04/23/2025 09:52:12 - INFO - End of Episode.
|Episode 093/100| time: 2.04|
|Def Loss 0.0001 | Def Reward in ep 099|
|Att Loss 0.1755 | Att Reward in ep 001|
|Def Estimated: [43 57]| Att Labels: [44 56]|
|Def Amount of true predicted attacks: [43 56]|
04/23/2025 09:52:15 - INFO - End of Episode.
|Episode 094/100| time: 2.03|
|Def Loss 0.0001 | Def Reward in ep 100|
|Att Loss 0.1550 | Att Reward in ep 000|
|Def Estimated: [45 55]| Att Labels: [45 55]|
|Def Amount of true predicted attacks: [45 55]|
04/23/2025 09:52:17 - INFO - End of Episode.
|Episode 095/100| time: 2.05|
|Def Loss 0.0001 | Def Reward in ep 099|
|Att Loss 0.1827 | Att Reward in ep 001|
|Def Estimated: [43 57]| Att Labels: [44 56]|
|Def Amount of true predicted attacks: [43 56]|
04/23/2025 09:52:20 - INFO - End of Episode.
|Episode 096/100| time: 2.03|
|Def Loss 0.0001 | Def Reward in ep 100|
|Att Loss 0.2042 | Att Reward in ep 000|
|Def Estimated: [42 58]| Att Labels: [42 58]|
|Def Amount of true predicted attacks: [42 58]|
04/23/2025 09:52:23 - INFO - End of Episode.
|Episode 097/100| time: 2.06|
|Def Loss 0.0001 | Def Reward in ep 100|
|Att Loss 0.1563 | Att Reward in ep 000|
|Def Estimated: [53 47]| Att Labels: [53 47]|
|Def Amount of true predicted attacks: [53 47]|
04/23/2025 09:52:25 - INFO - End of Episode.
|Episode 098/100| time: 2.06|
|Def Loss 0.0000 | Def Reward in ep 100|
|Att Loss 0.1195 | Att Reward in ep 000|
|Def Estimated: [54 46]| Att Labels: [54 46]|
|Def Amount of true predicted attacks: [54 46]|
04/23/2025 09:52:28 - INFO - End of Episode.
|Episode 099/100| time: 2.12|
|Def Loss 0.0001 | Def Reward in ep 100|
|Att Loss 0.1459 | Att Reward in ep 000|
|Def Estimated: [61 39]| Att Labels: [61 39]|
|Def Amount of true predicted attacks: [61 39]|
04/23/2025 09:52:28 - INFO - Model 'attacker_model_cic_2017' saved in: /workspace/models/trained-models/2025-04-23-09-47-Linux-CIC-2018-17-BruteForce-3rd-Run/attacker_model_cic.keras
04/23/2025 09:52:28 - INFO - Model summary:
Model: "attacker_model_cic_2017"
_________________________________________________________________
 Layer (type)                Output Shape              Param #   
=================================================================
 dense (Dense)               (None, 100)               6800      
                                                                 
 dense_1 (Dense)             (None, 100)               10100     
                                                                 
 dense_2 (Dense)             (None, 100)               10100     
                                                                 
 dense_3 (Dense)             (None, 100)               10100     
                                                                 
 dense_4 (Dense)             (None, 100)               10100     
                                                                 
 dense_5 (Dense)             (None, 2)                 202       
                                                                 
=================================================================
Total params: 47402 (185.16 KB)
Trainable params: 47402 (185.16 KB)
Non-trainable params: 0 (0.00 Byte)
_________________________________________________________________

04/23/2025 09:52:28 - INFO - Model 'defender_model' saved in: /workspace/models/trained-models/2025-04-23-09-47-Linux-CIC-2018-17-BruteForce-3rd-Run/defender_model.keras
04/23/2025 09:52:29 - INFO - Model summary:
Model: "defender_model"
_________________________________________________________________
 Layer (type)                Output Shape              Param #   
=================================================================
 dense_12 (Dense)            (None, 100)               6800      
                                                                 
 dense_13 (Dense)            (None, 100)               10100     
                                                                 
 dense_14 (Dense)            (None, 100)               10100     
                                                                 
 dense_15 (Dense)            (None, 2)                 202       
                                                                 
=================================================================
Total params: 27202 (106.26 KB)
Trainable params: 27202 (106.26 KB)
Non-trainable params: 0 (0.00 Byte)
_________________________________________________________________

04/23/2025 09:52:29 - INFO - Saved trained models.
04/23/2025 09:52:29 - INFO - Total runtime: 00:04:33
04/23/2025 09:52:29 - INFO - End of the script at: 2025-04-23 09:52:29.000166
04/23/2025 09:52:31 - INFO - Debug information saved to /workspace/models/trained-models/2025-04-23-09-47-Linux-CIC-2018-17-BruteForce-3rd-Run/logs/debug_info.json
04/23/2025 09:52:31 - INFO - Trying to save summary plots under: /workspace/models/trained-models/2025-04-23-09-47-Linux-CIC-2018-17-BruteForce-3rd-Run/plots/
04/23/2025 09:52:33 - INFO - Plotted attack distributions during training in: /workspace/models/trained-models/2025-04-23-09-47-Linux-CIC-2018-17-BruteForce-3rd-Run/plots/
04/23/2025 09:52:37 - INFO - Normalized confusion matrix
04/23/2025 09:52:37 - INFO - 
Confusion Matrix:
[[9.98988235e-01 1.01176471e-03]
 [4.28216980e-04 9.99571783e-01]]
04/23/2025 09:52:37 - INFO - Plotted confusion matrix in: /workspace/models/trained-models/2025-04-23-09-47-Linux-CIC-2018-17-BruteForce-3rd-Run/plots/intraset/
04/23/2025 09:52:37 - INFO - Model summary:
Model: "defender_model"
_________________________________________________________________
 Layer (type)                Output Shape              Param #   
=================================================================
 dense_12 (Dense)            (None, 100)               6800      
                                                                 
 dense_13 (Dense)            (None, 100)               10100     
                                                                 
 dense_14 (Dense)            (None, 100)               10100     
                                                                 
 dense_15 (Dense)            (None, 2)                 202       
                                                                 
=================================================================
Total params: 27202 (106.26 KB)
Trainable params: 27202 (106.26 KB)
Non-trainable params: 0 (0.00 Byte)
_________________________________________________________________

loaded from: /workspace/models/trained-models/2025-04-23-09-47-Linux-CIC-2018-17-BruteForce-3rd-Run/defender_model.keras
04/23/2025 09:52:38 - INFO - One vs All metric calculation: 
True positive: 79365 | False positive: 172 | 
True negative: 169828 | False negative: 34
Accuracy: 0.9992 | Recall: 0.9996 | Specificity: 0.9990 | Precision: 0.9978 | F1-Score: 0.9987 | False Positive Rate: 0.0010
04/23/2025 09:52:38 - INFO - Overall overview
Total reward: 249193 | Number of samples: 249399 | Accuracy = 99.92%
Overall overview per attack type
              Estimated Correct   Total Mismatch   F1_score
Benign           169862  169828  170000      138  99.939387
Brute Force       79537   79365   79399      138  99.870388
Weigthed Avg.                                     99.917421
04/23/2025 09:52:38 - INFO - 
      Class  Support  Accuracy  Precision  Recall  F1-Score
     Benign   170000    0.9990     0.9998  0.9990    0.9994
Brute Force    79399    0.9996     0.9978  0.9996    0.9987
04/23/2025 09:52:38 - INFO - Overall weighted F1-score: 0.9992
04/23/2025 09:52:45 - INFO - 
One vs All metrics: 
          name  accuracy        f1  precision    recall
0  Brute Force  0.999174  0.998704   0.997837  0.999572
1       Benign  0.999174  0.999394   0.999800  0.998988
04/23/2025 09:52:46 - INFO - Classification report:
              precision    recall  f1-score   support

      Benign       1.00      1.00      1.00    170000
 Brute Force       1.00      1.00      1.00     79399

    accuracy                           1.00    249399
   macro avg       1.00      1.00      1.00    249399
weighted avg       1.00      1.00      1.00    249399

04/23/2025 09:52:49 - INFO - Model metrics: 
loss=0.002379469107836485, mse=0.020070131868124008, mae=0.025294074788689613
04/23/2025 09:52:49 - INFO - Optimizer config: {'name': 'Adam', 'weight_decay': None, 'clipnorm': None, 'global_clipnorm': None, 'clipvalue': None, 'use_ema': False, 'ema_momentum': 0.99, 'ema_overwrite_frequency': None, 'jit_compile': False, 'is_legacy_optimizer': False, 'learning_rate': 0.001, 'beta_1': 0.9, 'beta_2': 0.999, 'epsilon': 1e-07, 'amsgrad': False}
04/23/2025 09:52:49 - INFO - Time needed for testing: 16.415645122528076
04/23/2025 09:52:49 - INFO - Metrics exported to: /workspace/models/trained-models/2025-04-23-09-47-Linux-CIC-2018-17-BruteForce-3rd-Run/logs/evaluation_metrics_defender_model.json
04/23/2025 09:52:52 - INFO - [Intra-Set] Accuracy: 0.1289, Recall: 0.9998, Precision: 0.0464, F1: 0.0886
04/23/2025 09:52:52 - INFO - Normalized confusion matrix
04/23/2025 09:52:52 - INFO - 
Confusion Matrix:
[[9.04071429e-02 9.09592857e-01]
 [1.61498708e-04 9.99838501e-01]]
04/23/2025 09:52:52 - INFO - Plotted confusion matrix in: /workspace/models/trained-models/2025-04-23-09-47-Linux-CIC-2018-17-BruteForce-3rd-Run/plots/interset/
04/23/2025 09:52:52 - INFO - [Intra-Set] Confusion matrix saved to /workspace/models/trained-models/2025-04-23-09-47-Linux-CIC-2018-17-BruteForce-3rd-Run/plots/
04/23/2025 09:52:54 - INFO - [Cross-Set] Model metrics: loss=0.8906133770942688, mse=2.1050658226013184, mae=1.3573253154754639
04/23/2025 09:52:54 - INFO - [Intra-Set] Evaluation completed. Metrics exported to: /workspace/models/trained-models/2025-04-23-09-47-Linux-CIC-2018-17-BruteForce-3rd-Run/logs/evaluation_metrics_cross_defender_model.json
04/23/2025 09:52:54 - INFO - [Intra-Set] Time needed: 5.20 seconds
04/23/2025 09:52:54 - INFO - Finished script at: 2025-04-23-09-52
Total runtime: 0:04:59.492660
