02/06/2025 16:00:18 - INFO - Started script at: 2025-02-06-16-00
02/06/2025 16:00:18 - INFO - Current working dir: E:\vlad9\Documents\VisualStudioCodeProjects\AE-RL-Python
02/06/2025 16:00:18 - INFO - Used data files: 
E:\vlad9\Documents\VisualStudioCodeProjects\AE-RL-Python\data/datasets/origin-kaggle-com/nsl-kdd/KDDTrain+.txt,
E:\vlad9\Documents\VisualStudioCodeProjects\AE-RL-Python\data/datasets/origin-kaggle-com/nsl-kdd/KDDTest+.txt
02/06/2025 16:00:18 - INFO - Creating enviroment...
02/06/2025 16:00:18 - INFO - Reading formated train data from: E:\vlad9\Documents\VisualStudioCodeProjects\AE-RL-Python\data/datasets/formated/formated_train_adv.csv
02/06/2025 16:00:20 - INFO - Initializing ReplayMemory with observation_size=122 and max_size=1000
02/06/2025 16:00:21 - DEBUG - Creating converter from 5 to 3
02/06/2025 16:00:21 - DEBUG - Creating converter from 3 to 5
02/06/2025 16:00:21 - INFO - Initializing ReplayMemory with observation_size=122 and max_size=1000
02/06/2025 16:00:21 - INFO - Start Training with the following parameters:
-----------------------------------------------------------------------------------------------------------------------
Total epoch: 100 | Iterations in epoch: 100 | Minibatch from mem size: 100 | Total Samples: 10000 | Data shape: (11656, 162)
-----------------------------------------------------------------------------------------------------------------------
Attacker: Num_actions=4 | gamma=0.001 | epsilon=1 | ANN hidden size=100 | ANN hidden layers=1 | Learning rate=0.001
-----------------------------------------------------------------------------------------------------------------------
Defender: Num_actions=5 | gamma=0.001 | epsilon=1 | ANN hidden size=100 | ANN hidden layers=3 | Learning rate=0.001
-----------------------------------------------------------------------------------------------------------------------
Used Attack types: Probe | Attack name(s): ['ipsweep', 'nmap', 'portsweep', 'satan']
-----------------------------------------------------------------------------------------------------------------------

02/06/2025 16:00:22 - INFO - End of Epoch.

|Epoch 000/100| time: 0.13|

|Def Loss 0.0000 | Def Reward in ep 026|

|Att Loss 0.0000 | Att Reward in ep 074|

|Def Estimated: [22 19 26 19 14]| Att Labels: [  0   0 100   0   0]|

|Def Amount of true predicted attacks: [ 0  0 26  0  0]|
02/06/2025 16:00:23 - WARNING - 5 out of the last 5 calls to <function Model.make_predict_function.<locals>.predict_function at 0x0000028AD48F6820> triggered tf.function retracing. Tracing is expensive and the excessive number of tracings could be due to (1) creating @tf.function repeatedly in a loop, (2) passing tensors with different shapes, (3) passing Python objects instead of tensors. For (1), please define your @tf.function outside of the loop. For (2), @tf.function has reduce_retracing=True option that can avoid unnecessary retracing. For (3), please refer to https://www.tensorflow.org/guide/function#controlling_retracing and https://www.tensorflow.org/api_docs/python/tf/function for  more details.
02/06/2025 16:00:23 - WARNING - 6 out of the last 6 calls to <function Model.make_predict_function.<locals>.predict_function at 0x0000028AD48F6820> triggered tf.function retracing. Tracing is expensive and the excessive number of tracings could be due to (1) creating @tf.function repeatedly in a loop, (2) passing tensors with different shapes, (3) passing Python objects instead of tensors. For (1), please define your @tf.function outside of the loop. For (2), @tf.function has reduce_retracing=True option that can avoid unnecessary retracing. For (3), please refer to https://www.tensorflow.org/guide/function#controlling_retracing and https://www.tensorflow.org/api_docs/python/tf/function for  more details.
02/06/2025 16:00:39 - INFO - End of Epoch.

|Epoch 001/100| time: 17.75|

|Def Loss 0.1460 | Def Reward in ep 066|

|Att Loss 3.7059 | Att Reward in ep 034|

|Def Estimated: [11  8 66  5 10]| Att Labels: [  0   0 100   0   0]|

|Def Amount of true predicted attacks: [ 0  0 66  0  0]|
02/06/2025 16:00:56 - INFO - End of Epoch.

|Epoch 002/100| time: 17.17|

|Def Loss 0.0017 | Def Reward in ep 097|

|Att Loss 2.6540 | Att Reward in ep 003|

|Def Estimated: [ 0  1 97  1  1]| Att Labels: [  0   0 100   0   0]|

|Def Amount of true predicted attacks: [ 0  0 97  0  0]|
02/06/2025 16:01:14 - INFO - End of Epoch.

|Epoch 003/100| time: 17.56|

|Def Loss 0.0008 | Def Reward in ep 100|

|Att Loss 2.3116 | Att Reward in ep 000|

|Def Estimated: [  0   0 100   0   0]| Att Labels: [  0   0 100   0   0]|

|Def Amount of true predicted attacks: [  0   0 100   0   0]|
02/06/2025 16:01:31 - INFO - End of Epoch.

|Epoch 004/100| time: 17.51|

|Def Loss 0.0003 | Def Reward in ep 099|

|Att Loss 2.0795 | Att Reward in ep 001|

|Def Estimated: [ 0  1 99  0  0]| Att Labels: [  0   0 100   0   0]|

|Def Amount of true predicted attacks: [ 0  0 99  0  0]|
02/06/2025 16:01:49 - INFO - End of Epoch.

|Epoch 005/100| time: 17.63|

|Def Loss 0.0003 | Def Reward in ep 099|

|Att Loss 1.8101 | Att Reward in ep 001|

|Def Estimated: [ 0  0 99  1  0]| Att Labels: [  0   0 100   0   0]|

|Def Amount of true predicted attacks: [ 0  0 99  0  0]|
02/06/2025 16:02:07 - INFO - End of Epoch.

|Epoch 006/100| time: 17.81|

|Def Loss 0.0002 | Def Reward in ep 100|

|Att Loss 1.5946 | Att Reward in ep 000|

|Def Estimated: [  0   0 100   0   0]| Att Labels: [  0   0 100   0   0]|

|Def Amount of true predicted attacks: [  0   0 100   0   0]|
02/06/2025 16:02:25 - INFO - End of Epoch.

|Epoch 007/100| time: 17.61|

|Def Loss 0.0002 | Def Reward in ep 099|

|Att Loss 1.4245 | Att Reward in ep 001|

|Def Estimated: [ 0  0 99  1  0]| Att Labels: [  0   0 100   0   0]|

|Def Amount of true predicted attacks: [ 0  0 99  0  0]|
02/06/2025 16:02:42 - INFO - End of Epoch.

|Epoch 008/100| time: 17.95|

|Def Loss 0.0001 | Def Reward in ep 099|

|Att Loss 1.2915 | Att Reward in ep 001|

|Def Estimated: [ 0  1 99  0  0]| Att Labels: [  0   0 100   0   0]|

|Def Amount of true predicted attacks: [ 0  0 99  0  0]|
02/06/2025 16:03:00 - INFO - End of Epoch.

|Epoch 009/100| time: 17.28|

|Def Loss 0.0001 | Def Reward in ep 099|

|Att Loss 1.2390 | Att Reward in ep 001|

|Def Estimated: [ 0  0 99  0  1]| Att Labels: [  0   0 100   0   0]|

|Def Amount of true predicted attacks: [ 0  0 99  0  0]|
02/06/2025 16:03:17 - INFO - End of Epoch.

|Epoch 010/100| time: 17.26|

|Def Loss 0.0001 | Def Reward in ep 098|

|Att Loss 0.8446 | Att Reward in ep 002|

|Def Estimated: [ 0  1 98  0  1]| Att Labels: [  0   0 100   0   0]|

|Def Amount of true predicted attacks: [ 0  0 98  0  0]|
02/06/2025 16:03:34 - INFO - End of Epoch.

|Epoch 011/100| time: 17.26|

|Def Loss 0.0002 | Def Reward in ep 099|

|Att Loss 0.2996 | Att Reward in ep 001|

|Def Estimated: [ 0  0 99  0  1]| Att Labels: [  0   0 100   0   0]|

|Def Amount of true predicted attacks: [ 0  0 99  0  0]|
02/06/2025 16:03:51 - INFO - End of Epoch.

|Epoch 012/100| time: 17.06|

|Def Loss 0.0002 | Def Reward in ep 099|

|Att Loss 0.0986 | Att Reward in ep 001|

|Def Estimated: [ 1  0 99  0  0]| Att Labels: [  0   0 100   0   0]|

|Def Amount of true predicted attacks: [ 0  0 99  0  0]|
02/06/2025 16:04:09 - INFO - End of Epoch.

|Epoch 013/100| time: 17.33|

|Def Loss 0.0002 | Def Reward in ep 100|

|Att Loss 0.1199 | Att Reward in ep 000|

|Def Estimated: [  0   0 100   0   0]| Att Labels: [  0   0 100   0   0]|

|Def Amount of true predicted attacks: [  0   0 100   0   0]|
02/06/2025 16:04:26 - INFO - End of Epoch.

|Epoch 014/100| time: 17.10|

|Def Loss 0.0003 | Def Reward in ep 098|

|Att Loss 0.1123 | Att Reward in ep 002|

|Def Estimated: [ 0  0 98  1  1]| Att Labels: [  0   0 100   0   0]|

|Def Amount of true predicted attacks: [ 0  0 98  0  0]|
02/06/2025 16:04:43 - INFO - End of Epoch.

|Epoch 015/100| time: 17.29|

|Def Loss 0.0002 | Def Reward in ep 099|

|Att Loss 0.1284 | Att Reward in ep 001|

|Def Estimated: [ 0  0 99  1  0]| Att Labels: [  0   0 100   0   0]|

|Def Amount of true predicted attacks: [ 0  0 99  0  0]|
02/06/2025 16:05:00 - INFO - End of Epoch.

|Epoch 016/100| time: 17.24|

|Def Loss 0.0003 | Def Reward in ep 100|

|Att Loss 0.1245 | Att Reward in ep 000|

|Def Estimated: [  0   0 100   0   0]| Att Labels: [  0   0 100   0   0]|

|Def Amount of true predicted attacks: [  0   0 100   0   0]|
02/06/2025 16:05:18 - INFO - End of Epoch.

|Epoch 017/100| time: 17.45|

|Def Loss 0.0001 | Def Reward in ep 100|

|Att Loss 0.0971 | Att Reward in ep 000|

|Def Estimated: [  0   0 100   0   0]| Att Labels: [  0   0 100   0   0]|

|Def Amount of true predicted attacks: [  0   0 100   0   0]|
02/06/2025 16:05:35 - INFO - End of Epoch.

|Epoch 018/100| time: 17.07|

|Def Loss 0.0001 | Def Reward in ep 100|

|Att Loss 0.0777 | Att Reward in ep 000|

|Def Estimated: [  0   0 100   0   0]| Att Labels: [  0   0 100   0   0]|

|Def Amount of true predicted attacks: [  0   0 100   0   0]|
02/06/2025 16:05:53 - INFO - End of Epoch.

|Epoch 019/100| time: 17.68|

|Def Loss 0.0002 | Def Reward in ep 100|

|Att Loss 0.0898 | Att Reward in ep 000|

|Def Estimated: [  0   0 100   0   0]| Att Labels: [  0   0 100   0   0]|

|Def Amount of true predicted attacks: [  0   0 100   0   0]|
02/06/2025 16:06:10 - INFO - End of Epoch.

|Epoch 020/100| time: 17.35|

|Def Loss 0.0001 | Def Reward in ep 100|

|Att Loss 0.0543 | Att Reward in ep 000|

|Def Estimated: [  0   0 100   0   0]| Att Labels: [  0   0 100   0   0]|

|Def Amount of true predicted attacks: [  0   0 100   0   0]|
02/06/2025 16:06:27 - INFO - End of Epoch.

|Epoch 021/100| time: 17.45|

|Def Loss 0.0001 | Def Reward in ep 099|

|Att Loss 0.0381 | Att Reward in ep 001|

|Def Estimated: [ 1  0 99  0  0]| Att Labels: [  0   0 100   0   0]|

|Def Amount of true predicted attacks: [ 0  0 99  0  0]|
02/06/2025 16:06:45 - INFO - End of Epoch.

|Epoch 022/100| time: 17.42|

|Def Loss 0.0002 | Def Reward in ep 099|

|Att Loss 0.0491 | Att Reward in ep 001|

|Def Estimated: [ 1  0 99  0  0]| Att Labels: [  0   0 100   0   0]|

|Def Amount of true predicted attacks: [ 0  0 99  0  0]|
02/06/2025 16:07:02 - INFO - End of Epoch.

|Epoch 023/100| time: 17.22|

|Def Loss 0.0002 | Def Reward in ep 097|

|Att Loss 0.0805 | Att Reward in ep 003|

|Def Estimated: [ 0  2 97  1  0]| Att Labels: [  0   0 100   0   0]|

|Def Amount of true predicted attacks: [ 0  0 97  0  0]|
02/06/2025 16:07:19 - INFO - End of Epoch.

|Epoch 024/100| time: 17.32|

|Def Loss 0.0001 | Def Reward in ep 100|

|Att Loss 0.0768 | Att Reward in ep 000|

|Def Estimated: [  0   0 100   0   0]| Att Labels: [  0   0 100   0   0]|

|Def Amount of true predicted attacks: [  0   0 100   0   0]|
02/06/2025 16:07:36 - INFO - End of Epoch.

|Epoch 025/100| time: 17.03|

|Def Loss 0.0002 | Def Reward in ep 097|

|Att Loss 0.0767 | Att Reward in ep 003|

|Def Estimated: [ 1  0 97  1  1]| Att Labels: [  0   0 100   0   0]|

|Def Amount of true predicted attacks: [ 0  0 97  0  0]|
02/06/2025 16:07:54 - INFO - End of Epoch.

|Epoch 026/100| time: 17.33|

|Def Loss 0.0003 | Def Reward in ep 100|

|Att Loss 0.0860 | Att Reward in ep 000|

|Def Estimated: [  0   0 100   0   0]| Att Labels: [  0   0 100   0   0]|

|Def Amount of true predicted attacks: [  0   0 100   0   0]|
02/06/2025 16:08:11 - INFO - End of Epoch.

|Epoch 027/100| time: 17.19|

|Def Loss 0.0001 | Def Reward in ep 097|

|Att Loss 0.0772 | Att Reward in ep 003|

|Def Estimated: [ 0  0 97  3  0]| Att Labels: [  0   0 100   0   0]|

|Def Amount of true predicted attacks: [ 0  0 97  0  0]|
02/06/2025 16:08:28 - INFO - End of Epoch.

|Epoch 028/100| time: 17.52|

|Def Loss 0.0001 | Def Reward in ep 098|

|Att Loss 0.1251 | Att Reward in ep 002|

|Def Estimated: [ 0  0 98  2  0]| Att Labels: [  0   0 100   0   0]|

|Def Amount of true predicted attacks: [ 0  0 98  0  0]|
02/06/2025 16:08:46 - INFO - End of Epoch.

|Epoch 029/100| time: 17.72|

|Def Loss 0.0001 | Def Reward in ep 100|

|Att Loss 0.1459 | Att Reward in ep 000|

|Def Estimated: [  0   0 100   0   0]| Att Labels: [  0   0 100   0   0]|

|Def Amount of true predicted attacks: [  0   0 100   0   0]|
02/06/2025 16:09:03 - INFO - End of Epoch.

|Epoch 030/100| time: 17.27|

|Def Loss 0.0001 | Def Reward in ep 098|

|Att Loss 0.1522 | Att Reward in ep 002|

|Def Estimated: [ 0  2 98  0  0]| Att Labels: [  0   0 100   0   0]|

|Def Amount of true predicted attacks: [ 0  0 98  0  0]|
02/06/2025 16:09:21 - INFO - End of Epoch.

|Epoch 031/100| time: 17.36|

|Def Loss 0.0002 | Def Reward in ep 098|

|Att Loss 0.1511 | Att Reward in ep 002|

|Def Estimated: [ 1  0 98  1  0]| Att Labels: [  0   0 100   0   0]|

|Def Amount of true predicted attacks: [ 0  0 98  0  0]|
02/06/2025 16:09:38 - INFO - End of Epoch.

|Epoch 032/100| time: 17.24|

|Def Loss 0.0001 | Def Reward in ep 099|

|Att Loss 0.1767 | Att Reward in ep 001|

|Def Estimated: [ 0  0 99  0  1]| Att Labels: [  0   0 100   0   0]|

|Def Amount of true predicted attacks: [ 0  0 99  0  0]|
02/06/2025 16:09:55 - INFO - End of Epoch.

|Epoch 033/100| time: 17.09|

|Def Loss 0.0002 | Def Reward in ep 097|

|Att Loss 0.1627 | Att Reward in ep 003|

|Def Estimated: [ 1  1 97  0  1]| Att Labels: [  0   0 100   0   0]|

|Def Amount of true predicted attacks: [ 0  0 97  0  0]|
02/06/2025 16:10:12 - INFO - End of Epoch.

|Epoch 034/100| time: 17.39|

|Def Loss 0.0003 | Def Reward in ep 100|

|Att Loss 0.1922 | Att Reward in ep 000|

|Def Estimated: [  0   0 100   0   0]| Att Labels: [  0   0 100   0   0]|

|Def Amount of true predicted attacks: [  0   0 100   0   0]|
02/06/2025 16:10:30 - INFO - End of Epoch.

|Epoch 035/100| time: 17.38|

|Def Loss 0.0002 | Def Reward in ep 100|

|Att Loss 0.1629 | Att Reward in ep 000|

|Def Estimated: [  0   0 100   0   0]| Att Labels: [  0   0 100   0   0]|

|Def Amount of true predicted attacks: [  0   0 100   0   0]|
02/06/2025 16:10:47 - INFO - End of Epoch.

|Epoch 036/100| time: 17.58|

|Def Loss 0.0005 | Def Reward in ep 099|

|Att Loss 0.1412 | Att Reward in ep 001|

|Def Estimated: [ 1  0 99  0  0]| Att Labels: [  0   0 100   0   0]|

|Def Amount of true predicted attacks: [ 0  0 99  0  0]|
02/06/2025 16:11:05 - INFO - End of Epoch.

|Epoch 037/100| time: 17.28|

|Def Loss 0.0001 | Def Reward in ep 099|

|Att Loss 0.1403 | Att Reward in ep 001|

|Def Estimated: [ 1  0 99  0  0]| Att Labels: [  0   0 100   0   0]|

|Def Amount of true predicted attacks: [ 0  0 99  0  0]|
02/06/2025 16:11:22 - INFO - End of Epoch.

|Epoch 038/100| time: 17.52|

|Def Loss 0.0001 | Def Reward in ep 100|

|Att Loss 0.1273 | Att Reward in ep 000|

|Def Estimated: [  0   0 100   0   0]| Att Labels: [  0   0 100   0   0]|

|Def Amount of true predicted attacks: [  0   0 100   0   0]|
02/06/2025 16:11:40 - INFO - End of Epoch.

|Epoch 039/100| time: 17.55|

|Def Loss 0.0001 | Def Reward in ep 098|

|Att Loss 0.1072 | Att Reward in ep 002|

|Def Estimated: [ 0  0 98  2  0]| Att Labels: [  0   0 100   0   0]|

|Def Amount of true predicted attacks: [ 0  0 98  0  0]|
02/06/2025 16:11:57 - INFO - End of Epoch.

|Epoch 040/100| time: 17.65|

|Def Loss 0.0002 | Def Reward in ep 100|

|Att Loss 0.1261 | Att Reward in ep 000|

|Def Estimated: [  0   0 100   0   0]| Att Labels: [  0   0 100   0   0]|

|Def Amount of true predicted attacks: [  0   0 100   0   0]|
02/06/2025 16:12:15 - INFO - End of Epoch.

|Epoch 041/100| time: 17.45|

|Def Loss 0.0003 | Def Reward in ep 100|

|Att Loss 0.0879 | Att Reward in ep 000|

|Def Estimated: [  0   0 100   0   0]| Att Labels: [  0   0 100   0   0]|

|Def Amount of true predicted attacks: [  0   0 100   0   0]|
02/06/2025 16:12:32 - INFO - End of Epoch.

|Epoch 042/100| time: 17.62|

|Def Loss 0.0002 | Def Reward in ep 098|

|Att Loss 0.0805 | Att Reward in ep 002|

|Def Estimated: [ 0  1 98  0  1]| Att Labels: [  0   0 100   0   0]|

|Def Amount of true predicted attacks: [ 0  0 98  0  0]|
02/06/2025 16:12:50 - INFO - End of Epoch.

|Epoch 043/100| time: 17.56|

|Def Loss 0.0002 | Def Reward in ep 099|

|Att Loss 0.0915 | Att Reward in ep 001|

|Def Estimated: [ 0  0 99  0  1]| Att Labels: [  0   0 100   0   0]|

|Def Amount of true predicted attacks: [ 0  0 99  0  0]|
02/06/2025 16:13:08 - INFO - End of Epoch.

|Epoch 044/100| time: 17.54|

|Def Loss 0.0001 | Def Reward in ep 099|

|Att Loss 0.0834 | Att Reward in ep 001|

|Def Estimated: [ 1  0 99  0  0]| Att Labels: [  0   0 100   0   0]|

|Def Amount of true predicted attacks: [ 0  0 99  0  0]|
02/06/2025 16:13:25 - INFO - End of Epoch.

|Epoch 045/100| time: 17.55|

|Def Loss 0.0004 | Def Reward in ep 100|

|Att Loss 0.0791 | Att Reward in ep 000|

|Def Estimated: [  0   0 100   0   0]| Att Labels: [  0   0 100   0   0]|

|Def Amount of true predicted attacks: [  0   0 100   0   0]|
02/06/2025 16:13:43 - INFO - End of Epoch.

|Epoch 046/100| time: 17.45|

|Def Loss 0.0002 | Def Reward in ep 099|

|Att Loss 0.1038 | Att Reward in ep 001|

|Def Estimated: [ 0  0 99  0  1]| Att Labels: [  0   0 100   0   0]|

|Def Amount of true predicted attacks: [ 0  0 99  0  0]|
02/06/2025 16:14:00 - INFO - End of Epoch.

|Epoch 047/100| time: 17.74|

|Def Loss 0.0002 | Def Reward in ep 100|

|Att Loss 0.0838 | Att Reward in ep 000|

|Def Estimated: [  0   0 100   0   0]| Att Labels: [  0   0 100   0   0]|

|Def Amount of true predicted attacks: [  0   0 100   0   0]|
02/06/2025 16:14:18 - INFO - End of Epoch.

|Epoch 048/100| time: 17.79|

|Def Loss 0.0001 | Def Reward in ep 100|

|Att Loss 0.0842 | Att Reward in ep 000|

|Def Estimated: [  0   0 100   0   0]| Att Labels: [  0   0 100   0   0]|

|Def Amount of true predicted attacks: [  0   0 100   0   0]|
02/06/2025 16:14:36 - INFO - End of Epoch.

|Epoch 049/100| time: 17.85|

|Def Loss 0.0003 | Def Reward in ep 100|

|Att Loss 0.0831 | Att Reward in ep 000|

|Def Estimated: [  0   0 100   0   0]| Att Labels: [  0   0 100   0   0]|

|Def Amount of true predicted attacks: [  0   0 100   0   0]|
02/06/2025 16:14:54 - INFO - End of Epoch.

|Epoch 050/100| time: 17.85|

|Def Loss 0.0001 | Def Reward in ep 098|

|Att Loss 0.0600 | Att Reward in ep 002|

|Def Estimated: [ 0  1 98  1  0]| Att Labels: [  0   0 100   0   0]|

|Def Amount of true predicted attacks: [ 0  0 98  0  0]|
02/06/2025 16:15:11 - INFO - End of Epoch.

|Epoch 051/100| time: 17.52|

|Def Loss 0.0001 | Def Reward in ep 100|

|Att Loss 0.0692 | Att Reward in ep 000|

|Def Estimated: [  0   0 100   0   0]| Att Labels: [  0   0 100   0   0]|

|Def Amount of true predicted attacks: [  0   0 100   0   0]|
02/06/2025 16:15:29 - INFO - End of Epoch.

|Epoch 052/100| time: 17.71|

|Def Loss 0.0001 | Def Reward in ep 100|

|Att Loss 0.0636 | Att Reward in ep 000|

|Def Estimated: [  0   0 100   0   0]| Att Labels: [  0   0 100   0   0]|

|Def Amount of true predicted attacks: [  0   0 100   0   0]|
02/06/2025 16:15:47 - INFO - End of Epoch.

|Epoch 053/100| time: 17.71|

|Def Loss 0.0001 | Def Reward in ep 100|

|Att Loss 0.0548 | Att Reward in ep 000|

|Def Estimated: [  0   0 100   0   0]| Att Labels: [  0   0 100   0   0]|

|Def Amount of true predicted attacks: [  0   0 100   0   0]|
02/06/2025 16:16:04 - INFO - End of Epoch.

|Epoch 054/100| time: 17.54|

|Def Loss 0.0003 | Def Reward in ep 100|

|Att Loss 0.0394 | Att Reward in ep 000|

|Def Estimated: [  0   0 100   0   0]| Att Labels: [  0   0 100   0   0]|

|Def Amount of true predicted attacks: [  0   0 100   0   0]|
02/06/2025 16:16:22 - INFO - End of Epoch.

|Epoch 055/100| time: 17.37|

|Def Loss 0.0003 | Def Reward in ep 099|

|Att Loss 0.0405 | Att Reward in ep 001|

|Def Estimated: [ 1  0 99  0  0]| Att Labels: [  0   0 100   0   0]|

|Def Amount of true predicted attacks: [ 0  0 99  0  0]|
02/06/2025 16:16:39 - INFO - End of Epoch.

|Epoch 056/100| time: 17.58|

|Def Loss 0.0001 | Def Reward in ep 100|

|Att Loss 0.0456 | Att Reward in ep 000|

|Def Estimated: [  0   0 100   0   0]| Att Labels: [  0   0 100   0   0]|

|Def Amount of true predicted attacks: [  0   0 100   0   0]|
02/06/2025 16:16:57 - INFO - End of Epoch.

|Epoch 057/100| time: 17.66|

|Def Loss 0.0001 | Def Reward in ep 100|

|Att Loss 0.0341 | Att Reward in ep 000|

|Def Estimated: [  0   0 100   0   0]| Att Labels: [  0   0 100   0   0]|

|Def Amount of true predicted attacks: [  0   0 100   0   0]|
02/06/2025 16:17:15 - INFO - End of Epoch.

|Epoch 058/100| time: 17.73|

|Def Loss 0.0001 | Def Reward in ep 100|

|Att Loss 0.0344 | Att Reward in ep 000|

|Def Estimated: [  0   0 100   0   0]| Att Labels: [  0   0 100   0   0]|

|Def Amount of true predicted attacks: [  0   0 100   0   0]|
02/06/2025 16:17:32 - INFO - End of Epoch.

|Epoch 059/100| time: 17.86|

|Def Loss 0.0002 | Def Reward in ep 100|

|Att Loss 0.0306 | Att Reward in ep 000|

|Def Estimated: [  0   0 100   0   0]| Att Labels: [  0   0 100   0   0]|

|Def Amount of true predicted attacks: [  0   0 100   0   0]|
02/06/2025 16:17:51 - INFO - End of Epoch.

|Epoch 060/100| time: 18.32|

|Def Loss 0.0001 | Def Reward in ep 100|

|Att Loss 0.0380 | Att Reward in ep 000|

|Def Estimated: [  0   0 100   0   0]| Att Labels: [  0   0 100   0   0]|

|Def Amount of true predicted attacks: [  0   0 100   0   0]|
02/06/2025 16:18:08 - INFO - End of Epoch.

|Epoch 061/100| time: 17.68|

|Def Loss 0.0002 | Def Reward in ep 099|

|Att Loss 0.0180 | Att Reward in ep 001|

|Def Estimated: [ 1  0 99  0  0]| Att Labels: [  0   0 100   0   0]|

|Def Amount of true predicted attacks: [ 0  0 99  0  0]|
02/06/2025 16:18:26 - INFO - End of Epoch.

|Epoch 062/100| time: 17.69|

|Def Loss 0.0002 | Def Reward in ep 099|

|Att Loss 0.0321 | Att Reward in ep 001|

|Def Estimated: [ 0  0 99  1  0]| Att Labels: [  0   0 100   0   0]|

|Def Amount of true predicted attacks: [ 0  0 99  0  0]|
02/06/2025 16:18:44 - INFO - End of Epoch.

|Epoch 063/100| time: 17.81|

|Def Loss 0.0002 | Def Reward in ep 100|

|Att Loss 0.0367 | Att Reward in ep 000|

|Def Estimated: [  0   0 100   0   0]| Att Labels: [  0   0 100   0   0]|

|Def Amount of true predicted attacks: [  0   0 100   0   0]|
02/06/2025 16:19:02 - INFO - End of Epoch.

|Epoch 064/100| time: 17.64|

|Def Loss 0.0001 | Def Reward in ep 098|

|Att Loss 0.0592 | Att Reward in ep 002|

|Def Estimated: [ 0  0 98  1  1]| Att Labels: [  0   0 100   0   0]|

|Def Amount of true predicted attacks: [ 0  0 98  0  0]|
02/06/2025 16:19:19 - INFO - End of Epoch.

|Epoch 065/100| time: 17.44|

|Def Loss 0.0001 | Def Reward in ep 100|

|Att Loss 0.0622 | Att Reward in ep 000|

|Def Estimated: [  0   0 100   0   0]| Att Labels: [  0   0 100   0   0]|

|Def Amount of true predicted attacks: [  0   0 100   0   0]|
02/06/2025 16:19:37 - INFO - End of Epoch.

|Epoch 066/100| time: 17.66|

|Def Loss 0.0003 | Def Reward in ep 099|

|Att Loss 0.0319 | Att Reward in ep 001|

|Def Estimated: [ 0  0 99  0  1]| Att Labels: [  0   0 100   0   0]|

|Def Amount of true predicted attacks: [ 0  0 99  0  0]|
02/06/2025 16:19:55 - INFO - End of Epoch.

|Epoch 067/100| time: 17.81|

|Def Loss 0.0003 | Def Reward in ep 100|

|Att Loss 0.0680 | Att Reward in ep 000|

|Def Estimated: [  0   0 100   0   0]| Att Labels: [  0   0 100   0   0]|

|Def Amount of true predicted attacks: [  0   0 100   0   0]|
02/06/2025 16:20:12 - INFO - End of Epoch.

|Epoch 068/100| time: 17.48|

|Def Loss 0.0001 | Def Reward in ep 100|

|Att Loss 0.0605 | Att Reward in ep 000|

|Def Estimated: [  0   0 100   0   0]| Att Labels: [  0   0 100   0   0]|

|Def Amount of true predicted attacks: [  0   0 100   0   0]|
02/06/2025 16:20:30 - INFO - End of Epoch.

|Epoch 069/100| time: 17.97|

|Def Loss 0.0001 | Def Reward in ep 100|

|Att Loss 0.0628 | Att Reward in ep 000|

|Def Estimated: [  0   0 100   0   0]| Att Labels: [  0   0 100   0   0]|

|Def Amount of true predicted attacks: [  0   0 100   0   0]|
02/06/2025 16:20:48 - INFO - End of Epoch.

|Epoch 070/100| time: 17.83|

|Def Loss 0.0000 | Def Reward in ep 099|

|Att Loss 0.0471 | Att Reward in ep 001|

|Def Estimated: [ 1  0 99  0  0]| Att Labels: [  0   0 100   0   0]|

|Def Amount of true predicted attacks: [ 0  0 99  0  0]|
02/06/2025 16:21:06 - INFO - End of Epoch.

|Epoch 071/100| time: 17.94|

|Def Loss 0.0001 | Def Reward in ep 100|

|Att Loss 0.0578 | Att Reward in ep 000|

|Def Estimated: [  0   0 100   0   0]| Att Labels: [  0   0 100   0   0]|

|Def Amount of true predicted attacks: [  0   0 100   0   0]|
02/06/2025 16:21:23 - INFO - End of Epoch.

|Epoch 072/100| time: 17.71|

|Def Loss 0.0001 | Def Reward in ep 099|

|Att Loss 0.0673 | Att Reward in ep 001|

|Def Estimated: [ 0  0 99  0  1]| Att Labels: [  0   0 100   0   0]|

|Def Amount of true predicted attacks: [ 0  0 99  0  0]|
02/06/2025 16:21:41 - INFO - End of Epoch.

|Epoch 073/100| time: 17.83|

|Def Loss 0.0002 | Def Reward in ep 100|

|Att Loss 0.0656 | Att Reward in ep 000|

|Def Estimated: [  0   0 100   0   0]| Att Labels: [  0   0 100   0   0]|

|Def Amount of true predicted attacks: [  0   0 100   0   0]|
02/06/2025 16:21:59 - INFO - End of Epoch.

|Epoch 074/100| time: 17.86|

|Def Loss 0.0003 | Def Reward in ep 100|

|Att Loss 0.0406 | Att Reward in ep 000|

|Def Estimated: [  0   0 100   0   0]| Att Labels: [  0   0 100   0   0]|

|Def Amount of true predicted attacks: [  0   0 100   0   0]|
02/06/2025 16:22:17 - INFO - End of Epoch.

|Epoch 075/100| time: 17.59|

|Def Loss 0.0002 | Def Reward in ep 099|

|Att Loss 0.0555 | Att Reward in ep 001|

|Def Estimated: [ 0  0 99  0  1]| Att Labels: [  0   0 100   0   0]|

|Def Amount of true predicted attacks: [ 0  0 99  0  0]|
02/06/2025 16:22:34 - INFO - End of Epoch.

|Epoch 076/100| time: 17.72|

|Def Loss 0.0001 | Def Reward in ep 100|

|Att Loss 0.0539 | Att Reward in ep 000|

|Def Estimated: [  0   0 100   0   0]| Att Labels: [  0   0 100   0   0]|

|Def Amount of true predicted attacks: [  0   0 100   0   0]|
02/06/2025 16:22:52 - INFO - End of Epoch.

|Epoch 077/100| time: 17.95|

|Def Loss 0.0001 | Def Reward in ep 100|

|Att Loss 0.0517 | Att Reward in ep 000|

|Def Estimated: [  0   0 100   0   0]| Att Labels: [  0   0 100   0   0]|

|Def Amount of true predicted attacks: [  0   0 100   0   0]|
02/06/2025 16:23:10 - INFO - End of Epoch.

|Epoch 078/100| time: 17.86|

|Def Loss 0.0001 | Def Reward in ep 099|

|Att Loss 0.0261 | Att Reward in ep 001|

|Def Estimated: [ 1  0 99  0  0]| Att Labels: [  0   0 100   0   0]|

|Def Amount of true predicted attacks: [ 0  0 99  0  0]|
02/06/2025 16:23:28 - INFO - End of Epoch.

|Epoch 079/100| time: 17.84|

|Def Loss 0.0001 | Def Reward in ep 099|

|Att Loss 0.0576 | Att Reward in ep 001|

|Def Estimated: [ 1  0 99  0  0]| Att Labels: [  0   0 100   0   0]|

|Def Amount of true predicted attacks: [ 0  0 99  0  0]|
02/06/2025 16:23:46 - INFO - End of Epoch.

|Epoch 080/100| time: 18.03|

|Def Loss 0.0002 | Def Reward in ep 099|

|Att Loss 0.0693 | Att Reward in ep 001|

|Def Estimated: [ 1  0 99  0  0]| Att Labels: [  0   0 100   0   0]|

|Def Amount of true predicted attacks: [ 0  0 99  0  0]|
02/06/2025 16:24:04 - INFO - End of Epoch.

|Epoch 081/100| time: 18.16|

|Def Loss 0.0001 | Def Reward in ep 100|

|Att Loss 0.0484 | Att Reward in ep 000|

|Def Estimated: [  0   0 100   0   0]| Att Labels: [  0   0 100   0   0]|

|Def Amount of true predicted attacks: [  0   0 100   0   0]|
02/06/2025 16:24:22 - INFO - End of Epoch.

|Epoch 082/100| time: 17.81|

|Def Loss 0.0001 | Def Reward in ep 100|

|Att Loss 0.0593 | Att Reward in ep 000|

|Def Estimated: [  0   0 100   0   0]| Att Labels: [  0   0 100   0   0]|

|Def Amount of true predicted attacks: [  0   0 100   0   0]|
02/06/2025 16:24:40 - INFO - End of Epoch.

|Epoch 083/100| time: 17.98|

|Def Loss 0.0005 | Def Reward in ep 100|

|Att Loss 0.0422 | Att Reward in ep 000|

|Def Estimated: [  0   0 100   0   0]| Att Labels: [  0   0 100   0   0]|

|Def Amount of true predicted attacks: [  0   0 100   0   0]|
02/06/2025 16:24:58 - INFO - End of Epoch.

|Epoch 084/100| time: 17.99|

|Def Loss 0.0001 | Def Reward in ep 100|

|Att Loss 0.0556 | Att Reward in ep 000|

|Def Estimated: [  0   0 100   0   0]| Att Labels: [  0   0 100   0   0]|

|Def Amount of true predicted attacks: [  0   0 100   0   0]|
02/06/2025 16:25:16 - INFO - End of Epoch.

|Epoch 085/100| time: 18.35|

|Def Loss 0.0001 | Def Reward in ep 100|

|Att Loss 0.0521 | Att Reward in ep 000|

|Def Estimated: [  0   0 100   0   0]| Att Labels: [  0   0 100   0   0]|

|Def Amount of true predicted attacks: [  0   0 100   0   0]|
02/06/2025 16:25:34 - INFO - End of Epoch.

|Epoch 086/100| time: 18.04|

|Def Loss 0.0001 | Def Reward in ep 099|

|Att Loss 0.0517 | Att Reward in ep 001|

|Def Estimated: [ 0  1 99  0  0]| Att Labels: [  0   0 100   0   0]|

|Def Amount of true predicted attacks: [ 0  0 99  0  0]|
02/06/2025 16:25:53 - INFO - End of Epoch.

|Epoch 087/100| time: 18.08|

|Def Loss 0.0002 | Def Reward in ep 100|

|Att Loss 0.0583 | Att Reward in ep 000|

|Def Estimated: [  0   0 100   0   0]| Att Labels: [  0   0 100   0   0]|

|Def Amount of true predicted attacks: [  0   0 100   0   0]|
02/06/2025 16:26:11 - INFO - End of Epoch.

|Epoch 088/100| time: 18.06|

|Def Loss 0.0001 | Def Reward in ep 098|

|Att Loss 0.0623 | Att Reward in ep 002|

|Def Estimated: [ 1  0 98  0  1]| Att Labels: [  0   0 100   0   0]|

|Def Amount of true predicted attacks: [ 0  0 98  0  0]|
02/06/2025 16:26:29 - INFO - End of Epoch.

|Epoch 089/100| time: 18.06|

|Def Loss 0.0000 | Def Reward in ep 098|

|Att Loss 0.0626 | Att Reward in ep 002|

|Def Estimated: [ 1  0 98  0  1]| Att Labels: [  0   0 100   0   0]|

|Def Amount of true predicted attacks: [ 0  0 98  0  0]|
02/06/2025 16:26:47 - INFO - End of Epoch.

|Epoch 090/100| time: 17.99|

|Def Loss 0.0001 | Def Reward in ep 099|

|Att Loss 0.0588 | Att Reward in ep 001|

|Def Estimated: [ 1  0 99  0  0]| Att Labels: [  0   0 100   0   0]|

|Def Amount of true predicted attacks: [ 0  0 99  0  0]|
02/06/2025 16:27:05 - INFO - End of Epoch.

|Epoch 091/100| time: 18.28|

|Def Loss 0.0001 | Def Reward in ep 097|

|Att Loss 0.0806 | Att Reward in ep 003|

|Def Estimated: [ 1  1 97  1  0]| Att Labels: [  0   0 100   0   0]|

|Def Amount of true predicted attacks: [ 0  0 97  0  0]|
02/06/2025 16:27:23 - INFO - End of Epoch.

|Epoch 092/100| time: 18.40|

|Def Loss 0.0001 | Def Reward in ep 100|

|Att Loss 0.1046 | Att Reward in ep 000|

|Def Estimated: [  0   0 100   0   0]| Att Labels: [  0   0 100   0   0]|

|Def Amount of true predicted attacks: [  0   0 100   0   0]|
02/06/2025 16:27:41 - INFO - End of Epoch.

|Epoch 093/100| time: 18.04|

|Def Loss 0.0001 | Def Reward in ep 098|

|Att Loss 0.1119 | Att Reward in ep 002|

|Def Estimated: [ 1  1 98  0  0]| Att Labels: [  0   0 100   0   0]|

|Def Amount of true predicted attacks: [ 0  0 98  0  0]|
02/06/2025 16:28:00 - INFO - End of Epoch.

|Epoch 094/100| time: 18.14|

|Def Loss 0.0001 | Def Reward in ep 099|

|Att Loss 0.1323 | Att Reward in ep 001|

|Def Estimated: [ 0  1 99  0  0]| Att Labels: [  0   0 100   0   0]|

|Def Amount of true predicted attacks: [ 0  0 99  0  0]|
02/06/2025 16:28:18 - INFO - End of Epoch.

|Epoch 095/100| time: 18.27|

|Def Loss 0.0001 | Def Reward in ep 100|

|Att Loss 0.1343 | Att Reward in ep 000|

|Def Estimated: [  0   0 100   0   0]| Att Labels: [  0   0 100   0   0]|

|Def Amount of true predicted attacks: [  0   0 100   0   0]|
02/06/2025 16:28:36 - INFO - End of Epoch.

|Epoch 096/100| time: 18.36|

|Def Loss 0.0001 | Def Reward in ep 100|

|Att Loss 0.1083 | Att Reward in ep 000|

|Def Estimated: [  0   0 100   0   0]| Att Labels: [  0   0 100   0   0]|

|Def Amount of true predicted attacks: [  0   0 100   0   0]|
02/06/2025 16:28:54 - INFO - End of Epoch.

|Epoch 097/100| time: 18.34|

|Def Loss 0.0001 | Def Reward in ep 100|

|Att Loss 0.1133 | Att Reward in ep 000|

|Def Estimated: [  0   0 100   0   0]| Att Labels: [  0   0 100   0   0]|

|Def Amount of true predicted attacks: [  0   0 100   0   0]|
02/06/2025 16:29:13 - INFO - End of Epoch.

|Epoch 098/100| time: 18.37|

|Def Loss 0.0001 | Def Reward in ep 100|

|Att Loss 0.0964 | Att Reward in ep 000|

|Def Estimated: [  0   0 100   0   0]| Att Labels: [  0   0 100   0   0]|

|Def Amount of true predicted attacks: [  0   0 100   0   0]|
02/06/2025 16:29:31 - INFO - End of Epoch.

|Epoch 099/100| time: 18.22|

|Def Loss 0.0001 | Def Reward in ep 100|

|Att Loss 0.0778 | Att Reward in ep 000|

|Def Estimated: [  0   0 100   0   0]| Att Labels: [  0   0 100   0   0]|

|Def Amount of true predicted attacks: [  0   0 100   0   0]|
02/06/2025 16:29:31 - INFO - Model 'attacker_model' saved in: E:\vlad9\Documents\VisualStudioCodeProjects\AE-RL-Python\models/trained-models/2025-02-06-16-00-WIN-only-DoS/attacker_model.keras
02/06/2025 16:29:31 - INFO - Model summary:
Model: "attacker_model"
_________________________________________________________________
 Layer (type)                Output Shape              Param #   
=================================================================
 dense (Dense)               (None, 100)               12300     
                                                                 
 dense_1 (Dense)             (None, 4)                 404       
                                                                 
=================================================================
Total params: 12,704
Trainable params: 12,704
Non-trainable params: 0
_________________________________________________________________

02/06/2025 16:29:31 - INFO - Model 'defender_model' saved in: E:\vlad9\Documents\VisualStudioCodeProjects\AE-RL-Python\models/trained-models/2025-02-06-16-00-WIN-only-DoS/defender_model.keras
02/06/2025 16:29:31 - INFO - Model summary:
Model: "defender_model"
_________________________________________________________________
 Layer (type)                Output Shape              Param #   
=================================================================
 dense_4 (Dense)             (None, 100)               12300     
                                                                 
 dense_5 (Dense)             (None, 100)               10100     
                                                                 
 dense_6 (Dense)             (None, 100)               10100     
                                                                 
 dense_7 (Dense)             (None, 5)                 505       
                                                                 
=================================================================
Total params: 33,005
Trainable params: 33,005
Non-trainable params: 0
_________________________________________________________________

02/06/2025 16:29:31 - INFO - Saved trained models.
02/06/2025 16:29:31 - INFO - Total runtime: 00:29:13
02/06/2025 16:29:31 - INFO - End of the script at: 2025-02-06 16:29:31.760436
02/06/2025 16:29:31 - INFO - Trying to save summary plots under: E:\vlad9\Documents\VisualStudioCodeProjects\AE-RL-Python\models/trained-models/2025-02-06-16-00-WIN-only-DoS/plots/
02/06/2025 16:29:32 - WARNING - The PostScript backend does not support transparency; partially transparent artists will be rendered opaque.
02/06/2025 16:29:33 - INFO - Plotted rewards and losses during training in: E:\vlad9\Documents\VisualStudioCodeProjects\AE-RL-Python\models/trained-models/2025-02-06-16-00-WIN-only-DoS/plots/
02/06/2025 16:29:34 - INFO - Plotted attack distributions during training in: E:\vlad9\Documents\VisualStudioCodeProjects\AE-RL-Python\models/trained-models/2025-02-06-16-00-WIN-only-DoS/plots/
02/06/2025 16:29:34 - INFO - Start testing the trained model.
02/06/2025 16:29:34 - INFO - Model 'defender_model' loaded from: E:\vlad9\Documents\VisualStudioCodeProjects\AE-RL-Python\models/trained-models/2025-02-06-16-00-WIN-only-DoS/defender_model.keras
02/06/2025 16:29:34 - INFO - Model summary:
Model: "defender_model"
_________________________________________________________________
 Layer (type)                Output Shape              Param #   
=================================================================
 dense_4 (Dense)             (None, 100)               12300     
                                                                 
 dense_5 (Dense)             (None, 100)               10100     
                                                                 
 dense_6 (Dense)             (None, 100)               10100     
                                                                 
 dense_7 (Dense)             (None, 5)                 505       
                                                                 
=================================================================
Total params: 33,005
Trainable params: 33,005
Non-trainable params: 0
_________________________________________________________________

02/06/2025 16:29:34 - INFO - Reading formated test data from: E:\vlad9\Documents\VisualStudioCodeProjects\AE-RL-Python\data/datasets/formated/formated_test_adv.csv
02/06/2025 16:29:36 - INFO - Overall overview
Total reward: 2421 | Number of samples: 22544 | Accuracy = 10.74%
02/06/2025 16:29:36 - INFO - Overall overview per attack type
        Estimated Correct Total   F1_score Mismatch
normal          0       0  9711        0.0     9711
DoS             0       0  7458        0.0     7458
Probe       22544    2421  2421  19.395153    20123
R2L             0       0  2754        0.0     2754
U2R             0       0   200        0.0      200
General                           2.082845         
02/06/2025 16:29:36 - INFO - Performance measures on Test data
02/06/2025 16:29:36 - INFO - Accuracy =  0.1074
02/06/2025 16:29:36 - INFO - F1 =  0.0208
02/06/2025 16:29:36 - INFO - Precision_score =  0.0115
02/06/2025 16:29:36 - INFO - recall_score =  0.1074
02/06/2025 16:29:36 - INFO - Normalized confusion matrix
02/06/2025 16:29:36 - INFO - 
Confusion Matrix:
[[0. 0. 1. 0. 0.]
 [0. 0. 1. 0. 0.]
 [0. 0. 1. 0. 0.]
 [0. 0. 1. 0. 0.]
 [0. 0. 1. 0. 0.]]
02/06/2025 16:29:37 - INFO - Plotted confusion matrix in: E:\vlad9\Documents\VisualStudioCodeProjects\AE-RL-Python\models/trained-models/2025-02-06-16-00-WIN-only-DoS/plots/
02/06/2025 16:29:38 - INFO - 

One vs All metrics: 

     name  accuracy        f1 precision recall
0  normal  0.569242       0.0       0.0    0.0
1     DoS   0.66918       0.0       0.0    0.0
2     R2L  0.877839       0.0       0.0    0.0
3   Probe   0.10739  0.193952   0.10739    1.0
4     U2R  0.991128       0.0       0.0    0.0
02/06/2025 16:29:40 - INFO - Model metrics: 
loss=0.1907629817724228, accuracy=0.10738999396562576, precision=0.10738999396562576, recall=0.10738999396562576
02/06/2025 16:29:40 - INFO - Time needed for testing: 5.476155996322632
