04/23/2025 07:53:26 - INFO - Started script at: 2025-04-23-07-53
Current working dir: /workspace
Used data files: 
/workspace/data/datasets/cic_ids/cic-ids-2017/clean/all_benign.feather,
/workspace/data/datasets/cic_ids/cic-ids-2017/clean/all_malicious.feather
04/23/2025 07:53:26 - INFO - Setting up Attacker and Defender Agents...
04/23/2025 07:53:28 - INFO - One-vs-All Split ready (target: Web Attack):
04/23/2025 07:53:28 - INFO - Train: (50049, 67), Validation: (60628, 67), Test: (141466, 67)
04/23/2025 07:53:28 - INFO - [Init from split] Loaded 50049 train, 141466 test samples.
04/23/2025 07:53:56 - INFO - One-vs-All Split ready (target: Web Attack):
04/23/2025 07:53:56 - INFO - Train: (50059, 67), Validation: (75119, 67), Test: (425679, 67)
04/23/2025 07:53:56 - INFO - Initializing Attacker:CIC-2017-Web Attack's ReplayMemory with observation_size=67 and max_size=1000
04/23/2025 07:53:57 - WARNING - Skipping variable loading for optimizer 'Adam', because it has 25 variables whereas the saved optimizer has 1 variables. 
04/23/2025 07:53:57 - INFO - Initializing Defender's ReplayMemory with observation_size=67 and max_size=1000
04/23/2025 07:53:57 - WARNING - Skipping variable loading for optimizer 'Adam', because it has 17 variables whereas the saved optimizer has 1 variables. 
04/23/2025 07:53:57 - INFO - Creating environment...
04/23/2025 07:53:57 - INFO - Start Training with the following parameters:
-----------------------------------------------------------------------------------------------------------------------
Total episodes: 100 | Iterations in episode: 100 | Minibatch from mem size: 100 | Total Samples: 10000 | Data shape: (50049, 67)
-----------------------------------------------------------------------------------------------------------------------
Attacker<Attack-Type>: Num_actions=4 | gamma=0.001 | epsilon=1 | ANN hidden size=100 | ANN hidden layers=5 | Learning rate=0.001
-----------------------------------------------------------------------------------------------------------------------
Defender: Num_actions=2 | gamma=0.001 | epsilon=1 | ANN hidden size=100 | ANN hidden layers=3 | Learning rate=0.001
-----------------------------------------------------------------------------------------------------------------------
Used Attack types: '['Benign', 'Web Attack']' | Attack name(s): ['Benign', 'Web Attack Brute Force', 'Web Attack Sql Injection', 'Web Attack XSS']
-----------------------------------------------------------------------------------------------------------------------

04/23/2025 07:53:57 - INFO - End of Episode.
|Episode 000/100| time: 0.50|
|Def Loss 0.0000 | Def Reward in ep 043|
|Att Loss 0.0000 | Att Reward in ep 057|
|Def Estimated: [52 48]| Att Labels: [19 81]|
|Def Amount of true predicted attacks: [ 7 36]|
04/23/2025 07:54:01 - WARNING - 5 out of the last 5 calls to <function QNetwork.predict at 0x7510018aefc0> triggered tf.function retracing. Tracing is expensive and the excessive number of tracings could be due to (1) creating @tf.function repeatedly in a loop, (2) passing tensors with different shapes, (3) passing Python objects instead of tensors. For (1), please define your @tf.function outside of the loop. For (2), @tf.function has reduce_retracing=True option that can avoid unnecessary retracing. For (3), please refer to https://www.tensorflow.org/guide/function#controlling_retracing and https://www.tensorflow.org/api_docs/python/tf/function for  more details.
04/23/2025 07:54:03 - INFO - End of Episode.
|Episode 001/100| time: 4.07|
|Def Loss 1.1117 | Def Reward in ep 060|
|Att Loss 3.0735 | Att Reward in ep 040|
|Def Estimated: [36 64]| Att Labels: [30 70]|
|Def Amount of true predicted attacks: [13 47]|
04/23/2025 07:54:05 - INFO - End of Episode.
|Episode 002/100| time: 2.11|
|Def Loss 0.6437 | Def Reward in ep 070|
|Att Loss 2.8498 | Att Reward in ep 030|
|Def Estimated: [39 61]| Att Labels: [39 61]|
|Def Amount of true predicted attacks: [24 46]|
04/23/2025 07:54:07 - INFO - End of Episode.
|Episode 003/100| time: 2.14|
|Def Loss 0.5266 | Def Reward in ep 090|
|Att Loss 2.7231 | Att Reward in ep 010|
|Def Estimated: [40 60]| Att Labels: [36 64]|
|Def Amount of true predicted attacks: [33 57]|
04/23/2025 07:54:10 - INFO - End of Episode.
|Episode 004/100| time: 2.13|
|Def Loss 0.4124 | Def Reward in ep 095|
|Att Loss 2.4996 | Att Reward in ep 005|
|Def Estimated: [36 64]| Att Labels: [33 67]|
|Def Amount of true predicted attacks: [32 63]|
04/23/2025 07:54:12 - INFO - End of Episode.
|Episode 005/100| time: 2.16|
|Def Loss 0.5070 | Def Reward in ep 096|
|Att Loss 2.2190 | Att Reward in ep 004|
|Def Estimated: [33 67]| Att Labels: [35 65]|
|Def Amount of true predicted attacks: [32 64]|
04/23/2025 07:54:14 - INFO - End of Episode.
|Episode 006/100| time: 2.18|
|Def Loss 0.3918 | Def Reward in ep 098|
|Att Loss 1.9698 | Att Reward in ep 002|
|Def Estimated: [33 67]| Att Labels: [35 65]|
|Def Amount of true predicted attacks: [33 65]|
04/23/2025 07:54:17 - INFO - End of Episode.
|Episode 007/100| time: 2.20|
|Def Loss 0.2935 | Def Reward in ep 097|
|Att Loss 1.8266 | Att Reward in ep 003|
|Def Estimated: [30 70]| Att Labels: [31 69]|
|Def Amount of true predicted attacks: [29 68]|
04/23/2025 07:54:19 - INFO - End of Episode.
|Episode 008/100| time: 2.24|
|Def Loss 0.3474 | Def Reward in ep 098|
|Att Loss 1.6173 | Att Reward in ep 002|
|Def Estimated: [39 61]| Att Labels: [37 63]|
|Def Amount of true predicted attacks: [37 61]|
04/23/2025 07:54:21 - INFO - End of Episode.
|Episode 009/100| time: 2.12|
|Def Loss 0.2914 | Def Reward in ep 098|
|Att Loss 1.5401 | Att Reward in ep 002|
|Def Estimated: [31 69]| Att Labels: [33 67]|
|Def Amount of true predicted attacks: [31 67]|
04/23/2025 07:54:24 - INFO - End of Episode.
|Episode 010/100| time: 2.10|
|Def Loss 0.2667 | Def Reward in ep 097|
|Att Loss 1.2947 | Att Reward in ep 003|
|Def Estimated: [31 69]| Att Labels: [28 72]|
|Def Amount of true predicted attacks: [28 69]|
04/23/2025 07:54:26 - INFO - End of Episode.
|Episode 011/100| time: 2.24|
|Def Loss 0.2315 | Def Reward in ep 097|
|Att Loss 0.8095 | Att Reward in ep 003|
|Def Estimated: [41 59]| Att Labels: [38 62]|
|Def Amount of true predicted attacks: [38 59]|
04/23/2025 07:54:29 - INFO - End of Episode.
|Episode 012/100| time: 2.21|
|Def Loss 0.2579 | Def Reward in ep 097|
|Att Loss 0.4641 | Att Reward in ep 003|
|Def Estimated: [32 68]| Att Labels: [31 69]|
|Def Amount of true predicted attacks: [30 67]|
04/23/2025 07:54:31 - INFO - End of Episode.
|Episode 013/100| time: 2.16|
|Def Loss 0.2717 | Def Reward in ep 099|
|Att Loss 0.2730 | Att Reward in ep 001|
|Def Estimated: [30 70]| Att Labels: [31 69]|
|Def Amount of true predicted attacks: [30 69]|
04/23/2025 07:54:33 - INFO - End of Episode.
|Episode 014/100| time: 2.17|
|Def Loss 0.2658 | Def Reward in ep 099|
|Att Loss 0.2177 | Att Reward in ep 001|
|Def Estimated: [36 64]| Att Labels: [37 63]|
|Def Amount of true predicted attacks: [36 63]|
04/23/2025 07:54:36 - INFO - End of Episode.
|Episode 015/100| time: 2.20|
|Def Loss 0.2603 | Def Reward in ep 096|
|Att Loss 0.1957 | Att Reward in ep 004|
|Def Estimated: [33 67]| Att Labels: [35 65]|
|Def Amount of true predicted attacks: [32 64]|
04/23/2025 07:54:38 - INFO - End of Episode.
|Episode 016/100| time: 2.17|
|Def Loss 0.2322 | Def Reward in ep 098|
|Att Loss 0.2327 | Att Reward in ep 002|
|Def Estimated: [31 69]| Att Labels: [33 67]|
|Def Amount of true predicted attacks: [31 67]|
04/23/2025 07:54:41 - INFO - End of Episode.
|Episode 017/100| time: 2.12|
|Def Loss 0.1640 | Def Reward in ep 100|
|Att Loss 0.1708 | Att Reward in ep 000|
|Def Estimated: [26 74]| Att Labels: [26 74]|
|Def Amount of true predicted attacks: [26 74]|
04/23/2025 07:54:43 - INFO - End of Episode.
|Episode 018/100| time: 2.14|
|Def Loss 0.2168 | Def Reward in ep 098|
|Att Loss 0.1697 | Att Reward in ep 002|
|Def Estimated: [19 81]| Att Labels: [19 81]|
|Def Amount of true predicted attacks: [18 80]|
04/23/2025 07:54:45 - INFO - End of Episode.
|Episode 019/100| time: 2.20|
|Def Loss 0.1742 | Def Reward in ep 099|
|Att Loss 0.1541 | Att Reward in ep 001|
|Def Estimated: [36 64]| Att Labels: [35 65]|
|Def Amount of true predicted attacks: [35 64]|
04/23/2025 07:54:48 - INFO - End of Episode.
|Episode 020/100| time: 2.19|
|Def Loss 0.1569 | Def Reward in ep 099|
|Att Loss 0.1786 | Att Reward in ep 001|
|Def Estimated: [32 68]| Att Labels: [31 69]|
|Def Amount of true predicted attacks: [31 68]|
04/23/2025 07:54:50 - INFO - End of Episode.
|Episode 021/100| time: 2.24|
|Def Loss 0.1371 | Def Reward in ep 099|
|Att Loss 0.1558 | Att Reward in ep 001|
|Def Estimated: [36 64]| Att Labels: [37 63]|
|Def Amount of true predicted attacks: [36 63]|
04/23/2025 07:54:53 - INFO - End of Episode.
|Episode 022/100| time: 2.16|
|Def Loss 0.1453 | Def Reward in ep 099|
|Att Loss 0.1392 | Att Reward in ep 001|
|Def Estimated: [30 70]| Att Labels: [29 71]|
|Def Amount of true predicted attacks: [29 70]|
04/23/2025 07:54:55 - INFO - End of Episode.
|Episode 023/100| time: 2.30|
|Def Loss 0.1721 | Def Reward in ep 098|
|Att Loss 0.1210 | Att Reward in ep 002|
|Def Estimated: [27 73]| Att Labels: [27 73]|
|Def Amount of true predicted attacks: [26 72]|
04/23/2025 07:54:58 - INFO - End of Episode.
|Episode 024/100| time: 2.04|
|Def Loss 0.1748 | Def Reward in ep 097|
|Att Loss 0.1084 | Att Reward in ep 003|
|Def Estimated: [26 74]| Att Labels: [29 71]|
|Def Amount of true predicted attacks: [26 71]|
04/23/2025 07:55:00 - INFO - End of Episode.
|Episode 025/100| time: 2.03|
|Def Loss 0.1651 | Def Reward in ep 098|
|Att Loss 0.1014 | Att Reward in ep 002|
|Def Estimated: [25 75]| Att Labels: [25 75]|
|Def Amount of true predicted attacks: [24 74]|
04/23/2025 07:55:02 - INFO - End of Episode.
|Episode 026/100| time: 2.03|
|Def Loss 0.1802 | Def Reward in ep 098|
|Att Loss 0.0802 | Att Reward in ep 002|
|Def Estimated: [28 72]| Att Labels: [30 70]|
|Def Amount of true predicted attacks: [28 70]|
04/23/2025 07:55:05 - INFO - End of Episode.
|Episode 027/100| time: 2.08|
|Def Loss 0.1994 | Def Reward in ep 097|
|Att Loss 0.1126 | Att Reward in ep 003|
|Def Estimated: [29 71]| Att Labels: [30 70]|
|Def Amount of true predicted attacks: [28 69]|
04/23/2025 07:55:07 - INFO - End of Episode.
|Episode 028/100| time: 2.04|
|Def Loss 0.1990 | Def Reward in ep 100|
|Att Loss 0.1332 | Att Reward in ep 000|
|Def Estimated: [31 69]| Att Labels: [31 69]|
|Def Amount of true predicted attacks: [31 69]|
04/23/2025 07:55:09 - INFO - End of Episode.
|Episode 029/100| time: 2.06|
|Def Loss 0.1344 | Def Reward in ep 100|
|Att Loss 0.1347 | Att Reward in ep 000|
|Def Estimated: [30 70]| Att Labels: [30 70]|
|Def Amount of true predicted attacks: [30 70]|
04/23/2025 07:55:12 - INFO - End of Episode.
|Episode 030/100| time: 2.12|
|Def Loss 0.1379 | Def Reward in ep 099|
|Att Loss 0.1154 | Att Reward in ep 001|
|Def Estimated: [34 66]| Att Labels: [35 65]|
|Def Amount of true predicted attacks: [34 65]|
04/23/2025 07:55:14 - INFO - End of Episode.
|Episode 031/100| time: 2.14|
|Def Loss 0.1389 | Def Reward in ep 097|
|Att Loss 0.1149 | Att Reward in ep 003|
|Def Estimated: [26 74]| Att Labels: [27 73]|
|Def Amount of true predicted attacks: [25 72]|
04/23/2025 07:55:17 - INFO - End of Episode.
|Episode 032/100| time: 2.03|
|Def Loss 0.2194 | Def Reward in ep 099|
|Att Loss 0.1140 | Att Reward in ep 001|
|Def Estimated: [30 70]| Att Labels: [29 71]|
|Def Amount of true predicted attacks: [29 70]|
04/23/2025 07:55:19 - INFO - End of Episode.
|Episode 033/100| time: 2.06|
|Def Loss 0.1291 | Def Reward in ep 098|
|Att Loss 0.1127 | Att Reward in ep 002|
|Def Estimated: [28 72]| Att Labels: [28 72]|
|Def Amount of true predicted attacks: [27 71]|
04/23/2025 07:55:21 - INFO - End of Episode.
|Episode 034/100| time: 2.10|
|Def Loss 0.1293 | Def Reward in ep 097|
|Att Loss 0.1618 | Att Reward in ep 003|
|Def Estimated: [32 68]| Att Labels: [31 69]|
|Def Amount of true predicted attacks: [30 67]|
04/23/2025 07:55:24 - INFO - End of Episode.
|Episode 035/100| time: 2.05|
|Def Loss 0.1364 | Def Reward in ep 098|
|Att Loss 0.1565 | Att Reward in ep 002|
|Def Estimated: [32 68]| Att Labels: [32 68]|
|Def Amount of true predicted attacks: [31 67]|
04/23/2025 07:55:26 - INFO - End of Episode.
|Episode 036/100| time: 2.03|
|Def Loss 0.1603 | Def Reward in ep 098|
|Att Loss 0.1367 | Att Reward in ep 002|
|Def Estimated: [30 70]| Att Labels: [28 72]|
|Def Amount of true predicted attacks: [28 70]|
04/23/2025 07:55:28 - INFO - End of Episode.
|Episode 037/100| time: 2.06|
|Def Loss 0.1608 | Def Reward in ep 095|
|Att Loss 0.1895 | Att Reward in ep 005|
|Def Estimated: [32 68]| Att Labels: [31 69]|
|Def Amount of true predicted attacks: [29 66]|
04/23/2025 07:55:31 - INFO - End of Episode.
|Episode 038/100| time: 2.08|
|Def Loss 0.2000 | Def Reward in ep 095|
|Att Loss 0.1768 | Att Reward in ep 005|
|Def Estimated: [39 61]| Att Labels: [36 64]|
|Def Amount of true predicted attacks: [35 60]|
04/23/2025 07:55:33 - INFO - End of Episode.
|Episode 039/100| time: 2.11|
|Def Loss 0.1928 | Def Reward in ep 098|
|Att Loss 0.2228 | Att Reward in ep 002|
|Def Estimated: [34 66]| Att Labels: [34 66]|
|Def Amount of true predicted attacks: [33 65]|
04/23/2025 07:55:36 - INFO - End of Episode.
|Episode 040/100| time: 2.05|
|Def Loss 0.1864 | Def Reward in ep 097|
|Att Loss 0.2246 | Att Reward in ep 003|
|Def Estimated: [31 69]| Att Labels: [30 70]|
|Def Amount of true predicted attacks: [29 68]|
04/23/2025 07:55:38 - INFO - End of Episode.
|Episode 041/100| time: 2.04|
|Def Loss 0.1679 | Def Reward in ep 100|
|Att Loss 0.2341 | Att Reward in ep 000|
|Def Estimated: [34 66]| Att Labels: [34 66]|
|Def Amount of true predicted attacks: [34 66]|
04/23/2025 07:55:40 - INFO - End of Episode.
|Episode 042/100| time: 2.08|
|Def Loss 0.2105 | Def Reward in ep 098|
|Att Loss 0.1697 | Att Reward in ep 002|
|Def Estimated: [34 66]| Att Labels: [34 66]|
|Def Amount of true predicted attacks: [33 65]|
04/23/2025 07:55:43 - INFO - End of Episode.
|Episode 043/100| time: 2.06|
|Def Loss 0.1678 | Def Reward in ep 097|
|Att Loss 0.1510 | Att Reward in ep 003|
|Def Estimated: [35 65]| Att Labels: [34 66]|
|Def Amount of true predicted attacks: [33 64]|
04/23/2025 07:55:45 - INFO - End of Episode.
|Episode 044/100| time: 2.11|
|Def Loss 0.1901 | Def Reward in ep 100|
|Att Loss 0.1746 | Att Reward in ep 000|
|Def Estimated: [42 58]| Att Labels: [42 58]|
|Def Amount of true predicted attacks: [42 58]|
04/23/2025 07:55:48 - INFO - End of Episode.
|Episode 045/100| time: 2.08|
|Def Loss 0.1929 | Def Reward in ep 098|
|Att Loss 0.1313 | Att Reward in ep 002|
|Def Estimated: [35 65]| Att Labels: [37 63]|
|Def Amount of true predicted attacks: [35 63]|
04/23/2025 07:55:50 - INFO - End of Episode.
|Episode 046/100| time: 2.18|
|Def Loss 0.2479 | Def Reward in ep 097|
|Att Loss 0.1453 | Att Reward in ep 003|
|Def Estimated: [35 65]| Att Labels: [38 62]|
|Def Amount of true predicted attacks: [35 62]|
04/23/2025 07:55:53 - INFO - End of Episode.
|Episode 047/100| time: 2.09|
|Def Loss 0.2430 | Def Reward in ep 100|
|Att Loss 0.1101 | Att Reward in ep 000|
|Def Estimated: [34 66]| Att Labels: [34 66]|
|Def Amount of true predicted attacks: [34 66]|
04/23/2025 07:55:55 - INFO - End of Episode.
|Episode 048/100| time: 2.07|
|Def Loss 0.2426 | Def Reward in ep 097|
|Att Loss 0.1070 | Att Reward in ep 003|
|Def Estimated: [32 68]| Att Labels: [29 71]|
|Def Amount of true predicted attacks: [29 68]|
04/23/2025 07:55:58 - INFO - End of Episode.
|Episode 049/100| time: 2.04|
|Def Loss 0.2550 | Def Reward in ep 100|
|Att Loss 0.0690 | Att Reward in ep 000|
|Def Estimated: [33 67]| Att Labels: [33 67]|
|Def Amount of true predicted attacks: [33 67]|
04/23/2025 07:56:00 - INFO - End of Episode.
|Episode 050/100| time: 2.07|
|Def Loss 0.2057 | Def Reward in ep 099|
|Att Loss 0.0602 | Att Reward in ep 001|
|Def Estimated: [33 67]| Att Labels: [34 66]|
|Def Amount of true predicted attacks: [33 66]|
04/23/2025 07:56:02 - INFO - End of Episode.
|Episode 051/100| time: 2.03|
|Def Loss 0.2123 | Def Reward in ep 100|
|Att Loss 0.0744 | Att Reward in ep 000|
|Def Estimated: [29 71]| Att Labels: [29 71]|
|Def Amount of true predicted attacks: [29 71]|
04/23/2025 07:56:05 - INFO - End of Episode.
|Episode 052/100| time: 2.04|
|Def Loss 0.2271 | Def Reward in ep 100|
|Att Loss 0.0618 | Att Reward in ep 000|
|Def Estimated: [32 68]| Att Labels: [32 68]|
|Def Amount of true predicted attacks: [32 68]|
04/23/2025 07:56:07 - INFO - End of Episode.
|Episode 053/100| time: 2.06|
|Def Loss 0.2171 | Def Reward in ep 098|
|Att Loss 0.0465 | Att Reward in ep 002|
|Def Estimated: [34 66]| Att Labels: [36 64]|
|Def Amount of true predicted attacks: [34 64]|
04/23/2025 07:56:10 - INFO - End of Episode.
|Episode 054/100| time: 2.03|
|Def Loss 0.2356 | Def Reward in ep 094|
|Att Loss 0.0762 | Att Reward in ep 006|
|Def Estimated: [36 64]| Att Labels: [30 70]|
|Def Amount of true predicted attacks: [30 64]|
04/23/2025 07:56:12 - INFO - End of Episode.
|Episode 055/100| time: 2.03|
|Def Loss 0.2578 | Def Reward in ep 099|
|Att Loss 0.0587 | Att Reward in ep 001|
|Def Estimated: [31 69]| Att Labels: [30 70]|
|Def Amount of true predicted attacks: [30 69]|
04/23/2025 07:56:15 - INFO - End of Episode.
|Episode 056/100| time: 2.02|
|Def Loss 0.2031 | Def Reward in ep 097|
|Att Loss 0.0758 | Att Reward in ep 003|
|Def Estimated: [27 73]| Att Labels: [28 72]|
|Def Amount of true predicted attacks: [26 71]|
04/23/2025 07:56:17 - INFO - End of Episode.
|Episode 057/100| time: 2.11|
|Def Loss 0.1646 | Def Reward in ep 099|
|Att Loss 0.0897 | Att Reward in ep 001|
|Def Estimated: [37 63]| Att Labels: [38 62]|
|Def Amount of true predicted attacks: [37 62]|
04/23/2025 07:56:19 - INFO - End of Episode.
|Episode 058/100| time: 2.02|
|Def Loss 0.1642 | Def Reward in ep 100|
|Att Loss 0.1176 | Att Reward in ep 000|
|Def Estimated: [29 71]| Att Labels: [29 71]|
|Def Amount of true predicted attacks: [29 71]|
04/23/2025 07:56:22 - INFO - End of Episode.
|Episode 059/100| time: 2.08|
|Def Loss 0.1453 | Def Reward in ep 096|
|Att Loss 0.1185 | Att Reward in ep 004|
|Def Estimated: [30 70]| Att Labels: [30 70]|
|Def Amount of true predicted attacks: [28 68]|
04/23/2025 07:56:24 - INFO - End of Episode.
|Episode 060/100| time: 2.05|
|Def Loss 0.1878 | Def Reward in ep 098|
|Att Loss 0.1642 | Att Reward in ep 002|
|Def Estimated: [37 63]| Att Labels: [35 65]|
|Def Amount of true predicted attacks: [35 63]|
04/23/2025 07:56:27 - INFO - End of Episode.
|Episode 061/100| time: 2.06|
|Def Loss 0.1343 | Def Reward in ep 099|
|Att Loss 0.1538 | Att Reward in ep 001|
|Def Estimated: [28 72]| Att Labels: [29 71]|
|Def Amount of true predicted attacks: [28 71]|
04/23/2025 07:56:29 - INFO - End of Episode.
|Episode 062/100| time: 2.06|
|Def Loss 0.1533 | Def Reward in ep 098|
|Att Loss 0.1780 | Att Reward in ep 002|
|Def Estimated: [37 63]| Att Labels: [39 61]|
|Def Amount of true predicted attacks: [37 61]|
04/23/2025 07:56:32 - INFO - End of Episode.
|Episode 063/100| time: 2.10|
|Def Loss 0.1753 | Def Reward in ep 098|
|Att Loss 0.1615 | Att Reward in ep 002|
|Def Estimated: [29 71]| Att Labels: [27 73]|
|Def Amount of true predicted attacks: [27 71]|
04/23/2025 07:56:34 - INFO - End of Episode.
|Episode 064/100| time: 2.02|
|Def Loss 0.1022 | Def Reward in ep 098|
|Att Loss 0.1783 | Att Reward in ep 002|
|Def Estimated: [27 73]| Att Labels: [29 71]|
|Def Amount of true predicted attacks: [27 71]|
04/23/2025 07:56:37 - INFO - End of Episode.
|Episode 065/100| time: 2.07|
|Def Loss 0.1271 | Def Reward in ep 098|
|Att Loss 0.1801 | Att Reward in ep 002|
|Def Estimated: [30 70]| Att Labels: [32 68]|
|Def Amount of true predicted attacks: [30 68]|
04/23/2025 07:56:39 - INFO - End of Episode.
|Episode 066/100| time: 2.03|
|Def Loss 0.1342 | Def Reward in ep 099|
|Att Loss 0.1847 | Att Reward in ep 001|
|Def Estimated: [34 66]| Att Labels: [33 67]|
|Def Amount of true predicted attacks: [33 66]|
04/23/2025 07:56:42 - INFO - End of Episode.
|Episode 067/100| time: 2.06|
|Def Loss 0.1338 | Def Reward in ep 098|
|Att Loss 0.1423 | Att Reward in ep 002|
|Def Estimated: [31 69]| Att Labels: [31 69]|
|Def Amount of true predicted attacks: [30 68]|
04/23/2025 07:56:44 - INFO - End of Episode.
|Episode 068/100| time: 2.05|
|Def Loss 0.1159 | Def Reward in ep 099|
|Att Loss 0.1390 | Att Reward in ep 001|
|Def Estimated: [36 64]| Att Labels: [35 65]|
|Def Amount of true predicted attacks: [35 64]|
04/23/2025 07:56:47 - INFO - End of Episode.
|Episode 069/100| time: 2.08|
|Def Loss 0.1050 | Def Reward in ep 100|
|Att Loss 0.1143 | Att Reward in ep 000|
|Def Estimated: [32 68]| Att Labels: [32 68]|
|Def Amount of true predicted attacks: [32 68]|
04/23/2025 07:56:49 - INFO - End of Episode.
|Episode 070/100| time: 2.00|
|Def Loss 0.0653 | Def Reward in ep 100|
|Att Loss 0.1125 | Att Reward in ep 000|
|Def Estimated: [27 73]| Att Labels: [27 73]|
|Def Amount of true predicted attacks: [27 73]|
04/23/2025 07:56:52 - INFO - End of Episode.
|Episode 071/100| time: 2.04|
|Def Loss 0.0960 | Def Reward in ep 097|
|Att Loss 0.0884 | Att Reward in ep 003|
|Def Estimated: [27 73]| Att Labels: [28 72]|
|Def Amount of true predicted attacks: [26 71]|
04/23/2025 07:56:54 - INFO - End of Episode.
|Episode 072/100| time: 2.01|
|Def Loss 0.0898 | Def Reward in ep 098|
|Att Loss 0.1377 | Att Reward in ep 002|
|Def Estimated: [26 74]| Att Labels: [26 74]|
|Def Amount of true predicted attacks: [25 73]|
04/23/2025 07:56:57 - INFO - End of Episode.
|Episode 073/100| time: 2.09|
|Def Loss 0.0856 | Def Reward in ep 098|
|Att Loss 0.1228 | Att Reward in ep 002|
|Def Estimated: [26 74]| Att Labels: [28 72]|
|Def Amount of true predicted attacks: [26 72]|
04/23/2025 07:56:59 - INFO - End of Episode.
|Episode 074/100| time: 2.04|
|Def Loss 0.0786 | Def Reward in ep 099|
|Att Loss 0.1145 | Att Reward in ep 001|
|Def Estimated: [30 70]| Att Labels: [31 69]|
|Def Amount of true predicted attacks: [30 69]|
04/23/2025 07:57:02 - INFO - End of Episode.
|Episode 075/100| time: 2.06|
|Def Loss 0.0945 | Def Reward in ep 098|
|Att Loss 0.1330 | Att Reward in ep 002|
|Def Estimated: [30 70]| Att Labels: [30 70]|
|Def Amount of true predicted attacks: [29 69]|
04/23/2025 07:57:05 - INFO - End of Episode.
|Episode 076/100| time: 2.05|
|Def Loss 0.1058 | Def Reward in ep 096|
|Att Loss 0.1480 | Att Reward in ep 004|
|Def Estimated: [34 66]| Att Labels: [32 68]|
|Def Amount of true predicted attacks: [31 65]|
04/23/2025 07:57:07 - INFO - End of Episode.
|Episode 077/100| time: 2.19|
|Def Loss 0.1437 | Def Reward in ep 098|
|Att Loss 0.1679 | Att Reward in ep 002|
|Def Estimated: [37 63]| Att Labels: [37 63]|
|Def Amount of true predicted attacks: [36 62]|
04/23/2025 07:57:10 - INFO - End of Episode.
|Episode 078/100| time: 2.03|
|Def Loss 0.0900 | Def Reward in ep 100|
|Att Loss 0.1803 | Att Reward in ep 000|
|Def Estimated: [34 66]| Att Labels: [34 66]|
|Def Amount of true predicted attacks: [34 66]|
04/23/2025 07:57:12 - INFO - End of Episode.
|Episode 079/100| time: 2.08|
|Def Loss 0.1191 | Def Reward in ep 098|
|Att Loss 0.1623 | Att Reward in ep 002|
|Def Estimated: [36 64]| Att Labels: [36 64]|
|Def Amount of true predicted attacks: [35 63]|
04/23/2025 07:57:15 - INFO - End of Episode.
|Episode 080/100| time: 2.01|
|Def Loss 0.1171 | Def Reward in ep 098|
|Att Loss 0.1698 | Att Reward in ep 002|
|Def Estimated: [31 69]| Att Labels: [31 69]|
|Def Amount of true predicted attacks: [30 68]|
04/23/2025 07:57:17 - INFO - End of Episode.
|Episode 081/100| time: 2.08|
|Def Loss 0.1266 | Def Reward in ep 098|
|Att Loss 0.1529 | Att Reward in ep 002|
|Def Estimated: [32 68]| Att Labels: [34 66]|
|Def Amount of true predicted attacks: [32 66]|
04/23/2025 07:57:20 - INFO - End of Episode.
|Episode 082/100| time: 2.03|
|Def Loss 0.1327 | Def Reward in ep 100|
|Att Loss 0.1179 | Att Reward in ep 000|
|Def Estimated: [32 68]| Att Labels: [32 68]|
|Def Amount of true predicted attacks: [32 68]|
04/23/2025 07:57:23 - INFO - End of Episode.
|Episode 083/100| time: 2.05|
|Def Loss 0.1080 | Def Reward in ep 098|
|Att Loss 0.1466 | Att Reward in ep 002|
|Def Estimated: [32 68]| Att Labels: [32 68]|
|Def Amount of true predicted attacks: [31 67]|
04/23/2025 07:57:25 - INFO - End of Episode.
|Episode 084/100| time: 2.01|
|Def Loss 0.1504 | Def Reward in ep 097|
|Att Loss 0.1695 | Att Reward in ep 003|
|Def Estimated: [30 70]| Att Labels: [29 71]|
|Def Amount of true predicted attacks: [28 69]|
04/23/2025 07:57:28 - INFO - End of Episode.
|Episode 085/100| time: 2.02|
|Def Loss 0.1604 | Def Reward in ep 098|
|Att Loss 0.1768 | Att Reward in ep 002|
|Def Estimated: [25 75]| Att Labels: [25 75]|
|Def Amount of true predicted attacks: [24 74]|
04/23/2025 07:57:30 - INFO - End of Episode.
|Episode 086/100| time: 2.02|
|Def Loss 0.0960 | Def Reward in ep 100|
|Att Loss 0.1361 | Att Reward in ep 000|
|Def Estimated: [33 67]| Att Labels: [33 67]|
|Def Amount of true predicted attacks: [33 67]|
04/23/2025 07:57:33 - INFO - End of Episode.
|Episode 087/100| time: 2.09|
|Def Loss 0.0957 | Def Reward in ep 097|
|Att Loss 0.1360 | Att Reward in ep 003|
|Def Estimated: [41 59]| Att Labels: [40 60]|
|Def Amount of true predicted attacks: [39 58]|
04/23/2025 07:57:35 - INFO - End of Episode.
|Episode 088/100| time: 2.01|
|Def Loss 0.0966 | Def Reward in ep 100|
|Att Loss 0.1666 | Att Reward in ep 000|
|Def Estimated: [27 73]| Att Labels: [27 73]|
|Def Amount of true predicted attacks: [27 73]|
04/23/2025 07:57:38 - INFO - End of Episode.
|Episode 089/100| time: 2.03|
|Def Loss 0.1046 | Def Reward in ep 097|
|Att Loss 0.1347 | Att Reward in ep 003|
|Def Estimated: [30 70]| Att Labels: [33 67]|
|Def Amount of true predicted attacks: [30 67]|
04/23/2025 07:57:41 - INFO - End of Episode.
|Episode 090/100| time: 2.06|
|Def Loss 0.1699 | Def Reward in ep 098|
|Att Loss 0.1346 | Att Reward in ep 002|
|Def Estimated: [36 64]| Att Labels: [34 66]|
|Def Amount of true predicted attacks: [34 64]|
04/23/2025 07:57:43 - INFO - End of Episode.
|Episode 091/100| time: 2.01|
|Def Loss 0.2243 | Def Reward in ep 096|
|Att Loss 0.1488 | Att Reward in ep 004|
|Def Estimated: [32 68]| Att Labels: [28 72]|
|Def Amount of true predicted attacks: [28 68]|
04/23/2025 07:57:46 - INFO - End of Episode.
|Episode 092/100| time: 2.06|
|Def Loss 0.1808 | Def Reward in ep 097|
|Att Loss 0.1608 | Att Reward in ep 003|
|Def Estimated: [35 65]| Att Labels: [38 62]|
|Def Amount of true predicted attacks: [35 62]|
04/23/2025 07:57:48 - INFO - End of Episode.
|Episode 093/100| time: 2.04|
|Def Loss 0.1924 | Def Reward in ep 094|
|Att Loss 0.1874 | Att Reward in ep 006|
|Def Estimated: [30 70]| Att Labels: [32 68]|
|Def Amount of true predicted attacks: [28 66]|
04/23/2025 07:57:51 - INFO - End of Episode.
|Episode 094/100| time: 2.06|
|Def Loss 0.2546 | Def Reward in ep 100|
|Att Loss 0.1778 | Att Reward in ep 000|
|Def Estimated: [32 68]| Att Labels: [32 68]|
|Def Amount of true predicted attacks: [32 68]|
04/23/2025 07:57:54 - INFO - End of Episode.
|Episode 095/100| time: 2.06|
|Def Loss 0.1893 | Def Reward in ep 099|
|Att Loss 0.1665 | Att Reward in ep 001|
|Def Estimated: [33 67]| Att Labels: [34 66]|
|Def Amount of true predicted attacks: [33 66]|
04/23/2025 07:57:56 - INFO - End of Episode.
|Episode 096/100| time: 2.04|
|Def Loss 0.2182 | Def Reward in ep 100|
|Att Loss 0.1817 | Att Reward in ep 000|
|Def Estimated: [29 71]| Att Labels: [29 71]|
|Def Amount of true predicted attacks: [29 71]|
04/23/2025 07:57:59 - INFO - End of Episode.
|Episode 097/100| time: 2.05|
|Def Loss 0.1904 | Def Reward in ep 099|
|Att Loss 0.1331 | Att Reward in ep 001|
|Def Estimated: [35 65]| Att Labels: [36 64]|
|Def Amount of true predicted attacks: [35 64]|
04/23/2025 07:58:02 - INFO - End of Episode.
|Episode 098/100| time: 2.10|
|Def Loss 0.1961 | Def Reward in ep 100|
|Att Loss 0.1257 | Att Reward in ep 000|
|Def Estimated: [40 60]| Att Labels: [40 60]|
|Def Amount of true predicted attacks: [40 60]|
04/23/2025 07:58:04 - INFO - End of Episode.
|Episode 099/100| time: 2.07|
|Def Loss 0.1391 | Def Reward in ep 100|
|Att Loss 0.1577 | Att Reward in ep 000|
|Def Estimated: [41 59]| Att Labels: [41 59]|
|Def Amount of true predicted attacks: [41 59]|
04/23/2025 07:58:05 - INFO - Model 'attacker_model_cic_2017' saved in: /workspace/models/trained-models/2025-04-23-07-53-Linux-CIC-2017-18-WebAttack-2nd-Run/attacker_model_cic.keras
04/23/2025 07:58:05 - INFO - Model summary:
Model: "attacker_model_cic_2017"
_________________________________________________________________
 Layer (type)                Output Shape              Param #   
=================================================================
 dense (Dense)               (None, 100)               6800      
                                                                 
 dense_1 (Dense)             (None, 100)               10100     
                                                                 
 dense_2 (Dense)             (None, 100)               10100     
                                                                 
 dense_3 (Dense)             (None, 100)               10100     
                                                                 
 dense_4 (Dense)             (None, 100)               10100     
                                                                 
 dense_5 (Dense)             (None, 4)                 404       
                                                                 
=================================================================
Total params: 47604 (185.95 KB)
Trainable params: 47604 (185.95 KB)
Non-trainable params: 0 (0.00 Byte)
_________________________________________________________________

04/23/2025 07:58:05 - INFO - Model 'defender_model' saved in: /workspace/models/trained-models/2025-04-23-07-53-Linux-CIC-2017-18-WebAttack-2nd-Run/defender_model.keras
04/23/2025 07:58:05 - INFO - Model summary:
Model: "defender_model"
_________________________________________________________________
 Layer (type)                Output Shape              Param #   
=================================================================
 dense_12 (Dense)            (None, 100)               6800      
                                                                 
 dense_13 (Dense)            (None, 100)               10100     
                                                                 
 dense_14 (Dense)            (None, 100)               10100     
                                                                 
 dense_15 (Dense)            (None, 2)                 202       
                                                                 
=================================================================
Total params: 27202 (106.26 KB)
Trainable params: 27202 (106.26 KB)
Non-trainable params: 0 (0.00 Byte)
_________________________________________________________________

04/23/2025 07:58:05 - INFO - Saved trained models.
04/23/2025 07:58:05 - INFO - Total runtime: 00:04:38
04/23/2025 07:58:05 - INFO - End of the script at: 2025-04-23 07:58:05.404211
04/23/2025 07:58:08 - INFO - Debug information saved to /workspace/models/trained-models/2025-04-23-07-53-Linux-CIC-2017-18-WebAttack-2nd-Run/logs/debug_info.json
04/23/2025 07:58:08 - INFO - Trying to save summary plots under: /workspace/models/trained-models/2025-04-23-07-53-Linux-CIC-2017-18-WebAttack-2nd-Run/plots/
04/23/2025 07:58:09 - INFO - Plotted attack distributions during training in: /workspace/models/trained-models/2025-04-23-07-53-Linux-CIC-2017-18-WebAttack-2nd-Run/plots/
04/23/2025 07:58:13 - INFO - Normalized confusion matrix
04/23/2025 07:58:13 - INFO - 
Confusion Matrix:
[[0.97781429 0.02218571]
 [0.05252387 0.94747613]]
04/23/2025 07:58:13 - INFO - Plotted confusion matrix in: /workspace/models/trained-models/2025-04-23-07-53-Linux-CIC-2017-18-WebAttack-2nd-Run/plots/intraset/
04/23/2025 07:58:13 - INFO - Model summary:
Model: "defender_model"
_________________________________________________________________
 Layer (type)                Output Shape              Param #   
=================================================================
 dense_12 (Dense)            (None, 100)               6800      
                                                                 
 dense_13 (Dense)            (None, 100)               10100     
                                                                 
 dense_14 (Dense)            (None, 100)               10100     
                                                                 
 dense_15 (Dense)            (None, 2)                 202       
                                                                 
=================================================================
Total params: 27202 (106.26 KB)
Trainable params: 27202 (106.26 KB)
Non-trainable params: 0 (0.00 Byte)
_________________________________________________________________

loaded from: /workspace/models/trained-models/2025-04-23-07-53-Linux-CIC-2017-18-WebAttack-2nd-Run/defender_model.keras
04/23/2025 07:58:14 - INFO - One vs All metric calculation: 
True positive: 1389 | False positive: 3106 | 
True negative: 136894 | False negative: 77
Accuracy: 0.9775 | Recall: 0.9475 | Specificity: 0.9778 | Precision: 0.3090 | F1-Score: 0.4660 | False Positive Rate: 0.0222
04/23/2025 07:58:14 - INFO - Overall overview
Total reward: 138283 | Number of samples: 141466 | Accuracy = 97.75%
Overall overview per attack type
              Estimated Correct   Total Mismatch   F1_score
Benign           136971  136894  140000     3029  98.850782
Web Attack         4495    1389    1466     3029  46.602919
Weigthed Avg.                                     98.309342
04/23/2025 07:58:14 - INFO - 
     Class  Support  Accuracy  Precision  Recall  F1-Score
    Benign   140000    0.9778     0.9994  0.9778    0.9885
Web Attack     1466    0.9475     0.3090  0.9475    0.4660
04/23/2025 07:58:14 - INFO - Overall weighted F1-score: 0.9831
04/23/2025 07:58:17 - INFO - 
One vs All metrics: 
         name  accuracy        f1  precision    recall
0      Benign    0.9775  0.988508   0.999438  0.977814
1  Web Attack    0.9775  0.466029   0.309010  0.947476
04/23/2025 07:58:18 - INFO - Classification report:
              precision    recall  f1-score   support

      Benign       1.00      0.98      0.99    140000
  Web Attack       0.31      0.95      0.47      1466

    accuracy                           0.98    141466
   macro avg       0.65      0.96      0.73    141466
weighted avg       0.99      0.98      0.98    141466

04/23/2025 07:58:20 - INFO - Model metrics: 
loss=0.062499068677425385, mse=0.3454720973968506, mae=0.15282568335533142
04/23/2025 07:58:20 - INFO - Optimizer config: {'name': 'Adam', 'weight_decay': None, 'clipnorm': None, 'global_clipnorm': None, 'clipvalue': None, 'use_ema': False, 'ema_momentum': 0.99, 'ema_overwrite_frequency': None, 'jit_compile': False, 'is_legacy_optimizer': False, 'learning_rate': 0.001, 'beta_1': 0.9, 'beta_2': 0.999, 'epsilon': 1e-07, 'amsgrad': False}
04/23/2025 07:58:20 - INFO - Time needed for testing: 9.164331674575806
04/23/2025 07:58:20 - INFO - Metrics exported to: /workspace/models/trained-models/2025-04-23-07-53-Linux-CIC-2017-18-WebAttack-2nd-Run/logs/evaluation_metrics_defender_model.json
04/23/2025 07:58:28 - INFO - [Intra-Set] Accuracy: 0.9984, Recall: 0.0000, Precision: 0.0000, F1: 0.0000
04/23/2025 07:58:28 - INFO - Normalized confusion matrix
04/23/2025 07:58:28 - INFO - 
Confusion Matrix:
[[9.99962353e-01 3.76470588e-05]
 [1.00000000e+00 0.00000000e+00]]
04/23/2025 07:58:28 - INFO - Plotted confusion matrix in: /workspace/models/trained-models/2025-04-23-07-53-Linux-CIC-2017-18-WebAttack-2nd-Run/plots/interset/
04/23/2025 07:58:28 - INFO - [Intra-Set] Confusion matrix saved to /workspace/models/trained-models/2025-04-23-07-53-Linux-CIC-2017-18-WebAttack-2nd-Run/plots/
04/23/2025 07:58:34 - INFO - [Cross-Set] Model metrics: loss=0.2630225121974945, mse=69.96885681152344, mae=0.46801403164863586
04/23/2025 07:58:34 - INFO - [Intra-Set] Evaluation completed. Metrics exported to: /workspace/models/trained-models/2025-04-23-07-53-Linux-CIC-2017-18-WebAttack-2nd-Run/logs/evaluation_metrics_cross_defender_model.json
04/23/2025 07:58:34 - INFO - [Intra-Set] Time needed: 14.29 seconds
04/23/2025 07:58:34 - INFO - Finished script at: 2025-04-23-07-58
Total runtime: 0:05:07.742222
