04/08/2025 14:13:19 - INFO - Started script at: 2025-04-08-14-13
Current working dir: /workspace
Used data files: 
/workspace/data/datasets/origin-kaggle-com/nsl-kdd/KDDTrain+.txt,
/workspace/data/datasets/origin-kaggle-com/nsl-kdd/KDDTest+.txt
04/08/2025 14:13:19 - INFO - Setting up Attacker and Defender Agents...
04/08/2025 14:13:19 - INFO - Reading formated train data from: /workspace/data/datasets/formated/formated_training_data.csv
04/08/2025 14:13:20 - INFO - Reading formated test data from: /workspace/data/datasets/formated/formated_test_data.csv
04/08/2025 14:13:20 - INFO - Initializing Attacker:DoS's ReplayMemory with observation_size=122 and max_size=1000
04/08/2025 14:13:20 - WARNING - Skipping variable loading for optimizer 'Adam', because it has 25 variables whereas the saved optimizer has 1 variables. 
04/08/2025 14:13:20 - INFO - Initializing Attacker:Probe's ReplayMemory with observation_size=122 and max_size=1000
04/08/2025 14:13:21 - WARNING - Skipping variable loading for optimizer 'Adam', because it has 25 variables whereas the saved optimizer has 1 variables. 
04/08/2025 14:13:21 - INFO - Initializing Attacker:R2L's ReplayMemory with observation_size=122 and max_size=1000
04/08/2025 14:13:21 - WARNING - Skipping variable loading for optimizer 'Adam', because it has 25 variables whereas the saved optimizer has 1 variables. 
04/08/2025 14:13:21 - INFO - Initializing Attacker:U2R's ReplayMemory with observation_size=122 and max_size=1000
04/08/2025 14:13:21 - WARNING - Skipping variable loading for optimizer 'Adam', because it has 25 variables whereas the saved optimizer has 1 variables. 
04/08/2025 14:13:21 - INFO - Initializing Defender's ReplayMemory with observation_size=122 and max_size=4000
04/08/2025 14:13:21 - WARNING - Skipping variable loading for optimizer 'Adam', because it has 17 variables whereas the saved optimizer has 1 variables. 
04/08/2025 14:13:21 - INFO - Creating environment...
04/08/2025 14:13:21 - INFO - Start Training with the following parameters:
-----------------------------------------------------------------------------------------------------------------------
Total episodes: 100 | Iterations in episode: 100 | Minibatch from mem size: 100 | Total Samples: 10000 | Data shape: (125973, 162)
-----------------------------------------------------------------------------------------------------------------------
Attacker<Attack-Type>: Num_actions=23 | gamma=0.001 | epsilon=1 | ANN hidden size=100 | ANN hidden layers=5 | Learning rate=0.001
-----------------------------------------------------------------------------------------------------------------------
Defender: Num_actions=5 | gamma=0.001 | epsilon=1 | ANN hidden size=100 | ANN hidden layers=3 | Learning rate=0.001
-----------------------------------------------------------------------------------------------------------------------
Used Attack types: 'all: Normal, DoS, Probe, R2L, U2R' | Attack name(s): ['normal', 'back', 'land', 'neptune', 'pod', 'smurf', 'teardrop', 'ipsweep', 'nmap', 'portsweep', 'satan', 'ftp_write', 'guess_passwd', 'imap', 'multihop', 'phf', 'spy', 'warezclient', 'warezmaster', 'buffer_overflow', 'loadmodule', 'perl', 'rootkit']
-----------------------------------------------------------------------------------------------------------------------

04/08/2025 14:13:29 - INFO - End of Episode.
|Episode 000/100| time: 7.85|
|Def Loss 0.0000 | Def Reward in ep 091|
|Att Loss Dos 0.0000 | Att Reward in ep 070|
|Att Loss Probe 0.0000 | Att Reward in ep 077|
|Att Loss R2L 0.0000 | Att Reward in ep 083|
|Att Loss U2R 0.0000 | Att Reward in ep 079|
|Def Estimated: [73 87 71 77 92]| Att Labels: [72 80 77 88 83]|
|Def Amount of true predicted attacks: [13 23 18 17 20]|
04/08/2025 14:13:29 - WARNING - 5 out of the last 7 calls to <function QNetwork.predict at 0x78e60b3d8e00> triggered tf.function retracing. Tracing is expensive and the excessive number of tracings could be due to (1) creating @tf.function repeatedly in a loop, (2) passing tensors with different shapes, (3) passing Python objects instead of tensors. For (1), please define your @tf.function outside of the loop. For (2), @tf.function has reduce_retracing=True option that can avoid unnecessary retracing. For (3), please refer to https://www.tensorflow.org/guide/function#controlling_retracing and https://www.tensorflow.org/api_docs/python/tf/function for  more details.
04/08/2025 14:13:31 - WARNING - 6 out of the last 8 calls to <function QNetwork.predict at 0x78e5f61b54e0> triggered tf.function retracing. Tracing is expensive and the excessive number of tracings could be due to (1) creating @tf.function repeatedly in a loop, (2) passing tensors with different shapes, (3) passing Python objects instead of tensors. For (1), please define your @tf.function outside of the loop. For (2), @tf.function has reduce_retracing=True option that can avoid unnecessary retracing. For (3), please refer to https://www.tensorflow.org/guide/function#controlling_retracing and https://www.tensorflow.org/api_docs/python/tf/function for  more details.
04/08/2025 14:13:35 - WARNING - 5 out of the last 5 calls to <function Model.make_train_function.<locals>.train_function at 0x78e5f4880680> triggered tf.function retracing. Tracing is expensive and the excessive number of tracings could be due to (1) creating @tf.function repeatedly in a loop, (2) passing tensors with different shapes, (3) passing Python objects instead of tensors. For (1), please define your @tf.function outside of the loop. For (2), @tf.function has reduce_retracing=True option that can avoid unnecessary retracing. For (3), please refer to https://www.tensorflow.org/guide/function#controlling_retracing and https://www.tensorflow.org/api_docs/python/tf/function for  more details.
04/08/2025 14:14:07 - INFO - End of Episode.
|Episode 001/100| time: 37.68|
|Def Loss 0.5718 | Def Reward in ep 236|
|Att Loss Dos 1.6865 | Att Reward in ep 034|
|Att Loss Probe 2.1247 | Att Reward in ep 037|
|Att Loss R2L 1.0417 | Att Reward in ep 057|
|Att Loss U2R 2.4621 | Att Reward in ep 036|
|Def Estimated: [80 83 78 62 97]| Att Labels: [57 88 78 93 84]|
|Def Amount of true predicted attacks: [40 54 49 40 53]|
04/08/2025 14:14:42 - INFO - End of Episode.
|Episode 002/100| time: 34.97|
|Def Loss 0.2010 | Def Reward in ep 357|
|Att Loss Dos 1.3480 | Att Reward in ep 017|
|Att Loss Probe 1.7750 | Att Reward in ep 008|
|Att Loss R2L 1.0348 | Att Reward in ep 014|
|Att Loss U2R 2.1894 | Att Reward in ep 004|
|Def Estimated: [90 75 77 78 80]| Att Labels: [87 81 75 84 73]|
|Def Amount of true predicted attacks: [77 70 70 71 69]|
04/08/2025 14:15:19 - INFO - End of Episode.
|Episode 003/100| time: 37.02|
|Def Loss 0.2182 | Def Reward in ep 377|
|Att Loss Dos 1.2264 | Att Reward in ep 004|
|Att Loss Probe 1.6247 | Att Reward in ep 006|
|Att Loss R2L 1.1050 | Att Reward in ep 007|
|Att Loss U2R 2.0177 | Att Reward in ep 006|
|Def Estimated: [69 80 75 94 82]| Att Labels: [74 78 77 91 80]|
|Def Amount of true predicted attacks: [65 76 73 86 77]|
04/08/2025 14:15:55 - INFO - End of Episode.
|Episode 004/100| time: 35.47|
|Def Loss 0.1759 | Def Reward in ep 382|
|Att Loss Dos 1.0753 | Att Reward in ep 003|
|Att Loss Probe 1.3978 | Att Reward in ep 006|
|Att Loss R2L 1.0817 | Att Reward in ep 002|
|Att Loss U2R 1.7783 | Att Reward in ep 007|
|Def Estimated: [85 86 70 90 69]| Att Labels: [85 87 72 83 73]|
|Def Amount of true predicted attacks: [80 85 68 82 67]|
04/08/2025 14:16:31 - INFO - End of Episode.
|Episode 005/100| time: 35.18|
|Def Loss 0.1536 | Def Reward in ep 373|
|Att Loss Dos 0.9664 | Att Reward in ep 003|
|Att Loss Probe 1.1643 | Att Reward in ep 008|
|Att Loss R2L 0.9748 | Att Reward in ep 007|
|Att Loss U2R 1.5665 | Att Reward in ep 009|
|Def Estimated: [82 81 72 86 79]| Att Labels: [80 78 77 86 79]|
|Def Amount of true predicted attacks: [73 77 70 79 74]|
04/08/2025 14:17:09 - INFO - End of Episode.
|Episode 006/100| time: 37.21|
|Def Loss 0.1383 | Def Reward in ep 383|
|Att Loss Dos 0.8831 | Att Reward in ep 001|
|Att Loss Probe 1.0213 | Att Reward in ep 010|
|Att Loss R2L 0.8687 | Att Reward in ep 002|
|Att Loss U2R 1.4440 | Att Reward in ep 004|
|Def Estimated: [69 86 69 90 86]| Att Labels: [73 82 72 89 84]|
|Def Amount of true predicted attacks: [65 82 68 87 81]|
04/08/2025 14:17:50 - INFO - End of Episode.
|Episode 007/100| time: 40.27|
|Def Loss 0.1205 | Def Reward in ep 383|
|Att Loss Dos 0.7806 | Att Reward in ep 001|
|Att Loss Probe 0.9564 | Att Reward in ep 006|
|Att Loss R2L 0.8177 | Att Reward in ep 004|
|Att Loss U2R 1.2697 | Att Reward in ep 006|
|Def Estimated: [78 81 74 86 81]| Att Labels: [86 78 76 81 79]|
|Def Amount of true predicted attacks: [77 78 73 79 76]|
04/08/2025 14:18:30 - INFO - End of Episode.
|Episode 008/100| time: 38.74|
|Def Loss 0.1024 | Def Reward in ep 389|
|Att Loss Dos 0.7048 | Att Reward in ep 003|
|Att Loss Probe 0.8791 | Att Reward in ep 006|
|Att Loss R2L 0.7522 | Att Reward in ep 000|
|Att Loss U2R 1.1613 | Att Reward in ep 002|
|Def Estimated: [69 84 76 84 87]| Att Labels: [68 82 79 82 89]|
|Def Amount of true predicted attacks: [65 81 74 82 87]|
04/08/2025 14:19:09 - INFO - End of Episode.
|Episode 009/100| time: 39.00|
|Def Loss 0.0906 | Def Reward in ep 382|
|Att Loss Dos 0.6265 | Att Reward in ep 003|
|Att Loss Probe 0.8218 | Att Reward in ep 004|
|Att Loss R2L 0.7015 | Att Reward in ep 007|
|Att Loss U2R 1.1053 | Att Reward in ep 004|
|Def Estimated: [70 86 77 87 80]| Att Labels: [79 83 77 85 76]|
|Def Amount of true predicted attacks: [70 82 76 80 74]|
04/08/2025 14:19:51 - INFO - End of Episode.
|Episode 010/100| time: 40.22|
|Def Loss 0.0844 | Def Reward in ep 391|
|Att Loss Dos 0.4669 | Att Reward in ep 002|
|Att Loss Probe 0.5798 | Att Reward in ep 001|
|Att Loss R2L 0.5365 | Att Reward in ep 002|
|Att Loss U2R 0.7611 | Att Reward in ep 004|
|Def Estimated: [85 72 81 83 79]| Att Labels: [89 72 82 78 79]|
|Def Amount of true predicted attacks: [84 72 81 77 77]|
04/08/2025 14:20:32 - INFO - End of Episode.
|Episode 011/100| time: 40.18|
|Def Loss 0.0887 | Def Reward in ep 383|
|Att Loss Dos 0.2136 | Att Reward in ep 005|
|Att Loss Probe 0.2222 | Att Reward in ep 002|
|Att Loss R2L 0.2485 | Att Reward in ep 008|
|Att Loss U2R 0.2844 | Att Reward in ep 002|
|Def Estimated: [96 72 77 80 75]| Att Labels: [101  71  76  81  71]|
|Def Amount of true predicted attacks: [93 70 75 76 69]|
04/08/2025 14:21:14 - INFO - End of Episode.
|Episode 012/100| time: 41.01|
|Def Loss 0.0918 | Def Reward in ep 377|
|Att Loss Dos 0.0996 | Att Reward in ep 009|
|Att Loss Probe 0.1231 | Att Reward in ep 003|
|Att Loss R2L 0.1171 | Att Reward in ep 004|
|Att Loss U2R 0.1806 | Att Reward in ep 007|
|Def Estimated: [85 75 77 95 68]| Att Labels: [94 76 73 89 68]|
|Def Amount of true predicted attacks: [84 73 71 86 63]|
04/08/2025 14:21:58 - INFO - End of Episode.
|Episode 013/100| time: 42.53|
|Def Loss 0.0868 | Def Reward in ep 389|
|Att Loss Dos 0.0802 | Att Reward in ep 004|
|Att Loss Probe 0.1057 | Att Reward in ep 003|
|Att Loss R2L 0.0846 | Att Reward in ep 001|
|Att Loss U2R 0.1708 | Att Reward in ep 003|
|Def Estimated: [101  80  68  82  69]| Att Labels: [101  81  68  82  68]|
|Def Amount of true predicted attacks: [97 79 66 81 66]|
04/08/2025 14:22:39 - INFO - End of Episode.
|Episode 014/100| time: 40.34|
|Def Loss 0.0870 | Def Reward in ep 382|
|Att Loss Dos 0.0692 | Att Reward in ep 001|
|Att Loss Probe 0.0997 | Att Reward in ep 005|
|Att Loss R2L 0.0684 | Att Reward in ep 007|
|Att Loss U2R 0.1591 | Att Reward in ep 005|
|Def Estimated: [104  81  76  68  71]| Att Labels: [101  80  74  72  73]|
|Def Amount of true predicted attacks: [96 79 71 67 69]|
04/08/2025 14:23:20 - INFO - End of Episode.
|Episode 015/100| time: 40.00|
|Def Loss 0.0836 | Def Reward in ep 388|
|Att Loss Dos 0.0602 | Att Reward in ep 000|
|Att Loss Probe 0.1223 | Att Reward in ep 001|
|Att Loss R2L 0.0696 | Att Reward in ep 005|
|Att Loss U2R 0.1346 | Att Reward in ep 006|
|Def Estimated: [96 76 75 79 74]| Att Labels: [100  74  74  79  73]|
|Def Amount of true predicted attacks: [96 74 73 75 70]|
04/08/2025 14:24:03 - INFO - End of Episode.
|Episode 016/100| time: 41.03|
|Def Loss 0.0824 | Def Reward in ep 381|
|Att Loss Dos 0.0585 | Att Reward in ep 005|
|Att Loss Probe 0.1103 | Att Reward in ep 002|
|Att Loss R2L 0.0804 | Att Reward in ep 006|
|Att Loss U2R 0.0761 | Att Reward in ep 006|
|Def Estimated: [105  77  67  84  67]| Att Labels: [109  78  65  82  66]|
|Def Amount of true predicted attacks: [103  75  64  78  61]|
04/08/2025 14:24:44 - INFO - End of Episode.
|Episode 017/100| time: 40.03|
|Def Loss 0.0727 | Def Reward in ep 388|
|Att Loss Dos 0.0769 | Att Reward in ep 002|
|Att Loss Probe 0.0863 | Att Reward in ep 001|
|Att Loss R2L 0.0776 | Att Reward in ep 003|
|Att Loss U2R 0.1010 | Att Reward in ep 006|
|Def Estimated: [83 82 74 86 75]| Att Labels: [85 82 74 83 76]|
|Def Amount of true predicted attacks: [82 81 73 81 71]|
04/08/2025 14:25:26 - INFO - End of Episode.
|Episode 018/100| time: 40.77|
|Def Loss 0.0656 | Def Reward in ep 393|
|Att Loss Dos 0.0703 | Att Reward in ep 001|
|Att Loss Probe 0.0564 | Att Reward in ep 000|
|Att Loss R2L 0.0588 | Att Reward in ep 002|
|Att Loss U2R 0.0944 | Att Reward in ep 004|
|Def Estimated: [89 84 76 81 70]| Att Labels: [89 83 76 80 72]|
|Def Amount of true predicted attacks: [88 83 76 78 68]|
04/08/2025 14:26:09 - INFO - End of Episode.
|Episode 019/100| time: 40.89|
|Def Loss 0.0639 | Def Reward in ep 386|
|Att Loss Dos 0.0829 | Att Reward in ep 002|
|Att Loss Probe 0.0548 | Att Reward in ep 005|
|Att Loss R2L 0.0487 | Att Reward in ep 004|
|Att Loss U2R 0.0997 | Att Reward in ep 003|
|Def Estimated: [85 81 71 84 79]| Att Labels: [85 80 74 84 77]|
|Def Amount of true predicted attacks: [84 78 70 80 74]|
04/08/2025 14:26:52 - INFO - End of Episode.
|Episode 020/100| time: 42.07|
|Def Loss 0.0693 | Def Reward in ep 389|
|Att Loss Dos 0.0776 | Att Reward in ep 001|
|Att Loss Probe 0.0662 | Att Reward in ep 007|
|Att Loss R2L 0.0661 | Att Reward in ep 002|
|Att Loss U2R 0.1209 | Att Reward in ep 001|
|Def Estimated: [82 90 71 78 79]| Att Labels: [88 89 72 76 75]|
|Def Amount of true predicted attacks: [82 88 71 74 74]|
04/08/2025 14:27:37 - INFO - End of Episode.
|Episode 021/100| time: 42.84|
|Def Loss 0.0616 | Def Reward in ep 382|
|Att Loss Dos 0.0820 | Att Reward in ep 002|
|Att Loss Probe 0.0642 | Att Reward in ep 006|
|Att Loss R2L 0.0508 | Att Reward in ep 004|
|Att Loss U2R 0.1483 | Att Reward in ep 006|
|Def Estimated: [104  83  62  77  74]| Att Labels: [109  82  64  77  68]|
|Def Amount of true predicted attacks: [102  81  59  74  66]|
04/08/2025 14:28:20 - INFO - End of Episode.
|Episode 022/100| time: 42.19|
|Def Loss 0.0475 | Def Reward in ep 388|
|Att Loss Dos 0.0712 | Att Reward in ep 002|
|Att Loss Probe 0.0320 | Att Reward in ep 005|
|Att Loss R2L 0.0541 | Att Reward in ep 004|
|Att Loss U2R 0.1624 | Att Reward in ep 001|
|Def Estimated: [92 79 75 82 72]| Att Labels: [95 78 75 84 68]|
|Def Amount of true predicted attacks: [91 77 73 80 67]|
04/08/2025 14:29:04 - INFO - End of Episode.
|Episode 023/100| time: 42.15|
|Def Loss 0.0541 | Def Reward in ep 388|
|Att Loss Dos 0.0671 | Att Reward in ep 001|
|Att Loss Probe 0.0620 | Att Reward in ep 004|
|Att Loss R2L 0.0625 | Att Reward in ep 005|
|Att Loss U2R 0.1873 | Att Reward in ep 002|
|Def Estimated: [90 80 76 83 71]| Att Labels: [90 79 78 85 68]|
|Def Amount of true predicted attacks: [88 78 75 80 67]|
04/08/2025 14:29:48 - INFO - End of Episode.
|Episode 024/100| time: 42.08|
|Def Loss 0.0520 | Def Reward in ep 393|
|Att Loss Dos 0.0607 | Att Reward in ep 001|
|Att Loss Probe 0.0779 | Att Reward in ep 001|
|Att Loss R2L 0.0427 | Att Reward in ep 003|
|Att Loss U2R 0.1597 | Att Reward in ep 002|
|Def Estimated: [88 85 77 80 70]| Att Labels: [89 84 78 82 67]|
|Def Amount of true predicted attacks: [88 83 77 79 66]|
04/08/2025 14:30:31 - INFO - End of Episode.
|Episode 025/100| time: 41.40|
|Def Loss 0.0473 | Def Reward in ep 388|
|Att Loss Dos 0.0738 | Att Reward in ep 001|
|Att Loss Probe 0.0746 | Att Reward in ep 005|
|Att Loss R2L 0.0417 | Att Reward in ep 004|
|Att Loss U2R 0.1699 | Att Reward in ep 002|
|Def Estimated: [72 88 78 83 79]| Att Labels: [71 88 80 86 75]|
|Def Amount of true predicted attacks: [68 87 76 82 75]|
04/08/2025 14:31:15 - INFO - End of Episode.
|Episode 026/100| time: 42.40|
|Def Loss 0.0518 | Def Reward in ep 387|
|Att Loss Dos 0.0686 | Att Reward in ep 003|
|Att Loss Probe 0.0721 | Att Reward in ep 002|
|Att Loss R2L 0.0363 | Att Reward in ep 008|
|Att Loss U2R 0.1654 | Att Reward in ep 000|
|Def Estimated: [87 78 72 79 84]| Att Labels: [87 77 72 85 79]|
|Def Amount of true predicted attacks: [84 76 70 78 79]|
04/08/2025 14:31:59 - INFO - End of Episode.
|Episode 027/100| time: 42.42|
|Def Loss 0.0494 | Def Reward in ep 390|
|Att Loss Dos 0.0718 | Att Reward in ep 003|
|Att Loss Probe 0.0950 | Att Reward in ep 000|
|Att Loss R2L 0.0496 | Att Reward in ep 004|
|Att Loss U2R 0.1554 | Att Reward in ep 003|
|Def Estimated: [85 86 72 83 74]| Att Labels: [84 87 71 83 75]|
|Def Amount of true predicted attacks: [82 84 71 80 73]|
04/08/2025 14:32:43 - INFO - End of Episode.
|Episode 028/100| time: 41.72|
|Def Loss 0.0488 | Def Reward in ep 396|
|Att Loss Dos 0.0801 | Att Reward in ep 000|
|Att Loss Probe 0.1007 | Att Reward in ep 001|
|Att Loss R2L 0.0575 | Att Reward in ep 003|
|Att Loss U2R 0.1535 | Att Reward in ep 000|
|Def Estimated: [74 80 78 88 80]| Att Labels: [73 80 79 91 77]|
|Def Amount of true predicted attacks: [73 80 78 88 77]|
04/08/2025 14:33:28 - INFO - End of Episode.
|Episode 029/100| time: 43.25|
|Def Loss 0.0492 | Def Reward in ep 391|
|Att Loss Dos 0.0702 | Att Reward in ep 001|
|Att Loss Probe 0.0804 | Att Reward in ep 001|
|Att Loss R2L 0.0488 | Att Reward in ep 005|
|Att Loss U2R 0.1242 | Att Reward in ep 002|
|Def Estimated: [96 80 74 81 69]| Att Labels: [97 79 73 85 66]|
|Def Amount of true predicted attacks: [94 78 73 80 66]|
04/08/2025 14:34:13 - INFO - End of Episode.
|Episode 030/100| time: 43.03|
|Def Loss 0.0462 | Def Reward in ep 391|
|Att Loss Dos 0.0623 | Att Reward in ep 000|
|Att Loss Probe 0.0744 | Att Reward in ep 003|
|Att Loss R2L 0.0497 | Att Reward in ep 002|
|Att Loss U2R 0.1116 | Att Reward in ep 004|
|Def Estimated: [94 84 74 84 64]| Att Labels: [93 82 75 83 67]|
|Def Amount of true predicted attacks: [91 82 73 81 64]|
04/08/2025 14:34:57 - INFO - End of Episode.
|Episode 031/100| time: 42.36|
|Def Loss 0.0488 | Def Reward in ep 393|
|Att Loss Dos 0.0706 | Att Reward in ep 001|
|Att Loss Probe 0.0838 | Att Reward in ep 000|
|Att Loss R2L 0.0555 | Att Reward in ep 004|
|Att Loss U2R 0.1078 | Att Reward in ep 002|
|Def Estimated: [78 90 79 86 67]| Att Labels: [77 90 79 88 66]|
|Def Amount of true predicted attacks: [75 89 79 85 65]|
04/08/2025 14:35:42 - INFO - End of Episode.
|Episode 032/100| time: 42.26|
|Def Loss 0.0412 | Def Reward in ep 391|
|Att Loss Dos 0.0558 | Att Reward in ep 000|
|Att Loss Probe 0.0768 | Att Reward in ep 004|
|Att Loss R2L 0.0352 | Att Reward in ep 002|
|Att Loss U2R 0.1265 | Att Reward in ep 003|
|Def Estimated: [81 85 68 87 79]| Att Labels: [82 82 71 88 77]|
|Def Amount of true predicted attacks: [80 82 68 86 75]|
04/08/2025 14:36:25 - INFO - End of Episode.
|Episode 033/100| time: 41.64|
|Def Loss 0.0424 | Def Reward in ep 390|
|Att Loss Dos 0.0566 | Att Reward in ep 002|
|Att Loss Probe 0.0614 | Att Reward in ep 001|
|Att Loss R2L 0.0429 | Att Reward in ep 006|
|Att Loss U2R 0.1378 | Att Reward in ep 001|
|Def Estimated: [71 91 75 81 82]| Att Labels: [69 92 76 86 77]|
|Def Amount of true predicted attacks: [68 90 75 80 77]|
04/08/2025 14:37:10 - INFO - End of Episode.
|Episode 034/100| time: 42.57|
|Def Loss 0.0428 | Def Reward in ep 391|
|Att Loss Dos 0.0554 | Att Reward in ep 001|
|Att Loss Probe 0.0485 | Att Reward in ep 000|
|Att Loss R2L 0.0519 | Att Reward in ep 006|
|Att Loss U2R 0.1076 | Att Reward in ep 002|
|Def Estimated: [79 89 72 84 76]| Att Labels: [81 89 72 86 72]|
|Def Amount of true predicted attacks: [78 89 72 81 71]|
04/08/2025 14:37:55 - INFO - End of Episode.
|Episode 035/100| time: 42.83|
|Def Loss 0.0433 | Def Reward in ep 386|
|Att Loss Dos 0.0480 | Att Reward in ep 001|
|Att Loss Probe 0.0649 | Att Reward in ep 002|
|Att Loss R2L 0.0696 | Att Reward in ep 009|
|Att Loss U2R 0.1220 | Att Reward in ep 002|
|Def Estimated: [83 87 72 78 80]| Att Labels: [85 88 70 84 73]|
|Def Amount of true predicted attacks: [82 87 70 75 72]|
04/08/2025 14:38:40 - INFO - End of Episode.
|Episode 036/100| time: 42.72|
|Def Loss 0.0429 | Def Reward in ep 390|
|Att Loss Dos 0.0481 | Att Reward in ep 003|
|Att Loss Probe 0.0470 | Att Reward in ep 002|
|Att Loss R2L 0.0792 | Att Reward in ep 004|
|Att Loss U2R 0.1077 | Att Reward in ep 001|
|Def Estimated: [80 83 75 82 80]| Att Labels: [79 85 76 84 76]|
|Def Amount of true predicted attacks: [76 83 75 80 76]|
04/08/2025 14:39:25 - INFO - End of Episode.
|Episode 037/100| time: 42.46|
|Def Loss 0.0528 | Def Reward in ep 395|
|Att Loss Dos 0.0426 | Att Reward in ep 002|
|Att Loss Probe 0.0458 | Att Reward in ep 000|
|Att Loss R2L 0.0673 | Att Reward in ep 003|
|Att Loss U2R 0.1157 | Att Reward in ep 000|
|Def Estimated: [76 81 83 82 78]| Att Labels: [78 80 82 84 76]|
|Def Amount of true predicted attacks: [76 80 82 81 76]|
04/08/2025 14:40:10 - INFO - End of Episode.
|Episode 038/100| time: 43.59|
|Def Loss 0.0501 | Def Reward in ep 390|
|Att Loss Dos 0.0350 | Att Reward in ep 001|
|Att Loss Probe 0.0676 | Att Reward in ep 002|
|Att Loss R2L 0.0676 | Att Reward in ep 005|
|Att Loss U2R 0.0877 | Att Reward in ep 002|
|Def Estimated: [87 86 68 82 77]| Att Labels: [89 84 69 85 73]|
|Def Amount of true predicted attacks: [86 84 67 80 73]|
04/08/2025 14:40:57 - INFO - End of Episode.
|Episode 039/100| time: 43.94|
|Def Loss 0.0531 | Def Reward in ep 396|
|Att Loss Dos 0.0393 | Att Reward in ep 001|
|Att Loss Probe 0.0593 | Att Reward in ep 000|
|Att Loss R2L 0.0763 | Att Reward in ep 002|
|Att Loss U2R 0.0936 | Att Reward in ep 001|
|Def Estimated: [92 75 80 85 68]| Att Labels: [92 75 79 86 68]|
|Def Amount of true predicted attacks: [91 75 79 84 67]|
04/08/2025 14:41:42 - INFO - End of Episode.
|Episode 040/100| time: 43.26|
|Def Loss 0.0546 | Def Reward in ep 395|
|Att Loss Dos 0.0306 | Att Reward in ep 000|
|Att Loss Probe 0.0628 | Att Reward in ep 004|
|Att Loss R2L 0.0688 | Att Reward in ep 001|
|Att Loss U2R 0.0864 | Att Reward in ep 000|
|Def Estimated: [86 78 73 86 77]| Att Labels: [84 77 75 87 77]|
|Def Amount of true predicted attacks: [83 77 72 86 77]|
04/08/2025 14:42:28 - INFO - End of Episode.
|Episode 041/100| time: 43.22|
|Def Loss 0.0531 | Def Reward in ep 389|
|Att Loss Dos 0.0462 | Att Reward in ep 003|
|Att Loss Probe 0.0412 | Att Reward in ep 002|
|Att Loss R2L 0.0743 | Att Reward in ep 004|
|Att Loss U2R 0.0684 | Att Reward in ep 002|
|Def Estimated: [88 84 73 78 77]| Att Labels: [84 87 74 80 75]|
|Def Amount of true predicted attacks: [82 84 72 77 74]|
04/08/2025 14:43:12 - INFO - End of Episode.
|Episode 042/100| time: 41.94|
|Def Loss 0.0541 | Def Reward in ep 392|
|Att Loss Dos 0.0504 | Att Reward in ep 000|
|Att Loss Probe 0.0485 | Att Reward in ep 002|
|Att Loss R2L 0.0812 | Att Reward in ep 005|
|Att Loss U2R 0.0694 | Att Reward in ep 001|
|Def Estimated: [65 91 76 85 83]| Att Labels: [65 89 77 90 79]|
|Def Amount of true predicted attacks: [64 89 75 85 79]|
04/08/2025 14:43:57 - INFO - End of Episode.
|Episode 043/100| time: 42.91|
|Def Loss 0.0487 | Def Reward in ep 393|
|Att Loss Dos 0.0467 | Att Reward in ep 002|
|Att Loss Probe 0.0470 | Att Reward in ep 001|
|Att Loss R2L 0.0654 | Att Reward in ep 002|
|Att Loss U2R 0.0574 | Att Reward in ep 002|
|Def Estimated: [73 81 80 88 78]| Att Labels: [70 83 80 89 78]|
|Def Amount of true predicted attacks: [70 81 79 87 76]|
04/08/2025 14:44:43 - INFO - End of Episode.
|Episode 044/100| time: 43.07|
|Def Loss 0.0450 | Def Reward in ep 392|
|Att Loss Dos 0.0419 | Att Reward in ep 001|
|Att Loss Probe 0.0491 | Att Reward in ep 001|
|Att Loss R2L 0.0771 | Att Reward in ep 004|
|Att Loss U2R 0.0706 | Att Reward in ep 002|
|Def Estimated: [75 81 75 87 82]| Att Labels: [76 80 74 88 82]|
|Def Amount of true predicted attacks: [75 80 73 84 80]|
04/08/2025 14:45:29 - INFO - End of Episode.
|Episode 045/100| time: 43.27|
|Def Loss 0.0489 | Def Reward in ep 386|
|Att Loss Dos 0.0436 | Att Reward in ep 002|
|Att Loss Probe 0.0530 | Att Reward in ep 003|
|Att Loss R2L 0.0784 | Att Reward in ep 004|
|Att Loss U2R 0.0929 | Att Reward in ep 005|
|Def Estimated: [72 87 72 87 82]| Att Labels: [77 85 71 87 80]|
|Def Amount of true predicted attacks: [69 84 70 86 77]|
04/08/2025 14:46:14 - INFO - End of Episode.
|Episode 046/100| time: 43.01|
|Def Loss 0.0473 | Def Reward in ep 396|
|Att Loss Dos 0.0318 | Att Reward in ep 000|
|Att Loss Probe 0.0706 | Att Reward in ep 001|
|Att Loss R2L 0.0876 | Att Reward in ep 002|
|Att Loss U2R 0.0903 | Att Reward in ep 001|
|Def Estimated: [69 86 80 85 80]| Att Labels: [70 86 80 85 79]|
|Def Amount of true predicted attacks: [69 86 79 84 78]|
04/08/2025 14:47:01 - INFO - End of Episode.
|Episode 047/100| time: 43.81|
|Def Loss 0.0443 | Def Reward in ep 392|
|Att Loss Dos 0.0296 | Att Reward in ep 001|
|Att Loss Probe 0.0588 | Att Reward in ep 001|
|Att Loss R2L 0.0660 | Att Reward in ep 001|
|Att Loss U2R 0.1483 | Att Reward in ep 005|
|Def Estimated: [83 75 76 95 71]| Att Labels: [84 76 74 91 75]|
|Def Amount of true predicted attacks: [83 75 74 90 70]|
04/08/2025 14:47:46 - INFO - End of Episode.
|Episode 048/100| time: 42.73|
|Def Loss 0.0472 | Def Reward in ep 385|
|Att Loss Dos 0.0386 | Att Reward in ep 002|
|Att Loss Probe 0.0567 | Att Reward in ep 004|
|Att Loss R2L 0.0671 | Att Reward in ep 007|
|Att Loss U2R 0.1540 | Att Reward in ep 002|
|Def Estimated: [68 91 79 87 75]| Att Labels: [65 92 81 90 72]|
|Def Amount of true predicted attacks: [63 90 78 83 71]|
04/08/2025 14:48:33 - INFO - End of Episode.
|Episode 049/100| time: 44.24|
|Def Loss 0.0406 | Def Reward in ep 390|
|Att Loss Dos 0.0382 | Att Reward in ep 001|
|Att Loss Probe 0.0652 | Att Reward in ep 003|
|Att Loss R2L 0.0873 | Att Reward in ep 003|
|Att Loss U2R 0.1475 | Att Reward in ep 003|
|Def Estimated: [87 84 67 89 73]| Att Labels: [87 84 68 87 74]|
|Def Amount of true predicted attacks: [85 83 65 85 72]|
04/08/2025 14:49:20 - INFO - End of Episode.
|Episode 050/100| time: 44.19|
|Def Loss 0.0521 | Def Reward in ep 395|
|Att Loss Dos 0.0493 | Att Reward in ep 000|
|Att Loss Probe 0.0752 | Att Reward in ep 001|
|Att Loss R2L 0.0859 | Att Reward in ep 002|
|Att Loss U2R 0.1585 | Att Reward in ep 002|
|Def Estimated: [84 88 70 83 75]| Att Labels: [82 88 70 84 76]|
|Def Amount of true predicted attacks: [82 88 69 82 74]|
04/08/2025 14:50:06 - INFO - End of Episode.
|Episode 051/100| time: 43.29|
|Def Loss 0.0506 | Def Reward in ep 393|
|Att Loss Dos 0.0509 | Att Reward in ep 001|
|Att Loss Probe 0.0585 | Att Reward in ep 000|
|Att Loss R2L 0.0981 | Att Reward in ep 003|
|Att Loss U2R 0.1814 | Att Reward in ep 003|
|Def Estimated: [67 84 74 90 85]| Att Labels: [66 84 74 89 87]|
|Def Amount of true predicted attacks: [65 84 74 86 84]|
04/08/2025 14:50:52 - INFO - End of Episode.
|Episode 052/100| time: 43.70|
|Def Loss 0.0512 | Def Reward in ep 393|
|Att Loss Dos 0.0377 | Att Reward in ep 000|
|Att Loss Probe 0.0677 | Att Reward in ep 001|
|Att Loss R2L 0.0935 | Att Reward in ep 001|
|Att Loss U2R 0.1788 | Att Reward in ep 005|
|Def Estimated: [78 84 77 90 71]| Att Labels: [78 83 78 87 74]|
|Def Amount of true predicted attacks: [77 83 77 86 70]|
04/08/2025 14:51:39 - INFO - End of Episode.
|Episode 053/100| time: 43.90|
|Def Loss 0.0477 | Def Reward in ep 392|
|Att Loss Dos 0.0361 | Att Reward in ep 001|
|Att Loss Probe 0.0770 | Att Reward in ep 001|
|Att Loss R2L 0.0829 | Att Reward in ep 004|
|Att Loss U2R 0.1829 | Att Reward in ep 002|
|Def Estimated: [82 81 66 92 79]| Att Labels: [82 80 66 94 78]|
|Def Amount of true predicted attacks: [80 79 66 90 77]|
04/08/2025 14:52:26 - INFO - End of Episode.
|Episode 054/100| time: 44.57|
|Def Loss 0.0527 | Def Reward in ep 391|
|Att Loss Dos 0.0379 | Att Reward in ep 001|
|Att Loss Probe 0.0825 | Att Reward in ep 001|
|Att Loss R2L 0.0798 | Att Reward in ep 003|
|Att Loss U2R 0.2005 | Att Reward in ep 004|
|Def Estimated: [89 84 62 87 78]| Att Labels: [93 83 63 86 75]|
|Def Amount of true predicted attacks: [89 83 62 84 73]|
04/08/2025 14:53:14 - INFO - End of Episode.
|Episode 055/100| time: 44.32|
|Def Loss 0.0486 | Def Reward in ep 392|
|Att Loss Dos 0.0363 | Att Reward in ep 001|
|Att Loss Probe 0.0824 | Att Reward in ep 003|
|Att Loss R2L 0.0869 | Att Reward in ep 002|
|Att Loss U2R 0.2217 | Att Reward in ep 002|
|Def Estimated: [79 86 76 85 74]| Att Labels: [80 83 78 87 72]|
|Def Amount of true predicted attacks: [77 83 75 85 72]|
04/08/2025 14:54:00 - INFO - End of Episode.
|Episode 056/100| time: 43.76|
|Def Loss 0.0478 | Def Reward in ep 389|
|Att Loss Dos 0.0394 | Att Reward in ep 001|
|Att Loss Probe 0.0751 | Att Reward in ep 001|
|Att Loss R2L 0.0890 | Att Reward in ep 004|
|Att Loss U2R 0.1981 | Att Reward in ep 005|
|Def Estimated: [78 85 79 86 72]| Att Labels: [78 83 78 88 73]|
|Def Amount of true predicted attacks: [75 83 77 84 70]|
04/08/2025 14:54:47 - INFO - End of Episode.
|Episode 057/100| time: 44.17|
|Def Loss 0.0493 | Def Reward in ep 386|
|Att Loss Dos 0.0374 | Att Reward in ep 003|
|Att Loss Probe 0.0742 | Att Reward in ep 001|
|Att Loss R2L 0.0881 | Att Reward in ep 004|
|Att Loss U2R 0.2170 | Att Reward in ep 006|
|Def Estimated: [79 84 75 84 78]| Att Labels: [80 85 76 80 79]|
|Def Amount of true predicted attacks: [76 83 75 77 75]|
04/08/2025 14:55:34 - INFO - End of Episode.
|Episode 058/100| time: 44.24|
|Def Loss 0.0492 | Def Reward in ep 393|
|Att Loss Dos 0.0438 | Att Reward in ep 000|
|Att Loss Probe 0.0747 | Att Reward in ep 001|
|Att Loss R2L 0.0847 | Att Reward in ep 002|
|Att Loss U2R 0.2077 | Att Reward in ep 004|
|Def Estimated: [75 86 76 87 76]| Att Labels: [76 84 77 86 77]|
|Def Amount of true predicted attacks: [73 84 76 85 75]|
04/08/2025 14:56:22 - INFO - End of Episode.
|Episode 059/100| time: 44.54|
|Def Loss 0.0421 | Def Reward in ep 393|
|Att Loss Dos 0.0222 | Att Reward in ep 000|
|Att Loss Probe 0.0669 | Att Reward in ep 003|
|Att Loss R2L 0.0719 | Att Reward in ep 003|
|Att Loss U2R 0.2392 | Att Reward in ep 001|
|Def Estimated: [86 83 75 75 81]| Att Labels: [87 83 75 76 79]|
|Def Amount of true predicted attacks: [85 83 74 73 78]|
04/08/2025 14:57:10 - INFO - End of Episode.
|Episode 060/100| time: 44.91|
|Def Loss 0.0470 | Def Reward in ep 388|
|Att Loss Dos 0.0395 | Att Reward in ep 003|
|Att Loss Probe 0.0742 | Att Reward in ep 005|
|Att Loss R2L 0.0780 | Att Reward in ep 001|
|Att Loss U2R 0.2492 | Att Reward in ep 003|
|Def Estimated: [84 78 71 88 79]| Att Labels: [86 80 72 84 78]|
|Def Amount of true predicted attacks: [81 78 69 83 77]|
04/08/2025 14:57:58 - INFO - End of Episode.
|Episode 061/100| time: 45.02|
|Def Loss 0.0337 | Def Reward in ep 392|
|Att Loss Dos 0.0375 | Att Reward in ep 001|
|Att Loss Probe 0.0852 | Att Reward in ep 001|
|Att Loss R2L 0.0743 | Att Reward in ep 003|
|Att Loss U2R 0.2242 | Att Reward in ep 003|
|Def Estimated: [89 77 76 82 76]| Att Labels: [89 78 76 80 77]|
|Def Amount of true predicted attacks: [88 77 75 78 74]|
04/08/2025 14:58:46 - INFO - End of Episode.
|Episode 062/100| time: 44.76|
|Def Loss 0.0376 | Def Reward in ep 393|
|Att Loss Dos 0.0446 | Att Reward in ep 000|
|Att Loss Probe 0.0674 | Att Reward in ep 002|
|Att Loss R2L 0.0724 | Att Reward in ep 003|
|Att Loss U2R 0.2162 | Att Reward in ep 002|
|Def Estimated: [78 85 69 86 82]| Att Labels: [77 84 71 86 82]|
|Def Amount of true predicted attacks: [76 84 69 84 80]|
04/08/2025 14:59:33 - INFO - End of Episode.
|Episode 063/100| time: 43.85|
|Def Loss 0.0378 | Def Reward in ep 387|
|Att Loss Dos 0.0427 | Att Reward in ep 001|
|Att Loss Probe 0.0799 | Att Reward in ep 004|
|Att Loss R2L 0.0747 | Att Reward in ep 006|
|Att Loss U2R 0.2114 | Att Reward in ep 002|
|Def Estimated: [67 87 81 82 83]| Att Labels: [67 86 81 84 82]|
|Def Amount of true predicted attacks: [64 85 79 79 80]|
04/08/2025 15:00:22 - INFO - End of Episode.
|Episode 064/100| time: 45.66|
|Def Loss 0.0454 | Def Reward in ep 391|
|Att Loss Dos 0.0400 | Att Reward in ep 001|
|Att Loss Probe 0.0810 | Att Reward in ep 005|
|Att Loss R2L 0.1003 | Att Reward in ep 003|
|Att Loss U2R 0.1971 | Att Reward in ep 000|
|Def Estimated: [95 81 70 76 78]| Att Labels: [95 79 73 79 74]|
|Def Amount of true predicted attacks: [92 79 70 76 74]|
04/08/2025 15:01:11 - INFO - End of Episode.
|Episode 065/100| time: 45.99|
|Def Loss 0.0453 | Def Reward in ep 394|
|Att Loss Dos 0.0459 | Att Reward in ep 003|
|Att Loss Probe 0.0731 | Att Reward in ep 002|
|Att Loss R2L 0.1009 | Att Reward in ep 000|
|Att Loss U2R 0.2034 | Att Reward in ep 001|
|Def Estimated: [94 70 66 93 77]| Att Labels: [97 71 67 90 75]|
|Def Amount of true predicted attacks: [93 70 66 90 75]|
04/08/2025 15:02:00 - INFO - End of Episode.
|Episode 066/100| time: 45.49|
|Def Loss 0.0372 | Def Reward in ep 395|
|Att Loss Dos 0.0387 | Att Reward in ep 000|
|Att Loss Probe 0.0644 | Att Reward in ep 004|
|Att Loss R2L 0.0984 | Att Reward in ep 001|
|Att Loss U2R 0.2071 | Att Reward in ep 000|
|Def Estimated: [85 82 75 82 76]| Att Labels: [85 82 78 81 74]|
|Def Amount of true predicted attacks: [84 82 75 80 74]|
04/08/2025 15:02:48 - INFO - End of Episode.
|Episode 067/100| time: 45.04|
|Def Loss 0.0374 | Def Reward in ep 394|
|Att Loss Dos 0.0255 | Att Reward in ep 000|
|Att Loss Probe 0.0668 | Att Reward in ep 002|
|Att Loss R2L 0.0801 | Att Reward in ep 002|
|Att Loss U2R 0.1520 | Att Reward in ep 002|
|Def Estimated: [82 90 73 80 75]| Att Labels: [84 88 72 80 76]|
|Def Amount of true predicted attacks: [82 88 71 78 75]|
04/08/2025 15:03:36 - INFO - End of Episode.
|Episode 068/100| time: 44.34|
|Def Loss 0.0401 | Def Reward in ep 388|
|Att Loss Dos 0.0246 | Att Reward in ep 001|
|Att Loss Probe 0.0655 | Att Reward in ep 003|
|Att Loss R2L 0.0969 | Att Reward in ep 008|
|Att Loss U2R 0.1340 | Att Reward in ep 000|
|Def Estimated: [76 87 75 76 86]| Att Labels: [72 87 78 82 81]|
|Def Amount of true predicted attacks: [71 86 75 75 81]|
04/08/2025 15:04:24 - INFO - End of Episode.
|Episode 069/100| time: 44.79|
|Def Loss 0.0429 | Def Reward in ep 390|
|Att Loss Dos 0.0373 | Att Reward in ep 002|
|Att Loss Probe 0.0655 | Att Reward in ep 001|
|Att Loss R2L 0.1000 | Att Reward in ep 006|
|Att Loss U2R 0.1051 | Att Reward in ep 001|
|Def Estimated: [84 82 73 83 78]| Att Labels: [84 83 72 88 73]|
|Def Amount of true predicted attacks: [83 82 71 82 72]|
04/08/2025 15:05:12 - INFO - End of Episode.
|Episode 070/100| time: 44.98|
|Def Loss 0.0503 | Def Reward in ep 388|
|Att Loss Dos 0.0438 | Att Reward in ep 002|
|Att Loss Probe 0.0845 | Att Reward in ep 001|
|Att Loss R2L 0.0777 | Att Reward in ep 005|
|Att Loss U2R 0.1202 | Att Reward in ep 004|
|Def Estimated: [84 83 75 90 68]| Att Labels: [84 82 75 91 68]|
|Def Amount of true predicted attacks: [81 81 74 86 66]|
04/08/2025 15:06:01 - INFO - End of Episode.
|Episode 071/100| time: 45.71|
|Def Loss 0.0498 | Def Reward in ep 383|
|Att Loss Dos 0.0369 | Att Reward in ep 001|
|Att Loss Probe 0.0613 | Att Reward in ep 003|
|Att Loss R2L 0.1027 | Att Reward in ep 008|
|Att Loss U2R 0.1231 | Att Reward in ep 005|
|Def Estimated: [94 88 66 80 72]| Att Labels: [93 84 66 84 73]|
|Def Amount of true predicted attacks: [89 84 65 76 69]|
04/08/2025 15:06:49 - INFO - End of Episode.
|Episode 072/100| time: 44.02|
|Def Loss 0.0509 | Def Reward in ep 393|
|Att Loss Dos 0.0332 | Att Reward in ep 001|
|Att Loss Probe 0.0736 | Att Reward in ep 002|
|Att Loss R2L 0.1143 | Att Reward in ep 003|
|Att Loss U2R 0.1193 | Att Reward in ep 001|
|Def Estimated: [87 84 74 81 74]| Att Labels: [86 84 75 82 73]|
|Def Amount of true predicted attacks: [85 83 74 79 72]|
04/08/2025 15:07:35 - INFO - End of Episode.
|Episode 073/100| time: 42.34|
|Def Loss 0.0443 | Def Reward in ep 385|
|Att Loss Dos 0.0471 | Att Reward in ep 004|
|Att Loss Probe 0.0859 | Att Reward in ep 005|
|Att Loss R2L 0.1006 | Att Reward in ep 004|
|Att Loss U2R 0.1155 | Att Reward in ep 002|
|Def Estimated: [69 89 78 87 77]| Att Labels: [70 92 80 84 74]|
|Def Amount of true predicted attacks: [65 89 78 81 72]|
04/08/2025 15:08:21 - INFO - End of Episode.
|Episode 074/100| time: 42.94|
|Def Loss 0.0423 | Def Reward in ep 394|
|Att Loss Dos 0.0675 | Att Reward in ep 003|
|Att Loss Probe 0.0975 | Att Reward in ep 001|
|Att Loss R2L 0.0894 | Att Reward in ep 001|
|Att Loss U2R 0.1115 | Att Reward in ep 001|
|Def Estimated: [83 85 73 89 70]| Att Labels: [85 87 72 87 69]|
|Def Amount of true predicted attacks: [83 85 72 86 68]|
04/08/2025 15:09:08 - INFO - End of Episode.
|Episode 075/100| time: 42.66|
|Def Loss 0.0362 | Def Reward in ep 391|
|Att Loss Dos 0.0558 | Att Reward in ep 001|
|Att Loss Probe 0.0908 | Att Reward in ep 001|
|Att Loss R2L 0.0890 | Att Reward in ep 005|
|Att Loss U2R 0.1442 | Att Reward in ep 002|
|Def Estimated: [79 83 73 85 80]| Att Labels: [76 83 74 89 78]|
|Def Amount of true predicted attacks: [75 82 73 84 77]|
04/08/2025 15:09:54 - INFO - End of Episode.
|Episode 076/100| time: 43.14|
|Def Loss 0.0314 | Def Reward in ep 392|
|Att Loss Dos 0.0700 | Att Reward in ep 002|
|Att Loss Probe 0.1001 | Att Reward in ep 002|
|Att Loss R2L 0.0946 | Att Reward in ep 003|
|Att Loss U2R 0.1478 | Att Reward in ep 001|
|Def Estimated: [78 82 76 85 79]| Att Labels: [81 81 77 85 76]|
|Def Amount of true predicted attacks: [77 81 76 82 76]|
04/08/2025 15:10:41 - INFO - End of Episode.
|Episode 077/100| time: 43.27|
|Def Loss 0.0324 | Def Reward in ep 392|
|Att Loss Dos 0.0730 | Att Reward in ep 001|
|Att Loss Probe 0.0592 | Att Reward in ep 002|
|Att Loss R2L 0.0932 | Att Reward in ep 004|
|Att Loss U2R 0.1334 | Att Reward in ep 001|
|Def Estimated: [88 83 72 84 73]| Att Labels: [87 84 73 86 70]|
|Def Amount of true predicted attacks: [87 83 71 82 69]|
04/08/2025 15:11:28 - INFO - End of Episode.
|Episode 078/100| time: 43.52|
|Def Loss 0.0295 | Def Reward in ep 391|
|Att Loss Dos 0.0824 | Att Reward in ep 000|
|Att Loss Probe 0.0584 | Att Reward in ep 003|
|Att Loss R2L 0.1157 | Att Reward in ep 003|
|Att Loss U2R 0.1432 | Att Reward in ep 003|
|Def Estimated: [85 90 68 79 78]| Att Labels: [85 89 69 80 77]|
|Def Amount of true predicted attacks: [83 89 68 77 74]|
04/08/2025 15:12:17 - INFO - End of Episode.
|Episode 079/100| time: 44.86|
|Def Loss 0.0263 | Def Reward in ep 395|
|Att Loss Dos 0.0761 | Att Reward in ep 002|
|Att Loss Probe 0.0759 | Att Reward in ep 001|
|Att Loss R2L 0.1288 | Att Reward in ep 000|
|Att Loss U2R 0.1827 | Att Reward in ep 002|
|Def Estimated: [87 83 73 84 73]| Att Labels: [91 83 70 82 74]|
|Def Amount of true predicted attacks: [87 83 70 82 73]|
04/08/2025 15:13:05 - INFO - End of Episode.
|Episode 080/100| time: 44.23|
|Def Loss 0.0359 | Def Reward in ep 394|
|Att Loss Dos 0.0594 | Att Reward in ep 002|
|Att Loss Probe 0.0660 | Att Reward in ep 000|
|Att Loss R2L 0.1214 | Att Reward in ep 002|
|Att Loss U2R 0.1761 | Att Reward in ep 002|
|Def Estimated: [75 87 81 84 73]| Att Labels: [76 88 78 85 73]|
|Def Amount of true predicted attacks: [75 86 78 83 72]|
04/08/2025 15:13:53 - INFO - End of Episode.
|Episode 081/100| time: 44.71|
|Def Loss 0.0366 | Def Reward in ep 390|
|Att Loss Dos 0.0652 | Att Reward in ep 000|
|Att Loss Probe 0.0672 | Att Reward in ep 002|
|Att Loss R2L 0.1212 | Att Reward in ep 005|
|Att Loss U2R 0.1349 | Att Reward in ep 003|
|Def Estimated: [82 94 65 86 73]| Att Labels: [83 90 67 87 73]|
|Def Amount of true predicted attacks: [81 90 65 83 71]|
04/08/2025 15:14:42 - INFO - End of Episode.
|Episode 082/100| time: 44.90|
|Def Loss 0.0326 | Def Reward in ep 395|
|Att Loss Dos 0.0605 | Att Reward in ep 000|
|Att Loss Probe 0.0538 | Att Reward in ep 001|
|Att Loss R2L 0.1137 | Att Reward in ep 002|
|Att Loss U2R 0.1404 | Att Reward in ep 002|
|Def Estimated: [85 78 80 90 67]| Att Labels: [86 76 80 91 67]|
|Def Amount of true predicted attacks: [83 76 80 90 66]|
04/08/2025 15:15:30 - INFO - End of Episode.
|Episode 083/100| time: 44.17|
|Def Loss 0.0471 | Def Reward in ep 392|
|Att Loss Dos 0.0686 | Att Reward in ep 001|
|Att Loss Probe 0.0593 | Att Reward in ep 002|
|Att Loss R2L 0.0892 | Att Reward in ep 001|
|Att Loss U2R 0.1618 | Att Reward in ep 004|
|Def Estimated: [76 87 77 86 74]| Att Labels: [75 86 78 84 77]|
|Def Amount of true predicted attacks: [73 86 76 84 73]|
04/08/2025 15:16:18 - INFO - End of Episode.
|Episode 084/100| time: 44.48|
|Def Loss 0.0368 | Def Reward in ep 392|
|Att Loss Dos 0.0544 | Att Reward in ep 002|
|Att Loss Probe 0.0377 | Att Reward in ep 000|
|Att Loss R2L 0.1009 | Att Reward in ep 003|
|Att Loss U2R 0.1550 | Att Reward in ep 003|
|Def Estimated: [77 85 80 87 71]| Att Labels: [78 85 79 89 69]|
|Def Amount of true predicted attacks: [76 84 79 86 67]|
04/08/2025 15:17:07 - INFO - End of Episode.
|Episode 085/100| time: 44.99|
|Def Loss 0.0333 | Def Reward in ep 382|
|Att Loss Dos 0.0434 | Att Reward in ep 002|
|Att Loss Probe 0.0528 | Att Reward in ep 003|
|Att Loss R2L 0.1113 | Att Reward in ep 006|
|Att Loss U2R 0.1943 | Att Reward in ep 007|
|Def Estimated: [83 85 78 83 71]| Att Labels: [81 84 78 85 72]|
|Def Amount of true predicted attacks: [75 83 77 79 68]|
04/08/2025 15:17:57 - INFO - End of Episode.
|Episode 086/100| time: 45.41|
|Def Loss 0.0483 | Def Reward in ep 396|
|Att Loss Dos 0.0405 | Att Reward in ep 000|
|Att Loss Probe 0.0359 | Att Reward in ep 001|
|Att Loss R2L 0.1010 | Att Reward in ep 001|
|Att Loss U2R 0.2024 | Att Reward in ep 002|
|Def Estimated: [86 84 71 83 76]| Att Labels: [87 84 70 82 77]|
|Def Amount of true predicted attacks: [86 84 70 81 75]|
04/08/2025 15:18:47 - INFO - End of Episode.
|Episode 087/100| time: 46.23|
|Def Loss 0.0383 | Def Reward in ep 392|
|Att Loss Dos 0.0320 | Att Reward in ep 000|
|Att Loss Probe 0.0458 | Att Reward in ep 001|
|Att Loss R2L 0.0818 | Att Reward in ep 003|
|Att Loss U2R 0.2267 | Att Reward in ep 004|
|Def Estimated: [96 85 68 86 65]| Att Labels: [97 85 68 83 67]|
|Def Amount of true predicted attacks: [94 85 68 81 64]|
04/08/2025 15:19:35 - INFO - End of Episode.
|Episode 088/100| time: 44.54|
|Def Loss 0.0397 | Def Reward in ep 395|
|Att Loss Dos 0.0328 | Att Reward in ep 001|
|Att Loss Probe 0.0250 | Att Reward in ep 000|
|Att Loss R2L 0.0680 | Att Reward in ep 002|
|Att Loss U2R 0.2227 | Att Reward in ep 002|
|Def Estimated: [65 88 80 91 76]| Att Labels: [67 88 79 92 74]|
|Def Amount of true predicted attacks: [65 87 79 90 74]|
04/08/2025 15:20:25 - INFO - End of Episode.
|Episode 089/100| time: 45.92|
|Def Loss 0.0425 | Def Reward in ep 388|
|Att Loss Dos 0.0438 | Att Reward in ep 002|
|Att Loss Probe 0.0398 | Att Reward in ep 004|
|Att Loss R2L 0.0823 | Att Reward in ep 003|
|Att Loss U2R 0.2172 | Att Reward in ep 003|
|Def Estimated: [85 86 71 88 70]| Att Labels: [90 87 72 83 68]|
|Def Amount of true predicted attacks: [85 85 70 81 67]|
04/08/2025 15:21:15 - INFO - End of Episode.
|Episode 090/100| time: 45.39|
|Def Loss 0.0431 | Def Reward in ep 392|
|Att Loss Dos 0.0549 | Att Reward in ep 002|
|Att Loss Probe 0.0662 | Att Reward in ep 003|
|Att Loss R2L 0.0850 | Att Reward in ep 001|
|Att Loss U2R 0.2365 | Att Reward in ep 002|
|Def Estimated: [77 84 78 87 74]| Att Labels: [75 85 80 85 75]|
|Def Amount of true predicted attacks: [74 83 78 84 73]|
04/08/2025 15:22:05 - INFO - End of Episode.
|Episode 091/100| time: 46.13|
|Def Loss 0.0390 | Def Reward in ep 392|
|Att Loss Dos 0.0634 | Att Reward in ep 002|
|Att Loss Probe 0.0706 | Att Reward in ep 001|
|Att Loss R2L 0.0578 | Att Reward in ep 002|
|Att Loss U2R 0.2545 | Att Reward in ep 003|
|Def Estimated: [84 90 77 86 63]| Att Labels: [87 88 75 86 64]|
|Def Amount of true predicted attacks: [84 87 74 85 62]|
04/08/2025 15:22:55 - INFO - End of Episode.
|Episode 092/100| time: 45.43|
|Def Loss 0.0425 | Def Reward in ep 396|
|Att Loss Dos 0.0665 | Att Reward in ep 001|
|Att Loss Probe 0.0578 | Att Reward in ep 001|
|Att Loss R2L 0.0564 | Att Reward in ep 002|
|Att Loss U2R 0.2321 | Att Reward in ep 000|
|Def Estimated: [72 89 71 86 82]| Att Labels: [72 89 71 87 81]|
|Def Amount of true predicted attacks: [71 88 70 86 81]|
04/08/2025 15:23:44 - INFO - End of Episode.
|Episode 093/100| time: 45.68|
|Def Loss 0.0372 | Def Reward in ep 390|
|Att Loss Dos 0.0608 | Att Reward in ep 002|
|Att Loss Probe 0.0551 | Att Reward in ep 003|
|Att Loss R2L 0.0603 | Att Reward in ep 003|
|Att Loss U2R 0.2016 | Att Reward in ep 002|
|Def Estimated: [77 87 76 85 75]| Att Labels: [78 87 75 85 75]|
|Def Amount of true predicted attacks: [75 85 74 82 74]|
04/08/2025 15:24:35 - INFO - End of Episode.
|Episode 094/100| time: 46.14|
|Def Loss 0.0306 | Def Reward in ep 393|
|Att Loss Dos 0.0743 | Att Reward in ep 004|
|Att Loss Probe 0.0813 | Att Reward in ep 000|
|Att Loss R2L 0.0535 | Att Reward in ep 002|
|Att Loss U2R 0.2038 | Att Reward in ep 001|
|Def Estimated: [86 78 79 83 74]| Att Labels: [85 81 78 84 72]|
|Def Amount of true predicted attacks: [83 78 78 82 72]|
04/08/2025 15:25:25 - INFO - End of Episode.
|Episode 095/100| time: 46.42|
|Def Loss 0.0320 | Def Reward in ep 392|
|Att Loss Dos 0.0749 | Att Reward in ep 000|
|Att Loss Probe 0.0839 | Att Reward in ep 003|
|Att Loss R2L 0.0745 | Att Reward in ep 003|
|Att Loss U2R 0.1519 | Att Reward in ep 002|
|Def Estimated: [88 88 69 88 67]| Att Labels: [88 88 70 89 65]|
|Def Amount of true predicted attacks: [86 88 68 86 64]|
04/08/2025 15:26:15 - INFO - End of Episode.
|Episode 096/100| time: 45.63|
|Def Loss 0.0298 | Def Reward in ep 395|
|Att Loss Dos 0.0768 | Att Reward in ep 001|
|Att Loss Probe 0.0591 | Att Reward in ep 001|
|Att Loss R2L 0.0620 | Att Reward in ep 001|
|Att Loss U2R 0.1111 | Att Reward in ep 002|
|Def Estimated: [70 87 80 87 76]| Att Labels: [73 85 80 86 76]|
|Def Amount of true predicted attacks: [70 85 80 85 75]|
04/08/2025 15:27:05 - INFO - End of Episode.
|Episode 097/100| time: 45.49|
|Def Loss 0.0318 | Def Reward in ep 391|
|Att Loss Dos 0.0789 | Att Reward in ep 002|
|Att Loss Probe 0.0715 | Att Reward in ep 001|
|Att Loss R2L 0.0684 | Att Reward in ep 003|
|Att Loss U2R 0.1177 | Att Reward in ep 003|
|Def Estimated: [74 92 77 88 69]| Att Labels: [73 91 77 89 70]|
|Def Amount of true predicted attacks: [72 89 76 86 68]|
04/08/2025 15:27:55 - INFO - End of Episode.
|Episode 098/100| time: 45.59|
|Def Loss 0.0272 | Def Reward in ep 393|
|Att Loss Dos 0.0707 | Att Reward in ep 001|
|Att Loss Probe 0.0677 | Att Reward in ep 001|
|Att Loss R2L 0.0755 | Att Reward in ep 001|
|Att Loss U2R 0.1145 | Att Reward in ep 004|
|Def Estimated: [78 90 70 91 71]| Att Labels: [78 90 71 88 73]|
|Def Amount of true predicted attacks: [76 89 70 88 70]|
04/08/2025 15:28:45 - INFO - End of Episode.
|Episode 099/100| time: 45.78|
|Def Loss 0.0285 | Def Reward in ep 395|
|Att Loss Dos 0.0743 | Att Reward in ep 002|
|Att Loss Probe 0.0782 | Att Reward in ep 002|
|Att Loss R2L 0.0604 | Att Reward in ep 001|
|Att Loss U2R 0.1431 | Att Reward in ep 000|
|Def Estimated: [78 92 75 82 73]| Att Labels: [78 93 76 81 72]|
|Def Amount of true predicted attacks: [76 92 74 81 72]|
04/08/2025 15:28:50 - INFO - Model 'attacker_model_dos' saved in: /workspace/models/trained-models/2025-04-08-14-13-WIN-multiple-attackers-formated-data-400minibatch-att-5L-def-3L-lr-0.001/attacker_model_dos.keras
04/08/2025 15:28:50 - INFO - Model summary:
Model: "attacker_model_dos"
_________________________________________________________________
 Layer (type)                Output Shape              Param #   
=================================================================
 dense (Dense)               (None, 100)               12300     
                                                                 
 dense_1 (Dense)             (None, 100)               10100     
                                                                 
 dense_2 (Dense)             (None, 100)               10100     
                                                                 
 dense_3 (Dense)             (None, 100)               10100     
                                                                 
 dense_4 (Dense)             (None, 100)               10100     
                                                                 
 dense_5 (Dense)             (None, 7)                 707       
                                                                 
=================================================================
Total params: 53407 (208.62 KB)
Trainable params: 53407 (208.62 KB)
Non-trainable params: 0 (0.00 Byte)
_________________________________________________________________

04/08/2025 15:28:50 - INFO - Model 'attacker_model_probe' saved in: /workspace/models/trained-models/2025-04-08-14-13-WIN-multiple-attackers-formated-data-400minibatch-att-5L-def-3L-lr-0.001/attacker_model_probe.keras
04/08/2025 15:28:50 - INFO - Model summary:
Model: "attacker_model_probe"
_________________________________________________________________
 Layer (type)                Output Shape              Param #   
=================================================================
 dense_12 (Dense)            (None, 100)               12300     
                                                                 
 dense_13 (Dense)            (None, 100)               10100     
                                                                 
 dense_14 (Dense)            (None, 100)               10100     
                                                                 
 dense_15 (Dense)            (None, 100)               10100     
                                                                 
 dense_16 (Dense)            (None, 100)               10100     
                                                                 
 dense_17 (Dense)            (None, 5)                 505       
                                                                 
=================================================================
Total params: 53205 (207.83 KB)
Trainable params: 53205 (207.83 KB)
Non-trainable params: 0 (0.00 Byte)
_________________________________________________________________

04/08/2025 15:28:50 - INFO - Model 'attacker_model_probe_r2l' saved in: /workspace/models/trained-models/2025-04-08-14-13-WIN-multiple-attackers-formated-data-400minibatch-att-5L-def-3L-lr-0.001/attacker_model_r2l.keras
04/08/2025 15:28:50 - INFO - Model summary:
Model: "attacker_model_probe_r2l"
_________________________________________________________________
 Layer (type)                Output Shape              Param #   
=================================================================
 dense_24 (Dense)            (None, 100)               12300     
                                                                 
 dense_25 (Dense)            (None, 100)               10100     
                                                                 
 dense_26 (Dense)            (None, 100)               10100     
                                                                 
 dense_27 (Dense)            (None, 100)               10100     
                                                                 
 dense_28 (Dense)            (None, 100)               10100     
                                                                 
 dense_29 (Dense)            (None, 9)                 909       
                                                                 
=================================================================
Total params: 53609 (209.41 KB)
Trainable params: 53609 (209.41 KB)
Non-trainable params: 0 (0.00 Byte)
_________________________________________________________________

04/08/2025 15:28:50 - INFO - Model 'attacker_model_probe_u2r' saved in: /workspace/models/trained-models/2025-04-08-14-13-WIN-multiple-attackers-formated-data-400minibatch-att-5L-def-3L-lr-0.001/attacker_model_u2r.keras
04/08/2025 15:28:50 - INFO - Model summary:
Model: "attacker_model_probe_u2r"
_________________________________________________________________
 Layer (type)                Output Shape              Param #   
=================================================================
 dense_36 (Dense)            (None, 100)               12300     
                                                                 
 dense_37 (Dense)            (None, 100)               10100     
                                                                 
 dense_38 (Dense)            (None, 100)               10100     
                                                                 
 dense_39 (Dense)            (None, 100)               10100     
                                                                 
 dense_40 (Dense)            (None, 100)               10100     
                                                                 
 dense_41 (Dense)            (None, 5)                 505       
                                                                 
=================================================================
Total params: 53205 (207.83 KB)
Trainable params: 53205 (207.83 KB)
Non-trainable params: 0 (0.00 Byte)
_________________________________________________________________

04/08/2025 15:28:50 - INFO - Model 'defender_model' saved in: /workspace/models/trained-models/2025-04-08-14-13-WIN-multiple-attackers-formated-data-400minibatch-att-5L-def-3L-lr-0.001/defender_model.keras
04/08/2025 15:28:50 - INFO - Model summary:
Model: "defender_model"
_________________________________________________________________
 Layer (type)                Output Shape              Param #   
=================================================================
 dense_48 (Dense)            (None, 100)               12300     
                                                                 
 dense_49 (Dense)            (None, 100)               10100     
                                                                 
 dense_50 (Dense)            (None, 100)               10100     
                                                                 
 dense_51 (Dense)            (None, 5)                 505       
                                                                 
=================================================================
Total params: 33005 (128.93 KB)
Trainable params: 33005 (128.93 KB)
Non-trainable params: 0 (0.00 Byte)
_________________________________________________________________

04/08/2025 15:28:50 - INFO - Saved trained models.
04/08/2025 15:28:50 - INFO - Total runtime: 01:15:30
04/08/2025 15:28:50 - INFO - End of the script at: 2025-04-08 15:28:50.079577
04/08/2025 15:29:00 - INFO - Debug information saved to /workspace/models/trained-models/2025-04-08-14-13-WIN-multiple-attackers-formated-data-400minibatch-att-5L-def-3L-lr-0.001/logs/debug_info.json
04/08/2025 15:29:00 - INFO - Trying to save summary plots under: /workspace/models/trained-models/2025-04-08-14-13-WIN-multiple-attackers-formated-data-400minibatch-att-5L-def-3L-lr-0.001/plots/
04/08/2025 15:29:01 - INFO - Plotted rewards and losses during training in: /workspace/models/trained-models/2025-04-08-14-13-WIN-multiple-attackers-formated-data-400minibatch-att-5L-def-3L-lr-0.001/plots/
04/08/2025 15:29:02 - INFO - Plotted attack distributions during training in: /workspace/models/trained-models/2025-04-08-14-13-WIN-multiple-attackers-formated-data-400minibatch-att-5L-def-3L-lr-0.001/plots/
04/08/2025 15:29:05 - INFO - Start testing the trained model.
04/08/2025 15:29:05 - INFO - Model 'defender_model' loaded from: /workspace/models/trained-models/2025-04-08-14-13-WIN-multiple-attackers-formated-data-400minibatch-att-5L-def-3L-lr-0.001/defender_model.keras
04/08/2025 15:29:05 - INFO - Model summary:
Model: "defender_model"
_________________________________________________________________
 Layer (type)                Output Shape              Param #   
=================================================================
 dense_48 (Dense)            (None, 100)               12300     
                                                                 
 dense_49 (Dense)            (None, 100)               10100     
                                                                 
 dense_50 (Dense)            (None, 100)               10100     
                                                                 
 dense_51 (Dense)            (None, 5)                 505       
                                                                 
=================================================================
Total params: 33005 (128.93 KB)
Trainable params: 33005 (128.93 KB)
Non-trainable params: 0 (0.00 Byte)
_________________________________________________________________

04/08/2025 15:29:05 - INFO - Reading formated train data from: /workspace/data/datasets/formated/formated_training_data.csv
04/08/2025 15:29:05 - INFO - Reading formated test data from: /workspace/data/datasets/formated/formated_test_data.csv
04/08/2025 15:29:07 - INFO - Overall overview
Total reward: 17734 | Number of samples: 22544 | Accuracy = 78.66%
04/08/2025 15:29:07 - INFO - Overall overview per attack type
        Estimated Correct Total   F1_score Mismatch
normal      12656    9385  9711  83.918272     2945
DoS          6720    6146  7458  86.697701      738
Probe        1679    1446  2421  70.536585      742
R2L          1287     718  2754  35.535758     1467
U2R           202      39   200  19.402985        2
General                          76.917891         
04/08/2025 15:29:07 - INFO - Performance measures on Test data
04/08/2025 15:29:07 - INFO - Accuracy =  0.7866
04/08/2025 15:29:07 - INFO - F1 =  0.7692
04/08/2025 15:29:07 - INFO - Precision_score =  0.7843
04/08/2025 15:29:07 - INFO - recall_score =  0.7866
04/08/2025 15:29:07 - INFO - Normalized confusion matrix
04/08/2025 15:29:07 - INFO - 
Confusion Matrix:
[[9.66e-01 9.16e-03 1.89e-02 2.57e-03 2.88e-03]
 [1.32e-01 8.24e-01 3.22e-03 4.02e-02 5.36e-04]
 [1.43e-01 1.58e-01 5.97e-01 9.58e-02 5.78e-03]
 [6.56e-01 3.70e-02 3.27e-03 2.61e-01 4.25e-02]
 [6.65e-01 0.00e+00 8.00e-02 6.00e-02 1.95e-01]]
04/08/2025 15:29:07 - INFO - Plotted confusion matrix in: /workspace/models/trained-models/2025-04-08-14-13-WIN-multiple-attackers-formated-data-400minibatch-att-5L-def-3L-lr-0.001/plots/
04/08/2025 15:29:09 - INFO - 
One vs All metrics: 
     name  accuracy        f1 precision    recall
0  normal  0.840445  0.839183  0.741546   0.96643
1     DoS  0.916341  0.866977  0.914583  0.824082
2     R2L  0.884448  0.355358  0.557887  0.260712
3   Probe  0.946416  0.705366  0.861227  0.597274
4     U2R  0.985628   0.19403  0.193069     0.195
04/08/2025 15:29:09 - INFO - Model metrics: 
loss=0.07674159109592438, mse=0.1621142029762268, mae=0.2566474676132202
04/08/2025 15:29:09 - INFO - Optimizer config: {'name': 'Adam', 'weight_decay': None, 'clipnorm': None, 'global_clipnorm': None, 'clipvalue': None, 'use_ema': False, 'ema_momentum': 0.99, 'ema_overwrite_frequency': None, 'jit_compile': True, 'is_legacy_optimizer': False, 'learning_rate': 0.001, 'beta_1': 0.9, 'beta_2': 0.999, 'epsilon': 1e-07, 'amsgrad': False}
04/08/2025 15:29:09 - INFO - Time needed for testing: 3.732074499130249
04/08/2025 15:29:09 - INFO - Classification report:
              precision    recall  f1-score   support

      normal       0.74      0.97      0.84      9711
         DoS       0.91      0.82      0.87      7458
       Probe       0.86      0.60      0.71      2421
         R2L       0.56      0.26      0.36      2754
         U2R       0.19      0.20      0.19       200

    accuracy                           0.79     22544
   macro avg       0.65      0.57      0.59     22544
weighted avg       0.78      0.79      0.77     22544

