05/06/2025 17:13:21 - INFO - Started script at: 2025-05-06-17-13
Current working dir: /workspace
Used data files: 
/workspace/data/datasets/origin-kaggle-com/nsl-kdd/KDDTrain+.txt,
/workspace/data/datasets/origin-kaggle-com/nsl-kdd/KDDTest+.txt
05/06/2025 17:13:21 - INFO - Creating enviroment...
05/06/2025 17:13:21 - INFO - Reading formated train data from: /workspace/data/datasets/formated/balanced_training_data.csv
05/06/2025 17:13:21 - INFO - Reading formated test data from: /workspace/data/datasets/formated/balanced_test_data.csv
05/06/2025 17:13:22 - INFO - Initializing Attacker:Eve's ReplayMemory with observation_size=122 and max_size=1000
05/06/2025 17:13:22 - WARNING - Skipping variable loading for optimizer 'Adam', because it has 25 variables whereas the saved optimizer has 1 variables. 
05/06/2025 17:13:22 - INFO - Initializing Defender's ReplayMemory with observation_size=122 and max_size=1000
05/06/2025 17:13:22 - WARNING - Skipping variable loading for optimizer 'Adam', because it has 17 variables whereas the saved optimizer has 1 variables. 
05/06/2025 17:13:22 - INFO - Start Training with the following parameters:
-----------------------------------------------------------------------------------------------------------------------
Total episodes: 100 | Iterations in episode: 100 | <Attacker> Minibatch from mem size: 100 | Total Samples: 10000 | <Defender> Minibatch from mem size: 100 | Data shape: (127746, 162)
-----------------------------------------------------------------------------------------------------------------------
Attacker<Attack-Type>: Num_actions=23 | gamma=0.001 | epsilon=1 | ANN hidden size=100 | ANN hidden layers=5 | Learning rate=0.001
-----------------------------------------------------------------------------------------------------------------------
Defender: Num_actions=5 | gamma=0.001 | epsilon=1 | ANN hidden size=100 | ANN hidden layers=3 | Learning rate=0.001
-----------------------------------------------------------------------------------------------------------------------
Used Attack types: '['normal', 'DoS', 'Probe', 'R2L', 'U2R']' | Attack name(s): ['normal', 'back', 'land', 'neptune', 'pod', 'smurf', 'teardrop', 'ipsweep', 'nmap', 'portsweep', 'satan', 'ftp_write', 'guess_passwd', 'imap', 'multihop', 'phf', 'spy', 'warezclient', 'warezmaster', 'loadmodule', 'perl', 'rootkit', 'httptunnel']
-----------------------------------------------------------------------------------------------------------------------

05/06/2025 17:13:23 - INFO - End of Epoch.
|Epoch 000/100| time: 0.87|
|Def Loss 0.0000 | Def Reward in ep 018|
|Att Loss 0.0000 | Att Reward in ep 082|
|Def Estimated: [19 14 21 18 28]| Att Labels: [ 4 22 21 40 13]|
|Def Amount of true predicted attacks: [1 2 4 7 4]|
05/06/2025 17:13:24 - WARNING - 5 out of the last 5 calls to <function QNetwork.predict at 0x7c23b7562700> triggered tf.function retracing. Tracing is expensive and the excessive number of tracings could be due to (1) creating @tf.function repeatedly in a loop, (2) passing tensors with different shapes, (3) passing Python objects instead of tensors. For (1), please define your @tf.function outside of the loop. For (2), @tf.function has reduce_retracing=True option that can avoid unnecessary retracing. For (3), please refer to https://www.tensorflow.org/guide/function#controlling_retracing and https://www.tensorflow.org/api_docs/python/tf/function for  more details.
05/06/2025 17:13:25 - WARNING - 6 out of the last 11 calls to <function QNetwork.predict at 0x7c23b7562700> triggered tf.function retracing. Tracing is expensive and the excessive number of tracings could be due to (1) creating @tf.function repeatedly in a loop, (2) passing tensors with different shapes, (3) passing Python objects instead of tensors. For (1), please define your @tf.function outside of the loop. For (2), @tf.function has reduce_retracing=True option that can avoid unnecessary retracing. For (3), please refer to https://www.tensorflow.org/guide/function#controlling_retracing and https://www.tensorflow.org/api_docs/python/tf/function for  more details.
05/06/2025 17:13:33 - INFO - End of Epoch.
|Epoch 001/100| time: 9.74|
|Def Loss 0.4335 | Def Reward in ep 047|
|Att Loss 0.5063 | Att Reward in ep 053|
|Def Estimated: [ 8 18 18 37 19]| Att Labels: [ 7 27 17 33 16]|
|Def Amount of true predicted attacks: [ 1 11 10 18  7]|
05/06/2025 17:13:41 - INFO - End of Epoch.
|Epoch 002/100| time: 8.13|
|Def Loss 0.1464 | Def Reward in ep 081|
|Att Loss 0.3355 | Att Reward in ep 019|
|Def Estimated: [ 1 25 14 41 19]| Att Labels: [ 5 19 12 40 24]|
|Def Amount of true predicted attacks: [ 1 19 12 35 14]|
05/06/2025 17:13:49 - INFO - End of Epoch.
|Epoch 003/100| time: 8.77|
|Def Loss 0.1203 | Def Reward in ep 085|
|Att Loss 0.3389 | Att Reward in ep 015|
|Def Estimated: [ 0 31 26 30 13]| Att Labels: [ 7 28 23 24 18]|
|Def Amount of true predicted attacks: [ 0 26 22 24 13]|
05/06/2025 17:13:58 - INFO - End of Epoch.
|Epoch 004/100| time: 8.66|
|Def Loss 0.1258 | Def Reward in ep 091|
|Att Loss 0.3055 | Att Reward in ep 009|
|Def Estimated: [ 6 27 17 36 14]| Att Labels: [ 8 27 14 35 16]|
|Def Amount of true predicted attacks: [ 5 26 14 32 14]|
05/06/2025 17:14:07 - INFO - End of Epoch.
|Epoch 005/100| time: 9.27|
|Def Loss 0.1280 | Def Reward in ep 092|
|Att Loss 0.3067 | Att Reward in ep 008|
|Def Estimated: [12 27 17 33 11]| Att Labels: [12 27 16 35 10]|
|Def Amount of true predicted attacks: [10 24 16 33  9]|
05/06/2025 17:14:16 - INFO - End of Epoch.
|Epoch 006/100| time: 9.03|
|Def Loss 0.1078 | Def Reward in ep 093|
|Att Loss 0.2811 | Att Reward in ep 007|
|Def Estimated: [ 6 28  6 34 26]| Att Labels: [ 7 26  7 36 24]|
|Def Amount of true predicted attacks: [ 5 26  6 33 23]|
05/06/2025 17:14:26 - INFO - End of Epoch.
|Epoch 007/100| time: 9.11|
|Def Loss 0.0944 | Def Reward in ep 090|
|Att Loss 0.2583 | Att Reward in ep 010|
|Def Estimated: [11 24 17 32 16]| Att Labels: [ 9 24 16 32 19]|
|Def Amount of true predicted attacks: [ 7 22 16 30 15]|
05/06/2025 17:14:35 - INFO - End of Epoch.
|Epoch 008/100| time: 9.02|
|Def Loss 0.0989 | Def Reward in ep 097|
|Att Loss 0.2474 | Att Reward in ep 003|
|Def Estimated: [10 24 12 38 16]| Att Labels: [11 25 12 38 14]|
|Def Amount of true predicted attacks: [ 9 24 12 38 14]|
05/06/2025 17:14:43 - INFO - End of Epoch.
|Epoch 009/100| time: 8.90|
|Def Loss 0.0814 | Def Reward in ep 094|
|Att Loss 0.2417 | Att Reward in ep 006|
|Def Estimated: [11 25 14 31 19]| Att Labels: [11 24 13 30 22]|
|Def Amount of true predicted attacks: [ 9 24 13 29 19]|
05/06/2025 17:14:53 - INFO - End of Epoch.
|Epoch 010/100| time: 9.49|
|Def Loss 0.0960 | Def Reward in ep 094|
|Att Loss 0.1739 | Att Reward in ep 006|
|Def Estimated: [12 24 12 30 22]| Att Labels: [16 24 11 29 20]|
|Def Amount of true predicted attacks: [11 24 11 28 20]|
05/06/2025 17:15:02 - INFO - End of Epoch.
|Epoch 011/100| time: 9.47|
|Def Loss 0.0761 | Def Reward in ep 088|
|Att Loss 0.1034 | Att Reward in ep 012|
|Def Estimated: [13 21 22 34 10]| Att Labels: [13 23 21 33 10]|
|Def Amount of true predicted attacks: [10 20 20 30  8]|
05/06/2025 17:15:11 - INFO - End of Epoch.
|Epoch 012/100| time: 9.00|
|Def Loss 0.0769 | Def Reward in ep 092|
|Att Loss 0.0592 | Att Reward in ep 008|
|Def Estimated: [ 8 24 15 33 20]| Att Labels: [13 21 16 30 20]|
|Def Amount of true predicted attacks: [ 8 21 15 30 18]|
05/06/2025 17:15:21 - INFO - End of Epoch.
|Epoch 013/100| time: 9.56|
|Def Loss 0.0816 | Def Reward in ep 092|
|Att Loss 0.0493 | Att Reward in ep 008|
|Def Estimated: [13 16 20 36 15]| Att Labels: [16 17 18 34 15]|
|Def Amount of true predicted attacks: [12 15 18 33 14]|
05/06/2025 17:15:31 - INFO - End of Epoch.
|Epoch 014/100| time: 9.79|
|Def Loss 0.0731 | Def Reward in ep 092|
|Att Loss 0.0358 | Att Reward in ep 008|
|Def Estimated: [18 29 18 22 13]| Att Labels: [24 26 19 18 13]|
|Def Amount of true predicted attacks: [18 26 18 18 12]|
05/06/2025 17:15:41 - INFO - End of Epoch.
|Epoch 015/100| time: 9.97|
|Def Loss 0.0923 | Def Reward in ep 092|
|Att Loss 0.0282 | Att Reward in ep 008|
|Def Estimated: [13 20 16 32 19]| Att Labels: [16 19 16 30 19]|
|Def Amount of true predicted attacks: [12 19 15 29 17]|
05/06/2025 17:15:51 - INFO - End of Epoch.
|Epoch 016/100| time: 9.88|
|Def Loss 0.0756 | Def Reward in ep 091|
|Att Loss 0.0239 | Att Reward in ep 009|
|Def Estimated: [19 20 17 29 15]| Att Labels: [22 19 16 28 15]|
|Def Amount of true predicted attacks: [17 19 15 27 13]|
05/06/2025 17:16:00 - INFO - End of Epoch.
|Epoch 017/100| time: 9.39|
|Def Loss 0.0654 | Def Reward in ep 093|
|Att Loss 0.0259 | Att Reward in ep 007|
|Def Estimated: [16 18 10 36 20]| Att Labels: [19 13 10 36 22]|
|Def Amount of true predicted attacks: [15 13 10 35 20]|
05/06/2025 17:16:09 - INFO - End of Epoch.
|Epoch 018/100| time: 9.46|
|Def Loss 0.0555 | Def Reward in ep 097|
|Att Loss 0.0183 | Att Reward in ep 003|
|Def Estimated: [16 27 14 29 14]| Att Labels: [16 26 13 29 16]|
|Def Amount of true predicted attacks: [15 26 13 29 14]|
05/06/2025 17:16:19 - INFO - End of Epoch.
|Epoch 019/100| time: 9.79|
|Def Loss 0.0360 | Def Reward in ep 090|
|Att Loss 0.0269 | Att Reward in ep 010|
|Def Estimated: [13 24 16 32 15]| Att Labels: [13 21 14 38 14]|
|Def Amount of true predicted attacks: [11 21 14 31 13]|
05/06/2025 17:16:29 - INFO - End of Epoch.
|Epoch 020/100| time: 9.59|
|Def Loss 0.0568 | Def Reward in ep 094|
|Att Loss 0.0244 | Att Reward in ep 006|
|Def Estimated: [12 23 18 37 10]| Att Labels: [14 22 17 37 10]|
|Def Amount of true predicted attacks: [12 21 16 35 10]|
05/06/2025 17:16:39 - INFO - End of Epoch.
|Epoch 021/100| time: 9.71|
|Def Loss 0.0455 | Def Reward in ep 096|
|Att Loss 0.0234 | Att Reward in ep 004|
|Def Estimated: [20 22 15 23 20]| Att Labels: [18 22 16 24 20]|
|Def Amount of true predicted attacks: [18 21 15 23 19]|
05/06/2025 17:16:49 - INFO - End of Epoch.
|Epoch 022/100| time: 10.10|
|Def Loss 0.0292 | Def Reward in ep 093|
|Att Loss 0.0251 | Att Reward in ep 007|
|Def Estimated: [18 22 10 31 19]| Att Labels: [19 21 10 33 17]|
|Def Amount of true predicted attacks: [17 21 10 29 16]|
05/06/2025 17:16:58 - INFO - End of Epoch.
|Epoch 023/100| time: 9.86|
|Def Loss 0.0252 | Def Reward in ep 094|
|Att Loss 0.0234 | Att Reward in ep 006|
|Def Estimated: [16 25 10 35 14]| Att Labels: [18 25 11 32 14]|
|Def Amount of true predicted attacks: [16 25 10 31 12]|
05/06/2025 17:17:09 - INFO - End of Epoch.
|Epoch 024/100| time: 10.14|
|Def Loss 0.0356 | Def Reward in ep 094|
|Att Loss 0.0238 | Att Reward in ep 006|
|Def Estimated: [16 15 18 33 18]| Att Labels: [16 14 18 31 21]|
|Def Amount of true predicted attacks: [15 14 17 30 18]|
05/06/2025 17:17:19 - INFO - End of Epoch.
|Epoch 025/100| time: 9.88|
|Def Loss 0.0377 | Def Reward in ep 095|
|Att Loss 0.0225 | Att Reward in ep 005|
|Def Estimated: [18 26 11 35 10]| Att Labels: [18 25 12 37  8]|
|Def Amount of true predicted attacks: [17 25 11 34  8]|
05/06/2025 17:17:28 - INFO - End of Epoch.
|Epoch 026/100| time: 9.81|
|Def Loss 0.0469 | Def Reward in ep 096|
|Att Loss 0.0224 | Att Reward in ep 004|
|Def Estimated: [13 27 17 25 18]| Att Labels: [15 27 17 24 17]|
|Def Amount of true predicted attacks: [13 26 16 24 17]|
05/06/2025 17:17:39 - INFO - End of Epoch.
|Epoch 027/100| time: 10.28|
|Def Loss 0.0365 | Def Reward in ep 096|
|Att Loss 0.0249 | Att Reward in ep 004|
|Def Estimated: [ 8 22 15 35 20]| Att Labels: [10 21 15 34 20]|
|Def Amount of true predicted attacks: [ 8 21 15 33 19]|
05/06/2025 17:17:49 - INFO - End of Epoch.
|Epoch 028/100| time: 10.03|
|Def Loss 0.0452 | Def Reward in ep 094|
|Att Loss 0.0254 | Att Reward in ep 006|
|Def Estimated: [16 22 16 25 21]| Att Labels: [19 20 18 23 20]|
|Def Amount of true predicted attacks: [16 20 16 23 19]|
05/06/2025 17:17:59 - INFO - End of Epoch.
|Epoch 029/100| time: 10.22|
|Def Loss 0.0405 | Def Reward in ep 091|
|Att Loss 0.0259 | Att Reward in ep 009|
|Def Estimated: [11 23 18 39  9]| Att Labels: [12 22 15 41 10]|
|Def Amount of true predicted attacks: [ 9 22 14 38  8]|
05/06/2025 17:18:09 - INFO - End of Epoch.
|Epoch 030/100| time: 9.93|
|Def Loss 0.0396 | Def Reward in ep 096|
|Att Loss 0.0252 | Att Reward in ep 004|
|Def Estimated: [11 19 18 38 14]| Att Labels: [13 18 18 38 13]|
|Def Amount of true predicted attacks: [10 18 18 37 13]|
05/06/2025 17:18:19 - INFO - End of Epoch.
|Epoch 031/100| time: 9.98|
|Def Loss 0.0443 | Def Reward in ep 096|
|Att Loss 0.0299 | Att Reward in ep 004|
|Def Estimated: [15 21 14 37 13]| Att Labels: [14 20 15 38 13]|
|Def Amount of true predicted attacks: [14 20 14 36 12]|
05/06/2025 17:18:29 - INFO - End of Epoch.
|Epoch 032/100| time: 10.61|
|Def Loss 0.0388 | Def Reward in ep 097|
|Att Loss 0.0307 | Att Reward in ep 003|
|Def Estimated: [18 18 18 29 17]| Att Labels: [19 16 18 29 18]|
|Def Amount of true predicted attacks: [18 16 18 28 17]|
05/06/2025 17:18:39 - INFO - End of Epoch.
|Epoch 033/100| time: 10.03|
|Def Loss 0.0430 | Def Reward in ep 097|
|Att Loss 0.0240 | Att Reward in ep 003|
|Def Estimated: [16 18 14 35 17]| Att Labels: [15 19 14 35 17]|
|Def Amount of true predicted attacks: [15 18 13 34 17]|
05/06/2025 17:18:50 - INFO - End of Epoch.
|Epoch 034/100| time: 10.14|
|Def Loss 0.0373 | Def Reward in ep 096|
|Att Loss 0.0255 | Att Reward in ep 004|
|Def Estimated: [16 22 21 23 18]| Att Labels: [17 23 20 23 17]|
|Def Amount of true predicted attacks: [15 22 20 23 16]|
05/06/2025 17:19:00 - INFO - End of Epoch.
|Epoch 035/100| time: 10.49|
|Def Loss 0.0335 | Def Reward in ep 092|
|Att Loss 0.0327 | Att Reward in ep 008|
|Def Estimated: [14 23 13 40 10]| Att Labels: [15 23 14 38 10]|
|Def Amount of true predicted attacks: [12 23 12 37  8]|
05/06/2025 17:19:10 - INFO - End of Epoch.
|Epoch 036/100| time: 10.04|
|Def Loss 0.0257 | Def Reward in ep 097|
|Att Loss 0.0311 | Att Reward in ep 003|
|Def Estimated: [11 28 13 28 20]| Att Labels: [13 28 13 26 20]|
|Def Amount of true predicted attacks: [11 28 13 26 19]|
05/06/2025 17:19:21 - INFO - End of Epoch.
|Epoch 037/100| time: 10.55|
|Def Loss 0.0303 | Def Reward in ep 099|
|Att Loss 0.0252 | Att Reward in ep 001|
|Def Estimated: [12 24 19 30 15]| Att Labels: [12 23 19 30 16]|
|Def Amount of true predicted attacks: [12 23 19 30 15]|
05/06/2025 17:19:31 - INFO - End of Epoch.
|Epoch 038/100| time: 10.22|
|Def Loss 0.0236 | Def Reward in ep 095|
|Att Loss 0.0289 | Att Reward in ep 005|
|Def Estimated: [14 22 20 35  9]| Att Labels: [18 21 20 33  8]|
|Def Amount of true predicted attacks: [14 21 20 32  8]|
05/06/2025 17:19:41 - INFO - End of Epoch.
|Epoch 039/100| time: 10.42|
|Def Loss 0.0211 | Def Reward in ep 095|
|Att Loss 0.0288 | Att Reward in ep 005|
|Def Estimated: [16 28 13 30 13]| Att Labels: [18 28 11 28 15]|
|Def Amount of true predicted attacks: [16 27 11 28 13]|
05/06/2025 17:19:52 - INFO - End of Epoch.
|Epoch 040/100| time: 10.64|
|Def Loss 0.0311 | Def Reward in ep 097|
|Att Loss 0.0236 | Att Reward in ep 003|
|Def Estimated: [11 26 13 35 15]| Att Labels: [13 25 14 33 15]|
|Def Amount of true predicted attacks: [11 25 13 33 15]|
05/06/2025 17:20:02 - INFO - End of Epoch.
|Epoch 041/100| time: 10.30|
|Def Loss 0.0482 | Def Reward in ep 095|
|Att Loss 0.0182 | Att Reward in ep 005|
|Def Estimated: [18 25 17 28 12]| Att Labels: [18 23 18 29 12]|
|Def Amount of true predicted attacks: [16 23 17 28 11]|
05/06/2025 17:20:13 - INFO - End of Epoch.
|Epoch 042/100| time: 10.81|
|Def Loss 0.0635 | Def Reward in ep 095|
|Att Loss 0.0165 | Att Reward in ep 005|
|Def Estimated: [17 17 23 22 21]| Att Labels: [17 19 22 24 18]|
|Def Amount of true predicted attacks: [16 17 22 22 18]|
05/06/2025 17:20:23 - INFO - End of Epoch.
|Epoch 043/100| time: 10.06|
|Def Loss 0.0413 | Def Reward in ep 099|
|Att Loss 0.0177 | Att Reward in ep 001|
|Def Estimated: [11 22 13 37 17]| Att Labels: [10 22 13 38 17]|
|Def Amount of true predicted attacks: [10 22 13 37 17]|
05/06/2025 17:20:33 - INFO - End of Epoch.
|Epoch 044/100| time: 10.40|
|Def Loss 0.0555 | Def Reward in ep 094|
|Att Loss 0.0184 | Att Reward in ep 006|
|Def Estimated: [19 19 16 25 21]| Att Labels: [20 17 16 27 20]|
|Def Amount of true predicted attacks: [18 17 15 25 19]|
05/06/2025 17:20:44 - INFO - End of Epoch.
|Epoch 045/100| time: 10.93|
|Def Loss 0.0317 | Def Reward in ep 099|
|Att Loss 0.0132 | Att Reward in ep 001|
|Def Estimated: [10 27 17 33 13]| Att Labels: [10 28 17 32 13]|
|Def Amount of true predicted attacks: [10 27 17 32 13]|
05/06/2025 17:20:55 - INFO - End of Epoch.
|Epoch 046/100| time: 10.45|
|Def Loss 0.0222 | Def Reward in ep 098|
|Att Loss 0.0107 | Att Reward in ep 002|
|Def Estimated: [21 17 17 30 15]| Att Labels: [19 17 17 31 16]|
|Def Amount of true predicted attacks: [19 17 17 30 15]|
05/06/2025 17:21:06 - INFO - End of Epoch.
|Epoch 047/100| time: 10.91|
|Def Loss 0.0230 | Def Reward in ep 092|
|Att Loss 0.0167 | Att Reward in ep 008|
|Def Estimated: [20 15 26 25 14]| Att Labels: [19 15 25 24 17]|
|Def Amount of true predicted attacks: [18 15 23 23 13]|
05/06/2025 17:21:16 - INFO - End of Epoch.
|Epoch 048/100| time: 10.12|
|Def Loss 0.0298 | Def Reward in ep 098|
|Att Loss 0.0167 | Att Reward in ep 002|
|Def Estimated: [11 14 15 44 16]| Att Labels: [12 14 14 43 17]|
|Def Amount of true predicted attacks: [11 14 14 43 16]|
05/06/2025 17:21:26 - INFO - End of Epoch.
|Epoch 049/100| time: 10.31|
|Def Loss 0.0244 | Def Reward in ep 097|
|Att Loss 0.0158 | Att Reward in ep 003|
|Def Estimated: [17 24 15 28 16]| Att Labels: [17 24 15 27 17]|
|Def Amount of true predicted attacks: [16 24 15 26 16]|
05/06/2025 17:21:37 - INFO - End of Epoch.
|Epoch 050/100| time: 10.89|
|Def Loss 0.0170 | Def Reward in ep 099|
|Att Loss 0.0164 | Att Reward in ep 001|
|Def Estimated: [13 27 22 27 11]| Att Labels: [14 27 22 26 11]|
|Def Amount of true predicted attacks: [13 27 22 26 11]|
05/06/2025 17:21:48 - INFO - End of Epoch.
|Epoch 051/100| time: 10.68|
|Def Loss 0.0170 | Def Reward in ep 097|
|Att Loss 0.0129 | Att Reward in ep 003|
|Def Estimated: [23 17 21 29 10]| Att Labels: [22 16 21 29 12]|
|Def Amount of true predicted attacks: [22 16 21 28 10]|
05/06/2025 17:21:58 - INFO - End of Epoch.
|Epoch 052/100| time: 10.58|
|Def Loss 0.0180 | Def Reward in ep 097|
|Att Loss 0.0118 | Att Reward in ep 003|
|Def Estimated: [20 25 12 26 17]| Att Labels: [20 25 11 26 18]|
|Def Amount of true predicted attacks: [19 25 11 26 16]|
05/06/2025 17:22:09 - INFO - End of Epoch.
|Epoch 053/100| time: 10.75|
|Def Loss 0.0203 | Def Reward in ep 096|
|Att Loss 0.0102 | Att Reward in ep 004|
|Def Estimated: [15 29 19 26 11]| Att Labels: [14 30 18 24 14]|
|Def Amount of true predicted attacks: [14 29 18 24 11]|
05/06/2025 17:22:19 - INFO - End of Epoch.
|Epoch 054/100| time: 10.11|
|Def Loss 0.0439 | Def Reward in ep 094|
|Att Loss 0.0089 | Att Reward in ep 006|
|Def Estimated: [12 26 11 36 15]| Att Labels: [11 26 12 34 17]|
|Def Amount of true predicted attacks: [10 26 11 32 15]|
05/06/2025 17:22:30 - INFO - End of Epoch.
|Epoch 055/100| time: 10.89|
|Def Loss 0.0463 | Def Reward in ep 098|
|Att Loss 0.0129 | Att Reward in ep 002|
|Def Estimated: [16 18 20 26 20]| Att Labels: [17 18 19 26 20]|
|Def Amount of true predicted attacks: [16 18 19 25 20]|
05/06/2025 17:22:40 - INFO - End of Epoch.
|Epoch 056/100| time: 10.30|
|Def Loss 0.0478 | Def Reward in ep 098|
|Att Loss 0.0101 | Att Reward in ep 002|
|Def Estimated: [ 8 34 21 25 12]| Att Labels: [ 9 33 22 24 12]|
|Def Amount of true predicted attacks: [ 8 33 21 24 12]|
05/06/2025 17:22:51 - INFO - End of Epoch.
|Epoch 057/100| time: 10.55|
|Def Loss 0.0319 | Def Reward in ep 095|
|Att Loss 0.0069 | Att Reward in ep 005|
|Def Estimated: [19 25 15 23 18]| Att Labels: [19 25 15 23 18]|
|Def Amount of true predicted attacks: [17 24 15 21 18]|
05/06/2025 17:23:02 - INFO - End of Epoch.
|Epoch 058/100| time: 10.85|
|Def Loss 0.0337 | Def Reward in ep 097|
|Att Loss 0.0090 | Att Reward in ep 003|
|Def Estimated: [16 28  6 36 14]| Att Labels: [15 28  6 37 14]|
|Def Amount of true predicted attacks: [14 28  6 35 14]|
05/06/2025 17:23:12 - INFO - End of Epoch.
|Epoch 059/100| time: 10.20|
|Def Loss 0.0547 | Def Reward in ep 095|
|Att Loss 0.0094 | Att Reward in ep 005|
|Def Estimated: [ 9 30 16 31 14]| Att Labels: [ 8 29 15 33 15]|
|Def Amount of true predicted attacks: [ 7 29 15 31 13]|
05/06/2025 17:23:23 - INFO - End of Epoch.
|Epoch 060/100| time: 10.83|
|Def Loss 0.0555 | Def Reward in ep 096|
|Att Loss 0.0152 | Att Reward in ep 004|
|Def Estimated: [13 30 15 27 15]| Att Labels: [15 29 16 25 15]|
|Def Amount of true predicted attacks: [13 29 15 24 15]|
05/06/2025 17:23:33 - INFO - End of Epoch.
|Epoch 061/100| time: 10.66|
|Def Loss 0.0593 | Def Reward in ep 090|
|Att Loss 0.0183 | Att Reward in ep 010|
|Def Estimated: [16 23 18 31 12]| Att Labels: [20 21 18 27 14]|
|Def Amount of true predicted attacks: [14 20 18 26 12]|
05/06/2025 17:23:44 - INFO - End of Epoch.
|Epoch 062/100| time: 10.72|
|Def Loss 0.0753 | Def Reward in ep 093|
|Att Loss 0.0169 | Att Reward in ep 007|
|Def Estimated: [17 23 16 33 11]| Att Labels: [21 23 17 30  9]|
|Def Amount of true predicted attacks: [16 23 16 29  9]|
05/06/2025 17:23:55 - INFO - End of Epoch.
|Epoch 063/100| time: 10.91|
|Def Loss 0.0722 | Def Reward in ep 093|
|Att Loss 0.0186 | Att Reward in ep 007|
|Def Estimated: [10 23 16 35 16]| Att Labels: [12 25 16 31 16]|
|Def Amount of true predicted attacks: [10 23 15 30 15]|
05/06/2025 17:24:05 - INFO - End of Epoch.
|Epoch 064/100| time: 10.38|
|Def Loss 0.0514 | Def Reward in ep 098|
|Att Loss 0.0192 | Att Reward in ep 002|
|Def Estimated: [11 24 24 31 10]| Att Labels: [13 23 24 30 10]|
|Def Amount of true predicted attacks: [11 23 24 30 10]|
05/06/2025 17:24:16 - INFO - End of Epoch.
|Epoch 065/100| time: 10.91|
|Def Loss 0.0399 | Def Reward in ep 099|
|Att Loss 0.0175 | Att Reward in ep 001|
|Def Estimated: [15 26 14 32 13]| Att Labels: [15 27 14 32 12]|
|Def Amount of true predicted attacks: [15 26 14 32 12]|
05/06/2025 17:24:27 - INFO - End of Epoch.
|Epoch 066/100| time: 10.52|
|Def Loss 0.0373 | Def Reward in ep 097|
|Att Loss 0.0192 | Att Reward in ep 003|
|Def Estimated: [16 23 17 25 19]| Att Labels: [16 23 18 26 17]|
|Def Amount of true predicted attacks: [15 23 17 25 17]|
05/06/2025 17:24:37 - INFO - End of Epoch.
|Epoch 067/100| time: 10.43|
|Def Loss 0.0413 | Def Reward in ep 097|
|Att Loss 0.0238 | Att Reward in ep 003|
|Def Estimated: [10 28 22 28 12]| Att Labels: [12 28 22 27 11]|
|Def Amount of true predicted attacks: [10 27 22 27 11]|
05/06/2025 17:24:48 - INFO - End of Epoch.
|Epoch 068/100| time: 10.86|
|Def Loss 0.0504 | Def Reward in ep 096|
|Att Loss 0.0217 | Att Reward in ep 004|
|Def Estimated: [12 27 16 33 12]| Att Labels: [10 27 18 33 12]|
|Def Amount of true predicted attacks: [10 26 16 33 11]|
05/06/2025 17:24:59 - INFO - End of Epoch.
|Epoch 069/100| time: 10.35|
|Def Loss 0.0474 | Def Reward in ep 096|
|Att Loss 0.0178 | Att Reward in ep 004|
|Def Estimated: [13 20 18 34 15]| Att Labels: [12 21 19 35 13]|
|Def Amount of true predicted attacks: [12 19 18 34 13]|
05/06/2025 17:25:09 - INFO - End of Epoch.
|Epoch 070/100| time: 10.94|
|Def Loss 0.0380 | Def Reward in ep 099|
|Att Loss 0.0212 | Att Reward in ep 001|
|Def Estimated: [14 22 19 31 14]| Att Labels: [15 22 19 31 13]|
|Def Amount of true predicted attacks: [14 22 19 31 13]|
05/06/2025 17:25:20 - INFO - End of Epoch.
|Epoch 071/100| time: 10.23|
|Def Loss 0.0444 | Def Reward in ep 097|
|Att Loss 0.0188 | Att Reward in ep 003|
|Def Estimated: [ 8 29 13 38 12]| Att Labels: [ 7 30 13 37 13]|
|Def Amount of true predicted attacks: [ 7 29 13 37 11]|
05/06/2025 17:25:30 - INFO - End of Epoch.
|Epoch 072/100| time: 10.17|
|Def Loss 0.0304 | Def Reward in ep 096|
|Att Loss 0.0200 | Att Reward in ep 004|
|Def Estimated: [11 22 18 36 13]| Att Labels: [ 8 22 20 36 14]|
|Def Amount of true predicted attacks: [ 8 22 18 35 13]|
05/06/2025 17:25:41 - INFO - End of Epoch.
|Epoch 073/100| time: 10.94|
|Def Loss 0.0163 | Def Reward in ep 096|
|Att Loss 0.0273 | Att Reward in ep 004|
|Def Estimated: [10 27 15 35 13]| Att Labels: [13 26 14 34 13]|
|Def Amount of true predicted attacks: [10 25 14 34 13]|
05/06/2025 17:25:51 - INFO - End of Epoch.
|Epoch 074/100| time: 10.38|
|Def Loss 0.0169 | Def Reward in ep 095|
|Att Loss 0.0283 | Att Reward in ep 005|
|Def Estimated: [12 28 23 27 10]| Att Labels: [11 27 23 28 11]|
|Def Amount of true predicted attacks: [10 27 22 26 10]|
05/06/2025 17:26:02 - INFO - End of Epoch.
|Epoch 075/100| time: 10.43|
|Def Loss 0.0158 | Def Reward in ep 098|
|Att Loss 0.0238 | Att Reward in ep 002|
|Def Estimated: [13 20 20 31 16]| Att Labels: [14 20 20 29 17]|
|Def Amount of true predicted attacks: [13 20 20 29 16]|
05/06/2025 17:26:13 - INFO - End of Epoch.
|Epoch 076/100| time: 11.00|
|Def Loss 0.0291 | Def Reward in ep 095|
|Att Loss 0.0228 | Att Reward in ep 005|
|Def Estimated: [15 27 11 33 14]| Att Labels: [14 27 10 31 18]|
|Def Amount of true predicted attacks: [14 27  9 31 14]|
05/06/2025 17:26:23 - INFO - End of Epoch.
|Epoch 077/100| time: 10.58|
|Def Loss 0.0381 | Def Reward in ep 095|
|Att Loss 0.0202 | Att Reward in ep 005|
|Def Estimated: [18 24 10 37 11]| Att Labels: [16 25 11 35 13]|
|Def Amount of true predicted attacks: [16 24  9 35 11]|
05/06/2025 17:26:34 - INFO - End of Epoch.
|Epoch 078/100| time: 11.10|
|Def Loss 0.0308 | Def Reward in ep 097|
|Att Loss 0.0175 | Att Reward in ep 003|
|Def Estimated: [14 22 21 32 11]| Att Labels: [14 22 22 30 12]|
|Def Amount of true predicted attacks: [13 22 21 30 11]|
05/06/2025 17:26:45 - INFO - End of Epoch.
|Epoch 079/100| time: 10.51|
|Def Loss 0.0315 | Def Reward in ep 097|
|Att Loss 0.0183 | Att Reward in ep 003|
|Def Estimated: [11 15 21 40 13]| Att Labels: [12 15 21 38 14]|
|Def Amount of true predicted attacks: [10 15 21 38 13]|
05/06/2025 17:26:55 - INFO - End of Epoch.
|Epoch 080/100| time: 10.34|
|Def Loss 0.0260 | Def Reward in ep 100|
|Att Loss 0.0155 | Att Reward in ep 000|
|Def Estimated: [11 18 15 44 12]| Att Labels: [11 18 15 44 12]|
|Def Amount of true predicted attacks: [11 18 15 44 12]|
05/06/2025 17:27:06 - INFO - End of Epoch.
|Epoch 081/100| time: 10.92|
|Def Loss 0.0379 | Def Reward in ep 096|
|Att Loss 0.0195 | Att Reward in ep 004|
|Def Estimated: [12 25 17 26 20]| Att Labels: [11 25 17 26 21]|
|Def Amount of true predicted attacks: [10 24 17 25 20]|
05/06/2025 17:27:16 - INFO - End of Epoch.
|Epoch 082/100| time: 10.31|
|Def Loss 0.0354 | Def Reward in ep 098|
|Att Loss 0.0182 | Att Reward in ep 002|
|Def Estimated: [ 9 21 11 42 17]| Att Labels: [11 21 11 41 16]|
|Def Amount of true predicted attacks: [ 9 21 11 41 16]|
05/06/2025 17:27:27 - INFO - End of Epoch.
|Epoch 083/100| time: 10.92|
|Def Loss 0.0297 | Def Reward in ep 097|
|Att Loss 0.0152 | Att Reward in ep 003|
|Def Estimated: [ 9 25 19 32 15]| Att Labels: [ 9 25 19 31 16]|
|Def Amount of true predicted attacks: [ 8 25 19 30 15]|
05/06/2025 17:27:38 - INFO - End of Epoch.
|Epoch 084/100| time: 10.70|
|Def Loss 0.0395 | Def Reward in ep 098|
|Att Loss 0.0139 | Att Reward in ep 002|
|Def Estimated: [19 23 15 26 17]| Att Labels: [21 23 15 25 16]|
|Def Amount of true predicted attacks: [19 23 15 25 16]|
05/06/2025 17:27:49 - INFO - End of Epoch.
|Epoch 085/100| time: 10.59|
|Def Loss 0.0402 | Def Reward in ep 099|
|Att Loss 0.0114 | Att Reward in ep 001|
|Def Estimated: [18 24 16 29 13]| Att Labels: [17 24 16 29 14]|
|Def Amount of true predicted attacks: [17 24 16 29 13]|
05/06/2025 17:28:00 - INFO - End of Epoch.
|Epoch 086/100| time: 11.12|
|Def Loss 0.0418 | Def Reward in ep 099|
|Att Loss 0.0119 | Att Reward in ep 001|
|Def Estimated: [16 22 15 33 14]| Att Labels: [17 22 15 32 14]|
|Def Amount of true predicted attacks: [16 22 15 32 14]|
05/06/2025 17:28:10 - INFO - End of Epoch.
|Epoch 087/100| time: 10.71|
|Def Loss 0.0291 | Def Reward in ep 099|
|Att Loss 0.0082 | Att Reward in ep 001|
|Def Estimated: [18 24 16 27 15]| Att Labels: [18 24 16 26 16]|
|Def Amount of true predicted attacks: [18 24 16 26 15]|
05/06/2025 17:28:21 - INFO - End of Epoch.
|Epoch 088/100| time: 10.98|
|Def Loss 0.0375 | Def Reward in ep 096|
|Att Loss 0.0093 | Att Reward in ep 004|
|Def Estimated: [ 9 20 19 41 11]| Att Labels: [11 21 18 42  8]|
|Def Amount of true predicted attacks: [ 9 20 18 41  8]|
05/06/2025 17:28:32 - INFO - End of Epoch.
|Epoch 089/100| time: 10.47|
|Def Loss 0.0253 | Def Reward in ep 098|
|Att Loss 0.0134 | Att Reward in ep 002|
|Def Estimated: [12 19 17 37 15]| Att Labels: [13 19 16 38 14]|
|Def Amount of true predicted attacks: [12 19 16 37 14]|
05/06/2025 17:28:42 - INFO - End of Epoch.
|Epoch 090/100| time: 10.42|
|Def Loss 0.0180 | Def Reward in ep 096|
|Att Loss 0.0158 | Att Reward in ep 004|
|Def Estimated: [11 21 16 39 13]| Att Labels: [11 22 16 36 15]|
|Def Amount of true predicted attacks: [10 21 16 36 13]|
05/06/2025 17:28:53 - INFO - End of Epoch.
|Epoch 091/100| time: 10.96|
|Def Loss 0.0357 | Def Reward in ep 093|
|Att Loss 0.0152 | Att Reward in ep 007|
|Def Estimated: [12 25 19 32 12]| Att Labels: [11 25 20 28 16]|
|Def Amount of true predicted attacks: [10 25 19 27 12]|
05/06/2025 17:29:04 - INFO - End of Epoch.
|Epoch 092/100| time: 10.54|
|Def Loss 0.0576 | Def Reward in ep 098|
|Att Loss 0.0116 | Att Reward in ep 002|
|Def Estimated: [13 21 20 34 12]| Att Labels: [12 20 20 35 13]|
|Def Amount of true predicted attacks: [12 20 20 34 12]|
05/06/2025 17:29:14 - INFO - End of Epoch.
|Epoch 093/100| time: 10.35|
|Def Loss 0.0346 | Def Reward in ep 097|
|Att Loss 0.0160 | Att Reward in ep 003|
|Def Estimated: [ 6 27 14 36 17]| Att Labels: [ 5 28 14 36 17]|
|Def Amount of true predicted attacks: [ 4 27 14 35 17]|
05/06/2025 17:29:25 - INFO - End of Epoch.
|Epoch 094/100| time: 10.82|
|Def Loss 0.0266 | Def Reward in ep 096|
|Att Loss 0.0135 | Att Reward in ep 004|
|Def Estimated: [ 8 31 18 27 16]| Att Labels: [ 6 30 19 27 18]|
|Def Amount of true predicted attacks: [ 6 30 17 27 16]|
05/06/2025 17:29:36 - INFO - End of Epoch.
|Epoch 095/100| time: 10.55|
|Def Loss 0.0388 | Def Reward in ep 095|
|Att Loss 0.0171 | Att Reward in ep 005|
|Def Estimated: [14 25 19 22 20]| Att Labels: [14 27 19 19 21]|
|Def Amount of true predicted attacks: [12 25 19 19 20]|
05/06/2025 17:29:47 - INFO - End of Epoch.
|Epoch 096/100| time: 10.99|
|Def Loss 0.0324 | Def Reward in ep 098|
|Att Loss 0.0204 | Att Reward in ep 002|
|Def Estimated: [11 27 19 30 13]| Att Labels: [11 26 20 31 12]|
|Def Amount of true predicted attacks: [11 26 19 30 12]|
05/06/2025 17:29:57 - INFO - End of Epoch.
|Epoch 097/100| time: 10.45|
|Def Loss 0.0276 | Def Reward in ep 097|
|Att Loss 0.0186 | Att Reward in ep 003|
|Def Estimated: [12 21 17 32 18]| Att Labels: [11 20 16 34 19]|
|Def Amount of true predicted attacks: [11 20 16 32 18]|
05/06/2025 17:30:07 - INFO - End of Epoch.
|Epoch 098/100| time: 10.40|
|Def Loss 0.0218 | Def Reward in ep 098|
|Att Loss 0.0193 | Att Reward in ep 002|
|Def Estimated: [ 9 31 12 38 10]| Att Labels: [10 32 10 38 10]|
|Def Amount of true predicted attacks: [ 9 31 10 38 10]|
05/06/2025 17:30:18 - INFO - End of Epoch.
|Epoch 099/100| time: 10.99|
|Def Loss 0.0233 | Def Reward in ep 098|
|Att Loss 0.0155 | Att Reward in ep 002|
|Def Estimated: [ 9 25 15 32 19]| Att Labels: [10 25 16 31 18]|
|Def Amount of true predicted attacks: [ 9 25 15 31 18]|
05/06/2025 17:30:18 - INFO - Model 'attacker_model' saved in: /workspace/models/trained-models/2025-05-06-17-13-balanced-data-1st/attacker_model.keras
05/06/2025 17:30:18 - INFO - Model summary:
Model: "attacker_model"
_________________________________________________________________
 Layer (type)                Output Shape              Param #   
=================================================================
 dense (Dense)               (None, 100)               12300     
                                                                 
 dense_1 (Dense)             (None, 100)               10100     
                                                                 
 dense_2 (Dense)             (None, 100)               10100     
                                                                 
 dense_3 (Dense)             (None, 100)               10100     
                                                                 
 dense_4 (Dense)             (None, 100)               10100     
                                                                 
 dense_5 (Dense)             (None, 23)                2323      
                                                                 
=================================================================
Total params: 55023 (214.93 KB)
Trainable params: 55023 (214.93 KB)
Non-trainable params: 0 (0.00 Byte)
_________________________________________________________________

05/06/2025 17:30:18 - INFO - Model 'defender_model' saved in: /workspace/models/trained-models/2025-05-06-17-13-balanced-data-1st/defender_model.keras
05/06/2025 17:30:18 - INFO - Model summary:
Model: "defender_model"
_________________________________________________________________
 Layer (type)                Output Shape              Param #   
=================================================================
 dense_12 (Dense)            (None, 100)               12300     
                                                                 
 dense_13 (Dense)            (None, 100)               10100     
                                                                 
 dense_14 (Dense)            (None, 100)               10100     
                                                                 
 dense_15 (Dense)            (None, 5)                 505       
                                                                 
=================================================================
Total params: 33005 (128.93 KB)
Trainable params: 33005 (128.93 KB)
Non-trainable params: 0 (0.00 Byte)
_________________________________________________________________

05/06/2025 17:30:18 - INFO - Saved trained models.
05/06/2025 17:30:18 - INFO - Total runtime: 00:16:57
05/06/2025 17:30:18 - INFO - End of the script at: 2025-05-06 17:30:18.909568
05/06/2025 17:30:18 - INFO - Trying to save summary plots under: /workspace/models/trained-models/2025-05-06-17-13-balanced-data-1st/plots/
05/06/2025 17:30:19 - INFO - Plotted rewards and losses during training in: /workspace/models/trained-models/2025-05-06-17-13-balanced-data-1st/plots/
05/06/2025 17:30:20 - INFO - Plotted attack distributions during training in: /workspace/models/trained-models/2025-05-06-17-13-balanced-data-1st/plots/
05/06/2025 17:30:20 - INFO - Reading formated train data from: /workspace/data/datasets/formated/balanced_training_data.csv
05/06/2025 17:30:21 - INFO - Reading formated test data from: /workspace/data/datasets/formated/balanced_test_data.csv
05/06/2025 17:30:21 - INFO - Start testing the trained model.
05/06/2025 17:30:21 - INFO - Model 'defender_model' loaded from: /workspace/models/trained-models/2025-05-06-17-13-balanced-data-1st/defender_model.keras
05/06/2025 17:30:21 - INFO - Model summary:
Model: "defender_model"
_________________________________________________________________
 Layer (type)                Output Shape              Param #   
=================================================================
 dense_12 (Dense)            (None, 100)               12300     
                                                                 
 dense_13 (Dense)            (None, 100)               10100     
                                                                 
 dense_14 (Dense)            (None, 100)               10100     
                                                                 
 dense_15 (Dense)            (None, 5)                 505       
                                                                 
=================================================================
Total params: 33005 (128.93 KB)
Trainable params: 33005 (128.93 KB)
Non-trainable params: 0 (0.00 Byte)
_________________________________________________________________

05/06/2025 17:30:22 - INFO - Overall overview
Total reward: 17564 | Number of samples: 20771 | Accuracy = 84.56%
05/06/2025 17:30:22 - INFO - Overall overview per attack type
              Estimated Correct Total Mismatch   F1_score
normal             9695    8885  9711       16  91.569618
DoS                6455    6138  7458     1003  88.234026
Probe              2807    1965  2421      386   75.17215
R2L                1635     518  1079      556  38.172439
U2R                 179      58   102       77  41.281139
Weigthed Avg.                                   85.439913
05/06/2025 17:30:22 - INFO - Performance measures on Test data
05/06/2025 17:30:22 - INFO - Accuracy =  0.8456
05/06/2025 17:30:22 - INFO - Weighted average F1 =  0.8544
05/06/2025 17:30:22 - INFO - Weighted average Precision_score =  0.8695
05/06/2025 17:30:22 - INFO - Weighted recall_score =  0.8456
05/06/2025 17:30:22 - INFO - Normalized confusion matrix
05/06/2025 17:30:22 - INFO - 
Confusion Matrix:
[[0.91 0.01 0.04 0.03 0.01]
 [0.03 0.82 0.06 0.08 0.01]
 [0.03 0.07 0.81 0.09 0.  ]
 [0.49 0.   0.01 0.48 0.02]
 [0.08 0.01 0.   0.34 0.57]]
05/06/2025 17:30:22 - INFO - Plotted confusion matrix in: /workspace/models/trained-models/2025-05-06-17-13-balanced-data-1st/plots/
05/06/2025 17:30:24 - INFO - 
One vs All metrics: 
     name  accuracy        f1  precision    recall
0     DoS  0.921188  0.882340   0.950891  0.823009
1  normal  0.921236  0.915696   0.916452  0.914942
2   Probe  0.937509  0.751721   0.700036  0.811648
3     U2R  0.992056  0.412811   0.324022  0.568627
4     R2L  0.919214  0.381724   0.316820  0.480074
05/06/2025 17:30:24 - INFO - Model metrics: 
loss=0.0889381542801857, accuracy=0.8456020355224609, precision=0.6102861166000366, recall=0.8883539438247681
05/06/2025 17:30:24 - INFO - Optimizer config: {'name': 'Adam', 'weight_decay': None, 'clipnorm': None, 'global_clipnorm': None, 'clipvalue': None, 'use_ema': False, 'ema_momentum': 0.99, 'ema_overwrite_frequency': None, 'jit_compile': False, 'is_legacy_optimizer': False, 'learning_rate': 0.001, 'beta_1': 0.9, 'beta_2': 0.999, 'epsilon': 1e-07, 'amsgrad': False}
05/06/2025 17:30:24 - INFO - Time needed for testing: 3.3243963718414307
05/06/2025 17:30:24 - INFO - Classification report:
              precision    recall  f1-score   support

      normal       0.92      0.91      0.92      9711
         DoS       0.95      0.82      0.88      7458
       Probe       0.70      0.81      0.75      2421
         R2L       0.32      0.48      0.38      1079
         U2R       0.32      0.57      0.41       102

    accuracy                           0.85     20771
   macro avg       0.64      0.72      0.67     20771
weighted avg       0.87      0.85      0.85     20771

