04/23/2025 07:13:06 - INFO - Started script at: 2025-04-23-07-13
Current working dir: /workspace
Used data files: 
/workspace/data/datasets/cic_ids/cic-ids-2017/clean/all_benign.feather,
/workspace/data/datasets/cic_ids/cic-ids-2017/clean/all_malicious.feather
04/23/2025 07:13:06 - INFO - Setting up Attacker and Defender Agents...
04/23/2025 07:13:08 - INFO - One-vs-All Split ready (target: Brute Force):
04/23/2025 07:13:08 - INFO - Train: (50305, 67), Validation: (62653, 67), Test: (146192, 67)
04/23/2025 07:13:08 - INFO - [Init from split] Loaded 50305 train, 146192 test samples.
04/23/2025 07:13:36 - INFO - One-vs-All Split ready (target: Brute Force):
04/23/2025 07:13:36 - INFO - Train: (50638, 67), Validation: (89016, 67), Test: (504428, 67)
04/23/2025 07:13:36 - INFO - Initializing Attacker:CIC-2017-Brute Force's ReplayMemory with observation_size=67 and max_size=1000
04/23/2025 07:13:37 - WARNING - Skipping variable loading for optimizer 'Adam', because it has 25 variables whereas the saved optimizer has 1 variables. 
04/23/2025 07:13:37 - INFO - Initializing Defender's ReplayMemory with observation_size=67 and max_size=1000
04/23/2025 07:13:37 - WARNING - Skipping variable loading for optimizer 'Adam', because it has 17 variables whereas the saved optimizer has 1 variables. 
04/23/2025 07:13:37 - INFO - Creating environment...
04/23/2025 07:13:37 - INFO - Start Training with the following parameters:
-----------------------------------------------------------------------------------------------------------------------
Total episodes: 100 | Iterations in episode: 100 | Minibatch from mem size: 100 | Total Samples: 10000 | Data shape: (50305, 67)
-----------------------------------------------------------------------------------------------------------------------
Attacker<Attack-Type>: Num_actions=3 | gamma=0.001 | epsilon=1 | ANN hidden size=100 | ANN hidden layers=5 | Learning rate=0.001
-----------------------------------------------------------------------------------------------------------------------
Defender: Num_actions=2 | gamma=0.001 | epsilon=1 | ANN hidden size=100 | ANN hidden layers=3 | Learning rate=0.001
-----------------------------------------------------------------------------------------------------------------------
Used Attack types: '['Benign', 'Brute Force']' | Attack name(s): ['Benign', 'FTP Patator', 'SSH Patator']
-----------------------------------------------------------------------------------------------------------------------

04/23/2025 07:13:38 - INFO - End of Episode.
|Episode 000/100| time: 0.54|
|Def Loss 0.0000 | Def Reward in ep 047|
|Att Loss 0.0000 | Att Reward in ep 053|
|Def Estimated: [52 48]| Att Labels: [31 69]|
|Def Amount of true predicted attacks: [15 32]|
04/23/2025 07:13:41 - WARNING - 5 out of the last 5 calls to <function QNetwork.predict at 0x7786d6ec8b80> triggered tf.function retracing. Tracing is expensive and the excessive number of tracings could be due to (1) creating @tf.function repeatedly in a loop, (2) passing tensors with different shapes, (3) passing Python objects instead of tensors. For (1), please define your @tf.function outside of the loop. For (2), @tf.function has reduce_retracing=True option that can avoid unnecessary retracing. For (3), please refer to https://www.tensorflow.org/guide/function#controlling_retracing and https://www.tensorflow.org/api_docs/python/tf/function for  more details.
04/23/2025 07:13:43 - INFO - End of Episode.
|Episode 001/100| time: 3.85|
|Def Loss 1.4462 | Def Reward in ep 056|
|Att Loss 4.1236 | Att Reward in ep 044|
|Def Estimated: [38 62]| Att Labels: [36 64]|
|Def Amount of true predicted attacks: [15 41]|
04/23/2025 07:13:45 - INFO - End of Episode.
|Episode 002/100| time: 2.05|
|Def Loss 0.4369 | Def Reward in ep 067|
|Att Loss 3.8813 | Att Reward in ep 033|
|Def Estimated: [47 53]| Att Labels: [46 54]|
|Def Amount of true predicted attacks: [30 37]|
04/23/2025 07:13:47 - INFO - End of Episode.
|Episode 003/100| time: 2.05|
|Def Loss 0.3573 | Def Reward in ep 086|
|Att Loss 3.5887 | Att Reward in ep 014|
|Def Estimated: [47 53]| Att Labels: [45 55]|
|Def Amount of true predicted attacks: [39 47]|
04/23/2025 07:13:49 - INFO - End of Episode.
|Episode 004/100| time: 2.08|
|Def Loss 0.2786 | Def Reward in ep 092|
|Att Loss 3.3365 | Att Reward in ep 008|
|Def Estimated: [44 56]| Att Labels: [42 58]|
|Def Amount of true predicted attacks: [39 53]|
04/23/2025 07:13:52 - INFO - End of Episode.
|Episode 005/100| time: 2.15|
|Def Loss 0.2605 | Def Reward in ep 099|
|Att Loss 2.9834 | Att Reward in ep 001|
|Def Estimated: [42 58]| Att Labels: [43 57]|
|Def Amount of true predicted attacks: [42 57]|
04/23/2025 07:13:54 - INFO - End of Episode.
|Episode 006/100| time: 2.04|
|Def Loss 0.2298 | Def Reward in ep 097|
|Att Loss 2.6980 | Att Reward in ep 003|
|Def Estimated: [40 60]| Att Labels: [37 63]|
|Def Amount of true predicted attacks: [37 60]|
04/23/2025 07:13:56 - INFO - End of Episode.
|Episode 007/100| time: 2.07|
|Def Loss 0.2631 | Def Reward in ep 096|
|Att Loss 2.4642 | Att Reward in ep 004|
|Def Estimated: [40 60]| Att Labels: [40 60]|
|Def Amount of true predicted attacks: [38 58]|
04/23/2025 07:13:59 - INFO - End of Episode.
|Episode 008/100| time: 2.12|
|Def Loss 0.2894 | Def Reward in ep 093|
|Att Loss 2.2724 | Att Reward in ep 007|
|Def Estimated: [48 52]| Att Labels: [47 53]|
|Def Amount of true predicted attacks: [44 49]|
04/23/2025 07:14:01 - INFO - End of Episode.
|Episode 009/100| time: 2.12|
|Def Loss 0.2959 | Def Reward in ep 097|
|Att Loss 2.0887 | Att Reward in ep 003|
|Def Estimated: [41 59]| Att Labels: [40 60]|
|Def Amount of true predicted attacks: [39 58]|
04/23/2025 07:14:03 - INFO - End of Episode.
|Episode 010/100| time: 2.04|
|Def Loss 0.3567 | Def Reward in ep 097|
|Att Loss 1.7714 | Att Reward in ep 003|
|Def Estimated: [35 65]| Att Labels: [34 66]|
|Def Amount of true predicted attacks: [33 64]|
04/23/2025 07:14:06 - INFO - End of Episode.
|Episode 011/100| time: 2.14|
|Def Loss 0.3092 | Def Reward in ep 097|
|Att Loss 1.1080 | Att Reward in ep 003|
|Def Estimated: [43 57]| Att Labels: [42 58]|
|Def Amount of true predicted attacks: [41 56]|
04/23/2025 07:14:08 - INFO - End of Episode.
|Episode 012/100| time: 2.07|
|Def Loss 0.3403 | Def Reward in ep 098|
|Att Loss 0.6410 | Att Reward in ep 002|
|Def Estimated: [31 69]| Att Labels: [31 69]|
|Def Amount of true predicted attacks: [30 68]|
04/23/2025 07:14:10 - INFO - End of Episode.
|Episode 013/100| time: 2.18|
|Def Loss 0.3818 | Def Reward in ep 095|
|Att Loss 0.3450 | Att Reward in ep 005|
|Def Estimated: [39 61]| Att Labels: [36 64]|
|Def Amount of true predicted attacks: [35 60]|
04/23/2025 07:14:13 - INFO - End of Episode.
|Episode 014/100| time: 2.07|
|Def Loss 0.3693 | Def Reward in ep 097|
|Att Loss 0.2053 | Att Reward in ep 003|
|Def Estimated: [44 56]| Att Labels: [41 59]|
|Def Amount of true predicted attacks: [41 56]|
04/23/2025 07:14:15 - INFO - End of Episode.
|Episode 015/100| time: 2.17|
|Def Loss 0.3973 | Def Reward in ep 096|
|Att Loss 0.1936 | Att Reward in ep 004|
|Def Estimated: [45 55]| Att Labels: [43 57]|
|Def Amount of true predicted attacks: [42 54]|
04/23/2025 07:14:17 - INFO - End of Episode.
|Episode 016/100| time: 2.07|
|Def Loss 0.3809 | Def Reward in ep 099|
|Att Loss 0.2213 | Att Reward in ep 001|
|Def Estimated: [38 62]| Att Labels: [37 63]|
|Def Amount of true predicted attacks: [37 62]|
04/23/2025 07:14:20 - INFO - End of Episode.
|Episode 017/100| time: 2.16|
|Def Loss 0.3548 | Def Reward in ep 099|
|Att Loss 0.1819 | Att Reward in ep 001|
|Def Estimated: [37 63]| Att Labels: [36 64]|
|Def Amount of true predicted attacks: [36 63]|
04/23/2025 07:14:22 - INFO - End of Episode.
|Episode 018/100| time: 2.02|
|Def Loss 0.3703 | Def Reward in ep 098|
|Att Loss 0.1527 | Att Reward in ep 002|
|Def Estimated: [29 71]| Att Labels: [29 71]|
|Def Amount of true predicted attacks: [28 70]|
04/23/2025 07:14:24 - INFO - End of Episode.
|Episode 019/100| time: 2.15|
|Def Loss 0.3285 | Def Reward in ep 099|
|Att Loss 0.1329 | Att Reward in ep 001|
|Def Estimated: [43 57]| Att Labels: [44 56]|
|Def Amount of true predicted attacks: [43 56]|
04/23/2025 07:14:27 - INFO - End of Episode.
|Episode 020/100| time: 2.06|
|Def Loss 0.3532 | Def Reward in ep 095|
|Att Loss 0.1930 | Att Reward in ep 005|
|Def Estimated: [42 58]| Att Labels: [39 61]|
|Def Amount of true predicted attacks: [38 57]|
04/23/2025 07:14:29 - INFO - End of Episode.
|Episode 021/100| time: 2.05|
|Def Loss 0.3776 | Def Reward in ep 097|
|Att Loss 0.2244 | Att Reward in ep 003|
|Def Estimated: [39 61]| Att Labels: [42 58]|
|Def Amount of true predicted attacks: [39 58]|
04/23/2025 07:14:31 - INFO - End of Episode.
|Episode 022/100| time: 2.08|
|Def Loss 0.3393 | Def Reward in ep 097|
|Att Loss 0.1882 | Att Reward in ep 003|
|Def Estimated: [36 64]| Att Labels: [33 67]|
|Def Amount of true predicted attacks: [33 64]|
04/23/2025 07:14:34 - INFO - End of Episode.
|Episode 023/100| time: 2.04|
|Def Loss 0.3147 | Def Reward in ep 098|
|Att Loss 0.1603 | Att Reward in ep 002|
|Def Estimated: [31 69]| Att Labels: [31 69]|
|Def Amount of true predicted attacks: [30 68]|
04/23/2025 07:14:36 - INFO - End of Episode.
|Episode 024/100| time: 2.08|
|Def Loss 0.3365 | Def Reward in ep 098|
|Att Loss 0.1738 | Att Reward in ep 002|
|Def Estimated: [31 69]| Att Labels: [31 69]|
|Def Amount of true predicted attacks: [30 68]|
04/23/2025 07:14:38 - INFO - End of Episode.
|Episode 025/100| time: 2.05|
|Def Loss 0.2831 | Def Reward in ep 098|
|Att Loss 0.1514 | Att Reward in ep 002|
|Def Estimated: [31 69]| Att Labels: [29 71]|
|Def Amount of true predicted attacks: [29 69]|
04/23/2025 07:14:41 - INFO - End of Episode.
|Episode 026/100| time: 2.12|
|Def Loss 0.2239 | Def Reward in ep 098|
|Att Loss 0.1575 | Att Reward in ep 002|
|Def Estimated: [37 63]| Att Labels: [35 65]|
|Def Amount of true predicted attacks: [35 63]|
04/23/2025 07:14:43 - INFO - End of Episode.
|Episode 027/100| time: 2.04|
|Def Loss 0.2670 | Def Reward in ep 096|
|Att Loss 0.1622 | Att Reward in ep 004|
|Def Estimated: [39 61]| Att Labels: [35 65]|
|Def Amount of true predicted attacks: [35 61]|
04/23/2025 07:14:45 - INFO - End of Episode.
|Episode 028/100| time: 2.10|
|Def Loss 0.2671 | Def Reward in ep 097|
|Att Loss 0.1643 | Att Reward in ep 003|
|Def Estimated: [41 59]| Att Labels: [38 62]|
|Def Amount of true predicted attacks: [38 59]|
04/23/2025 07:14:48 - INFO - End of Episode.
|Episode 029/100| time: 2.08|
|Def Loss 0.2902 | Def Reward in ep 097|
|Att Loss 0.1657 | Att Reward in ep 003|
|Def Estimated: [36 64]| Att Labels: [33 67]|
|Def Amount of true predicted attacks: [33 64]|
04/23/2025 07:14:50 - INFO - End of Episode.
|Episode 030/100| time: 2.15|
|Def Loss 0.2594 | Def Reward in ep 099|
|Att Loss 0.1333 | Att Reward in ep 001|
|Def Estimated: [42 58]| Att Labels: [41 59]|
|Def Amount of true predicted attacks: [41 58]|
04/23/2025 07:14:53 - INFO - End of Episode.
|Episode 031/100| time: 2.07|
|Def Loss 0.2691 | Def Reward in ep 096|
|Att Loss 0.0999 | Att Reward in ep 004|
|Def Estimated: [37 63]| Att Labels: [35 65]|
|Def Amount of true predicted attacks: [34 62]|
04/23/2025 07:14:55 - INFO - End of Episode.
|Episode 032/100| time: 2.08|
|Def Loss 0.3005 | Def Reward in ep 100|
|Att Loss 0.0871 | Att Reward in ep 000|
|Def Estimated: [37 63]| Att Labels: [37 63]|
|Def Amount of true predicted attacks: [37 63]|
04/23/2025 07:14:57 - INFO - End of Episode.
|Episode 033/100| time: 2.05|
|Def Loss 0.2471 | Def Reward in ep 099|
|Att Loss 0.0956 | Att Reward in ep 001|
|Def Estimated: [39 61]| Att Labels: [38 62]|
|Def Amount of true predicted attacks: [38 61]|
04/23/2025 07:15:00 - INFO - End of Episode.
|Episode 034/100| time: 2.06|
|Def Loss 0.2333 | Def Reward in ep 097|
|Att Loss 0.0738 | Att Reward in ep 003|
|Def Estimated: [35 65]| Att Labels: [32 68]|
|Def Amount of true predicted attacks: [32 65]|
04/23/2025 07:15:02 - INFO - End of Episode.
|Episode 035/100| time: 2.06|
|Def Loss 0.2585 | Def Reward in ep 098|
|Att Loss 0.0473 | Att Reward in ep 002|
|Def Estimated: [37 63]| Att Labels: [35 65]|
|Def Amount of true predicted attacks: [35 63]|
04/23/2025 07:15:04 - INFO - End of Episode.
|Episode 036/100| time: 2.06|
|Def Loss 0.2760 | Def Reward in ep 099|
|Att Loss 0.0856 | Att Reward in ep 001|
|Def Estimated: [36 64]| Att Labels: [35 65]|
|Def Amount of true predicted attacks: [35 64]|
04/23/2025 07:15:07 - INFO - End of Episode.
|Episode 037/100| time: 2.08|
|Def Loss 0.2344 | Def Reward in ep 097|
|Att Loss 0.1233 | Att Reward in ep 003|
|Def Estimated: [34 66]| Att Labels: [31 69]|
|Def Amount of true predicted attacks: [31 66]|
04/23/2025 07:15:09 - INFO - End of Episode.
|Episode 038/100| time: 2.04|
|Def Loss 0.1910 | Def Reward in ep 097|
|Att Loss 0.1384 | Att Reward in ep 003|
|Def Estimated: [32 68]| Att Labels: [33 67]|
|Def Amount of true predicted attacks: [31 66]|
04/23/2025 07:15:12 - INFO - End of Episode.
|Episode 039/100| time: 2.08|
|Def Loss 0.2022 | Def Reward in ep 100|
|Att Loss 0.1832 | Att Reward in ep 000|
|Def Estimated: [36 64]| Att Labels: [36 64]|
|Def Amount of true predicted attacks: [36 64]|
04/23/2025 07:15:14 - INFO - End of Episode.
|Episode 040/100| time: 2.02|
|Def Loss 0.1953 | Def Reward in ep 099|
|Att Loss 0.2206 | Att Reward in ep 001|
|Def Estimated: [27 73]| Att Labels: [26 74]|
|Def Amount of true predicted attacks: [26 73]|
04/23/2025 07:15:16 - INFO - End of Episode.
|Episode 041/100| time: 2.07|
|Def Loss 0.1798 | Def Reward in ep 098|
|Att Loss 0.2202 | Att Reward in ep 002|
|Def Estimated: [29 71]| Att Labels: [31 69]|
|Def Amount of true predicted attacks: [29 69]|
04/23/2025 07:15:19 - INFO - End of Episode.
|Episode 042/100| time: 2.04|
|Def Loss 0.1613 | Def Reward in ep 097|
|Att Loss 0.2192 | Att Reward in ep 003|
|Def Estimated: [31 69]| Att Labels: [32 68]|
|Def Amount of true predicted attacks: [30 67]|
04/23/2025 07:15:21 - INFO - End of Episode.
|Episode 043/100| time: 2.11|
|Def Loss 0.1846 | Def Reward in ep 096|
|Att Loss 0.2390 | Att Reward in ep 004|
|Def Estimated: [32 68]| Att Labels: [32 68]|
|Def Amount of true predicted attacks: [30 66]|
04/23/2025 07:15:24 - INFO - End of Episode.
|Episode 044/100| time: 2.10|
|Def Loss 0.2542 | Def Reward in ep 098|
|Att Loss 0.2366 | Att Reward in ep 002|
|Def Estimated: [41 59]| Att Labels: [43 57]|
|Def Amount of true predicted attacks: [41 57]|
04/23/2025 07:15:26 - INFO - End of Episode.
|Episode 045/100| time: 2.18|
|Def Loss 0.2246 | Def Reward in ep 096|
|Att Loss 0.2625 | Att Reward in ep 004|
|Def Estimated: [40 60]| Att Labels: [42 58]|
|Def Amount of true predicted attacks: [39 57]|
04/23/2025 07:15:29 - INFO - End of Episode.
|Episode 046/100| time: 2.10|
|Def Loss 0.2258 | Def Reward in ep 098|
|Att Loss 0.2466 | Att Reward in ep 002|
|Def Estimated: [42 58]| Att Labels: [44 56]|
|Def Amount of true predicted attacks: [42 56]|
04/23/2025 07:15:31 - INFO - End of Episode.
|Episode 047/100| time: 2.11|
|Def Loss 0.2497 | Def Reward in ep 095|
|Att Loss 0.2663 | Att Reward in ep 005|
|Def Estimated: [33 67]| Att Labels: [36 64]|
|Def Amount of true predicted attacks: [32 63]|
04/23/2025 07:15:34 - INFO - End of Episode.
|Episode 048/100| time: 2.12|
|Def Loss 0.2989 | Def Reward in ep 095|
|Att Loss 0.2602 | Att Reward in ep 005|
|Def Estimated: [38 62]| Att Labels: [41 59]|
|Def Amount of true predicted attacks: [37 58]|
04/23/2025 07:15:36 - INFO - End of Episode.
|Episode 049/100| time: 2.09|
|Def Loss 0.2889 | Def Reward in ep 099|
|Att Loss 0.2721 | Att Reward in ep 001|
|Def Estimated: [37 63]| Att Labels: [36 64]|
|Def Amount of true predicted attacks: [36 63]|
04/23/2025 07:15:39 - INFO - End of Episode.
|Episode 050/100| time: 2.05|
|Def Loss 0.2688 | Def Reward in ep 100|
|Att Loss 0.2652 | Att Reward in ep 000|
|Def Estimated: [36 64]| Att Labels: [36 64]|
|Def Amount of true predicted attacks: [36 64]|
04/23/2025 07:15:41 - INFO - End of Episode.
|Episode 051/100| time: 2.24|
|Def Loss 0.2578 | Def Reward in ep 099|
|Att Loss 0.2674 | Att Reward in ep 001|
|Def Estimated: [31 69]| Att Labels: [32 68]|
|Def Amount of true predicted attacks: [31 68]|
04/23/2025 07:15:44 - INFO - End of Episode.
|Episode 052/100| time: 2.06|
|Def Loss 0.2750 | Def Reward in ep 100|
|Att Loss 0.2580 | Att Reward in ep 000|
|Def Estimated: [32 68]| Att Labels: [32 68]|
|Def Amount of true predicted attacks: [32 68]|
04/23/2025 07:15:46 - INFO - End of Episode.
|Episode 053/100| time: 2.11|
|Def Loss 0.2581 | Def Reward in ep 099|
|Att Loss 0.2020 | Att Reward in ep 001|
|Def Estimated: [39 61]| Att Labels: [40 60]|
|Def Amount of true predicted attacks: [39 60]|
04/23/2025 07:15:49 - INFO - End of Episode.
|Episode 054/100| time: 2.05|
|Def Loss 0.2386 | Def Reward in ep 094|
|Att Loss 0.2322 | Att Reward in ep 006|
|Def Estimated: [36 64]| Att Labels: [36 64]|
|Def Amount of true predicted attacks: [33 61]|
04/23/2025 07:15:51 - INFO - End of Episode.
|Episode 055/100| time: 2.12|
|Def Loss 0.2482 | Def Reward in ep 098|
|Att Loss 0.2341 | Att Reward in ep 002|
|Def Estimated: [39 61]| Att Labels: [37 63]|
|Def Amount of true predicted attacks: [37 61]|
04/23/2025 07:15:54 - INFO - End of Episode.
|Episode 056/100| time: 2.04|
|Def Loss 0.2100 | Def Reward in ep 097|
|Att Loss 0.2312 | Att Reward in ep 003|
|Def Estimated: [32 68]| Att Labels: [31 69]|
|Def Amount of true predicted attacks: [30 67]|
04/23/2025 07:15:56 - INFO - End of Episode.
|Episode 057/100| time: 2.18|
|Def Loss 0.1716 | Def Reward in ep 099|
|Att Loss 0.2534 | Att Reward in ep 001|
|Def Estimated: [45 55]| Att Labels: [46 54]|
|Def Amount of true predicted attacks: [45 54]|
04/23/2025 07:15:59 - INFO - End of Episode.
|Episode 058/100| time: 2.02|
|Def Loss 0.1508 | Def Reward in ep 098|
|Att Loss 0.2364 | Att Reward in ep 002|
|Def Estimated: [32 68]| Att Labels: [32 68]|
|Def Amount of true predicted attacks: [31 67]|
04/23/2025 07:16:01 - INFO - End of Episode.
|Episode 059/100| time: 2.08|
|Def Loss 0.1155 | Def Reward in ep 099|
|Att Loss 0.2209 | Att Reward in ep 001|
|Def Estimated: [34 66]| Att Labels: [33 67]|
|Def Amount of true predicted attacks: [33 66]|
04/23/2025 07:16:04 - INFO - End of Episode.
|Episode 060/100| time: 2.06|
|Def Loss 0.1564 | Def Reward in ep 095|
|Att Loss 0.2255 | Att Reward in ep 005|
|Def Estimated: [41 59]| Att Labels: [40 60]|
|Def Amount of true predicted attacks: [38 57]|
04/23/2025 07:16:06 - INFO - End of Episode.
|Episode 061/100| time: 2.09|
|Def Loss 0.1424 | Def Reward in ep 098|
|Att Loss 0.2517 | Att Reward in ep 002|
|Def Estimated: [29 71]| Att Labels: [31 69]|
|Def Amount of true predicted attacks: [29 69]|
04/23/2025 07:16:09 - INFO - End of Episode.
|Episode 062/100| time: 2.03|
|Def Loss 0.1606 | Def Reward in ep 099|
|Att Loss 0.2687 | Att Reward in ep 001|
|Def Estimated: [36 64]| Att Labels: [35 65]|
|Def Amount of true predicted attacks: [35 64]|
04/23/2025 07:16:11 - INFO - End of Episode.
|Episode 063/100| time: 2.08|
|Def Loss 0.1801 | Def Reward in ep 098|
|Att Loss 0.2568 | Att Reward in ep 002|
|Def Estimated: [30 70]| Att Labels: [30 70]|
|Def Amount of true predicted attacks: [29 69]|
04/23/2025 07:16:14 - INFO - End of Episode.
|Episode 064/100| time: 2.00|
|Def Loss 0.1153 | Def Reward in ep 100|
|Att Loss 0.2718 | Att Reward in ep 000|
|Def Estimated: [24 76]| Att Labels: [24 76]|
|Def Amount of true predicted attacks: [24 76]|
04/23/2025 07:16:16 - INFO - End of Episode.
|Episode 065/100| time: 2.08|
|Def Loss 0.1290 | Def Reward in ep 097|
|Att Loss 0.2466 | Att Reward in ep 003|
|Def Estimated: [29 71]| Att Labels: [30 70]|
|Def Amount of true predicted attacks: [28 69]|
04/23/2025 07:16:19 - INFO - End of Episode.
|Episode 066/100| time: 2.02|
|Def Loss 0.1316 | Def Reward in ep 095|
|Att Loss 0.2771 | Att Reward in ep 005|
|Def Estimated: [31 69]| Att Labels: [32 68]|
|Def Amount of true predicted attacks: [29 66]|
04/23/2025 07:16:21 - INFO - End of Episode.
|Episode 067/100| time: 2.06|
|Def Loss 0.1682 | Def Reward in ep 096|
|Att Loss 0.2533 | Att Reward in ep 004|
|Def Estimated: [34 66]| Att Labels: [32 68]|
|Def Amount of true predicted attacks: [31 65]|
04/23/2025 07:16:24 - INFO - End of Episode.
|Episode 068/100| time: 2.07|
|Def Loss 0.2074 | Def Reward in ep 098|
|Att Loss 0.2829 | Att Reward in ep 002|
|Def Estimated: [37 63]| Att Labels: [35 65]|
|Def Amount of true predicted attacks: [35 63]|
04/23/2025 07:16:26 - INFO - End of Episode.
|Episode 069/100| time: 2.13|
|Def Loss 0.1788 | Def Reward in ep 099|
|Att Loss 0.2292 | Att Reward in ep 001|
|Def Estimated: [45 55]| Att Labels: [44 56]|
|Def Amount of true predicted attacks: [44 55]|
04/23/2025 07:16:29 - INFO - End of Episode.
|Episode 070/100| time: 2.01|
|Def Loss 0.1378 | Def Reward in ep 098|
|Att Loss 0.2672 | Att Reward in ep 002|
|Def Estimated: [28 72]| Att Labels: [28 72]|
|Def Amount of true predicted attacks: [27 71]|
04/23/2025 07:16:32 - INFO - End of Episode.
|Episode 071/100| time: 2.13|
|Def Loss 0.1632 | Def Reward in ep 095|
|Att Loss 0.2294 | Att Reward in ep 005|
|Def Estimated: [33 67]| Att Labels: [34 66]|
|Def Amount of true predicted attacks: [31 64]|
04/23/2025 07:16:34 - INFO - End of Episode.
|Episode 072/100| time: 2.03|
|Def Loss 0.1708 | Def Reward in ep 098|
|Att Loss 0.2883 | Att Reward in ep 002|
|Def Estimated: [33 67]| Att Labels: [33 67]|
|Def Amount of true predicted attacks: [32 66]|
04/23/2025 07:16:37 - INFO - End of Episode.
|Episode 073/100| time: 2.09|
|Def Loss 0.1587 | Def Reward in ep 098|
|Att Loss 0.3011 | Att Reward in ep 002|
|Def Estimated: [33 67]| Att Labels: [35 65]|
|Def Amount of true predicted attacks: [33 65]|
04/23/2025 07:16:39 - INFO - End of Episode.
|Episode 074/100| time: 2.20|
|Def Loss 0.1976 | Def Reward in ep 099|
|Att Loss 0.2962 | Att Reward in ep 001|
|Def Estimated: [28 72]| Att Labels: [27 73]|
|Def Amount of true predicted attacks: [27 72]|
04/23/2025 07:16:42 - INFO - End of Episode.
|Episode 075/100| time: 2.22|
|Def Loss 0.2248 | Def Reward in ep 098|
|Att Loss 0.2538 | Att Reward in ep 002|
|Def Estimated: [35 65]| Att Labels: [37 63]|
|Def Amount of true predicted attacks: [35 63]|
04/23/2025 07:16:45 - INFO - End of Episode.
|Episode 076/100| time: 2.16|
|Def Loss 0.1878 | Def Reward in ep 097|
|Att Loss 0.2727 | Att Reward in ep 003|
|Def Estimated: [41 59]| Att Labels: [40 60]|
|Def Amount of true predicted attacks: [39 58]|
04/23/2025 07:16:48 - INFO - End of Episode.
|Episode 077/100| time: 2.22|
|Def Loss 0.1676 | Def Reward in ep 099|
|Att Loss 0.2783 | Att Reward in ep 001|
|Def Estimated: [39 61]| Att Labels: [40 60]|
|Def Amount of true predicted attacks: [39 60]|
04/23/2025 07:16:50 - INFO - End of Episode.
|Episode 078/100| time: 2.15|
|Def Loss 0.1231 | Def Reward in ep 099|
|Att Loss 0.2396 | Att Reward in ep 001|
|Def Estimated: [39 61]| Att Labels: [40 60]|
|Def Amount of true predicted attacks: [39 60]|
04/23/2025 07:16:53 - INFO - End of Episode.
|Episode 079/100| time: 2.19|
|Def Loss 0.1262 | Def Reward in ep 097|
|Att Loss 0.1739 | Att Reward in ep 003|
|Def Estimated: [32 68]| Att Labels: [35 65]|
|Def Amount of true predicted attacks: [32 65]|
04/23/2025 07:16:56 - INFO - End of Episode.
|Episode 080/100| time: 2.18|
|Def Loss 0.1662 | Def Reward in ep 097|
|Att Loss 0.1868 | Att Reward in ep 003|
|Def Estimated: [40 60]| Att Labels: [41 59]|
|Def Amount of true predicted attacks: [39 58]|
04/23/2025 07:16:58 - INFO - End of Episode.
|Episode 081/100| time: 2.20|
|Def Loss 0.2348 | Def Reward in ep 099|
|Att Loss 0.1672 | Att Reward in ep 001|
|Def Estimated: [37 63]| Att Labels: [38 62]|
|Def Amount of true predicted attacks: [37 62]|
04/23/2025 07:17:01 - INFO - End of Episode.
|Episode 082/100| time: 2.16|
|Def Loss 0.1913 | Def Reward in ep 099|
|Att Loss 0.1392 | Att Reward in ep 001|
|Def Estimated: [29 71]| Att Labels: [28 72]|
|Def Amount of true predicted attacks: [28 71]|
04/23/2025 07:17:04 - INFO - End of Episode.
|Episode 083/100| time: 2.11|
|Def Loss 0.1750 | Def Reward in ep 097|
|Att Loss 0.1047 | Att Reward in ep 003|
|Def Estimated: [27 73]| Att Labels: [28 72]|
|Def Amount of true predicted attacks: [26 71]|
04/23/2025 07:17:07 - INFO - End of Episode.
|Episode 084/100| time: 2.23|
|Def Loss 0.1650 | Def Reward in ep 093|
|Att Loss 0.1881 | Att Reward in ep 007|
|Def Estimated: [27 73]| Att Labels: [30 70]|
|Def Amount of true predicted attacks: [25 68]|
04/23/2025 07:17:09 - INFO - End of Episode.
|Episode 085/100| time: 2.15|
|Def Loss 0.2038 | Def Reward in ep 098|
|Att Loss 0.1607 | Att Reward in ep 002|
|Def Estimated: [27 73]| Att Labels: [27 73]|
|Def Amount of true predicted attacks: [26 72]|
04/23/2025 07:17:12 - INFO - End of Episode.
|Episode 086/100| time: 2.21|
|Def Loss 0.1566 | Def Reward in ep 098|
|Att Loss 0.1503 | Att Reward in ep 002|
|Def Estimated: [37 63]| Att Labels: [37 63]|
|Def Amount of true predicted attacks: [36 62]|
04/23/2025 07:17:15 - INFO - End of Episode.
|Episode 087/100| time: 2.15|
|Def Loss 0.1831 | Def Reward in ep 095|
|Att Loss 0.1618 | Att Reward in ep 005|
|Def Estimated: [33 67]| Att Labels: [34 66]|
|Def Amount of true predicted attacks: [31 64]|
04/23/2025 07:17:18 - INFO - End of Episode.
|Episode 088/100| time: 2.23|
|Def Loss 0.1984 | Def Reward in ep 099|
|Att Loss 0.1821 | Att Reward in ep 001|
|Def Estimated: [32 68]| Att Labels: [31 69]|
|Def Amount of true predicted attacks: [31 68]|
04/23/2025 07:17:20 - INFO - End of Episode.
|Episode 089/100| time: 2.14|
|Def Loss 0.1669 | Def Reward in ep 097|
|Att Loss 0.1863 | Att Reward in ep 003|
|Def Estimated: [36 64]| Att Labels: [35 65]|
|Def Amount of true predicted attacks: [34 63]|
04/23/2025 07:17:23 - INFO - End of Episode.
|Episode 090/100| time: 2.21|
|Def Loss 0.1629 | Def Reward in ep 099|
|Att Loss 0.2035 | Att Reward in ep 001|
|Def Estimated: [28 72]| Att Labels: [29 71]|
|Def Amount of true predicted attacks: [28 71]|
04/23/2025 07:17:26 - INFO - End of Episode.
|Episode 091/100| time: 2.11|
|Def Loss 0.1769 | Def Reward in ep 096|
|Att Loss 0.1682 | Att Reward in ep 004|
|Def Estimated: [23 77]| Att Labels: [23 77]|
|Def Amount of true predicted attacks: [21 75]|
04/23/2025 07:17:29 - INFO - End of Episode.
|Episode 092/100| time: 2.17|
|Def Loss 0.1530 | Def Reward in ep 097|
|Att Loss 0.1752 | Att Reward in ep 003|
|Def Estimated: [35 65]| Att Labels: [38 62]|
|Def Amount of true predicted attacks: [35 62]|
04/23/2025 07:17:31 - INFO - End of Episode.
|Episode 093/100| time: 2.16|
|Def Loss 0.2117 | Def Reward in ep 099|
|Att Loss 0.2122 | Att Reward in ep 001|
|Def Estimated: [28 72]| Att Labels: [29 71]|
|Def Amount of true predicted attacks: [28 71]|
04/23/2025 07:17:34 - INFO - End of Episode.
|Episode 094/100| time: 2.14|
|Def Loss 0.1785 | Def Reward in ep 099|
|Att Loss 0.1685 | Att Reward in ep 001|
|Def Estimated: [31 69]| Att Labels: [32 68]|
|Def Amount of true predicted attacks: [31 68]|
04/23/2025 07:17:37 - INFO - End of Episode.
|Episode 095/100| time: 2.23|
|Def Loss 0.1679 | Def Reward in ep 100|
|Att Loss 0.1928 | Att Reward in ep 000|
|Def Estimated: [32 68]| Att Labels: [32 68]|
|Def Amount of true predicted attacks: [32 68]|
04/23/2025 07:17:40 - INFO - End of Episode.
|Episode 096/100| time: 2.12|
|Def Loss 0.1377 | Def Reward in ep 098|
|Att Loss 0.1548 | Att Reward in ep 002|
|Def Estimated: [27 73]| Att Labels: [29 71]|
|Def Amount of true predicted attacks: [27 71]|
04/23/2025 07:17:43 - INFO - End of Episode.
|Episode 097/100| time: 2.22|
|Def Loss 0.1353 | Def Reward in ep 100|
|Att Loss 0.1277 | Att Reward in ep 000|
|Def Estimated: [39 61]| Att Labels: [39 61]|
|Def Amount of true predicted attacks: [39 61]|
04/23/2025 07:17:45 - INFO - End of Episode.
|Episode 098/100| time: 2.15|
|Def Loss 0.1308 | Def Reward in ep 098|
|Att Loss 0.1067 | Att Reward in ep 002|
|Def Estimated: [37 63]| Att Labels: [39 61]|
|Def Amount of true predicted attacks: [37 61]|
04/23/2025 07:17:48 - INFO - End of Episode.
|Episode 099/100| time: 2.26|
|Def Loss 0.1328 | Def Reward in ep 099|
|Att Loss 0.1147 | Att Reward in ep 001|
|Def Estimated: [43 57]| Att Labels: [44 56]|
|Def Amount of true predicted attacks: [43 56]|
04/23/2025 07:17:49 - INFO - Model 'attacker_model_cic_2017' saved in: /workspace/models/trained-models/2025-04-23-07-13-Linux-CIC-2017-18-BruteForce-3rd-Run/attacker_model_cic.keras
04/23/2025 07:17:49 - INFO - Model summary:
Model: "attacker_model_cic_2017"
_________________________________________________________________
 Layer (type)                Output Shape              Param #   
=================================================================
 dense (Dense)               (None, 100)               6800      
                                                                 
 dense_1 (Dense)             (None, 100)               10100     
                                                                 
 dense_2 (Dense)             (None, 100)               10100     
                                                                 
 dense_3 (Dense)             (None, 100)               10100     
                                                                 
 dense_4 (Dense)             (None, 100)               10100     
                                                                 
 dense_5 (Dense)             (None, 3)                 303       
                                                                 
=================================================================
Total params: 47503 (185.56 KB)
Trainable params: 47503 (185.56 KB)
Non-trainable params: 0 (0.00 Byte)
_________________________________________________________________

04/23/2025 07:17:49 - INFO - Model 'defender_model' saved in: /workspace/models/trained-models/2025-04-23-07-13-Linux-CIC-2017-18-BruteForce-3rd-Run/defender_model.keras
04/23/2025 07:17:49 - INFO - Model summary:
Model: "defender_model"
_________________________________________________________________
 Layer (type)                Output Shape              Param #   
=================================================================
 dense_12 (Dense)            (None, 100)               6800      
                                                                 
 dense_13 (Dense)            (None, 100)               10100     
                                                                 
 dense_14 (Dense)            (None, 100)               10100     
                                                                 
 dense_15 (Dense)            (None, 2)                 202       
                                                                 
=================================================================
Total params: 27202 (106.26 KB)
Trainable params: 27202 (106.26 KB)
Non-trainable params: 0 (0.00 Byte)
_________________________________________________________________

04/23/2025 07:17:49 - INFO - Saved trained models.
04/23/2025 07:17:49 - INFO - Total runtime: 00:04:42
04/23/2025 07:17:49 - INFO - End of the script at: 2025-04-23 07:17:49.410134
04/23/2025 07:17:52 - INFO - Debug information saved to /workspace/models/trained-models/2025-04-23-07-13-Linux-CIC-2017-18-BruteForce-3rd-Run/logs/debug_info.json
04/23/2025 07:17:52 - INFO - Trying to save summary plots under: /workspace/models/trained-models/2025-04-23-07-13-Linux-CIC-2017-18-BruteForce-3rd-Run/plots/
04/23/2025 07:17:53 - INFO - Plotted attack distributions during training in: /workspace/models/trained-models/2025-04-23-07-13-Linux-CIC-2017-18-BruteForce-3rd-Run/plots/
04/23/2025 07:17:57 - INFO - Normalized confusion matrix
04/23/2025 07:17:57 - INFO - 
Confusion Matrix:
[[0.95919286 0.04080714]
 [0.00613695 0.99386305]]
04/23/2025 07:17:58 - INFO - Plotted confusion matrix in: /workspace/models/trained-models/2025-04-23-07-13-Linux-CIC-2017-18-BruteForce-3rd-Run/plots/intraset/
04/23/2025 07:17:58 - INFO - Model summary:
Model: "defender_model"
_________________________________________________________________
 Layer (type)                Output Shape              Param #   
=================================================================
 dense_12 (Dense)            (None, 100)               6800      
                                                                 
 dense_13 (Dense)            (None, 100)               10100     
                                                                 
 dense_14 (Dense)            (None, 100)               10100     
                                                                 
 dense_15 (Dense)            (None, 2)                 202       
                                                                 
=================================================================
Total params: 27202 (106.26 KB)
Trainable params: 27202 (106.26 KB)
Non-trainable params: 0 (0.00 Byte)
_________________________________________________________________

loaded from: /workspace/models/trained-models/2025-04-23-07-13-Linux-CIC-2017-18-BruteForce-3rd-Run/defender_model.keras
04/23/2025 07:17:58 - INFO - One vs All metric calculation: 
True positive: 6154 | False positive: 5713 | 
True negative: 134287 | False negative: 38
Accuracy: 0.9607 | Recall: 0.9939 | Specificity: 0.9592 | Precision: 0.5186 | F1-Score: 0.6815 | False Positive Rate: 0.0408
04/23/2025 07:17:58 - INFO - Overall overview
Total reward: 140441 | Number of samples: 146192 | Accuracy = 96.07%
Overall overview per attack type
              Estimated Correct   Total Mismatch   F1_score
Benign           134325  134287  140000     5675  97.903582
Brute Force       11867    6154    6192     5675  68.154383
Weigthed Avg.                                     96.643547
04/23/2025 07:17:58 - INFO - 
      Class  Support  Accuracy  Precision  Recall  F1-Score
     Benign   140000    0.9592     0.9997  0.9592    0.9790
Brute Force     6192    0.9939     0.5186  0.9939    0.6815
04/23/2025 07:17:58 - INFO - Overall weighted F1-score: 0.9664
04/23/2025 07:18:02 - INFO - 
One vs All metrics: 
          name  accuracy        f1  precision    recall
0  Brute Force  0.960661  0.681544   0.518581  0.993863
1       Benign  0.960661  0.979036   0.999717  0.959193
04/23/2025 07:18:02 - INFO - Classification report:
              precision    recall  f1-score   support

      Benign       1.00      0.96      0.98    140000
 Brute Force       0.52      0.99      0.68      6192

    accuracy                           0.96    146192
   macro avg       0.76      0.98      0.83    146192
weighted avg       0.98      0.96      0.97    146192

04/23/2025 07:18:04 - INFO - Model metrics: 
loss=0.018238769844174385, mse=0.039664365351200104, mae=0.09203494340181351
04/23/2025 07:18:04 - INFO - Optimizer config: {'name': 'Adam', 'weight_decay': None, 'clipnorm': None, 'global_clipnorm': None, 'clipvalue': None, 'use_ema': False, 'ema_momentum': 0.99, 'ema_overwrite_frequency': None, 'jit_compile': False, 'is_legacy_optimizer': False, 'learning_rate': 0.001, 'beta_1': 0.9, 'beta_2': 0.999, 'epsilon': 1e-07, 'amsgrad': False}
04/23/2025 07:18:04 - INFO - Time needed for testing: 9.639385223388672
04/23/2025 07:18:04 - INFO - Metrics exported to: /workspace/models/trained-models/2025-04-23-07-13-Linux-CIC-2017-18-BruteForce-3rd-Run/logs/evaluation_metrics_defender_model.json
04/23/2025 07:18:14 - INFO - [Intra-Set] Accuracy: 0.8399, Recall: 0.0003, Precision: 0.0189, F1: 0.0006
04/23/2025 07:18:14 - INFO - Normalized confusion matrix
04/23/2025 07:18:14 - INFO - 
Confusion Matrix:
[[9.96825882e-01 3.17411765e-03]
 [9.99672660e-01 3.27340484e-04]]
04/23/2025 07:18:14 - INFO - Plotted confusion matrix in: /workspace/models/trained-models/2025-04-23-07-13-Linux-CIC-2017-18-BruteForce-3rd-Run/plots/interset/
04/23/2025 07:18:14 - INFO - [Intra-Set] Confusion matrix saved to /workspace/models/trained-models/2025-04-23-07-13-Linux-CIC-2017-18-BruteForce-3rd-Run/plots/
04/23/2025 07:18:21 - INFO - [Cross-Set] Model metrics: loss=0.13645921647548676, mse=172.63600158691406, mae=0.33771660923957825
04/23/2025 07:18:21 - INFO - [Intra-Set] Evaluation completed. Metrics exported to: /workspace/models/trained-models/2025-04-23-07-13-Linux-CIC-2017-18-BruteForce-3rd-Run/logs/evaluation_metrics_cross_defender_model.json
04/23/2025 07:18:21 - INFO - [Intra-Set] Time needed: 17.12 seconds
