05/07/2025 09:20:33 - INFO - Started script at: 2025-05-07-09-20
Current working dir: /workspace
Used data files: 
/workspace/data/datasets/origin-kaggle-com/nsl-kdd/KDDTrain+.txt,
/workspace/data/datasets/origin-kaggle-com/nsl-kdd/KDDTest+.txt
05/07/2025 09:20:33 - INFO - Creating enviroment...
05/07/2025 09:20:33 - INFO - Reading formated train data from: /workspace/data/datasets/formated/formated_training_data.csv
05/07/2025 09:20:34 - INFO - Reading formated test data from: /workspace/data/datasets/formated/formated_test_data.csv
05/07/2025 09:20:34 - WARNING - Attack name mscan not found in DataFrame columns.
05/07/2025 09:20:34 - WARNING - Attack name saint not found in DataFrame columns.
05/07/2025 09:20:34 - INFO - Initializing Attacker:Eve's ReplayMemory with observation_size=122 and max_size=1000
05/07/2025 09:20:35 - WARNING - Skipping variable loading for optimizer 'Adam', because it has 25 variables whereas the saved optimizer has 1 variables. 
05/07/2025 09:20:35 - INFO - Initializing Defender's ReplayMemory with observation_size=122 and max_size=1000
05/07/2025 09:20:35 - WARNING - Skipping variable loading for optimizer 'Adam', because it has 17 variables whereas the saved optimizer has 1 variables. 
05/07/2025 09:20:35 - INFO - Start Training with the following parameters:
-----------------------------------------------------------------------------------------------------------------------
Total episodes: 100 | Iterations in episode: 100 | <Attacker> Minibatch from mem size: 100 | Total Samples: 10000 | <Defender> Minibatch from mem size: 100 | Data shape: (78999, 162)
-----------------------------------------------------------------------------------------------------------------------
Attacker<Attack-Type>: Num_actions=5 | gamma=0.001 | epsilon=1 | ANN hidden size=100 | ANN hidden layers=5 | Learning rate=0.001
-----------------------------------------------------------------------------------------------------------------------
Defender: Num_actions=5 | gamma=0.001 | epsilon=1 | ANN hidden size=100 | ANN hidden layers=3 | Learning rate=0.001
-----------------------------------------------------------------------------------------------------------------------
Used Attack types: '['normal', 'DoS', 'Probe', 'R2L', 'U2R']' | Attack name(s): ['normal', 'ipsweep', 'nmap', 'portsweep', 'satan']
-----------------------------------------------------------------------------------------------------------------------

05/07/2025 09:20:36 - INFO - End of Epoch.
|Epoch 000/100| time: 1.17|
|Def Loss 0.0000 | Def Reward in ep 021|
|Att Loss 0.0000 | Att Reward in ep 079|
|Def Estimated: [19 14 21 18 28]| Att Labels: [18  0 82  0  0]|
|Def Amount of true predicted attacks: [ 5  0 16  0  0]|
05/07/2025 09:20:39 - WARNING - 5 out of the last 5 calls to <function QNetwork.predict at 0x718cc6e0aac0> triggered tf.function retracing. Tracing is expensive and the excessive number of tracings could be due to (1) creating @tf.function repeatedly in a loop, (2) passing tensors with different shapes, (3) passing Python objects instead of tensors. For (1), please define your @tf.function outside of the loop. For (2), @tf.function has reduce_retracing=True option that can avoid unnecessary retracing. For (3), please refer to https://www.tensorflow.org/guide/function#controlling_retracing and https://www.tensorflow.org/api_docs/python/tf/function for  more details.
05/07/2025 09:20:40 - WARNING - 6 out of the last 11 calls to <function QNetwork.predict at 0x718cc6e0aac0> triggered tf.function retracing. Tracing is expensive and the excessive number of tracings could be due to (1) creating @tf.function repeatedly in a loop, (2) passing tensors with different shapes, (3) passing Python objects instead of tensors. For (1), please define your @tf.function outside of the loop. For (2), @tf.function has reduce_retracing=True option that can avoid unnecessary retracing. For (3), please refer to https://www.tensorflow.org/guide/function#controlling_retracing and https://www.tensorflow.org/api_docs/python/tf/function for  more details.
05/07/2025 09:20:48 - INFO - End of Epoch.
|Epoch 001/100| time: 12.30|
|Def Loss 0.2135 | Def Reward in ep 062|
|Att Loss 2.1743 | Att Reward in ep 038|
|Def Estimated: [13  5 62 11  9]| Att Labels: [20  0 80  0  0]|
|Def Amount of true predicted attacks: [ 6  0 56  0  0]|
05/07/2025 09:20:57 - INFO - End of Epoch.
|Epoch 002/100| time: 8.77|
|Def Loss 0.0299 | Def Reward in ep 094|
|Att Loss 1.7842 | Att Reward in ep 006|
|Def Estimated: [16  0 83  0  1]| Att Labels: [17  0 83  0  0]|
|Def Amount of true predicted attacks: [14  0 80  0  0]|
05/07/2025 09:21:06 - INFO - End of Epoch.
|Epoch 003/100| time: 9.11|
|Def Loss 0.0233 | Def Reward in ep 096|
|Att Loss 1.5241 | Att Reward in ep 004|
|Def Estimated: [29  0 70  1  0]| Att Labels: [28  0 72  0  0]|
|Def Amount of true predicted attacks: [27  0 69  0  0]|
05/07/2025 09:21:16 - INFO - End of Epoch.
|Epoch 004/100| time: 9.22|
|Def Loss 0.0151 | Def Reward in ep 097|
|Att Loss 1.3257 | Att Reward in ep 003|
|Def Estimated: [26  0 74  0  0]| Att Labels: [23  0 77  0  0]|
|Def Amount of true predicted attacks: [23  0 74  0  0]|
05/07/2025 09:21:25 - INFO - End of Epoch.
|Epoch 005/100| time: 9.23|
|Def Loss 0.0218 | Def Reward in ep 099|
|Att Loss 1.1773 | Att Reward in ep 001|
|Def Estimated: [24  0 76  0  0]| Att Labels: [25  0 75  0  0]|
|Def Amount of true predicted attacks: [24  0 75  0  0]|
05/07/2025 09:21:34 - INFO - End of Epoch.
|Epoch 006/100| time: 9.42|
|Def Loss 0.0226 | Def Reward in ep 097|
|Att Loss 1.0656 | Att Reward in ep 003|
|Def Estimated: [24  0 74  0  2]| Att Labels: [24  0 76  0  0]|
|Def Amount of true predicted attacks: [23  0 74  0  0]|
05/07/2025 09:21:44 - INFO - End of Epoch.
|Epoch 007/100| time: 9.39|
|Def Loss 0.0249 | Def Reward in ep 097|
|Att Loss 0.9664 | Att Reward in ep 003|
|Def Estimated: [26  0 74  0  0]| Att Labels: [27  0 73  0  0]|
|Def Amount of true predicted attacks: [25  0 72  0  0]|
05/07/2025 09:21:53 - INFO - End of Epoch.
|Epoch 008/100| time: 9.87|
|Def Loss 0.0202 | Def Reward in ep 099|
|Att Loss 0.8889 | Att Reward in ep 001|
|Def Estimated: [33  0 67  0  0]| Att Labels: [34  0 66  0  0]|
|Def Amount of true predicted attacks: [33  0 66  0  0]|
05/07/2025 09:22:03 - INFO - End of Epoch.
|Epoch 009/100| time: 9.40|
|Def Loss 0.0374 | Def Reward in ep 095|
|Att Loss 0.8647 | Att Reward in ep 005|
|Def Estimated: [29  0 71  0  0]| Att Labels: [26  0 74  0  0]|
|Def Amount of true predicted attacks: [25  0 70  0  0]|
05/07/2025 09:22:12 - INFO - End of Epoch.
|Epoch 010/100| time: 9.57|
|Def Loss 0.0333 | Def Reward in ep 099|
|Att Loss 0.5469 | Att Reward in ep 001|
|Def Estimated: [30  0 70  0  0]| Att Labels: [29  0 71  0  0]|
|Def Amount of true predicted attacks: [29  0 70  0  0]|
05/07/2025 09:22:22 - INFO - End of Epoch.
|Epoch 011/100| time: 9.75|
|Def Loss 0.0191 | Def Reward in ep 099|
|Att Loss 0.1854 | Att Reward in ep 001|
|Def Estimated: [21  1 78  0  0]| Att Labels: [21  0 79  0  0]|
|Def Amount of true predicted attacks: [21  0 78  0  0]|
05/07/2025 09:22:32 - INFO - End of Epoch.
|Epoch 012/100| time: 9.56|
|Def Loss 0.0248 | Def Reward in ep 099|
|Att Loss 0.0640 | Att Reward in ep 001|
|Def Estimated: [23  0 77  0  0]| Att Labels: [24  0 76  0  0]|
|Def Amount of true predicted attacks: [23  0 76  0  0]|
05/07/2025 09:22:42 - INFO - End of Epoch.
|Epoch 013/100| time: 9.83|
|Def Loss 0.0258 | Def Reward in ep 099|
|Att Loss 0.0804 | Att Reward in ep 001|
|Def Estimated: [22  0 78  0  0]| Att Labels: [21  0 79  0  0]|
|Def Amount of true predicted attacks: [21  0 78  0  0]|
05/07/2025 09:22:52 - INFO - End of Epoch.
|Epoch 014/100| time: 10.25|
|Def Loss 0.0226 | Def Reward in ep 099|
|Att Loss 0.0594 | Att Reward in ep 001|
|Def Estimated: [37  0 63  0  0]| Att Labels: [38  0 62  0  0]|
|Def Amount of true predicted attacks: [37  0 62  0  0]|
05/07/2025 09:23:02 - INFO - End of Epoch.
|Epoch 015/100| time: 9.77|
|Def Loss 0.0148 | Def Reward in ep 098|
|Att Loss 0.0518 | Att Reward in ep 002|
|Def Estimated: [22  0 77  0  1]| Att Labels: [22  0 78  0  0]|
|Def Amount of true predicted attacks: [21  0 77  0  0]|
05/07/2025 09:23:12 - INFO - End of Epoch.
|Epoch 016/100| time: 10.26|
|Def Loss 0.0090 | Def Reward in ep 098|
|Att Loss 0.0617 | Att Reward in ep 002|
|Def Estimated: [24  0 75  1  0]| Att Labels: [23  0 77  0  0]|
|Def Amount of true predicted attacks: [23  0 75  0  0]|
05/07/2025 09:23:22 - INFO - End of Epoch.
|Epoch 017/100| time: 9.91|
|Def Loss 0.0126 | Def Reward in ep 097|
|Att Loss 0.0693 | Att Reward in ep 003|
|Def Estimated: [22  0 76  2  0]| Att Labels: [21  0 79  0  0]|
|Def Amount of true predicted attacks: [21  0 76  0  0]|
05/07/2025 09:23:32 - INFO - End of Epoch.
|Epoch 018/100| time: 10.06|
|Def Loss 0.0087 | Def Reward in ep 099|
|Att Loss 0.0656 | Att Reward in ep 001|
|Def Estimated: [24  0 76  0  0]| Att Labels: [23  0 77  0  0]|
|Def Amount of true predicted attacks: [23  0 76  0  0]|
05/07/2025 09:23:42 - INFO - End of Epoch.
|Epoch 019/100| time: 10.44|
|Def Loss 0.0074 | Def Reward in ep 098|
|Att Loss 0.1012 | Att Reward in ep 002|
|Def Estimated: [23  0 76  0  1]| Att Labels: [22  0 78  0  0]|
|Def Amount of true predicted attacks: [22  0 76  0  0]|
05/07/2025 09:23:52 - INFO - End of Epoch.
|Epoch 020/100| time: 10.12|
|Def Loss 0.0041 | Def Reward in ep 097|
|Att Loss 0.0845 | Att Reward in ep 003|
|Def Estimated: [21  1 78  0  0]| Att Labels: [21  0 79  0  0]|
|Def Amount of true predicted attacks: [20  0 77  0  0]|
05/07/2025 09:24:03 - INFO - End of Epoch.
|Epoch 021/100| time: 10.51|
|Def Loss 0.0047 | Def Reward in ep 099|
|Att Loss 0.1104 | Att Reward in ep 001|
|Def Estimated: [18  0 82  0  0]| Att Labels: [19  0 81  0  0]|
|Def Amount of true predicted attacks: [18  0 81  0  0]|
05/07/2025 09:24:13 - INFO - End of Epoch.
|Epoch 022/100| time: 10.38|
|Def Loss 0.0076 | Def Reward in ep 093|
|Att Loss 0.1069 | Att Reward in ep 007|
|Def Estimated: [21  1 77  0  1]| Att Labels: [25  0 75  0  0]|
|Def Amount of true predicted attacks: [20  0 73  0  0]|
05/07/2025 09:24:23 - INFO - End of Epoch.
|Epoch 023/100| time: 10.15|
|Def Loss 0.0341 | Def Reward in ep 097|
|Att Loss 0.1189 | Att Reward in ep 003|
|Def Estimated: [20  0 79  1  0]| Att Labels: [18  0 82  0  0]|
|Def Amount of true predicted attacks: [18  0 79  0  0]|
05/07/2025 09:24:34 - INFO - End of Epoch.
|Epoch 024/100| time: 10.60|
|Def Loss 0.0231 | Def Reward in ep 099|
|Att Loss 0.1106 | Att Reward in ep 001|
|Def Estimated: [17  0 82  1  0]| Att Labels: [17  0 83  0  0]|
|Def Amount of true predicted attacks: [17  0 82  0  0]|
05/07/2025 09:24:44 - INFO - End of Epoch.
|Epoch 025/100| time: 10.37|
|Def Loss 0.0186 | Def Reward in ep 099|
|Att Loss 0.1083 | Att Reward in ep 001|
|Def Estimated: [24  0 76  0  0]| Att Labels: [23  0 77  0  0]|
|Def Amount of true predicted attacks: [23  0 76  0  0]|
05/07/2025 09:24:55 - INFO - End of Epoch.
|Epoch 026/100| time: 10.53|
|Def Loss 0.0208 | Def Reward in ep 098|
|Att Loss 0.1098 | Att Reward in ep 002|
|Def Estimated: [24  0 75  0  1]| Att Labels: [26  0 74  0  0]|
|Def Amount of true predicted attacks: [24  0 74  0  0]|
05/07/2025 09:25:06 - INFO - End of Epoch.
|Epoch 027/100| time: 10.79|
|Def Loss 0.0159 | Def Reward in ep 096|
|Att Loss 0.1422 | Att Reward in ep 004|
|Def Estimated: [17  1 80  1  1]| Att Labels: [19  0 81  0  0]|
|Def Amount of true predicted attacks: [17  0 79  0  0]|
05/07/2025 09:25:16 - INFO - End of Epoch.
|Epoch 028/100| time: 10.50|
|Def Loss 0.0153 | Def Reward in ep 099|
|Att Loss 0.1261 | Att Reward in ep 001|
|Def Estimated: [21  0 79  0  0]| Att Labels: [20  0 80  0  0]|
|Def Amount of true predicted attacks: [20  0 79  0  0]|
05/07/2025 09:25:27 - INFO - End of Epoch.
|Epoch 029/100| time: 10.83|
|Def Loss 0.0111 | Def Reward in ep 098|
|Att Loss 0.1279 | Att Reward in ep 002|
|Def Estimated: [17  1 81  1  0]| Att Labels: [17  0 83  0  0]|
|Def Amount of true predicted attacks: [17  0 81  0  0]|
05/07/2025 09:25:38 - INFO - End of Epoch.
|Epoch 030/100| time: 10.63|
|Def Loss 0.0070 | Def Reward in ep 098|
|Att Loss 0.1200 | Att Reward in ep 002|
|Def Estimated: [21  1 78  0  0]| Att Labels: [23  0 77  0  0]|
|Def Amount of true predicted attacks: [21  0 77  0  0]|
05/07/2025 09:25:48 - INFO - End of Epoch.
|Epoch 031/100| time: 10.70|
|Def Loss 0.0041 | Def Reward in ep 099|
|Att Loss 0.1562 | Att Reward in ep 001|
|Def Estimated: [25  0 75  0  0]| Att Labels: [24  0 76  0  0]|
|Def Amount of true predicted attacks: [24  0 75  0  0]|
05/07/2025 09:25:59 - INFO - End of Epoch.
|Epoch 032/100| time: 11.12|
|Def Loss 0.0014 | Def Reward in ep 098|
|Att Loss 0.1247 | Att Reward in ep 002|
|Def Estimated: [24  1 75  0  0]| Att Labels: [23  0 77  0  0]|
|Def Amount of true predicted attacks: [23  0 75  0  0]|
05/07/2025 09:26:10 - INFO - End of Epoch.
|Epoch 033/100| time: 10.68|
|Def Loss 0.0010 | Def Reward in ep 099|
|Att Loss 0.0950 | Att Reward in ep 001|
|Def Estimated: [21  1 78  0  0]| Att Labels: [22  0 78  0  0]|
|Def Amount of true predicted attacks: [21  0 78  0  0]|
05/07/2025 09:26:21 - INFO - End of Epoch.
|Epoch 034/100| time: 10.79|
|Def Loss 0.0031 | Def Reward in ep 099|
|Att Loss 0.0903 | Att Reward in ep 001|
|Def Estimated: [25  0 75  0  0]| Att Labels: [26  0 74  0  0]|
|Def Amount of true predicted attacks: [25  0 74  0  0]|
05/07/2025 09:26:32 - INFO - End of Epoch.
|Epoch 035/100| time: 11.25|
|Def Loss 0.0019 | Def Reward in ep 099|
|Att Loss 0.0893 | Att Reward in ep 001|
|Def Estimated: [24  0 76  0  0]| Att Labels: [25  0 75  0  0]|
|Def Amount of true predicted attacks: [24  0 75  0  0]|
05/07/2025 09:26:43 - INFO - End of Epoch.
|Epoch 036/100| time: 10.56|
|Def Loss 0.0030 | Def Reward in ep 098|
|Att Loss 0.0871 | Att Reward in ep 002|
|Def Estimated: [17  0 82  1  0]| Att Labels: [18  0 82  0  0]|
|Def Amount of true predicted attacks: [17  0 81  0  0]|
05/07/2025 09:26:54 - INFO - End of Epoch.
|Epoch 037/100| time: 10.98|
|Def Loss 0.0020 | Def Reward in ep 099|
|Att Loss 0.0805 | Att Reward in ep 001|
|Def Estimated: [16  0 83  1  0]| Att Labels: [16  0 84  0  0]|
|Def Amount of true predicted attacks: [16  0 83  0  0]|
05/07/2025 09:27:04 - INFO - End of Epoch.
|Epoch 038/100| time: 10.64|
|Def Loss 0.0011 | Def Reward in ep 099|
|Att Loss 0.0629 | Att Reward in ep 001|
|Def Estimated: [17  0 83  0  0]| Att Labels: [18  0 82  0  0]|
|Def Amount of true predicted attacks: [17  0 82  0  0]|
05/07/2025 09:27:15 - INFO - End of Epoch.
|Epoch 039/100| time: 10.88|
|Def Loss 0.0031 | Def Reward in ep 098|
|Att Loss 0.0741 | Att Reward in ep 002|
|Def Estimated: [25  0 75  0  0]| Att Labels: [25  0 75  0  0]|
|Def Amount of true predicted attacks: [24  0 74  0  0]|
05/07/2025 09:27:26 - INFO - End of Epoch.
|Epoch 040/100| time: 11.21|
|Def Loss 0.0024 | Def Reward in ep 099|
|Att Loss 0.0477 | Att Reward in ep 001|
|Def Estimated: [21  0 79  0  0]| Att Labels: [20  0 80  0  0]|
|Def Amount of true predicted attacks: [20  0 79  0  0]|
05/07/2025 09:27:37 - INFO - End of Epoch.
|Epoch 041/100| time: 10.58|
|Def Loss 0.0004 | Def Reward in ep 100|
|Att Loss 0.0362 | Att Reward in ep 000|
|Def Estimated: [15  0 85  0  0]| Att Labels: [15  0 85  0  0]|
|Def Amount of true predicted attacks: [15  0 85  0  0]|
05/07/2025 09:27:48 - INFO - End of Epoch.
|Epoch 042/100| time: 11.18|
|Def Loss 0.0008 | Def Reward in ep 098|
|Att Loss 0.0390 | Att Reward in ep 002|
|Def Estimated: [18  0 81  0  1]| Att Labels: [19  0 81  0  0]|
|Def Amount of true predicted attacks: [18  0 80  0  0]|
05/07/2025 09:27:59 - INFO - End of Epoch.
|Epoch 043/100| time: 10.75|
|Def Loss 0.0003 | Def Reward in ep 099|
|Att Loss 0.0521 | Att Reward in ep 001|
|Def Estimated: [19  0 80  1  0]| Att Labels: [19  0 81  0  0]|
|Def Amount of true predicted attacks: [19  0 80  0  0]|
05/07/2025 09:28:10 - INFO - End of Epoch.
|Epoch 044/100| time: 10.91|
|Def Loss 0.0003 | Def Reward in ep 099|
|Att Loss 0.0556 | Att Reward in ep 001|
|Def Estimated: [23  1 76  0  0]| Att Labels: [23  0 77  0  0]|
|Def Amount of true predicted attacks: [23  0 76  0  0]|
05/07/2025 09:28:21 - INFO - End of Epoch.
|Epoch 045/100| time: 11.32|
|Def Loss 0.0004 | Def Reward in ep 098|
|Att Loss 0.0702 | Att Reward in ep 002|
|Def Estimated: [19  0 79  1  1]| Att Labels: [19  0 81  0  0]|
|Def Amount of true predicted attacks: [19  0 79  0  0]|
05/07/2025 09:28:32 - INFO - End of Epoch.
|Epoch 046/100| time: 10.62|
|Def Loss 0.0001 | Def Reward in ep 100|
|Att Loss 0.0618 | Att Reward in ep 000|
|Def Estimated: [14  0 86  0  0]| Att Labels: [14  0 86  0  0]|
|Def Amount of true predicted attacks: [14  0 86  0  0]|
05/07/2025 09:28:42 - INFO - End of Epoch.
|Epoch 047/100| time: 10.71|
|Def Loss 0.0002 | Def Reward in ep 099|
|Att Loss 0.0783 | Att Reward in ep 001|
|Def Estimated: [16  0 83  0  1]| Att Labels: [16  0 84  0  0]|
|Def Amount of true predicted attacks: [16  0 83  0  0]|
05/07/2025 09:28:54 - INFO - End of Epoch.
|Epoch 048/100| time: 11.11|
|Def Loss 0.0002 | Def Reward in ep 100|
|Att Loss 0.0599 | Att Reward in ep 000|
|Def Estimated: [14  0 86  0  0]| Att Labels: [14  0 86  0  0]|
|Def Amount of true predicted attacks: [14  0 86  0  0]|
05/07/2025 09:29:04 - INFO - End of Epoch.
|Epoch 049/100| time: 10.73|
|Def Loss 0.0004 | Def Reward in ep 099|
|Att Loss 0.0647 | Att Reward in ep 001|
|Def Estimated: [17  0 83  0  0]| Att Labels: [16  0 84  0  0]|
|Def Amount of true predicted attacks: [16  0 83  0  0]|
05/07/2025 09:29:16 - INFO - End of Epoch.
|Epoch 050/100| time: 11.38|
|Def Loss 0.0020 | Def Reward in ep 099|
|Att Loss 0.0583 | Att Reward in ep 001|
|Def Estimated: [22  0 78  0  0]| Att Labels: [21  0 79  0  0]|
|Def Amount of true predicted attacks: [21  0 78  0  0]|
05/07/2025 09:29:26 - INFO - End of Epoch.
|Epoch 051/100| time: 10.66|
|Def Loss 0.0023 | Def Reward in ep 099|
|Att Loss 0.0526 | Att Reward in ep 001|
|Def Estimated: [13  1 86  0  0]| Att Labels: [13  0 87  0  0]|
|Def Amount of true predicted attacks: [13  0 86  0  0]|
05/07/2025 09:29:37 - INFO - End of Epoch.
|Epoch 052/100| time: 10.79|
|Def Loss 0.0004 | Def Reward in ep 100|
|Att Loss 0.0493 | Att Reward in ep 000|
|Def Estimated: [18  0 82  0  0]| Att Labels: [18  0 82  0  0]|
|Def Amount of true predicted attacks: [18  0 82  0  0]|
05/07/2025 09:29:49 - INFO - End of Epoch.
|Epoch 053/100| time: 11.42|
|Def Loss 0.0004 | Def Reward in ep 100|
|Att Loss 0.0384 | Att Reward in ep 000|
|Def Estimated: [20  0 80  0  0]| Att Labels: [20  0 80  0  0]|
|Def Amount of true predicted attacks: [20  0 80  0  0]|
05/07/2025 09:29:59 - INFO - End of Epoch.
|Epoch 054/100| time: 10.76|
|Def Loss 0.0002 | Def Reward in ep 098|
|Att Loss 0.0303 | Att Reward in ep 002|
|Def Estimated: [15  1 83  1  0]| Att Labels: [16  0 84  0  0]|
|Def Amount of true predicted attacks: [15  0 83  0  0]|
05/07/2025 09:30:11 - INFO - End of Epoch.
|Epoch 055/100| time: 11.40|
|Def Loss 0.0010 | Def Reward in ep 098|
|Att Loss 0.0512 | Att Reward in ep 002|
|Def Estimated: [18  0 81  1  0]| Att Labels: [19  0 81  0  0]|
|Def Amount of true predicted attacks: [18  0 80  0  0]|
05/07/2025 09:30:22 - INFO - End of Epoch.
|Epoch 056/100| time: 11.08|
|Def Loss 0.0165 | Def Reward in ep 099|
|Att Loss 0.0509 | Att Reward in ep 001|
|Def Estimated: [25  1 74  0  0]| Att Labels: [25  0 75  0  0]|
|Def Amount of true predicted attacks: [25  0 74  0  0]|
05/07/2025 09:30:33 - INFO - End of Epoch.
|Epoch 057/100| time: 11.02|
|Def Loss 0.0105 | Def Reward in ep 098|
|Att Loss 0.0433 | Att Reward in ep 002|
|Def Estimated: [22  1 77  0  0]| Att Labels: [23  0 77  0  0]|
|Def Amount of true predicted attacks: [22  0 76  0  0]|
05/07/2025 09:30:44 - INFO - End of Epoch.
|Epoch 058/100| time: 11.60|
|Def Loss 0.0066 | Def Reward in ep 098|
|Att Loss 0.0556 | Att Reward in ep 002|
|Def Estimated: [28  0 72  0  0]| Att Labels: [26  0 74  0  0]|
|Def Amount of true predicted attacks: [26  0 72  0  0]|
05/07/2025 09:30:55 - INFO - End of Epoch.
|Epoch 059/100| time: 10.93|
|Def Loss 0.0135 | Def Reward in ep 100|
|Att Loss 0.0520 | Att Reward in ep 000|
|Def Estimated: [19  0 81  0  0]| Att Labels: [19  0 81  0  0]|
|Def Amount of true predicted attacks: [19  0 81  0  0]|
05/07/2025 09:31:06 - INFO - End of Epoch.
|Epoch 060/100| time: 10.89|
|Def Loss 0.0093 | Def Reward in ep 098|
|Att Loss 0.0574 | Att Reward in ep 002|
|Def Estimated: [19  1 80  0  0]| Att Labels: [18  0 82  0  0]|
|Def Amount of true predicted attacks: [18  0 80  0  0]|
05/07/2025 09:31:18 - INFO - End of Epoch.
|Epoch 061/100| time: 11.41|
|Def Loss 0.0068 | Def Reward in ep 098|
|Att Loss 0.0584 | Att Reward in ep 002|
|Def Estimated: [20  1 79  0  0]| Att Labels: [19  0 81  0  0]|
|Def Amount of true predicted attacks: [19  0 79  0  0]|
05/07/2025 09:31:28 - INFO - End of Epoch.
|Epoch 062/100| time: 10.80|
|Def Loss 0.0058 | Def Reward in ep 099|
|Att Loss 0.0743 | Att Reward in ep 001|
|Def Estimated: [13  0 86  0  1]| Att Labels: [13  0 87  0  0]|
|Def Amount of true predicted attacks: [13  0 86  0  0]|
05/07/2025 09:31:39 - INFO - End of Epoch.
|Epoch 063/100| time: 10.85|
|Def Loss 0.0033 | Def Reward in ep 098|
|Att Loss 0.0822 | Att Reward in ep 002|
|Def Estimated: [16  0 82  1  1]| Att Labels: [17  0 83  0  0]|
|Def Amount of true predicted attacks: [16  0 82  0  0]|
05/07/2025 09:31:51 - INFO - End of Epoch.
|Epoch 064/100| time: 11.26|
|Def Loss 0.0053 | Def Reward in ep 099|
|Att Loss 0.0635 | Att Reward in ep 001|
|Def Estimated: [14  0 86  0  0]| Att Labels: [13  0 87  0  0]|
|Def Amount of true predicted attacks: [13  0 86  0  0]|
05/07/2025 09:32:02 - INFO - End of Epoch.
|Epoch 065/100| time: 11.09|
|Def Loss 0.0006 | Def Reward in ep 099|
|Att Loss 0.0715 | Att Reward in ep 001|
|Def Estimated: [22  0 77  0  1]| Att Labels: [23  0 77  0  0]|
|Def Amount of true predicted attacks: [22  0 77  0  0]|
05/07/2025 09:32:13 - INFO - End of Epoch.
|Epoch 066/100| time: 11.35|
|Def Loss 0.0002 | Def Reward in ep 100|
|Att Loss 0.0633 | Att Reward in ep 000|
|Def Estimated: [16  0 84  0  0]| Att Labels: [16  0 84  0  0]|
|Def Amount of true predicted attacks: [16  0 84  0  0]|
05/07/2025 09:32:24 - INFO - End of Epoch.
|Epoch 067/100| time: 11.13|
|Def Loss 0.0001 | Def Reward in ep 098|
|Att Loss 0.0590 | Att Reward in ep 002|
|Def Estimated: [21  1 77  0  1]| Att Labels: [23  0 77  0  0]|
|Def Amount of true predicted attacks: [21  0 77  0  0]|
05/07/2025 09:32:35 - INFO - End of Epoch.
|Epoch 068/100| time: 11.07|
|Def Loss 0.0002 | Def Reward in ep 099|
|Att Loss 0.0521 | Att Reward in ep 001|
|Def Estimated: [22  0 78  0  0]| Att Labels: [21  0 79  0  0]|
|Def Amount of true predicted attacks: [21  0 78  0  0]|
05/07/2025 09:32:47 - INFO - End of Epoch.
|Epoch 069/100| time: 11.32|
|Def Loss 0.0026 | Def Reward in ep 097|
|Att Loss 0.0513 | Att Reward in ep 003|
|Def Estimated: [13  1 85  0  1]| Att Labels: [15  0 85  0  0]|
|Def Amount of true predicted attacks: [13  0 84  0  0]|
05/07/2025 09:32:57 - INFO - End of Epoch.
|Epoch 070/100| time: 10.95|
|Def Loss 0.0184 | Def Reward in ep 097|
|Att Loss 0.0791 | Att Reward in ep 003|
|Def Estimated: [18  0 82  0  0]| Att Labels: [17  0 83  0  0]|
|Def Amount of true predicted attacks: [16  0 81  0  0]|
05/07/2025 09:33:08 - INFO - End of Epoch.
|Epoch 071/100| time: 11.04|
|Def Loss 0.0100 | Def Reward in ep 097|
|Att Loss 0.0543 | Att Reward in ep 003|
|Def Estimated: [19  0 79  1  1]| Att Labels: [19  0 81  0  0]|
|Def Amount of true predicted attacks: [18  0 79  0  0]|
05/07/2025 09:33:20 - INFO - End of Epoch.
|Epoch 072/100| time: 11.40|
|Def Loss 0.0118 | Def Reward in ep 099|
|Att Loss 0.0662 | Att Reward in ep 001|
|Def Estimated: [17  0 83  0  0]| Att Labels: [16  0 84  0  0]|
|Def Amount of true predicted attacks: [16  0 83  0  0]|
05/07/2025 09:33:31 - INFO - End of Epoch.
|Epoch 073/100| time: 10.98|
|Def Loss 0.0103 | Def Reward in ep 099|
|Att Loss 0.0943 | Att Reward in ep 001|
|Def Estimated: [17  0 83  0  0]| Att Labels: [18  0 82  0  0]|
|Def Amount of true predicted attacks: [17  0 82  0  0]|
05/07/2025 09:33:42 - INFO - End of Epoch.
|Epoch 074/100| time: 10.88|
|Def Loss 0.0111 | Def Reward in ep 098|
|Att Loss 0.1148 | Att Reward in ep 002|
|Def Estimated: [15  0 85  0  0]| Att Labels: [15  0 85  0  0]|
|Def Amount of true predicted attacks: [14  0 84  0  0]|
05/07/2025 09:33:53 - INFO - End of Epoch.
|Epoch 075/100| time: 11.34|
|Def Loss 0.0006 | Def Reward in ep 099|
|Att Loss 0.0930 | Att Reward in ep 001|
|Def Estimated: [14  1 85  0  0]| Att Labels: [14  0 86  0  0]|
|Def Amount of true predicted attacks: [14  0 85  0  0]|
05/07/2025 09:34:04 - INFO - End of Epoch.
|Epoch 076/100| time: 11.04|
|Def Loss 0.0004 | Def Reward in ep 100|
|Att Loss 0.0916 | Att Reward in ep 000|
|Def Estimated: [20  0 80  0  0]| Att Labels: [20  0 80  0  0]|
|Def Amount of true predicted attacks: [20  0 80  0  0]|
05/07/2025 09:34:16 - INFO - End of Epoch.
|Epoch 077/100| time: 11.61|
|Def Loss 0.0005 | Def Reward in ep 100|
|Att Loss 0.0958 | Att Reward in ep 000|
|Def Estimated: [21  0 79  0  0]| Att Labels: [21  0 79  0  0]|
|Def Amount of true predicted attacks: [21  0 79  0  0]|
05/07/2025 09:34:27 - INFO - End of Epoch.
|Epoch 078/100| time: 11.27|
|Def Loss 0.0046 | Def Reward in ep 097|
|Att Loss 0.0854 | Att Reward in ep 003|
|Def Estimated: [23  1 76  0  0]| Att Labels: [24  0 76  0  0]|
|Def Amount of true predicted attacks: [22  0 75  0  0]|
05/07/2025 09:34:38 - INFO - End of Epoch.
|Epoch 079/100| time: 11.01|
|Def Loss 0.0007 | Def Reward in ep 099|
|Att Loss 0.0891 | Att Reward in ep 001|
|Def Estimated: [18  0 82  0  0]| Att Labels: [17  0 83  0  0]|
|Def Amount of true predicted attacks: [17  0 82  0  0]|
05/07/2025 09:34:50 - INFO - End of Epoch.
|Epoch 080/100| time: 11.51|
|Def Loss 0.0043 | Def Reward in ep 097|
|Att Loss 0.0694 | Att Reward in ep 003|
|Def Estimated: [18  0 82  0  0]| Att Labels: [17  0 83  0  0]|
|Def Amount of true predicted attacks: [16  0 81  0  0]|
05/07/2025 09:35:01 - INFO - End of Epoch.
|Epoch 081/100| time: 11.24|
|Def Loss 0.0047 | Def Reward in ep 095|
|Att Loss 0.0925 | Att Reward in ep 005|
|Def Estimated: [25  0 74  1  0]| Att Labels: [25  0 75  0  0]|
|Def Amount of true predicted attacks: [23  0 72  0  0]|
05/07/2025 09:35:12 - INFO - End of Epoch.
|Epoch 082/100| time: 11.03|
|Def Loss 0.0031 | Def Reward in ep 100|
|Att Loss 0.0533 | Att Reward in ep 000|
|Def Estimated: [16  0 84  0  0]| Att Labels: [16  0 84  0  0]|
|Def Amount of true predicted attacks: [16  0 84  0  0]|
05/07/2025 09:35:23 - INFO - End of Epoch.
|Epoch 083/100| time: 11.55|
|Def Loss 0.0002 | Def Reward in ep 100|
|Att Loss 0.0332 | Att Reward in ep 000|
|Def Estimated: [19  0 81  0  0]| Att Labels: [19  0 81  0  0]|
|Def Amount of true predicted attacks: [19  0 81  0  0]|
05/07/2025 09:35:35 - INFO - End of Epoch.
|Epoch 084/100| time: 11.16|
|Def Loss 0.0008 | Def Reward in ep 099|
|Att Loss 0.0274 | Att Reward in ep 001|
|Def Estimated: [23  0 77  0  0]| Att Labels: [22  0 78  0  0]|
|Def Amount of true predicted attacks: [22  0 77  0  0]|
05/07/2025 09:35:46 - INFO - End of Epoch.
|Epoch 085/100| time: 11.59|
|Def Loss 0.0037 | Def Reward in ep 098|
|Att Loss 0.0126 | Att Reward in ep 002|
|Def Estimated: [21  0 79  0  0]| Att Labels: [19  0 81  0  0]|
|Def Amount of true predicted attacks: [19  0 79  0  0]|
05/07/2025 09:35:57 - INFO - End of Epoch.
|Epoch 086/100| time: 11.03|
|Def Loss 0.0022 | Def Reward in ep 099|
|Att Loss 0.0109 | Att Reward in ep 001|
|Def Estimated: [17  0 83  0  0]| Att Labels: [18  0 82  0  0]|
|Def Amount of true predicted attacks: [17  0 82  0  0]|
05/07/2025 09:36:08 - INFO - End of Epoch.
|Epoch 087/100| time: 11.01|
|Def Loss 0.0008 | Def Reward in ep 099|
|Att Loss 0.0150 | Att Reward in ep 001|
|Def Estimated: [16  0 84  0  0]| Att Labels: [17  0 83  0  0]|
|Def Amount of true predicted attacks: [16  0 83  0  0]|
05/07/2025 09:36:20 - INFO - End of Epoch.
|Epoch 088/100| time: 11.63|
|Def Loss 0.0017 | Def Reward in ep 098|
|Att Loss 0.0129 | Att Reward in ep 002|
|Def Estimated: [18  0 81  0  1]| Att Labels: [19  0 81  0  0]|
|Def Amount of true predicted attacks: [18  0 80  0  0]|
05/07/2025 09:36:31 - INFO - End of Epoch.
|Epoch 089/100| time: 10.97|
|Def Loss 0.0004 | Def Reward in ep 098|
|Att Loss 0.0254 | Att Reward in ep 002|
|Def Estimated: [16  1 82  0  1]| Att Labels: [16  0 84  0  0]|
|Def Amount of true predicted attacks: [16  0 82  0  0]|
05/07/2025 09:36:42 - INFO - End of Epoch.
|Epoch 090/100| time: 11.61|
|Def Loss 0.0011 | Def Reward in ep 097|
|Att Loss 0.0361 | Att Reward in ep 003|
|Def Estimated: [21  0 79  0  0]| Att Labels: [20  0 80  0  0]|
|Def Amount of true predicted attacks: [19  0 78  0  0]|
05/07/2025 09:36:53 - INFO - End of Epoch.
|Epoch 091/100| time: 11.09|
|Def Loss 0.0018 | Def Reward in ep 100|
|Att Loss 0.0321 | Att Reward in ep 000|
|Def Estimated: [18  0 82  0  0]| Att Labels: [18  0 82  0  0]|
|Def Amount of true predicted attacks: [18  0 82  0  0]|
05/07/2025 09:37:04 - INFO - End of Epoch.
|Epoch 092/100| time: 10.83|
|Def Loss 0.0002 | Def Reward in ep 099|
|Att Loss 0.0281 | Att Reward in ep 001|
|Def Estimated: [12  1 87  0  0]| Att Labels: [12  0 88  0  0]|
|Def Amount of true predicted attacks: [12  0 87  0  0]|
05/07/2025 09:37:16 - INFO - End of Epoch.
|Epoch 093/100| time: 11.44|
|Def Loss 0.0078 | Def Reward in ep 098|
|Att Loss 0.0467 | Att Reward in ep 002|
|Def Estimated: [15  0 85  0  0]| Att Labels: [15  0 85  0  0]|
|Def Amount of true predicted attacks: [14  0 84  0  0]|
05/07/2025 09:37:27 - INFO - End of Epoch.
|Epoch 094/100| time: 11.15|
|Def Loss 0.0136 | Def Reward in ep 100|
|Att Loss 0.0380 | Att Reward in ep 000|
|Def Estimated: [18  0 82  0  0]| Att Labels: [18  0 82  0  0]|
|Def Amount of true predicted attacks: [18  0 82  0  0]|
05/07/2025 09:37:39 - INFO - End of Epoch.
|Epoch 095/100| time: 11.81|
|Def Loss 0.0167 | Def Reward in ep 098|
|Att Loss 0.0532 | Att Reward in ep 002|
|Def Estimated: [27  0 73  0  0]| Att Labels: [25  0 75  0  0]|
|Def Amount of true predicted attacks: [25  0 73  0  0]|
05/07/2025 09:37:50 - INFO - End of Epoch.
|Epoch 096/100| time: 11.17|
|Def Loss 0.0145 | Def Reward in ep 098|
|Att Loss 0.0572 | Att Reward in ep 002|
|Def Estimated: [19  1 80  0  0]| Att Labels: [20  0 80  0  0]|
|Def Amount of true predicted attacks: [19  0 79  0  0]|
05/07/2025 09:38:01 - INFO - End of Epoch.
|Epoch 097/100| time: 11.13|
|Def Loss 0.0071 | Def Reward in ep 100|
|Att Loss 0.0475 | Att Reward in ep 000|
|Def Estimated: [19  0 81  0  0]| Att Labels: [19  0 81  0  0]|
|Def Amount of true predicted attacks: [19  0 81  0  0]|
05/07/2025 09:38:13 - INFO - End of Epoch.
|Epoch 098/100| time: 11.77|
|Def Loss 0.0101 | Def Reward in ep 099|
|Att Loss 0.0482 | Att Reward in ep 001|
|Def Estimated: [22  0 78  0  0]| Att Labels: [23  0 77  0  0]|
|Def Amount of true predicted attacks: [22  0 77  0  0]|
05/07/2025 09:38:24 - INFO - End of Epoch.
|Epoch 099/100| time: 10.93|
|Def Loss 0.0079 | Def Reward in ep 099|
|Att Loss 0.0420 | Att Reward in ep 001|
|Def Estimated: [14  0 85  0  1]| Att Labels: [14  0 86  0  0]|
|Def Amount of true predicted attacks: [14  0 85  0  0]|
05/07/2025 09:38:24 - INFO - Model 'attacker_model' saved in: /workspace/models/trained-models/2025-05-07-09-20-normal-probe-2nd/attacker_model.keras
05/07/2025 09:38:24 - INFO - Model summary:
Model: "attacker_model"
_________________________________________________________________
 Layer (type)                Output Shape              Param #   
=================================================================
 dense (Dense)               (None, 100)               12300     
                                                                 
 dense_1 (Dense)             (None, 100)               10100     
                                                                 
 dense_2 (Dense)             (None, 100)               10100     
                                                                 
 dense_3 (Dense)             (None, 100)               10100     
                                                                 
 dense_4 (Dense)             (None, 100)               10100     
                                                                 
 dense_5 (Dense)             (None, 5)                 505       
                                                                 
=================================================================
Total params: 53205 (207.83 KB)
Trainable params: 53205 (207.83 KB)
Non-trainable params: 0 (0.00 Byte)
_________________________________________________________________

05/07/2025 09:38:24 - INFO - Model 'defender_model' saved in: /workspace/models/trained-models/2025-05-07-09-20-normal-probe-2nd/defender_model.keras
05/07/2025 09:38:24 - INFO - Model summary:
Model: "defender_model"
_________________________________________________________________
 Layer (type)                Output Shape              Param #   
=================================================================
 dense_12 (Dense)            (None, 100)               12300     
                                                                 
 dense_13 (Dense)            (None, 100)               10100     
                                                                 
 dense_14 (Dense)            (None, 100)               10100     
                                                                 
 dense_15 (Dense)            (None, 5)                 505       
                                                                 
=================================================================
Total params: 33005 (128.93 KB)
Trainable params: 33005 (128.93 KB)
Non-trainable params: 0 (0.00 Byte)
_________________________________________________________________

05/07/2025 09:38:24 - INFO - Saved trained models.
05/07/2025 09:38:24 - INFO - Total runtime: 00:17:50
05/07/2025 09:38:24 - INFO - End of the script at: 2025-05-07 09:38:24.210976
05/07/2025 09:38:24 - INFO - Trying to save summary plots under: /workspace/models/trained-models/2025-05-07-09-20-normal-probe-2nd/plots/
05/07/2025 09:38:24 - INFO - Plotted rewards and losses during training in: /workspace/models/trained-models/2025-05-07-09-20-normal-probe-2nd/plots/
05/07/2025 09:38:25 - INFO - Plotted attack distributions during training in: /workspace/models/trained-models/2025-05-07-09-20-normal-probe-2nd/plots/
05/07/2025 09:38:25 - INFO - Reading formated train data from: /workspace/data/datasets/formated/formated_training_data.csv
05/07/2025 09:38:25 - INFO - Reading formated test data from: /workspace/data/datasets/formated/formated_test_data.csv
05/07/2025 09:38:26 - INFO - Start testing the trained model.
05/07/2025 09:38:26 - INFO - Model 'defender_model' loaded from: /workspace/models/trained-models/2025-05-07-09-20-normal-probe-2nd/defender_model.keras
05/07/2025 09:38:26 - INFO - Model summary:
Model: "defender_model"
_________________________________________________________________
 Layer (type)                Output Shape              Param #   
=================================================================
 dense_12 (Dense)            (None, 100)               12300     
                                                                 
 dense_13 (Dense)            (None, 100)               10100     
                                                                 
 dense_14 (Dense)            (None, 100)               10100     
                                                                 
 dense_15 (Dense)            (None, 5)                 505       
                                                                 
=================================================================
Total params: 33005 (128.93 KB)
Trainable params: 33005 (128.93 KB)
Non-trainable params: 0 (0.00 Byte)
_________________________________________________________________

05/07/2025 09:38:27 - INFO - Overall overview
Total reward: 10867 | Number of samples: 22544 | Accuracy = 48.20%
05/07/2025 09:38:27 - INFO - Overall overview per attack type
              Estimated Correct Total Mismatch   F1_score
normal            15165    8941  9711     5454  71.884547
DoS                   0       0  7458     7458        0.0
Probe              7379    1926  2421     4958  39.306122
R2L                   0       0  2754     2754        0.0
U2R                   0       0   200      200        0.0
Weigthed Avg.                                   35.185901
05/07/2025 09:38:27 - INFO - Performance measures on Test data
05/07/2025 09:38:27 - INFO - Accuracy =  0.4820
05/07/2025 09:38:27 - INFO - Weighted average F1 =  0.3519
05/07/2025 09:38:27 - INFO - Weighted average Precision_score =  0.2820
05/07/2025 09:38:27 - INFO - Weighted recall_score =  0.4820
05/07/2025 09:38:27 - INFO - Normalized confusion matrix
05/07/2025 09:38:27 - INFO - 
Confusion Matrix:
[[0.92 0.   0.08 0.   0.  ]
 [0.38 0.   0.62 0.   0.  ]
 [0.2  0.   0.8  0.   0.  ]
 [0.99 0.   0.01 0.   0.  ]
 [0.98 0.   0.02 0.   0.  ]]
05/07/2025 09:38:27 - INFO - Plotted confusion matrix in: /workspace/models/trained-models/2025-05-07-09-20-normal-probe-2nd/plots/
05/07/2025 09:38:29 - INFO - 
One vs All metrics: 
     name  accuracy        f1  precision    recall
0     DoS  0.669180  0.000000   0.000000  0.000000
1  normal  0.689762  0.718845   0.589581  0.920708
2   Probe  0.736160  0.393061   0.261011  0.795539
3     R2L  0.877839  0.000000   0.000000  0.000000
4     U2R  0.991128  0.000000   0.000000  0.000000
05/07/2025 09:38:30 - INFO - Model metrics: 
loss=0.09630005061626434, accuracy=0.4820351302623749, precision=0.48997023701667786, recall=0.5038147568702698
05/07/2025 09:38:30 - INFO - Optimizer config: {'name': 'Adam', 'weight_decay': None, 'clipnorm': None, 'global_clipnorm': None, 'clipvalue': None, 'use_ema': False, 'ema_momentum': 0.99, 'ema_overwrite_frequency': None, 'jit_compile': True, 'is_legacy_optimizer': False, 'learning_rate': 0.001, 'beta_1': 0.9, 'beta_2': 0.999, 'epsilon': 1e-07, 'amsgrad': False}
05/07/2025 09:38:30 - INFO - Time needed for testing: 4.101146221160889
05/07/2025 09:38:30 - INFO - Classification report:
              precision    recall  f1-score   support

      normal       0.59      0.92      0.72      9711
         DoS       0.00      0.00      0.00      7458
       Probe       0.26      0.80      0.39      2421
         R2L       0.00      0.00      0.00      2754
         U2R       0.00      0.00      0.00       200

    accuracy                           0.48     22544
   macro avg       0.17      0.34      0.22     22544
weighted avg       0.28      0.48      0.35     22544

